Brightmere Westmill Butterbush Bluedell Freyview Newley Wolflea Bushgate Clearnesse Wildemarsh Marbleiron Greenshore Eastcastle Courtcastle Irondeer Oakmere Southwheat Wellmage Corbank Goldwyvern Oldmoor Valhaven Greyice Ironriver Westvale Erilyn Newby Westerlight Ironshore Clearland Fairsage Dellwyn Foxhaven Buttermead Rosemill Courtwall Shoreburn Violetley Woodice Eriwall Stoneglass Esterfall Lightmere Foxvale Morwall Esterash Snowshore Morwald Lochmage Brightmere
49
Corbank Corbank
Snowshore Snowshore
Courtwall Courtwall
Butterbush Butterbush
Ironshore Ironshore
Lochmage Lochmage
Fairsage Fairsage
Bushgate Bushgate
Morwall Morwall
Stoneglass Stoneglass
Oakmere Oakmere
Newley Newley
Wildemarsh Wildemarsh
Brightmere Brightmere
Oldmoor Oldmoor
Violetley Violetley
Ironriver Ironriver
Foxhaven Foxhaven
Newby Newby
Lightmere Lightmere
Morwald Morwald
Rosemill Rosemill
Irondeer Irondeer
Courtcastle Courtcastle
Esterash Esterash Stonefair
Southwheat Southwheat
Westvale Westvale
Westerlight Westerlight
Esterfall Esterfall
Shoreburn Shoreburn
Westmill Westmill
Clearland Clearland
Bluedell Bluedell
Foxvale Foxvale
Goldwyvern Goldwyvern
Greenshore Greenshore
Valhaven Valhaven
Marbleiron Marbleiron
Buttermead Buttermead
Clearnesse Clearnesse
Wellmage Wellmage
Eriwall Eriwall
Dellwyn Dellwyn
Greyice Greyice
Woodice Woodice
Freyview Freyview
Erilyn Erilyn
Wolflea Wolflea
Eastcastle Eastcastle
