Shoreburn Mallowway Woodice Eastcastle Courtedge Coldville Butterbush Orbarrow Rosegate Esterfall Silverlea Butterway Esterash Newley Redwell Erilyn Blackbush Clearnesse Silverwitch Ironshore Ironriver Newmill Stoneglass Dellwyn Mistshore Wolflea Eriwall Goldwyvern Snowsage Greyice Mallowness Bluelake Redlake Clearland Deephedge Irondeer Freyview Wellmage Flowermill Westvale Fairice Northwynne Greenshore Bluedell Corbank Butterhill Lochmage Brightmere Fieldedge Greensummer Oakmere Orfort Southpine Applecastle Violetfay Morwall Icenesse Rosemill Flowerfield Courtwall Oldmoor Wooddell Marbleiron Janholt Valhaven Wellbank Snowshore Silverbarrow Courtcastle Lightmere Goldcrest Stonefair Brightrock Fogland Wildemarsh Northriver Foxvale Summermage Newby Southwheat Highmont Strongfall Fairsage Violetley Springfox Starryhill Ostwynne Seamoor Windbridge Foxhaven Westmill Bluewyn Westerlight Bluedale Buttermead Mallowbridge Verthedge Shoreburn
97
Clearland Clearland Morwald
Seamoor Seamoor
Westmill Westmill
Newley Newley
Oakmere Oakmere
Blackbush Blackbush
Brightrock Brightrock
Silverbarrow Silverbarrow
Verthedge Verthedge
Rosegate Rosegate
Westerlight Westerlight Bushgate
Starryhill Starryhill
Morwall Morwall
Eastcastle Eastcastle
Windbridge Windbridge
Greyice Greyice
Bluedale Bluedale
Wolflea Wolflea
Freyview Freyview
Rosemill Rosemill
Dellwyn Dellwyn
Strongfall Strongfall
Northwynne Northwynne
Wooddell Wooddell
Bluedell Bluedell
Southpine Southpine
Mallowbridge Mallowbridge
Summermage Summermage
Lochmage Lochmage
Southwheat Southwheat
Silverlea Silverlea
Violetley Violetley
Lightmere Lightmere
Newby Newby
Coldville Coldville
Flowermill Flowermill
Mallowway Mallowway
Marbleiron Marbleiron
Shoreburn Shoreburn
Highmont Highmont
Bluewyn Bluewyn
Foxvale Foxvale
Foxhaven Foxhaven
Silverwitch Silverwitch
Applecastle Applecastle
Wildemarsh Wildemarsh
Springfox Springfox
Wellmage Wellmage
Icenesse Icenesse
Wellbank Wellbank
Westvale Westvale
Flowerfield Flowerfield
Janholt Janholt
Brightmere Brightmere
Esterash Esterash
Ironshore Ironshore
Buttermead Buttermead
Stonefair Stonefair
Fairice Fairice Freymere
Erilyn Erilyn
Bluelake Bluelake
Goldwyvern Goldwyvern
Courtcastle Courtcastle
Courtwall Courtwall
Northriver Northriver
Snowshore Snowshore
Fairsage Fairsage
Snowsage Snowsage
Butterbush Butterbush
Stoneglass Stoneglass
Fieldedge Fieldedge
Greensummer Greensummer
Orfort Orfort
Mallowness Mallowness
Eriwall Eriwall
Fogland Fogland
Violetfay Violetfay
Goldcrest Goldcrest
Valhaven Valhaven
Ironriver Ironriver
Mistshore Mistshore
Butterway Butterway
Courtedge Courtedge
Redwell Redwell
Corbank Corbank
Deephedge Deephedge
Oldmoor Oldmoor
Clearnesse Clearnesse
Irondeer Irondeer
Newmill Newmill
Woodice Woodice
Redlake Redlake
Esterfall Esterfall
Butterhill Butterhill
Orbarrow Orbarrow
Ostwynne Ostwynne
Greenshore Greenshore
