129 99 145 52 101 97 76 179 92 124 92 13 118 10 100 10 22 45 94 139 19 7 96 70 25 46 2 55 2 4 157 110 154 193 154 196 37 160 74 127 113 146 88 1 88 31 61 112 79 72 43 72 21 67 21 182 190 182 85 184 109 34 51 197 115 197 107 82 107 75 87 181 106 133 106 178 106 181 8 142 8 181 169 181 32 187 32 145 171 49 162 119 64 119 163 73 136 73 170 58 170 121 192 175 192 103 98 18 3 40 3 90 152 91 152 77 69 167 130 6 100 10 28 5 148 153 151 21 182 190 47 166 118 96 11 16 11 95 68 89 172 145 99 129
65
19 19
37 37
178 178
91 91
82 82
55 55
16 16
172 172
28 28
136 136
127 127
49 49
61 61
187 187
151 151
166 166
157 157
85 85
169 169
148 148
22 22
115 115
163 163
40 40
130 130
160 160
175 175
70 70
112 112
142 142
58 58
190 190
145 145
46 46
76 76
196 196
52 52
64 64
79 79
100 100
31 31
34 34
94 94
106 106
25 25
7 7
97 97
193 154 193
4 4
13 13
43 43
67 67
103 103
133 133
139 139
181 181
109 109
1 1
73 73
124 124
184 184
10 10
121 121
88 88
118 118
