FacultyClub IRLE Cheit Wheeler EarthquakeLibrary Durham MartinezCommons UniversityHouse SproulPlaza OptometryLibrary Library AndersenAuditorium Stephens Morrison StowPlaza CareerCenter Sproul AnthropologyLibrary Birge FPF MelvinLaboratory Koshland OBrien EarthLibrary StudentUnion SutardjaDai Warren PacificFilmArchive Manville Unit3 HearstGym EnergyBuilding McCone InternationalHouse McCone Mulford NewspapersLibrary LawrenceofScience BancroftDance ArtHistoryLibrary MediaCenter BioscienceLibrary Hilgard CITRIS MLK Etcheverry BrainImagingCenter DonnerLaboratory SpringerGateway Spieker Investigative Jacobs Pimentel FacultyClub
49
Etcheverry Etcheverry
Wheeler Wheeler
CareerCenter CareerCenter
Pimentel Pimentel
OBrien OBrien
PacificFilmArchive PacificFilmArchive
AnthropologyLibrary AnthropologyLibrary
InternationalHouse InternationalHouse
Manville Manville
AndersenAuditorium AndersenAuditorium
MartinezCommons MartinezCommons
BioscienceLibrary BioscienceLibrary
SpringerGateway SpringerGateway DonnerLaboratory
FPF FPF
SutardjaDai SutardjaDai
BrainImagingCenter BrainImagingCenter
MediaCenter MediaCenter
LawrenceofScience LawrenceofScience
EarthquakeLibrary EarthquakeLibrary
Spieker Spieker
StowPlaza StowPlaza
OptometryLibrary OptometryLibrary
HearstGym HearstGym
Morrison Morrison
Durham Durham
Mulford Mulford
Investigative Investigative
MelvinLaboratory MelvinLaboratory
Birge Birge
EarthLibrary EarthLibrary
IRLE IRLE
CITRIS CITRIS
Sproul Sproul
SproulPlaza SproulPlaza
EnergyBuilding EnergyBuilding
Unit3 Unit3
ArtHistoryLibrary ArtHistoryLibrary
Jacobs Jacobs
BancroftDance BancroftDance
Warren Warren
Cheit Cheit
Library Library
StudentUnion StudentUnion
Koshland Koshland
FacultyClub FacultyClub
Stephens Stephens
Hilgard Hilgard
NewspapersLibrary NewspapersLibrary
UniversityHouse UniversityHouse
