FacultyClub EarthquakeLibrary Morrison CITRIS Zellerbach BanwayBuilding MathLibrary Koshland MSRI LawSchool Boalt ArtHistoryLibrary Durham HaasClubhouse Unit3 BerkeleyWayWest EngineeringLibrary Warren Durant CesarChavez MartinezCommons Cheit StowPlaza HearstGreekTheatre Davis SimpsonCenter Latimer SummerSession MaxwellField VisualCenter AndersenAuditorium Soda CareerCenter Wheeler Wellman IdaHouse Stephens Birge OBrien LeConte SpringerGateway IRLE AlumniHouse Hildebrand BancroftDance Giauque Spieker MLK BancroftLibrary SutardjaDai FPF HealthServices EastAsianLibrary PhysicsLibrary Evans HearstGym Pimentel NorthGate EarthLibrary Underhill Etcheverry SproulPlaza LawrenceofScience StudentUnion OptometryLibrary Jacobs BioscienceLibrary HearstFountain VLSB Senior EthnicLibrary MelvinLaboratory Investigative MediaCenter Hilgard TAAP Manville SocialLibrary WooHonFai Bechtel Bowles AquaticCenter HearstFieldAnnex NewspapersLibrary McCone FacultyClub
81
StudentUnion StudentUnion AnthropologyLibrary
Evans Evans
Spieker Spieker
Wheeler Wheeler
MediaCenter MediaCenter UpperHearstParking
BancroftLibrary Library BancroftLibrary
Latimer Latimer
IRLE IRLE Campbell
NorthGate NorthGate
MSRI MSRI
EngineeringLibrary SEAsianLibrary EngineeringLibrary FoundersRock
Giauque Giauque
MelvinLaboratory MelvinLaboratory
Manville Manville
HealthServices HealthServices
Stephens Stephens
EarthquakeLibrary EarthquakeLibrary
HearstGreekTheatre HearstGreekTheatre
Soda Soda
Hildebrand Mulford Hildebrand
Durham Durham
Senior Senior
MartinezCommons MartinezCommons
HearstFieldAnnex HearstFieldAnnex
HearstFountain HearstFountain Stanley
SproulPlaza SproulPlaza
WooHonFai BrainImagingCenter WooHonFai
Davis InternationalHouse Davis FoxCottage
FPF FPF
AndersenAuditorium AndersenAuditorium
PhysicsLibrary PhysicsLibrary
BanwayBuilding Sproul BanwayBuilding
IdaHouse EnergyBuilding IdaHouse
StowPlaza StowPlaza
BerkeleyWayWest BerkeleyWayWest LatinAmerican
Morrison Morrison
HearstGym Pimentel HearstGym
OptometryLibrary OptometryLibrary
MaxwellField MaxwellField
Underhill Underhill
MathLibrary MathLibrary
Durant Durant
CesarChavez UniversityHouse CesarChavez
AlumniHouse AlumniHouse
TAAP TAAP
Boalt Boalt
EthnicLibrary EthnicLibrary
Wellman Wellman
LeConte LeConte
MLK MLK
Bechtel Bechtel
Hilgard Hilgard DonnerLaboratory
CITRIS CITRIS BerkeleyLawLibrary
Unit3 Unit3
McCone McCone
Koshland Koshland
Warren Warren
AquaticCenter AquaticCenter
BioscienceLibrary BioscienceLibrary
CareerCenter CareerCenter
VLSB VLSB
EarthLibrary EarthLibrary
LawrenceofScience LawrenceofScience
Etcheverry Etcheverry
Investigative Investigative
EastAsianLibrary EastAsianLibrary
Bowles Bowles
OBrien OBrien
Cheit PacificFilmArchive Cheit
SimpsonCenter SimpsonCenter
VisualCenter VisualCenter
ArtHistoryLibrary ArtHistoryLibrary
BancroftDance BancroftDance
SutardjaDai SutardjaDai
SocialLibrary SocialLibrary
LawSchool LawSchool
FacultyClub FacultyClub
Birge Birge
Jacobs Jacobs
NewspapersLibrary NewspapersLibrary
SpringerGateway SpringerGateway
