0 60 112 56 19 82 38 85 75 97 199 13 133 26 3 131 25 141 6 35 74 173 94 32 42 181 88 47 117 158 172 153 148 120 52 113 71 73 18 67 149 64 162 167 69 124 102 65 33 170 33 8 171 180 51 145 49 178 93 197 123 154 92 91 96 106 195 119 143 132 83 169 155 168 134 175 58 66 140 87 99 135 44 80 188 161 105 103 139 46 76 191 77 48 174 136 15 177 55 17 90 0
97
19 19
15 15
106 106
141 141
132 132
65 65
26 26
169 169
77 77
140 114 140
85 85
93 93
17 17
76 76
67 67
148 148
139 139
97 97
64 64
124 124
171 171
80 80
174 174
105 105
172 172
90 90
94 94
87 87
175 175
119 119
135 135
188 188
123 123
47 47
46 46
120 120
168 168
113 113
155 155
91 91
154 154
74 74
73 73
58 58
48 48
170 170
145 145
92 92
149 149
197 197
131 131
69 69
99 99
199 199
181 181
25 25
83 83
117 117
178 178
191 191
102 102
180 180
75 75
153 153
88 88
44 44
52 52
13 13
8 8
167 167
82 82
55 55
96 96
38 38
51 51
103 103
112 112
173 173
177 177
18 18
134 134
158 158
42 42
195 195
3 3
56 56
35 35
136 136
143 143
133 133
161 161
162 162
32 32
71 71
49 49
33 33
60 60
