1 15 2 61 38 161 58 100 18 92 97 24 37 114 26 48 89 14 22 63 90 66 13 69 30 69 68 76 79 110 35 57 60 85 33 59 44 40 44 88 80 70 66 43 66 31 7 1 65 75 65 54 51 12 16 41 72 41 67 167 101 179 39 71 9 93 2 164 86 164 94 52 82 11 88 34 27 55 53 95 42 64 42 95 53 21 152 32 87 107 23 13 5 96 176 18 92 28 84 172 62 92 97 25 4 25 77 49 77 139 198 187 47 187 45 166 98 166 46 91 111 157 10 149 99 74 50 17 161 19 159 31 150 36 80 20 80 112 67 167 83 167 67 41 56 162 149 78 3 78 194 29 33 140 145 8 13 81 4 25 123 6 100 194 23 104 73 104 61 2 1
97
8 8
6 6
82 82
73 73
29 29
81 81
93 93
20 20
3 3
83 83
7 7
46 46
63 63
24 24
34 34
64 64
50 50
47 47
91 91
54 54
68 68
56 56
74 74
49 49 77
32 32
48 48
40 40
36 36
19 19
71 71
60 60
96 96
35 35
21 21
99 99
10 10
38 38
70 70
84 84
12 12
101 101
75 75
11 11
23 23
15 15
27 27
33 33
72 72
52 52
4 4
43 43
14 14
98 98
45 45
100 100
86 86
55 55
16 16
31 31
88 88
30 30
90 90
26 26
5 5
79 76 79
67 67
58 58
80 80
39 39
2 2
9 9
92 62 92
53 53
57 57
78 78
65 65
25 25
59 59
13 13
85 85
94 94
17 17
97 97
41 41
87 87
95 95
44 44
28 28
18 18
37 37
61 61
51 51
89 89
22 22
69 69
66 66
42 42
