33 20 80 35 7 82 40 82 39 16 31 22 2 22 93 42 93 67 69 88 50 19 99 36 79 37 51 98 13 98 11 100 95 85 17 63 12 63 14 89 14 97 8 97 14 26 43 5 43 69 34 69 38 52 65 52 38 69 67 57 67 54 30 54 67 60 86 64 3 9 10 90 68 90 10 9 80 20 15 20 80 32 6 81 61 81 6 32 38 98 91 46 75 46 45 21 14 63 66 27 23 27 66 63 14 11 86 60 31 16 94 25 94 47 94 16 29 16 31 22 93 99 36 53 71 48 71 53 36 79 37 51 33
49
80 80
48 48
47 47
75 75
30 30
23 23
8 8
40 40
34 34
68 68
65 65
2 2
12 12
61 61
19 19
29 29
64 64
57 57
51 51
95 95
25 25
42 42
5 5
79 79
88 88
13 13
10 10
89 89
31 31
11 11
17 17
7 7
15 15
26 26
97 97
54 54
50 50
52 52
94 94
22 22
82 82
67 60 67
69 69
63 63
86 86
20 20
9 9
100 100
35 35
