159 77 190 77 140 14 97 126 172 119 86 129 41 148 47 182 48 117 7 72 45 25 101 137 85 137 53 193 24 193 180 109 127 146 127 61 127 142 46 37 46 192 130 107 134 120 134 107 189 32 98 65 93 154 2 154 93 56 156 31 9 28 81 138 69 155 69 171 10 200 10 66 36 17 133 173 27 145 27 169 27 166 121 63 13 106 197 6 52 156 64 177 111 128 111 34 111 177 174 177 5 102 82 102 123 102 158 99 158 74 185 74 129 15 167 15 71 157 71 139 100 181 100 199 100 59 147 40 147 101 132 101 137 76 184 165 65 26 65 51 65 93 56 96 162 191 162 96 56 84 16 178 8 189 92 116 92 114 35 114 175 29 88 131 44 60 44 4 149 23 194 21 194 23 149 140 77 159 22 159 164 43 164 20 87 20 104 11 30 81 164 32 79 3 79 160 88 29 50 108 38 108 75 77 159 109 180 122 180 109 159
97
36 36
34 34
191 191
38 38
21 21
11 11
2 2
122 122
120 120
121 121
123 123
40 40
126 126
35 35 114
155 155
7 7
190 190
185 185
139 139
52 52
178 178
61 61
148 148
3 79 3
192 192
60 60
132 132
165 165
28 28
116 116
24 24
174 174
169 169
88 88
86 86
99 99
43 43
106 106
96 96
167 167
26 26
200 200
82 82
87 87
22 22
157 157
4 4
128 128
37 37
59 59
133 133
45 45
138 138
48 48
31 31
109 109
107 107
85 85
93 93
14 14
145 145
199 199
76 76
64 64
32 32
53 53
181 181
146 146
41 41
98 98
97 97
10 10
156 156
15 15
101 101
51 51
102 102
71 71
180 180
47 47
72 72
63 63 13
6 6
140 140
46 46
154 154
158 158
17 17
134 134
172 172
74 74
111 111
193 193
137 137
100 100
77 77
65 65
