K AL CK AN I BB AH M BT G BE AT R CH BR BL H AZ BJ BA AQ BP AS F AJ E AY CQ AP U BY BZ CP B BM AF J CO CD BK BN Q BQ P AI C AC O AM AR BW BV A AK D BO N BC CI AO CJ CM V CN BU CC BF Z CL Y BG BD CB AW T CT BS S AX AU AE CR AV BI AA W CU CS AD BX AB CE X BH L AG CG K
97
G G
AC AC
BV BV
AR AR
AF AF
AS AS
CK CK CV
CC CC
R R
CO CO
CQ CQ
CB CB
I I
CI CI
U U
CJ CJ
L L
AX AX
BJ BJ
AD AD
X X
AE AE
C C
AA AA
E E
AB AB
BY BY
CT CT
N N
AQ AQ
BG BG
CP CA CP
S S
T T
V V
AU AU
BQ BQ
D D
AV AV
CE CE
BN BN
AH AH
AJ AJ
BH BH
BL BL
BO BO
BP BP
CG CG
CL CL
CN CF CN
CR CR
CS CS
H H
K K
W W
AK AK
AM AM
AN AN
AT AT
AW AW
BD BD
BM BM
BW BW
CD CD
CH CH
CM CM
CU CU
A A
B B
F F
J J
M M
O O
P P
Q Q
Y Y
Z Z
AG AG
AI AI
AL AL
AO AO
AP AP
AY AY
AZ AZ
BA BA
BB BB
BC BC
BE BE
BF BF
BI BI
BK BK
BR BR
BS BS
BT BT
BU BU
BX BX
BZ BZ
