lllIl1I 11IIII1 lIIlII1 II11l1l lIl111I II11l1l lIIl11l IIlI1lI II1Il1I 11I1llI IlI1II1 lI11III Il1Il1I IIlIllI 1l11lII 11lI11I lII111l I1Ill1I I1llII1 l1IllI1 1llI111 I1ll1II l1lllll lI1l111 1I11Ill lI1l111 11111lI 1I1l1Il l1IIl1l IlI1Il1 l1Ill11 1I1lllI lll1I1l lIllIll 111lI1I 1111I11 l1l11l1 1I1I1lI l1I111I 1lIl11I lll1111 l1IllI1 I11I111 ll111ll IIl1l1I I1llll1 Ill11II Ill1I11 III111I lI11III I111I1I llIIII1 l1l1l1l I11I11l 1I1I1l1 1l1lIlI 1IlIl1I I11111l llI1lII IlIIIIl III1llI 11IIII1 lllIl1I
49
lIIl11l lIIl11l
llI1lII llI1lII
1IlIl1I 1IlIl1I
l1I111I l1I111I
I11111l I11111l
ll111ll ll111ll
1I1l1Il 1I1l1Il
11IIII1 11IIII1
lIllIll lIllIll
IIlIllI IIlIllI
III1llI III1llI
I1llll1 I1llll1
l1l11l1 l1l11l1
IlI1Il1 IlI1Il1
I11I11l I11I11l
1l1lIlI 1l1lIlI
Ill1I11 Ill1I11
1I1lllI 1I1lllI
1I11Ill 1I11Ill
Ill11II Ill11II
lIIlII1 lIIlII1
I111I1I I111I1I
I11I111 I11I111
1l11lII 1l11lII
III111I III111I
lll1I1l lll1I1l
1I1I1l1 1I1I1l1
lII111l lII111l
I1ll1II I1ll1II
l1IIl1l l1IIl1l
Il1Il1I Il1Il1I
11111lI 11111lI
111lI1I 111lI1I
IIl1l1I IIl1l1I
1lIl11I 1lIl11I
l1lllll l1lllll
1I1I1lI 1I1I1lI
l1Ill11 l1Ill11 l1lll11
lIl111I lIl111I
II1Il1I II1Il1I
I1llII1 I1llII1
1llI111 1llI111
llIIII1 llIIII1
IlI1II1 IlI1II1
11lI11I 11lI11I
lI1l111 lI1l111
II11l1l II11l1l
lI11III lI11III
l1IllI1 l1IllI1
