50 181 50 83 50 113 50 88 50 80 50 161 50 177 50 89 50 61 50 172 50 102 50 162 50 187 50 9 50 144 50 23 50 133 50 129 50 126 50 148 50 115 50 125 50 180 50 38 50 169 50 53 50 118 50 185 50 71 50 120 50 57 50 136 50 49 50 197 50 18 50 121 50 111 50 76 50 138 50 182 50 157 50 41 50 127 50 128 50 134 50 142 50 14 50 86 50 10 50 156 50 186 50 4 50 69 50 56 50 47 50 99 50 153 50 179 50 92 50 108 50 13 50 54 50 139 50 7 50 195 50 101 50 110 50 96 50 29 50 124 50 36 50 44 50 81 50 107 50 0 50 1 50 25 50 198 50 176 50 31 50 141 50 170 50 147 50 85 50 78 50 30 50 82 50 77 50 143 50 146 50 112 50 117 50 123 50 51 50 55 50 109 62 109 84 109 50
97
13 13
84 84
62 62
55 55
51 51
123 123
117 117
112 112
146 146
143 143
77 77
82 82
30 30
78 78
85 85
147 147
170 170
141 141
31 31
176 176
198 198
25 25
1 1
0 0
107 107
81 81
44 44
36 36
124 124
29 29
96 96
110 110
101 101
195 195
7 7
139 139
54 54
108 108
92 92
179 179
153 153
99 99
47 47
56 56
69 69
4 4
186 186
156 156
10 10
86 86
14 14
142 142
134 134
128 128
127 127
41 41
157 157
182 182
138 138
76 76
111 111
121 121
18 18
197 197
49 49
136 136
57 57
120 120
71 71
185 185
118 118
53 53
169 169
38 38
180 180
125 125
115 115
148 148
126 126
129 129
133 133
23 23
144 144
9 9
187 187
162 162
102 102
172 172
61 61
89 89
177 177
161 161
80 80
88 88
113 113
83 83
181 27 40 164 181
