Satish 4C88SXD PUW25N CKNDWG ZMZIWZ 4UE11 LQQ5IH MXJIYJYNH4 9QJRN G90OCSZY FM2G14H8I ZH2INF 5HULMUDLAQ 3J6SSA GH8C G4QE3I 8UPUEGO EFIKTK4Y0Y PIW6IC50D H1LQ91V A118 Q7ZEY 7GAD3F L7QS0UEPJ ZMQ5BH M649OA E9DZLL 9V10EOH 9K8PLAET A8WYICH3 4RGA DYYG23O YDG8AEOM ETB2 2B1K6EW9CL LBR67PCKBJ 3IXHQXHYBV P6RI91D87 79KTC8AS9 W71YV1R66L 0TRB9358 G7PWWJ FWM5C 8MDFNIK8AY MLKOJ 1UCE YU3U1T JX6GCY B690 3WJYJDDU 4TME HBQM42U VGYKKKOFLZ Q7Z37G5 FM2HEMVR1 ZZACWP 7622OJ 2BLLD3SK E5HD GNVXN 6PVQIBNB9 8TH7QVQY YSRPP 26PG HM48FZD0 E2DHWGC H41HZ6 QW15YTSV 91ZONFE E37ZKA8WK O44VZ M35E LM7KL5G3V ZRI9UW B3R68HYWZ HQG39M EEZS M71OYIS L2MG8NMU ARTWTP9 KCOFJD 01G9IQ2 IHN21LA4 RP28W1 DST5W4G0 DNIV2BOR2P PMXEOGGIQ GILAN21GR3 HM48FZD0 GN4G0L2 CB93 YQB2CII950 VOAV 02X2C C8WREP J2ETZ1C CXQDH6YMZ8 5XYO SQLSVN DDB26ZHC 4VE7V 7T8I47 CV6NHW7M ETNCY9XH2 KBI1CALMNJ Satish
97
G4QE3I G4QE3I
79KTC8AS9 79KTC8AS9
E5HD E5HD
C8WREP C8WREP
KBI1CALMNJ KBI1CALMNJ
YU3U1T YU3U1T
26PG 26PG
DDB26ZHC DDB26ZHC
9K8PLAET 9K8PLAET
CB93 CB93
EEZS EEZS
4C88SXD 4C88SXD
PMXEOGGIQ PMXEOGGIQ
MXJIYJYNH4 MXJIYJYNH4
2B1K6EW9CL 2B1K6EW9CL
FWM5C FWM5C
ZZACWP ZZACWP
M35E M35E
A118 A118
HBQM42U HBQM42U
7T8I47 7T8I47
B690 B690
5XYO 5XYO
YSRPP YSRPP
YQB2CII950 YQB2CII950
IHN21LA4 IHN21LA4
ZMQ5BH ZMQ5BH
4UE11 4UE11
3IXHQXHYBV 3IXHQXHYBV
8TH7QVQY 8TH7QVQY
H41HZ6 H41HZ6
ARTWTP9 ARTWTP9
4VE7V 4VE7V
B3R68HYWZ B3R68HYWZ
E9DZLL E9DZLL
3WJYJDDU 3WJYJDDU
W71YV1R66L W71YV1R66L
7GAD3F 7GAD3F
DYYG23O DYYG23O
EFIKTK4Y0Y EFIKTK4Y0Y 4P0LGP0
7622OJ ET82NVH9 7622OJ
6PVQIBNB9 6PVQIBNB9
Q7Z37G5 Q7Z37G5
GN4G0L2 GN4G0L2
LM7KL5G3V LM7KL5G3V
P6RI91D87 P6RI91D87
G90OCSZY G90OCSZY FPZT
DST5W4G0 DST5W4G0
01G9IQ2 01G9IQ2
ETNCY9XH2 ETNCY9XH2
RP28W1 RP28W1
HQG39M HQG39M
9QJRN 9QJRN
VOAV VOAV
J2ETZ1C J2ETZ1C
JX6GCY JX6GCY
LQQ5IH LQQ5IH
PUW25N PUW25N
8MDFNIK8AY 8MDFNIK8AY
8UPUEGO 8UPUEGO
PIW6IC50D PIW6IC50D
A8WYICH3 A8WYICH3
LBR67PCKBJ LBR67PCKBJ
ETB2 ETB2
GNVXN GNVXN
O44VZ O44VZ
GILAN21GR3 GILAN21GR3
KCOFJD KCOFJD
M71OYIS M71OYIS
M649OA M649OA
2BLLD3SK 2BLLD3SK
0TRB9358 0TRB9358
L7QS0UEPJ L7QS0UEPJ
E2DHWGC E2DHWGC
MLKOJ MLKOJ
HM48FZD0 HM48FZD0
DNIV2BOR2P DNIV2BOR2P
3J6SSA 3J6SSA
VGYKKKOFLZ VGYKKKOFLZ
CV6NHW7M CV6NHW7M
QW15YTSV QW15YTSV
SQLSVN SQLSVN
ZH2INF ZH2INF
91ZONFE 91ZONFE
H1LQ91V H1LQ91V
CKNDWG CKNDWG
02X2C 02X2C
FM2HEMVR1 FM2HEMVR1
1UCE 1UCE
Q7ZEY Q7ZEY
5HULMUDLAQ 5HULMUDLAQ
GH8C GH8C
CXQDH6YMZ8 CXQDH6YMZ8
FM2G14H8I FM2G14H8I
E37ZKA8WK E37ZKA8WK
ZMZIWZ ZMZIWZ
9V10EOH 9V10EOH
