Satish CXLQGGJ746 PQ09CSX QJ0LM8 5HGKBK JOBN3N PL0UHK F1G8HC PL0UHK SKLZM AO31B76 QHH48VD7JJ 07XQDCJI QHH48VD7JJ M6CD1Y F3YJ 0I7Y V4R09 N26J6EU AETBJC WQM0D4 R2POU4T ODSGN281 VNCFO QEAJAFMPY XGYWBMTWT QU5Y0N2LQ JSSS9HX U0LMCHUU 59E13RE 6HNG FPB1OLF3 ITHI7K6W1B QAL7Z5UN EHS8A QL51A0KUT EG23K SUC1CH RX6VI 19LN S657MFMG K936 IQXEPH9QO B0H9VDIK 5N65HLXKU IEYK8 6WSDW VNYZ5QVO77 2FB0FS3KWX OJ27JN021 7CRTCJA O2N6HBZK8 Satish
49
QL51A0KUT QL51A0KUT
V4R09 V4R09
XGYWBMTWT XGYWBMTWT
IEYK8 IEYK8
SKLZM SKLZM
N26J6EU N26J6EU
QAL7Z5UN QAL7Z5UN
59E13RE 59E13RE
K936 K936
07XQDCJI 07XQDCJI
2FB0FS3KWX 2FB0FS3KWX
QU5Y0N2LQ QU5Y0N2LQ
QJ0LM8 QJ0LM8
R2POU4T R2POU4T
IQXEPH9QO IQXEPH9QO
CXLQGGJ746 CXLQGGJ746
VNYZ5QVO77 VNYZ5QVO77
AETBJC AETBJC
M6CD1Y M6CD1Y
7CRTCJA 7CRTCJA
6WSDW 6WSDW
F3YJ F3YJ
VNCFO VNCFO
SUC1CH SUC1CH
FPB1OLF3 FPB1OLF3
JSSS9HX JSSS9HX
F1G8HC F1G8HC
OJ27JN021 OJ27JN021
AO31B76 AO31B76
JOBN3N JOBN3N
19LN 19LN
6HNG 6HNG
QEAJAFMPY QEAJAFMPY
QHH48VD7JJ QHH48VD7JJ
B0H9VDIK B0H9VDIK
5N65HLXKU 5N65HLXKU
ODSGN281 V7T5SI ODSGN281
RX6VI RX6VI
WQM0D4 WQM0D4
O2N6HBZK8 O2N6HBZK8
PQ09CSX PQ09CSX
U0LMCHUU U0LMCHUU
0I7Y 0I7Y
EG23K EG23K
EHS8A EHS8A
PL0UHK PL0UHK
S657MFMG S657MFMG
ITHI7K6W1B ITHI7K6W1B
5HGKBK 5HGKBK
