129 137 92 83 36 9 161 80 101 4 81 50 13 111 142 111 30 66 107 100 105 192 105 157 195 85 6 51 56 99 156 95 59 25 196 140 151 114 108 125 42 21 61 26 128 190 177 0 145 15 0 82 0 160 27 126 39 178 26 163 64 72 97 63 96 76 96 87 33 5 40 88 2 91 20 191 53 121 150 171 8 48 17 155 49 123 57 189 16 188 61 79 152 14 110 10 31 55 194 23 32 98 109 46 180 12 103 12 89 137 197 92 183 47 62 47 58 47 116 44 86 174 45 175 30 184 30 122 89 129
89
150 150
122 122
55 55
44 44
125 125
197 197
157 29 157
15 15
87 87
184 184
161 161
189 189
188 188
175 175
163 163
174 174
178 178
64 64
180 180
8 8
58 58
36 36 130
152 152
156 156
91 91
126 126
100 100
66 66
23 23
14 14
151 151
82 82
109 109
53 53
114 114
56 56
110 110
2 2
98 98
160 160
21 21
192 192
196 196
171 171
177 65 177
191 191
51 51
145 145
103 103
142 142
137 137
76 76
40 5 40
183 183
89 89
101 101 84
194 194
61 61
59 59
155 49 155
57 57
81 11 158 81 4
123 123
128 128
9 9
99 99
16 16
107 107
108 108
88 88
62 62
63 63
85 85
92 92
13 50 13
190 190
95 95
0 0
121 121
105 105
48 48
39 39
33 33
17 17
26 26
6 6
97 97 96
195 195
25 25
