845LWU7Kg6167HQY Uyj5raM7C9SGCHQGUC y B4mQOl023dn1 y 0CwgepgS85xC4gx KKUFV29x8iO 0CwgepgS85xC4gx 4 KpBvy 4l4aqvNKB k 3k k r ICQxh0Q58799CUd2 r geUO1h 8M2OK8Px58 geUO1h 77yN7eHZwfF99R2 TBk5Pt5vt5SInt 77yN7eHZwfF99R2 11l6P71DgEau1baEX4 xaM1q4jQi3efYb0 2qgWbB40Ya16 MY3aL96Y u3Qv 42U0k6JhTQxPvUw8 u3Qv EnhLq7BgTj8IN3Z2m fgM12T WMY0xVk9j8T6Ly eqYzN7b19UgNo1K WMY0xVk9j8T6Ly fgM12T 6RiHvQ4xTN5 9vq8gscs7dz1 eDv5MBdo 5Qkzz260R7 eDv5MBdo MVvh DUiYDuR9yYFD5 UH4Lf7FAuZoT4lv2 YKpC4gQmPKaU311w9eOT O41Muu 95fufpL7BuUW8Mng00jE O58T a 48783322I5q9PFVPT TU76UjE52906 3 5CCl0n2r5512 5Ll49ySSWT043CtCd2 7L J 672Pt4Ytw8LW J X6SrYf57mSUQQ28C J ElUTL D FL4V06094CU0zO3gJava H6pXAnE0KypnExX SmI7f H6pXAnE0KypnExX YLKBD54k pbE3R4QsB76l 3i80K09a i7lmV5iDIgl5f 1 5 1 122gt 0CwgepgS85xC4gx HDLHc5Kdk SL88w66v7 HDLHc5Kdk N8191M9E9v 9 N8191M9E9v 95E0752p51t ZT3 y B4mQOl023dn1 5Ll49ySSWT043CtCd2 NQ3vX6W6H74aK53np 5Ll49ySSWT043CtCd2 B4mQOl023dn1 y 0CwgepgS85xC4gx KKUFV29x8iO ftk2 KKUFV29x8iO 0CwgepgS85xC4gx Uyj5raM7C9SGCHQGUC 845LWU7Kg6167HQY
49
42U0k6JhTQxPvUw8 42U0k6JhTQxPvUw8
ftk2 ftk2
9 9
845LWU7Kg6167HQY 845LWU7Kg6167HQY
122gt 122gt
ZT3 ZT3
YKpC4gQmPKaU311w9eOT YKpC4gQmPKaU311w9eOT
6RiHvQ4xTN5 6RiHvQ4xTN5
YLKBD54k YLKBD54k
8M2OK8Px58 8M2OK8Px58
TU76UjE52906 TU76UjE52906
X6SrYf57mSUQQ28C X6SrYf57mSUQQ28C
ICQxh0Q58799CUd2 ICQxh0Q58799CUd2
5CCl0n2r5512 5CCl0n2r5512
NQ3vX6W6H74aK53np NQ3vX6W6H74aK53np
SmI7f SmI7f
5 5
MVvh MVvh
95E0752p51t 95E0752p51t
4l4aqvNKB 4l4aqvNKB
O58T O58T
TBk5Pt5vt5SInt TBk5Pt5vt5SInt
eqYzN7b19UgNo1K eqYzN7b19UgNo1K
KKUFV29x8iO KKUFV29x8iO
D D
3k 3k
B4mQOl023dn1 B4mQOl023dn1
5Qkzz260R7 5Qkzz260R7
DUiYDuR9yYFD5 DUiYDuR9yYFD5
EnhLq7BgTj8IN3Z2m EnhLq7BgTj8IN3Z2m
672Pt4Ytw8LW 672Pt4Ytw8LW
48783322I5q9PFVPT 48783322I5q9PFVPT
SL88w66v7 SL88w66v7
11l6P71DgEau1baEX4 11l6P71DgEau1baEX4
KpBvy KpBvy
H6pXAnE0KypnExX H6pXAnE0KypnExX
3 3
ElUTL ElUTL
O41Muu O41Muu
7L 7L
fgM12T fgM12T
eDv5MBdo eDv5MBdo
geUO1h geUO1h
2qgWbB40Ya16 MY3aL96Y 2qgWbB40Ya16
r r
4 4
xaM1q4jQi3efYb0 xaM1q4jQi3efYb0
y y
u3Qv u3Qv
