0 20 0 26 0 38 0 11 44 37 29 98 32 98 37 9 43 9 18 33 18 35 57 4 40 45 12 28 19 2 3 5 7 56 21 41 1 41 15 41 47 27 47 34 14 10 96 8 96 31 96 10 77 16 23 42 51 14 30 72 50 24 46 97 36 97 54 39 91 85 13 19 63 48 69 17 69 60 44 11 0 49 22 49 0 11 45 13 85 78 25 6 25 78 85 13 45 11 0
49
3 3
22 22 49
32 32
1 1
6 6
17 17
8 8
16 16
33 33
4 4
12 12
20 20
24 24
27 27
43 43
44 44
7 7
10 10
15 15
19 19
21 21
26 26
29 29
30 30
31 31
34 34
35 35
36 36
38 38
39 39
42 42
48 48
0 0
2 2
5 5
9 9
11 11
13 13
14 14
18 18
23 23
25 25
28 28
37 37
40 40
41 41
45 45
46 46
47 47
