0 43 0 59 0 62 0 86 0 90 79 4 171 121 49 40 184 69 184 35 155 68 58 6 51 30 103 20 53 57 1 57 16 139 12 3 65 2 27 2 78 2 33 74 33 17 13 5 109 22 46 41 28 72 83 72 33 7 76 34 125 77 164 75 11 75 85 87 84 24 54 98 54 108 26 89 23 89 73 99 32 25 169 103 63 55 107 47 107 81 174 56 36 2 182 88 198 18 42 10 122 14 29 14 61 70 61 185 84 97 147 95 145 42 48 127 82 149 8 67 71 128 45 128 71 148 94 148 71 191 112 50 9 80 9 64 141 31 141 60 141 105 19 105 92 17 21 17 92 124 93 38 93 124 35 100 134 44 134 100 40 49 121 153 66 153 167 175 91 175 178 171 188 0 123 15 123 0 137 37 137 52 137 0 140 143 154 199 39 199 154 143 140 0
97
6 6
44 44
4 4
45 45
70 70
83 83
15 15
32 32 99
56 56
69 69
80 80
98 98
1 1
5 5
12 12
23 23
37 37
39 39
75 75
76 76
91 91
94 94
10 10
19 19
27 27
38 38 93
41 41
43 43
49 49
55 55
67 67
74 74
95 95
14 14
16 16
17 17
18 18
20 20
22 22
24 24
26 26
30 30
31 31
35 35
47 47
48 48
50 50
52 52
59 59
60 60
62 62
64 64
65 65
66 66
68 68
73 73 96
77 77
78 78
81 81
86 86
87 87
88 88
90 90
97 97
0 0
2 2
3 3
7 7
8 8
9 9
11 11
13 13
21 21
25 25
28 28
29 29
33 33
34 34
36 36
40 40
42 42
46 46
51 51
53 53
54 54
57 57
58 58
61 61
63 63
71 71
72 72
79 79
82 82
84 84
85 85
89 89
92 92
