loc0 loc25 loc138 loc118 loc138 loc42 loc46 loc37 loc144 loc49 loc105 loc52 loc106 loc160 loc53 loc54 loc53 loc160 loc45 loc160 loc53 loc78 loc82 loc62 loc157 loc198 loc131 loc44 loc172 loc44 loc77 loc129 loc15 loc129 loc162 loc93 loc168 loc11 loc134 loc96 loc122 loc50 loc196 loc76 loc182 loc76 loc97 loc163 loc36 loc116 loc89 loc191 loc39 loc28 loc187 loc107 loc170 loc147 loc181 loc57 loc34 loc66 loc31 loc66 loc113 loc20 loc165 loc164 loc184 loc127 loc27 loc127 loc156 loc75 loc47 loc41 loc179 loc173 loc85 loc23 loc197 loc150 loc10 loc186 loc83 loc108 loc177 loc109 loc69 loc51 loc192 loc151 loc130 loc141 loc84 loc120 loc8 loc120 loc188 loc183 loc25 loc138 loc32 loc14 loc36 loc185 loc100 loc119 loc80 loc123 loc167 loc17 loc170 loc168 loc92 loc65 loc67 loc192 loc58 loc0
73
loc82 loc82
loc17 loc17
loc8 loc8
loc167 loc167
loc186 loc186
loc119 loc119
loc147 loc147
loc165 loc165
loc185 loc185
loc67 loc67
loc89 loc89
loc14 loc14
loc96 loc96
loc27 loc27
loc177 loc177
loc85 loc85
loc52 loc52
loc187 loc187
loc196 loc196
loc100 loc100
loc31 loc31
loc69 loc69
loc42 loc42
loc92 loc92
loc130 loc130
loc15 loc15
loc47 loc47
loc84 loc84
loc10 loc10
loc39 loc39
loc57 loc57
loc113 loc113
loc93 loc93
loc97 loc97
loc75 loc75
loc184 loc184
loc183 loc183
loc192 loc192
loc197 loc197
loc28 loc28
loc36 loc36
loc131 loc131
loc162 loc162
loc105 loc105
loc45 loc45
loc179 loc179
loc156 loc156
loc116 loc116
loc49 loc49
loc191 loc191
loc122 loc122
loc118 loc118 loc138 loc32
loc11 loc11
loc78 loc78
loc41 loc41
loc182 loc182
loc172 loc172
loc83 loc83
loc150 loc150
loc157 loc112 loc157
loc164 loc164
loc168 loc168 loc66
loc54 loc54 loc160
loc109 loc109
loc25 loc25
loc129 loc129
loc134 loc134
loc188 loc188
loc120 loc120
loc106 loc106
loc37 loc37 loc144 loc46
loc198 loc198
loc20 loc20
