loc0 loc23 loc7 loc47 loc25 loc81 loc4 loc42 loc4 loc62 loc90 loc62 loc45 loc35 loc6 loc61 loc6 loc79 loc13 loc8 loc88 loc9 loc91 loc39 loc24 loc16 loc62 loc90 loc71 loc93 loc26 loc93 loc72 loc94 loc21 loc94 loc51 loc30 loc22 loc34 loc29 loc70 loc98 loc75 loc28 loc96 loc40 loc96 loc86 loc69 loc86 loc68 loc52 loc68 loc86 loc33 loc48 loc83 loc54 loc65 loc4 loc62 loc60 loc95 loc20 loc31 loc91 loc84 loc23 loc0
33
loc6 loc6
loc31 loc31
loc54 loc54
loc69 loc69
loc28 loc28
loc29 loc29
loc20 loc20
loc65 loc65
loc21 loc21
loc40 loc40
loc48 loc48 loc33
loc52 loc52
loc16 loc16
loc91 loc91
loc25 loc81 loc25
loc26 loc26
loc51 loc51
loc72 loc72
loc45 loc45 loc49
loc23 loc23 loc84 loc99
loc24 loc24
loc8 loc8 loc88
loc42 loc42
loc34 loc34
loc90 loc62 loc90
loc7 loc7
loc79 loc79
loc86 loc86
loc75 loc75
loc61 loc61
loc39 loc39
loc35 loc35
loc93 loc93
