69 163 100 8 39 131 115 3 190 37 134 4 44 186 4 14 99 106 63 162 0 188 46 87 1 118 64 1 31 1 104 11 146 121 160 26 2 24 150 132 194 53 9 80 166 71 72 193 185 198 3 133 81 77 8 25 56 16 27 117 83 33 191 82 52 30 158 128 149 135 197 147 97 11 51 113 195 127 74 165 110 58 192 101 119 50 112 139 14 148 90 4 69
73
131 131
90 90
148 148
112 112
191 191
50 50
117 117
119 119
113 113
51 51
74 74
192 192
52 52
82 82
83 83
58 58
165 165
195 195
110 110
193 193
71 71
97 97
101 101
53 53
128 128
99 99
72 72
197 197
147 147
158 158
133 133
150 150
127 127
30 30
198 198
186 186
185 185
149 149
166 166
135 135
64 64
81 81
25 25
31 31
27 27
188 188
146 146
16 16
80 80
24 24
77 77
194 194
132 132
44 44
33 33
162 162
118 118
26 26
190 171 190
100 100
115 115
63 63
134 134
121 5 121
56 56
104 11 104
87 87
14 14
37 37
106 106
160 160 2
46 46 59 1
163 36 163
