73 96 15 48 13 40 16 85 16 40 28 91 78 34 12 62 65 62 99 46 75 49 44 57 9 71 50 1 19 18 76 37 86 29 83 29 22 88 100 88 27 2 94 53 34 58 74 66 74 25 90 68 92 33 11 33 82 41 32 1 77 14 17 93 17 10 45 5 38 8 38 96 15 79 15 48 13 40 28 81 84 7 80 21 98 45 88 38 96 73
49
9 9
85 85
8 8
12 12
18 18
84 84
10 10
49 49
90 90
94 94
15 15
66 66
78 78
82 82
100 100
5 5
11 11
14 14
21 21
83 83
86 86
1 1
13 13
22 22
27 27
34 34
44 44
46 46 99
50 50
65 65
74 74
81 81
93 93
19 19
25 25
29 29
33 33
48 48
53 53
57 57
68 68
71 71
75 75
76 76
77 77
79 79
91 91
96 96
98 98
