74 123 81 123 109 161 11 99 137 97 100 73 125 83 60 59 14 118 14 39 32 27 103 147 95 172 5 172 12 172 170 63 66 50 102 98 53 131 91 131 200 131 166 76 154 18 110 72 100 134 112 114 127 186 45 146 54 179 168 4 193 51 77 51 190 155 52 34 94 163 129 141 61 116 120 198 130 28 58 28 113 88 113 198 143 171 165 64 90 64 17 187 43 158 180 3 117 105 148 115 8 42 142 181 20 96 184 136 194 57 86 31 86 128 86 57 63 139 138 34 7 80 56 135 151 33 108 183 25 44 107 44 25 23 25 47 152 16 140 33 76 89 6 121 111 199 133 199 121 13 192 13 15 170 63 174 63 66 173 132 30 167 30 176 178 37 53 98 125 157 125 73 146 8 123 74
97
17 17
111 111
163 163
174 174
27 27
107 107
200 200
16 16
31 31
72 72
81 81
105 105
179 179
5 5
45 45
60 60
80 80
108 108
136 136
23 23
50 50
61 61
77 77
89 89
128 128
157 157
158 158
11 11
39 39
47 47
52 52
53 53
58 58
88 88
90 90
95 95
96 96
97 97
114 114
115 115
118 118
120 120 198
132 132
133 133 199
135 135
142 142
154 154
192 192
4 4
12 12
18 18
32 32
54 54
63 63
73 73
83 83
86 86
91 91
94 94
98 98
103 103
109 109
127 127 193
129 129
130 130
134 134
138 138
143 143
155 155
165 165
167 167
173 173
178 178
14 14
20 20
42 42
44 44
51 51
56 56
59 59
66 66
76 76
99 99
100 100
112 112
113 113
116 116
123 123
125 125
139 139
140 140
146 146
152 152
161 161
171 171
184 184
190 190
