AA DT AA AC AJ AC AA DT CX DU CX AN AD AK AD AL AD AN CY DW CY AN CX DS CX AN AD DN CT AM CW DQ CW AM CV DR CV AM CW DP CW AM CT DN AD AN CY DV CY AN CX DT AA AB AE AB AH AB AE AO AP AO AE AB AG BC BJ BC AG BB BI BB BH BB AG BA BF BA BG BA BE BA AG AZ BD AZ AG BC BK FE DZ EC DX DY DX EC EB EA FC EA EI FB EI EA EB EC EE ED EP ED EE EF EL EW EX EY EX EW EL EF EE EC DZ FE BK BC AG AB AE AO AQ AO AE AB AF AB AH BN BS FF BS BN AH BM BP CE BW AI BW CE BP BM AH AB AG BC BK FE DZ EC EE EF EN EQ EO EQ EN EF EH FA EH EJ EZ EJ EH EF EE EC DZ FE BK BC AG AB AA
41
AD AD
EZ EZ
EO EN EO
EY EX EY
EP EP
AI AI
AF AF
FF FF
BD BD
DP DP
AQ AQ
BK BK
DV DV
BE BE
FA FA
DR DR
AJ AJ
AH AH
BH BH
DS DS
BJ BJ
AP AP
BG BG
DQ DQ
DU DU
DW DW
DY DY
BF BF
AL AL
DT AA DT
FB FB
BI BI
AE AB AE AO
AG AG
AM AM
AK AK
AN AN
FC FC
DZ DZ
DX DX
AC AC
