112 123 8 109 95 28 117 166 151 102 35 118 96 13 94 60 40 168 129 172 121 120 66 149 136 169 85 36 190 33 71 52 81 83 84 146 126 29 27 158 70 72 171 78 184 24 131 160 154 187 6 99 41 68 56 54 9 170 17 105 188 157 21 44 182 75 114 165 119 138 59 58 14 162 80 64 130 124 194 34 183 174 23 49 69 147 11 20 0 104 112
89
160 160
149 149
151 151
165 144 165
33 33
27 27 53
157 157
60 143 60
20 20
80 80
41 41
8 73 8
49 152 107 49
104 104
121 121
72 72
168 168
118 118
130 130
182 182
56 42 56
59 59
64 64
6 6
169 169
52 52
11 11
28 28
124 124
170 170
85 85
194 194
68 163 68
138 138
114 114
120 120
84 84
147 147
78 78 181
69 69
183 183
54 54
14 14
23 23
119 119
172 172 97
99 99
40 40
21 21
166 166
36 36
158 158
35 35
174 174
105 105
171 171
162 162
17 17
94 94
70 70
131 131
96 96
95 95
71 71
187 187
117 117
83 83
184 184
129 129
58 58
66 66
109 109
29 29
190 190
102 102
44 44
75 75
34 34
123 123
154 154
0 0
9 9
24 24
146 146
13 13
126 126 127
188 188
136 136
81 81
