Soda loc3 loc64 loc199 loc80 loc179 loc45 loc90 loc151 loc104 loc163 loc42 loc163 loc104 loc168 loc82 loc65 loc43 loc27 loc180 loc10 loc147 loc38 loc193 loc111 loc114 loc101 loc8 loc79 loc141 loc41 loc77 loc122 loc165 loc100 loc95 loc176 loc35 loc194 loc55 loc131 loc187 loc22 loc183 loc127 loc37 loc181 loc26 loc188 loc26 loc27 loc43 loc50 loc83 loc94 loc34 loc13 loc74 loc23 loc17 loc129 loc168 loc43 loc27 loc60 loc68 loc126 loc68 loc192 loc170 loc192 loc87 loc47 loc164 loc111 loc128 loc111 loc11 loc30 loc39 loc30 loc111 loc169 loc27 loc43 loc179 loc58 loc53 loc25 loc53 loc179 loc129 loc17 loc23 loc74 loc13 loc34 loc32 loc189 loc34 loc118 loc14 loc88 loc121 loc14 loc34 loc138 loc34 loc84 loc167 loc97 loc84 loc34 loc13 loc74 loc23 loc17 loc129 loc168 loc43 loc27 loc164 loc47 loc87 loc192 loc170 loc196 loc185 loc142 loc7 loc142 loc196 loc61 loc196 loc51 loc155 loc103 loc51 loc196 loc170 loc192 loc87 loc47 loc164 loc77 loc173 loc107 loc146 loc107 loc173 loc77 loc27 loc43 loc92 loc57 loc157 loc59 loc157 loc57 loc72 loc75 loc137 loc40 loc20 loc40 loc137 loc75 loc92 loc151 loc104 loc163 loc154 loc171 loc42 loc163 loc104 loc43 loc27 loc115 loc99 loc9 loc99 loc115 loc111 loc30 loc136 loc39 loc198 loc28 loc166 loc109 loc166 loc198 loc24 loc31 loc111 loc169 loc27 loc43 loc179 loc53 loc140 loc25 loc106 loc172 loc36 loc145 loc156 loc6 loc172 loc106 Soda
97
loc83 loc83
loc6 loc6
loc20 loc20
loc109 loc109
Soda Soda
loc140 loc140
loc136 loc136
loc24 loc24
loc145 loc145
loc9 loc9
loc171 loc171
loc154 loc154
loc146 loc146
loc59 loc59
loc155 loc155
loc167 loc167
loc40 loc40
loc7 loc7
loc185 loc185
loc61 loc61
loc121 loc121
loc32 loc32
loc118 loc118
loc138 loc138
loc72 loc72
loc25 loc25
loc80 loc80
loc39 loc30 loc39
loc128 loc128
loc173 loc173
loc3 loc3
loc189 loc189
loc84 loc84
loc97 loc97
loc57 loc57
loc75 loc75
loc51 loc51
loc103 loc103
loc170 loc170
loc34 loc34
loc194 loc194
loc17 loc17
loc126 loc126
loc94 loc94
loc42 loc42
loc13 loc13
loc90 loc90
loc77 loc77
loc88 loc88
loc106 loc106
loc142 loc142
loc28 loc28
loc65 loc65
loc50 loc50
loc14 loc14
loc157 loc157
loc137 loc137
loc156 loc156
loc107 loc107
loc26 loc26
loc45 loc45
loc131 loc131
loc151 loc151
loc101 loc101
loc100 loc100
loc122 loc122
loc82 loc82
loc23 loc23
loc79 loc79 loc15
loc10 loc10
loc183 loc183
loc141 loc141
loc111 loc111
loc192 loc192
loc37 loc181 loc37
loc22 loc22
loc41 loc41
loc95 loc95
loc8 loc8
loc64 loc64
loc58 loc58
loc11 loc11
loc165 loc165
loc147 loc147
loc188 loc188
loc55 loc55
loc114 loc114
loc180 loc180
loc35 loc35
loc38 loc38
loc74 loc74
loc163 loc163
loc199 loc199
loc53 loc53
loc172 loc172
loc36 loc36
loc193 loc193
