0 84 6 7 1 10 81 34 44 34 42 48 40 49 83 65 46 65 25 24 51 31 4 19 39 45 39 86 33 28 35 70 17 70 12 18 11 68 22 29 21 4 47 4 31 51 16 8 95 9 89 5 15 69 38 77 36 77 38 14 13 30 20 2 26 2 32 2 27 76 23 76 43 59 83 41 70 35 54 96 37 3 37 97 4 31 0
49
4 4
3 3
1 1
15 15
41 41
22 22
9 9
13 13
48 48
36 36
12 12
26 26
25 25
27 27 50
23 23
6 6
8 8
11 11
28 28
32 32
46 46
38 38
20 20
49 49
43 43
34 34
30 30
5 5
45 45
16 16
33 33
17 17
14 14
7 7
21 21
47 47
24 24
18 18
2 2
42 42
44 44
29 29
19 19
35 35
31 31
10 10
37 37
39 39
40 40
