0 2 53 54 53 87 24 16 24 94 130 52 82 22 62 12 10 188 18 32 77 173 80 31 104 3 90 88 63 93 21 6 25 1 113 30 9 98 8 38 35 78 42 176 30 113 15 113 99 56 45 123 65 5 66 169 84 40 64 11 70 111 75 192 95 192 7 59 51 89 167 160 79 41 19 41 44 27 144 157 69 192 81 112 73 100 61 100 103 58 36 46 49 48 72 177 92 177 33 177 92 60 67 91 121 14 125 17 125 28 20 133 4 74 4 57 173 80 71 83 68 155 110 26 110 96 97 34 117 23 117 39 86 139 37 47 76 132 43 132 53 151 55 175 50 106 13 106 102 186 85 148 45 54 0
89
7 7 59
97 97
78 78
47 47
26 26
68 68
23 23
71 71
21 6 21
70 70
44 44
10 10
85 85
61 61
60 60
43 43
42 42
13 13
14 14
40 40
38 38
4 4
76 76
77 77
2 2
22 22 62
79 79
96 96
36 36 46
49 49
39 29 39
55 55
99 99
28 28
57 57
33 33
69 69
5 5
67 67 91
88 88
83 83
17 17
54 53 54
89 89
37 37
50 50
11 11
19 19 41
31 31
9 9 98
34 34
81 81
75 75
94 94
84 84
93 93
35 35
27 27
1 1
73 73
18 18
52 52
20 20
66 66
58 58
3 3
51 51
48 48
56 45 56
64 64
25 25
72 72
95 95
15 15
63 63
100 100
87 87
82 82
74 74
12 12
92 92
80 80
16 16 24
86 86
32 32
90 90
8 8
65 65
30 30
