75 89 32 84 48 86 25 52 4 47 64 87 7 13 18 81 94 82 92 26 71 21 5 73 96 74 36 33 41 31 68 59 68 55 46 63 91 12 18 76 18 62 77 44 56 98 69 99 90 99 64 80 29 43 29 80 97 42 58 67 57 39 49 79 65 30 81 19 34 19 81 94 24 3 24 59 68 55 75
49
76 76
26 26
46 46
58 58
3 3
44 44
29 29
34 34
87 87
36 36
25 25 9
69 69
89 89
65 65
94 94
12 12
62 62
57 57
96 96
13 13
59 59
49 49
4 4
97 97
31 31
21 21
90 90
91 91
42 42
84 84
81 81
55 55
77 77
92 92
64 64
73 73
56 56
7 7
43 43
75 75
52 52
80 80
74 74
48 48
47 47
86 86
82 82
98 98
32 32
