48 73 171 163 36 147 135 84 60 57 103 98 67 98 101 98 38 165 34 61 197 154 53 154 115 10 46 196 141 129 136 152 29 152 85 39 23 2 124 56 124 77 164 58 118 145 173 88 127 193 194 157 114 123 162 8 119 126 94 182 113 69 113 78 185 190 185 78 138 199 155 3 170 122 176 40 16 62 42 25 90 87 107 66 74 149 104 180 156 52 156 0 143 167 143 125 174 179 102 110 154 7 175 165 13 93 133 121 19 121 151 45 191 96 158 177 178 189 117 38 165 13 20 168 109 6 11 79 21 148 81 35 173 163 72 108 72 186 72 108 47 55 83 64 32 43 137 15 99 5 51 180 9 180 135 181 96 159 120 121 133 37 153 48
97
141 141
11 11
179 179
58 58
182 182
67 98 67
191 191
190 190
186 186
53 53
93 93
5 5
64 64
117 117
56 56
87 107 87
143 143
52 52
36 36
42 42
40 40
148 148
149 149
123 123
10 10
60 60
85 85 39
19 19
157 157
48 48
181 181
109 109
170 170
34 34
175 175
110 110
138 138
151 151
177 177
23 23
108 108
35 35
136 136
197 197
69 69
88 88
120 120
171 171
145 145
126 126
180 180
101 101
103 103
29 29
38 38
20 20
164 164
3 3
55 55
46 46
74 74
16 16
79 79
137 137
194 194
135 135
7 7
133 133
156 156
90 90
84 84
158 158
185 185
176 176
9 9
125 125
193 193
113 113
119 119
115 115
2 2
66 66
152 152
154 154
129 129
25 25
196 196
199 199
78 78
73 73
167 167
118 118
165 165
155 155
163 163
147 147
21 21
