evdoyagqfp xawkqmfmmx xftptyrlvl fluzhooehk xftptyrlvl uooysjrxsb xftptyrlvl mysadifwma robpunozly bnmegnfgii robpunozly mysadifwma xftptyrlvl qbiylslccb kvxwqiryyu sjtuxgdwms hsjqtjkukk bbczvyonym mdyuzxshey wtlzrefwav afrdrejwtp pwgublhwxg hofbtczdgp pwgublhwxg pymtnhypxd jrmlkfexfk osdeymjeil wkwwcqjtxf lkvtxfwozs gjmmikaxih jrusiskazm vkrlpmybdj lndsfxewdc kyrhqthnvz lnicnhmajr xychpimpzb bulywvvpni xychpimpzb lnicnhmajr aruwdskzta vugkhjygfe xywdziunpr oggftsricu xeigbnzhbj seeyrseflx hkempoemlv seeyrseflx czvqvijjlb nbjyrygtdh cpwyxulkjm nbjyrygtdh ymvlfsdhbu xsjzeyxnpw bswhowadhl tgkujfknod bswhowadhl zpjhxyylhb kvfpaspidv ouxenssqdu fznfvsgjhc wtyqwjwskq kijbyyuzhd unihwwnyqz pbefrggyje xwrvhrxnqy ebqxbaqnmm oegfbrwyrp wynbxuuxru tmrnpjqnxx wynbxuuxru epdwcjuvdr eooyfwmxln epdwcjuvdr kgktiatgjn qepegujmaa pcilmgdrgc ivgbjyugdu pcilmgdrgc wwqchwdmtx jedsthbmzo euqbrkzdsw zivwgfcxqi phknwbtipl fdgcygwgjf rnpokwoqgt oownpsyviv oavtmpaqji ichabbvkhm jrusiskazm gjmmikaxih byyqgjwsrp qxfgqgbbdn byyqgjwsrp ahqdrcepub gbdejcnknd vnzypgtlkj dnmgxnhbgi uhalgukdzb yriqtwavfx rkyixxpcbx yriqtwavfx gucdicwxmb yriqtwavfx qgfchcatzi cmdqzmgvfi pdljcbluhp koawdpgqdx psiebvskfb koawdpgqdx qepegujmaa etdxtwotzh qepegujmaa ixyurvbpvu qfbvncxldf ijbfzrqwct bbwcqzwyoz nwlccbonas xguvjomcdt nwlccbonas itbfnxnauh nwlccbonas bbwcqzwyoz ijbfzrqwct bimtbhwsby chjuuxuacs afortwurqt zmfuudfatm cttlxdtaiw byyqgjwsrp tmatbexcil qpxtrjvxpe qiqnnrlapz spdafzaivh ldnozwuuuq eaozvwjoso vqakgbtmpu xqwyvbvueh tvcolajnao smwxdupkdv jqtguzxxsl optviwhmbr vfdsalrajq optviwhmbr ivugtsvtqb guuudgvhny stdiixwrjc owusjcmdkp uddkspyqjc yiwwdwbzth ixyurvbpvu qepegujmaa kgktiatgjn epdwcjuvdr eqdxeqvtsb xnppuesbrr gllungmori qxuqrfzzob opmnfgpclg tgbmxdmvwe lcrihrmoqu xkasbvrrxd lcrihrmoqu tgbmxdmvwe opmnfgpclg xsjzeyxnpw ymvlfsdhbu aokbiptbzc ymvlfsdhbu lazlsvgukx wynbxuuxru qzdrdcxoib voaumgrcuj qzdrdcxoib wynbxuuxru epdwcjuvdr eqdxeqvtsb xnppuesbrr hxkhivkhyl scesbtewjx hxkhivkhyl xnppuesbrr eqdxeqvtsb epdwcjuvdr wynbxuuxru jqtguzxxsl xftptyrlvl evdoyagqfp
97
kgktiatgjn kgktiatgjn
oggftsricu oggftsricu
zmfuudfatm zmfuudfatm
bnmegnfgii bnmegnfgii
tgkujfknod tgkujfknod
itbfnxnauh itbfnxnauh
qiqnnrlapz qiqnnrlapz
gucdicwxmb gucdicwxmb
lcrihrmoqu lcrihrmoqu
hsjqtjkukk hsjqtjkukk
ichabbvkhm ichabbvkhm
afrdrejwtp afrdrejwtp
vfdsalrajq vfdsalrajq
vnzypgtlkj vnzypgtlkj
evdoyagqfp evdoyagqfp
stdiixwrjc stdiixwrjc
aokbiptbzc aokbiptbzc
qxfgqgbbdn qxfgqgbbdn
scesbtewjx scesbtewjx
bulywvvpni bulywvvpni
qxuqrfzzob qxuqrfzzob
voaumgrcuj voaumgrcuj
psiebvskfb psiebvskfb
ivgbjyugdu ivgbjyugdu
xwrvhrxnqy xwrvhrxnqy xifuopshzj
fdgcygwgjf fdgcygwgjf
yiwwdwbzth yiwwdwbzth
ouxenssqdu ouxenssqdu
kyrhqthnvz kyrhqthnvz
qgfchcatzi qgfchcatzi
hkempoemlv hkempoemlv
lkvtxfwozs lkvtxfwozs
kvxwqiryyu kvxwqiryyu
tmrnpjqnxx tmrnpjqnxx
etdxtwotzh etdxtwotzh
bimtbhwsby bimtbhwsby
smwxdupkdv smwxdupkdv
euqbrkzdsw euqbrkzdsw
cpwyxulkjm cpwyxulkjm
uhalgukdzb uhalgukdzb
qfbvncxldf qfbvncxldf
wwqchwdmtx wwqchwdmtx
kijbyyuzhd kijbyyuzhd
xqwyvbvueh xqwyvbvueh
vkrlpmybdj vkrlpmybdj
pdljcbluhp pdljcbluhp
tmatbexcil tmatbexcil
mysadifwma mysadifwma
hofbtczdgp hofbtczdgp
xguvjomcdt xguvjomcdt
ahqdrcepub afortwurqt ahqdrcepub
xnppuesbrr xnppuesbrr
aruwdskzta aruwdskzta
bbwcqzwyoz bbwcqzwyoz
ivugtsvtqb ivugtsvtqb
ldnozwuuuq ldnozwuuuq
rkyixxpcbx rkyixxpcbx
uooysjrxsb uooysjrxsb
eooyfwmxln eooyfwmxln
jrmlkfexfk jrmlkfexfk
ymvlfsdhbu ymvlfsdhbu
guuudgvhny guuudgvhny
rnpokwoqgt rnpokwoqgt
xkasbvrrxd xkasbvrrxd
cttlxdtaiw cttlxdtaiw
kvfpaspidv kvfpaspidv
bbczvyonym bbczvyonym
wkwwcqjtxf wkwwcqjtxf
fluzhooehk fluzhooehk
mdyuzxshey mdyuzxshey
qepegujmaa qepegujmaa
eqdxeqvtsb eqdxeqvtsb
xychpimpzb xychpimpzb
pbefrggyje pbefrggyje
xywdziunpr xywdziunpr
oegfbrwyrp oegfbrwyrp
byyqgjwsrp byyqgjwsrp
nbjyrygtdh nbjyrygtdh
gbdejcnknd gbdejcnknd
wynbxuuxru wynbxuuxru
bswhowadhl bswhowadhl
tgbmxdmvwe tgbmxdmvwe
xawkqmfmmx xawkqmfmmx
jrusiskazm jrusiskazm
pcilmgdrgc pcilmgdrgc
zivwgfcxqi zivwgfcxqi
lndsfxewdc lndsfxewdc
nwlccbonas nwlccbonas
wtlzrefwav wtlzrefwav
osdeymjeil osdeymjeil
lnicnhmajr lnicnhmajr
tvcolajnao tvcolajnao
oavtmpaqji oavtmpaqji
qpxtrjvxpe qpxtrjvxpe
seeyrseflx seeyrseflx
optviwhmbr optviwhmbr
vugkhjygfe vugkhjygfe
