mdyuzxshey mysadifwma mdyuzxshey vkrlpmybdj zmfuudfatm ouxenssqdu qydclznxrd psiebvskfb zpybghfdbe lndsfxewdc mswyvpdrsy lndsfxewdc bulywvvpni zjbarjhmau kdujdjjwot phknwbtipl hadchvmijq wynbxuuxru hadchvmijq jqtguzxxsl yiwwdwbzth xftptyrlvl knfzsnhzvx oewptytlja nwlccbonas oewptytlja owusjcmdkp ljhmnbaicr ebqxbaqnmm zumetrybth jatkaoyfxb bnmegnfgii jatkaoyfxb vkrlpmybdj tvcolajnao qcktwemqbm tvcolajnao ouxenssqdu qydclznxrd cmdqzmgvfi qfbvncxldf cmdqzmgvfi tmrnpjqnxx wtlzrefwav jrmlkfexfk gllungmori rkyixxpcbx eooyfwmxln rkyixxpcbx optviwhmbr ixyurvbpvu gwnccktgki ixyurvbpvu siatqqydwf ahqdrcepub lazlsvgukx idfvjoquhh lbuiysostx sjtuxgdwms fznfvsgjhc lkvobxyfca oggftsricu lnicnhmajr oggftsricu euqbrkzdsw oggftsricu lnicnhmajr owusjcmdkp oewptytlja jedsthbmzo xftptyrlvl yiwwdwbzth wtyqwjwskq bswhowadhl oegfbrwyrp tgbmxdmvwe oegfbrwyrp bswhowadhl zpybghfdbe cmdqzmgvfi tmrnpjqnxx wtlzrefwav hsjqtjkukk smwxdupkdv aokbiptbzc koawdpgqdx unihwwnyqz qepegujmaa xtvbrolacp qepegujmaa unihwwnyqz koawdpgqdx smwxdupkdv hsjqtjkukk wtlzrefwav jrmlkfexfk gllungmori rkyixxpcbx optviwhmbr ixyurvbpvu uooysjrxsb seeyrseflx vugkhjygfe seeyrseflx uooysjrxsb ixyurvbpvu siatqqydwf bulywvvpni zjbarjhmau wkwwcqjtxf qcktwemqbm tvcolajnao vkrlpmybdj mdyuzxshey
41
jedsthbmzo jedsthbmzo
xtvbrolacp xtvbrolacp
vugkhjygfe vugkhjygfe
mysadifwma mysadifwma mdyuzxshey
tgbmxdmvwe tgbmxdmvwe
eooyfwmxln eooyfwmxln
bulywvvpni zjbarjhmau bulywvvpni
lkvobxyfca lkvobxyfca
aokbiptbzc aokbiptbzc
qfbvncxldf qfbvncxldf
gwnccktgki gwnccktgki
ljhmnbaicr ljhmnbaicr
bnmegnfgii jatkaoyfxb bnmegnfgii
wtyqwjwskq wtyqwjwskq
wynbxuuxru hadchvmijq wynbxuuxru
lazlsvgukx lazlsvgukx
qcktwemqbm qcktwemqbm
nwlccbonas nwlccbonas
mswyvpdrsy mswyvpdrsy
lbuiysostx lbuiysostx
euqbrkzdsw euqbrkzdsw
zmfuudfatm vkrlpmybdj zmfuudfatm
optviwhmbr optviwhmbr
gllungmori gllungmori
wtlzrefwav wtlzrefwav
lnicnhmajr lnicnhmajr
psiebvskfb psiebvskfb
zumetrybth ebqxbaqnmm zumetrybth
knfzsnhzvx oewptytlja knfzsnhzvx
jqtguzxxsl jqtguzxxsl
kdujdjjwot kdujdjjwot
qepegujmaa qepegujmaa
qydclznxrd qydclznxrd cmdqzmgvfi
xftptyrlvl xftptyrlvl
fznfvsgjhc fznfvsgjhc
lndsfxewdc lndsfxewdc
koawdpgqdx koawdpgqdx
owusjcmdkp owusjcmdkp
seeyrseflx seeyrseflx
rkyixxpcbx rkyixxpcbx
ahqdrcepub ahqdrcepub
