0 3 0 110 94 54 74 134 139 44 105 99 104 179 124 180 64 189 182 181 182 180 69 159 149 144 195 135 138 135 52 135 120 47 183 180 95 55 25 27 65 30 32 58 55 145 148 145 35 37 36 37 35 39 2 13 10 100 15 17 16 17 113 110 57 56 57 110 20 160 114 154 184 169 82 108 102 101 77 186 42 41 42 186 132 141 142 141 72 185 187 185 35 38 35 190 192 190 125 128 117 166 117 168 117 116 77 115 118 27 65 68 65 67 123 67 66 12 11 12 196 197 195 85 87 95 97 95 40 43 40 75 78 75 150 152 151 122 120 90 92 91 92 90 170 172 170 130 133 130 132 131 132 130 25 28 25 135 137 136 137 160 162 161 162 160 0
97
134 134 79
11 11
131 131
91 91
36 36
41 41
181 181
116 116
161 161
56 56
97 97
16 16
28 28
123 123
118 118
58 58
43 43
68 68
136 136
78 78
87 87
142 142
183 183
122 122
3 3
13 13
108 108
113 113
133 133
38 38
128 128 125
197 197
148 148
101 101
172 172
152 152
168 168
192 192
15 15
72 72 129
187 187
166 166
66 66
138 138
52 52
37 37
132 132
94 94
182 182
32 32
99 99
20 20
179 179
27 27
92 92
144 144
17 17
55 55
184 184
120 120
186 186
2 2
102 102
141 141
12 12
82 82
154 154
44 44
160 160
30 30
180 180
149 149
145 145
57 57
114 114
54 54
189 189
195 195
124 124
104 104
64 64
139 139
25 25
65 65
47 47
100 100
95 95
35 35
105 105
159 159
110 110
67 67
74 74
39 39
69 69
42 42
135 135
