0 60 54 80 39 84 44 89 49 4 79 90 85 5 40 55 58 42 88 37 35 20 65 67 68 32 31 32 30 33 30 29 99 52 51 52 50 80 82 81 12 11 12 10 13 10 80 83 80 45 48 45 47 46 47 45 60 63 60 90 92 90 15 18 15 17 16 17 15 20 23 20 95 97 95 5 8 5 7 71 72 70 25 28 25 55 57 55 85 77 76 77 85 87 86 87 85 0
49
80 80
86 86
71 71
11 11
57 57
76 76
63 63
31 31
51 51
46 46
97 97
18 18
92 92
23 23
16 16
8 8
28 28
48 48
33 33
13 13
58 58
37 37
81 81
67 67
99 99
60 60
84 84
20 20
68 68
83 83
89 89
5 5
52 52
79 79
29 29 94
82 82
88 88
40 40
32 32
44 44
54 54
65 65
55 55
90 90
85 85
39 39
42 42
4 4
49 49
