loc0 loc76 loc13 loc58 loc4 loc66 loc48 loc75 loc30 loc63 loc27 loc63 loc45 loc90 loc18 loc99 loc3 loc93 loc12 loc57 loc33 loc60 loc6 loc60 loc21 loc60 loc15 loc69 loc42 loc87 loc7 loc88 loc34 loc97 loc43 loc70 loc26 loc53 loc35 loc53 loc25 loc79 loc16 loc79 loc71 loc17 loc62 loc44 loc98 loc41 loc95 loc23 loc95 loc5 loc86 loc32 loc86 loc50 loc59 loc47 loc92 loc11 loc65 loc20 loc65 loc46 loc82 loc28 loc82 loc1 loc55 loc19 loc73 loc29 loc65 loc2 loc67 loc14 loc65 loc38 loc65 loc2 loc67 loc0 loc58 loc91 loc72 loc54 loc9 loc54 loc36 loc54 loc72 loc91 loc58 loc0
41
loc4 loc4
loc19 loc19
loc44 loc8 loc44
loc42 loc24 loc42
loc47 loc47
loc36 loc36
loc38 loc38
loc16 loc16
loc23 loc23
loc43 loc43
loc21 loc21
loc2 loc2
loc29 loc29
loc27 loc27
loc46 loc46
loc34 loc34
loc5 loc5
loc26 loc26
loc7 loc7
loc12 loc12
loc9 loc9
loc14 loc14
loc11 loc11
loc25 loc25
loc15 loc15
loc33 loc33
loc1 loc1
loc50 loc50
loc30 loc30
loc20 loc20
loc17 loc17
loc3 loc3
loc13 loc13 loc22 loc40 loc49
loc32 loc32
loc18 loc18
loc41 loc41
loc6 loc6
loc48 loc31 loc39 loc48
loc28 loc10 loc28 loc37
loc35 loc35
loc45 loc45
