85 24 81 24 0 24 43 36 28 36 11 89 79 41 47 41 22 70 99 70 71 66 16 83 31 86 32 94 26 54 61 8 61 57 18 93 10 87 82 51 88 64 62 7 21 37 49 46 27 4 69 42 92 42 53 45 14 55 14 48 80 21 76 21 15 74 50 25 23 25 60 96 60 91 44 4 13 34 52 72 77 72 5 1 6 35 2 98 29 95 17 14 38 70 68 2 85
49
8 8
38 38
76 76
68 68
77 77
44 44
17 17
98 98
64 64
80 80
13 13
53 53
99 56 99
1 1
15 15
23 23
50 50
81 81
47 47
52 52
93 93
27 27
35 35
55 55
86 86
28 28
51 51
57 57
7 7
16 16
54 54
34 34
46 46
79 79
91 91
69 69
43 43
45 45
71 71
96 96
92 92
22 22
31 31
87 87
94 94
0 0
11 11
37 37
48 48
