99 176 188 175 15 175 178 36 155 36 98 152 90 110 151 52 22 52 92 52 167 154 122 48 26 199 39 199 42 107 158 81 100 81 9 81 126 49 10 49 123 116 117 116 163 69 173 69 83 69 25 84 166 84 160 120 171 120 180 23 5 21 78 21 0 162 53 37 190 16 148 121 18 43 56 43 97 137 150 137 186 85 127 60 8 135 61 54 129 28 108 106 159 131 159 164 95 24 194 40 2 112 71 192 71 146 86 181 86 168 62 73 62 80 128 161 139 12 1 19 184 19 33 108 88 196 119 157 96 132 96 157 172 157 30 113 51 113 170 138 20 138 133 124 113 64 165 23 17 16 185 45 41 45 111 7 59 113 114 23 169 104 130 104 31 82 144 55 46 27 193 142 156 70 156 75 6 34 48 102 58 149 154 35 14 4 118 107 94 107 68 16 47 2 63 85 174 85 183 139 99
97
10 10 125
112 112
59 59
90 90
174 174
130 130
41 41
68 68
114 114
122 122
119 119
17 17
47 47
183 183
34 34
75 75
12 12
151 151
83 83
168 168
111 111
4 4
15 15
20 20
35 35
150 150
73 73
117 117
172 172
184 184
63 63
94 94
160 160
8 8
25 25
39 39
98 98
165 165
33 33
92 92
124 124
181 181
9 9
24 24
55 55
56 56 66
70 70
99 99
127 127
163 163
185 185
27 27
30 30
42 42
82 82
88 88
102 102
131 131
146 146
148 148
171 171
0 0
1 1
28 28
51 51
80 80
149 149
161 161
178 178
180 180
40 40
123 123
167 167
169 169
170 170
186 186
100 100
132 132
155 155
188 188
190 190
192 192
5 5
18 18
22 22 103
26 26
53 53
126 126
142 142
158 158
164 164
166 166
61 61
97 97
106 106
173 173
78 78
