81 78 167 52 132 161 115 48 88 188 182 85 100 141 95 87 124 166 158 156 165 178 86 92 27 18 23 33 152 121 93 200 191 8 71 109 49 35 145 89 199 130 43 9 107 127 125 12 80 57 184 135 164 74 45 84 197 162 1 159 196 195 179 69 123 96 58 24 14 20 59 64 117 150 108 154 198 180 53 77 17 46 41 138 70 183 90 76 103 36 189 170 97 65 42 153 56 81
97
195 195
65 65
97 97
153 153
170 170
56 56
107 107
42 42
189 189
103 103
80 80
41 41
164 164
200 200
121 121
59 59
70 70
17 17
77 77
180 180
154 154
162 162
198 198
76 76
53 53
117 117
108 108 16
150 150
64 64
183 183
109 109
90 90
159 159
138 138
58 58
20 20
14 14
46 46
197 197
196 196
24 24
96 96
69 69
84 84
87 87
179 179
123 123
127 127
86 86
8 8
89 89
125 125
52 52
191 191
184 184
45 45
93 93
152 152
199 199
74 74
33 33
135 135
23 23
43 43
115 115
57 57
18 18
27 27
92 92
165 165
141 141
130 130
100 100
81 81
182 182
35 35
85 85
158 158
49 49
88 88
156 156
166 166
188 188
48 48
124 124
132 132
167 167 126
95 95
9 9
71 71
12 12
178 178
1 1
78 34 78
145 145
161 161
36 36
