10 50 184 185 186 50 10 21 22 23 25 1 2 3 5 7 8 34 42 38 37 36 39 43 35 32 6 41 11 12 29 15 10 50 51 52 53 54 190 192 56 57 58 59 196 198 61 62 63 64 66 67 68 69 71 72 73 74 76 77 78 79 81 82 83 84 86 87 88 89 91 92 93 94 96 97 98 99 101 102 103 104 106 108 109 111 112 50 10
81
8 8
79 79
96 96
63 63
88 88
71 71
190 190 191
104 104
83 83
92 92
67 67
51 51
59 59
74 74
99 99
112 112
101 101
5 5
25 25
53 53
86 86
81 81
69 69
94 94
57 57
77 77
61 61
15 15
72 72
89 89
91 91
184 184
58 58
82 82
76 76
97 97
64 64
52 52
196 196 197
66 66
87 87
73 73
103 103
54 54
93 93
56 56
68 68
62 62
78 78
102 102
84 84
98 98
1 1
11 11
21 21
106 106
2 2
3 3
12 12
22 22
23 23
109 109
29 29
108 107 108
32 32
111 111
37 37
42 42
39 39
186 186 187
192 192 193
198 198 199
6 6
7 7
34 34
35 35
36 36
38 38
41 41
43 43
185 185
