0 91 56 35 20 81 84 158 6 96 7 54 9 78 99 86 99 27 49 43 2 93 71 21 13 83 74 37 47 95 66 4 32 67 25 15 3 58 97 31 55 76 28 42 41 36 77 90 79 75 101 26 69 40 59 11 1 34 80 63 24 104 92 51 189 60 23 65 46 87 5 62 17 89 17 70 94 72 29 14 73 52 64 22 50 147 68 57 53 30 19 12 33 85 16 85 38 100 48 18 44 176 45 61 88 8 88 98 39 82 0
97
7 7
82 82
19 19
44 44
48 48
34 34
8 8
39 39
18 18
64 64
12 12
53 53
92 92
79 79
98 98
80 80
91 91
52 52
16 16
50 50
13 13
47 47
33 33
45 45
23 23
15 15
30 30
86 86
75 75
62 62
24 24
58 58
51 51
66 66
84 84
1 1
38 38
100 100
42 42
94 94
49 49
41 41
57 57
14 14
65 65
90 90
55 55
68 68
61 61
25 25
22 22
72 72
69 69
20 20 35
32 32
63 63
83 83
70 70
89 89
73 73
46 46
60 60
6 6
54 54
29 29
37 37
95 95
21 21
77 77
97 97
27 27
81 81
87 87
28 28
71 71
17 17
26 26
67 67
88 88
76 76
9 9
59 59
56 56
2 2
74 74
4 4
36 36
85 85
3 3
93 93
99 78 99
11 11
31 31
43 10 43
40 40
5 5
96 96
