Soda C Soda F Soda I Soda R Soda BQ Soda GF Soda GI Soda DW Soda DD Soda AA Soda AT Soda BX Soda GC Soda FR Soda DZ Soda CA Soda FU Soda FG Soda DJ Soda AJ Soda BO Soda FD Soda DQ Soda DA Soda O Soda U Soda AG Soda BT Soda GK Soda FJ Soda DU Soda X Soda AW Soda BJ Soda K Soda FX Soda FA Soda AD Soda BD Soda AZ Soda AO Soda
41
K K
AO AO
AZ AZ
BD BD
AD AD
FX FX
FA FA
X X
AW AW
BJ BJ
O O
U U
AG AG
BT BT
GK GK
FJ FJ
DU DU
AJ AJ
BO BO
FD FD
DQ DQ
DA DA
CA CA
FU FU
FG FG
DJ DJ
AA AA
AT AT
BX BX
GC GC
FR FR
DZ DZ
C C AX BU GO DO DT
F F
I I
R R
BQ BQ
GF GF
GI GI
DW DW DX
DD DD
