0 2 3 5 3 4 28 29 47 46 45 44 43 41 42 41 34 33 35 36 38 39 38 36 35 33 32 31 30 28 29 47 48 49 50 51 52 53 54 53 55 56 58 59 60 62 63 57 63 64 66 67 68 69 1 69 70 121 163 164 165 166 167 168 169 170 169 171 172 177 175 176 175 177 178 179 180 181 180 179 178 177 172 171 169 170 183 185 186 188 189 191 192 193 194 195 196 197 198 199 198 197 196 195 194 193 192 191 187 186 185 183 170 169 168 167 166 165 164 163 121 70 69 71 73 74 75 76 77 78 79 80 81 83 81 82 81 80 79 78 77 76 75 74 73 71 72 91 93 95 96 95 93 94 93 91 72 90 105 106 107 108 109 110 112 113 115 116 117 118 119 120 119 118 117 116 115 113 112 110 109 108 107 106 105 90 72 91 92 98 99 100 101 100 99 98 92 91 72 71 69 70 122 124 125 131 132 133 134 135 136 137 136 135 134 133 132 131 125 124 126 128 129 128 126 124 122 123 138 139 140 141 142 143 145 147 148 150 151 146 152 153 154 155 156 157 158 159 158 157 156 155 154 153 152 146 145 143 142 141 140 139 138 123 122 70 69 68 67 66 64 65 64 63 62 60 61 60 62 63 64 66 67 68 69 1 0 2 3 5 6 7 8 9 11 12 13 15 16 17 18 17 16 15 13 14 13 12 11 9 10 19 10 20 21 22 21 23 24 25 26 27 26 25 24 23 21 20 10 9 8 7 6 5 3 2 0
97
57 57
199 198 199
27 27
159 159
120 120
39 39
181 181
82 82
137 137
18 18
101 101
140 140
5 5
107 107
166 166
44 44
96 96
129 129
188 188
75 75
19 19
150 150
50 50
14 14
176 176
31 31
68 68
113 113
131 131
154 154
22 22
54 54
61 61
170 183 170
195 196 195
11 11
24 24
29 29
35 35
0 0
42 42
65 65
78 78
121 121
91 91
134 134
172 172
15 15
4 4
52 52
58 58
62 62
66 66
73 73
80 80
83 83
90 90
94 94
118 118
142 142
147 147
146 146
168 168
191 191
1 1
2 2
9 9
13 13
17 17
10 10
21 21
25 25
26 26
38 38
45 45
51 51
59 59
63 63
69 69
74 74
76 76
77 77
79 79
93 93
95 95
100 100
108 108
128 128
132 132
136 136
141 141
148 148
153 153
158 158
163 163
167 167
175 175
