0 30 28 27 28 26 25 23 32 20 21 20 19 18 17 85 86 83 81 80 79 78 77 76 74 75 63 62 70 64 73 64 62 58 59 58 56 54 55 54 53 51 49 48 47 46 44 42 43 42 41 40 39 37 36 35 34 33 117 116 112 115 113 114 115 112 ViksNode 128 129 130 129 128 ViksNode 107 106 102 101 104 101 100 99 100 122 121 122 123 122 100 102 105 108 105 102 101 120 97 95 94 92 14 13 16 15 14 11 9 8 7 6 5 4 3 2 5 6 9 10 9 6 5 2 1 0
41
8 8
27 27
21 20 21
18 18
25 25
78 78
108 108
80 80
35 35
94 94
121 121
86 86
53 53
130 130
106 106
30 30
113 113
13 13
3 3
47 47
10 10
70 70 71
104 104
55 55
99 99
74 74
117 117
19 19
43 42 43
56 56
37 37
73 73
123 123
59 59 60
7 7
48 48
63 63
114 114
15 15
4 4
36 36
