destitute Loomis Rio Darwin ripe papal septillion transpiration septillion creekside Hewlett swordfish Auberge Modesto Elizabethan Halstead Andersen Vega bobble Dominican Bleeker minion slowdown amateur illusion bifurcate embassy millennium choice shroud McCall mediate extractor combine MN Isfahan balustrade midget funny Gilmore Hindi connubial schedule stanza Injun jewel Auberge diligent swingy diligent tate trill fatten trill yogurt Fisk anvil encumbrance destitute
49
Darwin Darwin
fatten fatten
jewel jewel
schedule schedule
Fisk Fisk
Gilmore Gilmore
McCall McCall
swordfish swordfish
yogurt yogurt
swingy swingy
minion minion
anvil anvil
MN MN
stanza stanza
tate tate
creekside creekside
Vega Vega
Loomis Loomis
balustrade balustrade
amateur amateur
Elizabethan Elizabethan
mediate mediate
illusion illusion
shroud shroud
Modesto Modesto
ripe ripe
midget midget
trill trill
embassy embassy
extractor extractor
connubial connubial
funny funny
Andersen Andersen
Hewlett Hewlett decor
Isfahan Isfahan
Hindi Hindi
diligent diligent
papal papal
Rio Rio
bobble bobble
Auberge Auberge
transpiration transpiration
Halstead Halstead
slowdown slowdown
Dominican Dominican
Injun Injun
choice choice
septillion septillion
Bleeker Bleeker
