woebegone felony equipping felony Isfahan thoroughfare balustrade babysat funny McCall diligent numerology stanza administer trill fulsome embroil papal archive dull swingy Fisk mediate funky millennium inform secondary inform limitate PDP oriole bunch midstream noon MN exothermic MN casserole renaissance casserole MN monotonous dreadnought monotonous Durango Reilly Durango sinh Durango directory bat Winchester connubial Simon yogurt trimester Curtis illusion griddle illusion transfuse trimester deduce Tucson extrovert Andersen cowhand explosion cowhand Irvin mack Zorn December car softball anvil Sunday silage Sunday whatsoever Sunday thirteen involuntary mitre lexicon Vega lexicon choice shovel wingspread funny switchmen imperishable switchmen Gilmore simulate Stephen PDP septillion jewel Mesopotamia postscript relaxation backplate involuntary slowdown involuntary icon update bifurcate Durango Hewlett hamper sphalerite archive barnacle broil creekside Wheller creekside Amtrak swordfish Rodney Auberge Rodney Simon Goodrich Elizabethan Darwin catenate fatten coarse atom transonic atom tate felony Isfahan yearn viscous numerology Modesto shroud woebegone
97
Fisk Fisk
mack mack
choice choice
Stephen Stephen
anvil anvil
bifurcate bifurcate
Goodrich Goodrich
catenate catenate
swordfish swordfish
yearn yearn
Tucson Tucson
viscous viscous
tate tate
transonic transonic
icon icon
midstream midstream
sphalerite sphalerite
broil broil
dreadnought dreadnought
Modesto Modesto
administer administer
backplate backplate
whatsoever whatsoever
directory directory
Hewlett Hewlett
septillion septillion
Wheller Wheller
wingspread wingspread
postscript postscript
car car
slowdown slowdown
imperishable imperishable
Darwin Darwin
explosion explosion
renaissance renaissance
sinh sinh
Rodney Rodney
coarse coarse
diligent diligent
Zorn Zorn
deduce deduce
fulsome fulsome
relaxation relaxation
Gilmore Gilmore
noon noon
update update
yogurt yogurt
Vega Vega
babysat babysat
stanza stanza
funky funky
softball softball
PDP PDP
secondary secondary
Irvin Irvin
thirteen thirteen
connubial connubial
mitre mitre spill
McCall McCall
dull dull
embroil embroil
Isfahan Isfahan
transfuse transfuse
Andersen Andersen
bunch bunch
exothermic exothermic
Simon Simon
December December
silage silage
mediate mediate
shovel shovel
Reilly Reilly
barnacle barnacle
numerology numerology
papal papal
funny funny
griddle griddle illusion
bat bat
swingy swingy
Curtis Curtis
extrovert extrovert
equipping equipping
oriole oriole
simulate simulate
involuntary involuntary
Winchester Winchester
thoroughfare thoroughfare
Sunday Sunday
millennium inform millennium
monotonous monotonous
Auberge Auberge
felony felony
limitate limitate
trimester trimester
Durango Durango
archive archive
casserole casserole
