1 79 1 9 84 9 38 90 38 31 91 31 44 77 44 18 70 18 28 60 28 6 56 6 43 50 43 17 96 17 46 82 46 33 72 33 15 85 15 12 52 12 11 78 11 23 55 23 14 89 14 25 86 25 13 58 13 21 61 21 47 93 47 20 64 20 40 71 40 3 92 3 22 81 22 16 49 16 41 94 41 34 62 34 29 73 29 48 88 48 39 69 39 32 80 32 24 53 24 10 65 10 42 59 42 26 51 26 4 67 4 35 87 35 45 75 45 2 57 2 8 66 8 1
41
52 52
87 87
73 73
96 96
80 80
49 49
53 53
89 89
70 70 74 83
67 67
90 90
59 59
94 94
61 61
57 57
88 76 88
79 79
92 92
65 65
62 62
82 82
71 71
56 54 56 68 95
93 93
64 64
58 58
55 55
91 91
66 66
69 69
78 78
84 84
75 75
81 81
50 50 63
72 72
86 86
85 85
60 60
77 77
51 51
