1 49 1 128 1 9 72 9 73 9 38 61 38 111 38 31 70 31 44 102 44 114 44 18 63 18 69 18 7 107 7 120 7 28 83 28 131 28 36 110 36 130 36 30 95 30 101 30 6 119 6 126 6 37 99 37 125 37 19 53 19 98 19 27 78 27 43 64 43 136 43 17 60 17 66 17 46 54 46 33 67 33 127 33 15 85 15 103 15 12 59 12 116 12 11 65 11 23 55 23 108 23 14 75 14 105 14 25 80 25 86 25 13 79 13 109 13 21 82 21 47 113 47 20 115 20 124 20 40 87 40 117 40 3 97 3 112 3 22 71 22 94 22 16 91 16 133 16 41 106 41 137 41 34 50 34 77 34 29 96 29 129 29 5 90 5 93 5 48 58 48 68 48 39 52 39 57 39 32 135 32 24 88 24 134 24 10 76 10 132 10 42 89 42 104 42 26 100 26 121 26 4 51 4 118 4 35 84 35 92 35 45 74 45 122 45 2 62 2 81 2 8 56 8 123 8 1
89
55 55
74 74
60 60
62 62
70 70 143
135 135 139
106 106
51 51
90 90
88 88
49 49
115 115
82 82 138
83 83
89 89
50 50
91 91
85 85
76 76
80 80
96 96
97 97
113 113 141
99 99
61 61
56 56
54 54 144
87 87
52 52
79 79
65 65 142
72 72
84 84
71 71
102 102
64 64
67 67
75 75
59 59
95 95
110 110
100 100
58 58
78 78 140
63 63
119 119
107 107
53 53
57 57
66 66
68 68
69 69
73 73
77 77
81 81
86 86
92 92
93 93
94 94
98 98
101 101
103 103
104 104
105 105
108 108
109 109
111 111
112 112
114 114
116 116
117 117
118 118
120 120
121 121
122 122
123 123
124 124
125 125
126 126
127 127
128 128
129 129
130 130
131 131
132 132
133 133
134 134
136 136
137 137
