6Zg7j6t8kt ka4cgDWgq7 GSDEYlNcCM 97dvK2Az7S Dkc5CxJ6RV 97dvK2Az7S MImiDijd1o VWD9Yy5Xrg zH4Z0p0Ftj vD4d0BZ03p 8pgnfE3xKu OGWcs2X8pk NULo72dPyj I1RTFIGWhc NgxnYo41LY cqCbnI2bkr b3jUAAPOlA R0OKpbbX8l Iroa6leixY YrPP1U1r20 7cteJXIZM1 zG9cl6Gy30 KpPj50fAfy fbxiHLAsv4 79JJ9GZF8c s8EkvbOYAX 1iUrZ2N0MA ESDdDChkYw 1aPtXDhYtV wXTrLT9dUx dojrtYXceT YZKJeBb8Pe gSP0irArmo M9d0z6OccV 79JJ9GZF8c fhmE7A9rVl 0gqiqztWgj 4ViGHxfdlc MpRNDD0glq lrFRnKniRv ka4cgDWgq7 GSDEYlNcCM 4JtfcKJvHu ITqWOrk6ub I1RTFIGWhc TH1GgoG5GU vCSWEyz4PC KpPj50fAfy EZQ9HUGjRN OR78sPVsV9 4RZs4XFvF9 G05S6XZiBa 1koyFI8rlU Octagmmhko 1koyFI8rlU J6nn6V6pVr 4lUeyqYb0U NgxnYo41LY UgxUR9jKcJ Ma7DUhMrCQ pm1Yq2dCLL iyQiEnpG35 pm1Yq2dCLL uXkvSfF7Kv OpwMnuSGmp dyS1o5lQHD J6nn6V6pVr fbxiHLAsv4 rCrtLJTXdv tvKOOMQ7Sv oQb2PqTM8x N08DpqDewo oQb2PqTM8x GwtnXYfCts oRs9wR3IGE GwtnXYfCts oQb2PqTM8x Iroa6leixY YrPP1U1r20 ckEVpwA8CD YQKcyMibnc ckEVpwA8CD YrPP1U1r20 7cteJXIZM1 zG9cl6Gy30 dojrtYXceT wXTrLT9dUx 6Zg7j6t8kt
49
ckEVpwA8CD ckEVpwA8CD
G05S6XZiBa G05S6XZiBa
fhmE7A9rVl fhmE7A9rVl
Dkc5CxJ6RV Dkc5CxJ6RV
b3jUAAPOlA b3jUAAPOlA
vD4d0BZ03p vD4d0BZ03p
uXkvSfF7Kv uXkvSfF7Kv
lrFRnKniRv lrFRnKniRv
4JtfcKJvHu 4JtfcKJvHu H0NdoJawvz
EZQ9HUGjRN EZQ9HUGjRN
tvKOOMQ7Sv tvKOOMQ7Sv
ESDdDChkYw ESDdDChkYw
dojrtYXceT dojrtYXceT
TH1GgoG5GU TH1GgoG5GU
4lUeyqYb0U 4lUeyqYb0U
N08DpqDewo N08DpqDewo
7cteJXIZM1 7cteJXIZM1
oRs9wR3IGE oRs9wR3IGE
M9d0z6OccV M9d0z6OccV
UgxUR9jKcJ UgxUR9jKcJ
iyQiEnpG35 iyQiEnpG35
OGWcs2X8pk OGWcs2X8pk
VWD9Yy5Xrg VWD9Yy5Xrg
4ViGHxfdlc 4ViGHxfdlc
s8EkvbOYAX s8EkvbOYAX
fbxiHLAsv4 fbxiHLAsv4
GSDEYlNcCM GSDEYlNcCM
Octagmmhko Octagmmhko
OpwMnuSGmp OpwMnuSGmp
4RZs4XFvF9 4RZs4XFvF9
Iroa6leixY Iroa6leixY
vCSWEyz4PC vCSWEyz4PC
YZKJeBb8Pe YZKJeBb8Pe
YQKcyMibnc YQKcyMibnc
ka4cgDWgq7 ka4cgDWgq7
1aPtXDhYtV 1aPtXDhYtV
1koyFI8rlU 1koyFI8rlU
KpPj50fAfy KpPj50fAfy
0gqiqztWgj 0gqiqztWgj
NgxnYo41LY NgxnYo41LY
97dvK2Az7S 97dvK2Az7S
wXTrLT9dUx wXTrLT9dUx
MpRNDD0glq MpRNDD0glq
zH4Z0p0Ftj zH4Z0p0Ftj
8pgnfE3xKu 8pgnfE3xKu
79JJ9GZF8c 79JJ9GZF8c
cqCbnI2bkr cqCbnI2bkr
I1RTFIGWhc I1RTFIGWhc
YrPP1U1r20 YrPP1U1r20
