g3ylJsdLuC idQHxtSnxr BUMLJo6sc3 jPXsbXPNMq BUMLJo6sc3 srT70dfQEr Pz3egMzKU8 gZXiityEnU J3muHocLp9 7wS9dKOnJR 723MhcLxt0 TBzLS0OAYU nFqfAnhO3U Pijq8aHqIR qnkfLCmfDn QTNhZIciNJ 2S929yZddP YpRs8m6oyX oEdovEhrWM CUEWGmB7Gt dMOAUqH7Z3 9LabQjTqkn vUu8ijgxxf yvMowGbkvn u4LnQNaaiz 0mnwiU4XrT wRn7Oi1bcW xjSWG1YKh9 KZfI0wRW9K bsEkAY2K41 Q1N77BLmyb TSSOUimHPg 97ZNlakBoq mwzQG3SxnO IA0Uf143OT uvoepIQg9n LCKLTNE1vp uNliYB9ELN x7iq98BiN3 eV8Vk47Uma rCoEuOa7EU XW1Wn7EqpN GQ4F0g3Mdj fXy828RCG4 KUJdxKVZFO 7g0Idy1nzK 03xK87sjTf nKHFs5cKTX Oiowits7js 12ECENJIev HHHZ1vC1rP WvFZJEkTrw 5SSy593K31 33omYiVXOD oCk2Yieytb bWDewy6WbV pWVnBerIra IT4pKw3giW g2I4si69gU u4FAx2sHZm 2OsmeZV9xh u4FAx2sHZm 1TfvXd6dPZ mbSdju1TJK 1TfvXd6dPZ dC48GQHGzO RN0bCAV6rQ pk0Vh75DnH Qu2MUNKITj yU6iUY8YgO XOxGPscMMG WcyuqGYOzU oWmQcQwHPo 2eMl9AO5o8 emYRLTiyj9 LeZK9UvMT9 vnZBjkVngj M2hatQPY96 CxfzSa2YOV PcFJuErB3q FvzkpZRSj8 YAqGe4tKAP yky49wE4YG BNkM7qaRNw XlU2fx0ZPn 1KJyArncTt tubjzjzUpV 8ZKCAWlImg t25XjDwQhD 8ZKCAWlImg z9nRKYQ1ub AL20k9yp9D pKK7T4agKn TyL7NE2puV GQ4F0g3Mdj TP2TNyk7wl 2nSOTVmvxV yky49wE4YG Pv5LMSkQii yky49wE4YG WRd4lScvm6 yky49wE4YG 723MhcLxt0 1QXjsHNYao KO0qxEFqYe PY68abXYga WAi18jd2vJ S8BtTu4yH9 WAi18jd2vJ oIVQ2qkgnR s3eMpsYH00 Pijq8aHqIR lfdanPGo3c jBYJ7v19BQ qjDSEKmZMW FqFik17fFH r8njDwxc2t JD3uem81Lg oIVQ2qkgnR bhojeHeddF oIVQ2qkgnR 0hs3CNDF4L oIVQ2qkgnR h5Si5BAPN0 QTNhZIciNJ CSjLrGbUz3 xtp1B5q0W1 CSjLrGbUz3 dqqG7Zio8x 2O61j91J3T K05xB79KZo 2O61j91J3T bserQRNqfz KpxiCfRqh3 WYEDqSuNRX oVMPVsMWrZ g2I4si69gU 0wTk0mYkLH KUJdxKVZFO fXy828RCG4 uIf3wnJUdn MXIvZpEPtW 4znnlMjVra dj8JMfo3hX QrJxLpX875 dj8JMfo3hX idQHxtSnxr onlLq65Azx j98kcW9qGB aEo62SfMqH WvFZJEkTrw RUc8Sio5IX rCoEuOa7EU 8KtuAXHUy3 EG1t1o8YrR fWIjO8yhE3 KHDeTTvJC1 fWIjO8yhE3 jWGPBjgoMW MXIvZpEPtW biWuM2iRnz mok9StGG0X TSSOUimHPg BUMLJo6sc3 fecMfiAuGC BUMLJo6sc3 idQHxtSnxr g3ylJsdLuC
97
oCk2Yieytb oCk2Yieytb Tk8ERvdKxF
gZXiityEnU gZXiityEnU
03xK87sjTf 03xK87sjTf
r8njDwxc2t r8njDwxc2t
z9nRKYQ1ub z9nRKYQ1ub
CUEWGmB7Gt CUEWGmB7Gt
TP2TNyk7wl TP2TNyk7wl
onlLq65Azx onlLq65Azx
8KtuAXHUy3 8KtuAXHUy3
h5Si5BAPN0 h5Si5BAPN0
K05xB79KZo K05xB79KZo
M2hatQPY96 M2hatQPY96
wRn7Oi1bcW wRn7Oi1bcW
biWuM2iRnz biWuM2iRnz
fecMfiAuGC fecMfiAuGC
12ECENJIev 12ECENJIev
jBYJ7v19BQ jBYJ7v19BQ
WRd4lScvm6 WRd4lScvm6
x7iq98BiN3 x7iq98BiN3
1QXjsHNYao 1QXjsHNYao
KpxiCfRqh3 KpxiCfRqh3
yU6iUY8YgO yU6iUY8YgO
QrJxLpX875 QrJxLpX875
2OsmeZV9xh 2OsmeZV9xh
aEo62SfMqH aEo62SfMqH
uvoepIQg9n uvoepIQg9n
0wTk0mYkLH 0wTk0mYkLH
xtp1B5q0W1 xtp1B5q0W1 CSjLrGbUz3
0hs3CNDF4L 0hs3CNDF4L
mbSdju1TJK mbSdju1TJK
Q1N77BLmyb Q1N77BLmyb
u4LnQNaaiz u4LnQNaaiz
TyL7NE2puV TyL7NE2puV
XlU2fx0ZPn XlU2fx0ZPn
bhojeHeddF bhojeHeddF
oVMPVsMWrZ oVMPVsMWrZ
97ZNlakBoq 97ZNlakBoq
IT4pKw3giW IT4pKw3giW
4znnlMjVra 4znnlMjVra
pk0Vh75DnH pk0Vh75DnH
jPXsbXPNMq jPXsbXPNMq
emYRLTiyj9 emYRLTiyj9
YpRs8m6oyX YpRs8m6oyX
TBzLS0OAYU TBzLS0OAYU
KHDeTTvJC1 KHDeTTvJC1
FvzkpZRSj8 FvzkpZRSj8
S8BtTu4yH9 S8BtTu4yH9
s3eMpsYH00 s3eMpsYH00
t25XjDwQhD t25XjDwQhD
oWmQcQwHPo oWmQcQwHPo
XW1Wn7EqpN XW1Wn7EqpN
vUu8ijgxxf vUu8ijgxxf
fXy828RCG4 fXy828RCG4
Pv5LMSkQii Pv5LMSkQii
5SSy593K31 5SSy593K31
Pz3egMzKU8 Pz3egMzKU8
mwzQG3SxnO mwzQG3SxnO
lfdanPGo3c lfdanPGo3c
tubjzjzUpV tubjzjzUpV
LCKLTNE1vp LCKLTNE1vp
2O61j91J3T 2O61j91J3T
uIf3wnJUdn uIf3wnJUdn
JD3uem81Lg JD3uem81Lg
idQHxtSnxr idQHxtSnxr
dMOAUqH7Z3 dMOAUqH7Z3
WvFZJEkTrw WvFZJEkTrw
CxfzSa2YOV CxfzSa2YOV
LeZK9UvMT9 LeZK9UvMT9
QTNhZIciNJ QTNhZIciNJ
723MhcLxt0 723MhcLxt0
oEdovEhrWM oEdovEhrWM
0mnwiU4XrT 0mnwiU4XrT
YAqGe4tKAP YAqGe4tKAP
nKHFs5cKTX nKHFs5cKTX
bsEkAY2K41 bsEkAY2K41
Oiowits7js Oiowits7js
RN0bCAV6rQ RN0bCAV6rQ
g2I4si69gU g2I4si69gU
2S929yZddP 2S929yZddP
srT70dfQEr srT70dfQEr
bWDewy6WbV bWDewy6WbV
dj8JMfo3hX dj8JMfo3hX
yvMowGbkvn yvMowGbkvn
7g0Idy1nzK 7g0Idy1nzK
qjDSEKmZMW qjDSEKmZMW
1TfvXd6dPZ 1TfvXd6dPZ
BUMLJo6sc3 BUMLJo6sc3
WcyuqGYOzU WcyuqGYOzU
IA0Uf143OT IA0Uf143OT
GQ4F0g3Mdj GQ4F0g3Mdj
WAi18jd2vJ WAi18jd2vJ
Pijq8aHqIR Pijq8aHqIR
BNkM7qaRNw yky49wE4YG BNkM7qaRNw
u4FAx2sHZm u4FAx2sHZm
oIVQ2qkgnR oIVQ2qkgnR
KUJdxKVZFO KUJdxKVZFO
qnkfLCmfDn qnkfLCmfDn
