1 1bI 9 x 1bC B T x e 1aR 1bB E 1aG x 1bM x 1aD G e 8 7 1aI K C 1bL 1bF N 1aI 1aT 1bI 1aN I H 1bH V 1aW l 1bA x 1aF 1aC 1bK 1aQ 1aJ Q 1bG 1aA 1aY R 1aI 1aB L 1aI 1aZ 1aK 1aX 1aV x J 5 P S 1aL 1aU 1aL A 1
49
1aD 1aD
A A
S S
1aU 1aU
P P
5 5
L L
J J
1aV 1aV
1aX 1aX
1aK 1aK
1aZ 1aZ
1bG 1bG
1aY 1aY
Q Q
1aB 1aB
R R
1aA 1aA
1aQ 1aQ
1aJ 1aJ
1aC 1aC
1bK 1bK
1aF 1aF
1bA 1bA
V V
1bH 1bH
1aW 1aW
H H
1aN 1aN
I I
N N
1bF 1bF
1aT 1aT
1bL 1bL
C C
K K
8 8
7 7
G G
1bM 1bM
1bB 1bB
1aG 1aG
E E
T T
1aR 1aR
B B
1bC 1bC
9 9
1bI 1aL 1bI
