153 170 15 107 34 12 93 58 99 109 29 5 53 77 95 161 21 184 21 36 188 106 113 9 156 50 128 96 24 134 150 168 11 26 181 136 181 146 75 16 126 22 86 13 196 76 7 20 89 152 28 74 182 75 135 194 81 19 91 41 137 177 35 90 23 100 56 2 98 122 187 160 37 160 127 162 163 78 189 8 189 147 42 147 169 118 68 197 180 70 39 80 140 80 195 60 139 43 139 138 61 138 131 73 171 92 83 186 52 179 133 79 133 119 133 91 40 90 3 112 60 155 45 178 145 176 167 49 89 31 4 153
89
81 81
61 61
188 188
8 8
112 112
3 3
13 13
99 99
153 153
179 179
184 184
118 118
42 42
127 127
49 49
180 180
171 171
177 177
182 182
150 168 150
187 187
178 178
95 95
37 37
195 195
74 74
96 96
4 4
135 135 194
15 15
43 43
23 23
12 12 129
163 163
26 26 172
5 192 5
152 152
113 113
60 60 0
98 98 88
140 140
36 47 120 36
40 40
52 52
131 131
156 156
20 20
56 56
126 126
79 79
134 134
161 161
34 34
169 169
147 147
53 53
83 83
119 119
7 124 7
146 146
93 93
41 41 108
11 11
145 145
29 29
58 58
28 28
170 170
68 68
160 160
16 16
35 35
197 197
19 19
86 86
122 122
50 50
70 70
2 2
136 136
138 138
137 137
128 128
21 21
167 167
196 196
90 90
77 77
89 89
