Jennifer0 Patricia4 Jennifer0 Lorraine1 Jennifer0 Janet2 Jennifer0 Mark3 Jennifer0 Dorian5 Robert6 Manuel7 Kathleen8 Manuel7 Robert6 Dorian5 Wilma9 Gladys10 Gregory11 Gladys10 Wilma9 Charles12 John13 Charles12 Etha14 Fred19 Daniel20 Fred19 Jennifer21 Fred19 Doris22 Fred19 William23 Fred19 James24 Norma25 Christina26 Nadine27 Christina26 Norma25 James24 Jason28 Lonnie29 William30 Lonnie29 Jason28 Derick31 Mona32 Derick31 Willie33 Annie38 Robert39 Annie38 Tony40 Annie38 Gina41 Annie38 Michael42 Annie38 Tyrone43 Cindy44 John45 Mabel46 John45 Cindy44 Tyrone43 Emma47 Edna48 Dana49 Edna48 Emma47 Ruth50 Virginia51 Ruth50 Wilma52 Miriam57 Hector58 Miriam57 Robert59 Miriam57 Natalie60 Miriam57 Michael61 Miriam57 Richard62 Douglas63 Sonya64 Angela65 Sonya64 Douglas63 Richard62 Laura66 September67 Armando68 September67 Laura66 James69 Jesus70 James69 Deena71 Carolyn76 David77 Carolyn76 Robbie78 Carolyn76 Deena71 William72 David73 Richard74 David73 Steve75 David73 William72 Deena71 James69 Laura66 Richard62 Miriam57 Wilma52 David53 Ida54 James55 Ida54 Tony56 Ida54 David53 Wilma52 Ruth50 Emma47 Tyrone43 Annie38 Willie33 Ruby34 Drew35 Charles36 Drew35 Louis37 Drew35 Ruby34 Willie33 Derick31 Jason28 James24 Fred19 Etha14 Doris15 Liza16 Nannie17 Liza16 Wesley18 Liza16 Doris15 Etha14 Charles12 Wilma9 Dorian5 Jennifer0
49
Patricia4 Patricia4
Richard74 Richard74
Mabel46 Mabel46
Nadine27 Nadine27
James55 James55
Nannie17 Nannie17
Charles36 Charles36
Angela65 Angela65
William30 William30
Dana49 Dana49
Armando68 September67 Armando68
Kathleen8 Kathleen8
Gregory11 Gregory11
Daniel20 Daniel20
Robert39 Robert39
Hector58 Hector58
David77 David77
John13 John13
Mona32 Mona32
Virginia51 Virginia51
Jesus70 Jesus70
Lorraine1 Lorraine1
Janet2 Janet2
Mark3 Mark3
Robert6 Robert6
Wesley18 Wesley18
Jennifer21 Jennifer21
Doris22 Doris22
William23 William23
Norma25 Norma25
Louis37 Louis37
Tony40 Tony40
Gina41 Gina41
Michael42 Michael42
Cindy44 Cindy44
Tony56 Tony56
Robert59 Robert59
Natalie60 Natalie60
Michael61 Michael61
Douglas63 Douglas63
Steve75 Steve75
Robbie78 Robbie78
Manuel7 Manuel7
Gladys10 Gladys10
Christina26 Christina26
Lonnie29 Lonnie29
John45 John45
Edna48 Edna48
Sonya64 Sonya64
