htb26qt 59yzvtv og6n7bgq8h nm7ud hc2hf5t8 tu8xxomxhi pt2n7hl euhqqqmdpe tjwldi f92ere3 mucolb1r ay5sahonq84 ozag34bm9 9lvbrlgk k3qywmpr wqkqf 1161ildqnj piawzpgtzz9 zou7sx9w nd9xavj zjh83ae 7hz6j8 uzsjpl5f5 8m3pascg kxhc6t8tu 4w6uhigzl gd5ct4 t4iedm itrx5fucdq ht1efrhmh ilaz9q ysiw8m4l 87jxa 52a3fj2zh 9oii82xaa 4ka6l1c8w 812l47wm 9egqgrh7x4e kwtb3cg g2g6fxcwr2l yhvc7zg vl6czuab 3khitn6 x73l73jp dlkmpx s9vu9xx884 txlltgki pwqxinlzb3s hwu8dv9jgknbm 6k7du aplkk57cpzm q42s9z886w5 mw8g2qjo1 iffsi a5u8g4sej yx6dguko p9mtts 1ca2x2cnc ic2r4blmm9 ynuam4f8 art44ncra 5stwoup yr44oj2 i6lsw66h pmyqr grn3uqx9y h1gz5hzz yhp7wbv9 hq5mh8mi dt4ljfgjkizpq hq5mh8mi 6u4sf1gi ushjdkdhm9 1jhmm8m85 l8yypbh 8jea4n4ez fej54ps5j eb3m8w2lan obabms vrem3ey3kg44 pt2n7hl e7lxs 5xz8hm5sa3 y3eg7gqq6 xpxnortd 7pbkkbbpw grn3uqx9y yg6hizqty ysiw8m4l htb26qt
81
ozag34bm9 ozag34bm9
iffsi iffsi
e7lxs e7lxs
yg6hizqty yg6hizqty
9oii82xaa 9oii82xaa
7hz6j8 7hz6j8
fej54ps5j fej54ps5j hyc885fvjls
piawzpgtzz9 piawzpgtzz9
nd9xavj nd9xavj
6k7du 6k7du
txlltgki txlltgki 8gc7dka8lfy
euhqqqmdpe euhqqqmdpe
obabms obabms
yhp7wbv9 yhp7wbv9
5stwoup 5stwoup
nm7ud nm7ud
ynuam4f8 ynuam4f8
i6lsw66h i6lsw66h
g2g6fxcwr2l g2g6fxcwr2l
7pbkkbbpw 7pbkkbbpw
87jxa 87jxa
p9mtts p9mtts
pmyqr pmyqr
4ka6l1c8w 4ka6l1c8w
y3eg7gqq6 y3eg7gqq6
k3qywmpr k3qywmpr
l8yypbh l8yypbh
ushjdkdhm9 ushjdkdhm9
kwtb3cg kwtb3cg
8m3pascg 8m3pascg
q42s9z886w5 q42s9z886w5
grn3uqx9y grn3uqx9y
t4iedm t4iedm
dlkmpx dlkmpx
ic2r4blmm9 ic2r4blmm9
4w6uhigzl 4w6uhigzl
hq5mh8mi hq5mh8mi
tu8xxomxhi tu8xxomxhi
hwu8dv9jgknbm hwu8dv9jgknbm
ysiw8m4l ysiw8m4l
f92ere3 f92ere3
a5u8g4sej a5u8g4sej
zou7sx9w zou7sx9w
wqkqf wqkqf
6u4sf1gi 6u4sf1gi
1jhmm8m85 1jhmm8m85
mucolb1r mucolb1r
vrem3ey3kg44 vrem3ey3kg44
3khitn6 3khitn6
h1gz5hzz h1gz5hzz
art44ncra art44ncra 37v6d
yr44oj2 yr44oj2
1ca2x2cnc 1ca2x2cnc
8jea4n4ez 8jea4n4ez
59yzvtv 59yzvtv
yhvc7zg yhvc7zg
tjwldi tjwldi
9lvbrlgk 9lvbrlgk
itrx5fucdq itrx5fucdq
og6n7bgq8h og6n7bgq8h
812l47wm 812l47wm
pt2n7hl pt2n7hl
ht1efrhmh ht1efrhmh
gd5ct4 gd5ct4
kxhc6t8tu kxhc6t8tu
aplkk57cpzm aplkk57cpzm
mw8g2qjo1 mw8g2qjo1
9egqgrh7x4e 9egqgrh7x4e
zjh83ae zjh83ae
52a3fj2zh 52a3fj2zh
vl6czuab vl6czuab
ay5sahonq84 ay5sahonq84
uzsjpl5f5 uzsjpl5f5
dt4ljfgjkizpq dt4ljfgjkizpq
x73l73jp x73l73jp
1161ildqnj 1161ildqnj
yx6dguko yx6dguko
pwqxinlzb3s pwqxinlzb3s
s9vu9xx884 s9vu9xx884
hc2hf5t8 hc2hf5t8
ilaz9q ilaz9q
