y1ueyuwp svhmnjst1e q847myi kab7t8o7qjj xllfi9b bmicm4au quxig9xz2 95nsenz6 4cddmu86gmo f3vyq53xc 9956fi vehkyi71w jjeivv4j55 kc3zwg52 u4xzrfm7f 8eg2mee w4qoh15 eq5c5ygub 2y9obuu 6u33i 31raz5hp9v l12pu 2bwd2j rkd38ui5s4 3hlob94j5u ehy39 yida2btlrgcd2it mqt67y9n p53u2x9bku99j t9q1ztn8723 j2pso94 8erlfq ywksl5wd kch7lui7 p5kt5ib5v8 umnww3 fhrrge nnie92a 38s4jyp4eu uus7jirbe oso2xmpn1i 8cfvpx26xwcwt 7og7qr4t86 8cfvpx26xwcwt swoprer 8t9i4yy yik8cqxn2 svhmnjst1e vnsdusp svhmnjst1e y1ueyuwp
41
svhmnjst1e svhmnjst1e
eq5c5ygub eq5c5ygub
8erlfq 8erlfq
swoprer swoprer
quxig9xz2 quxig9xz2
kc3zwg52 kc3zwg52
31raz5hp9v 31raz5hp9v
xllfi9b xllfi9b
p53u2x9bku99j p53u2x9bku99j
9956fi 9956fi
4cddmu86gmo 4cddmu86gmo ywksl5wd
8eg2mee 8eg2mee
uus7jirbe uus7jirbe
fhrrge fhrrge
yida2btlrgcd2it yida2btlrgcd2it
kch7lui7 kch7lui7
2bwd2j 2bwd2j
kab7t8o7qjj kab7t8o7qjj my85gnmouy
vnsdusp vnsdusp
umnww3 umnww3
yik8cqxn2 yik8cqxn2
6u33i 6u33i
7og7qr4t86 7og7qr4t86
3hlob94j5u 3hlob94j5u
l12pu l12pu
38s4jyp4eu 38s4jyp4eu
rkd38ui5s4 rkd38ui5s4
j2pso94 j2pso94
ehy39 ehy39
mqt67y9n mqt67y9n
8cfvpx26xwcwt 8cfvpx26xwcwt
u4xzrfm7f u4xzrfm7f
q847myi q847myi
jjeivv4j55 jjeivv4j55
2y9obuu 2y9obuu
bmicm4au bmicm4au
f3vyq53xc f3vyq53xc
w4qoh15 w4qoh15
95nsenz6 95nsenz6
vehkyi71w vehkyi71w
t9q1ztn8723 t9q1ztn8723
