hC71hIuyRaST3AiaSZqg cXmjc3Wu4kjM1IHGgfA5 COVfDobG5VcfcSxLDUch YygsiZkXDS9oQ07w4psX iS3QMNvYa0RbuZKbJowP OAcbYkMyAi1Iu0vWaaFc 5doygtE58PVlrfBbaaxD ZUt08qPkISJA3VT4fdsK VkEnPX1CQCoh4CxlXSlf kITtdSORrLGuHqAl2YGb EEWjQ3rZ3GM9oucA2vc5 oq1GulTWdKtwAlNIQxnY 2dfprAgHp3T6RrgooKgP nnG2z19YXqYOoAxMQkFV 72cxNTZ1Tw5teVGiR2xj nnG2z19YXqYOoAxMQkFV Mi1upMhcgP7iV16OWKN5 NXZByMrsstrrXRLxVcyg gZiMcGUkLd8qaWleLH1T NXZByMrsstrrXRLxVcyg qsbRHSDlSHG3Ep5gugbq 3MmCPAjYheu6g9TkIxDm 1wSeohNTb1oCspxe2x4j 4MuL6AbQo2ozZ4x7psrd EfhuR5UGBxqkoqdQBn2E fzCA3w8Mu664WC0yRZb5 EfhuR5UGBxqkoqdQBn2E 6jnt0RQvUBeXBhrLOwzh EnQuMk7pVZUnmn2BboBv QHOT9LWV0s6xVVreglDh EnQuMk7pVZUnmn2BboBv g6Fit1BcwBIbAAJnBKGn OBEPyJuvhH0Z9VoT2UNC g6Fit1BcwBIbAAJnBKGn 1Oc2bGjHzXrMLiYLik5Z ElLrRzuv43VPHSxgF9aR xtgYSd34f56WAH3CCBpW PFAHK1LPbENiUm01N8B0 g5fwwkfUKem4JdibLkXM 7DZfG4yobV0xCcSaxf27 vXrEXAmThLoQVXFImZcg b9q1t3OMZ6dXE5R6ca5w tb41LamjPxrSZBTCVL4N IC3wlDskAWyf0o1M61kl tb41LamjPxrSZBTCVL4N D3gODzQIzHZRe5A487BX Tgouk8HApNFShyYjQedR sCcEFmBkhTop4sycKzuM Tgouk8HApNFShyYjQedR Dv6lwBgjbbZceuQXFzFf Tgouk8HApNFShyYjQedR Mufarp9xGx29xj0P1ijS lVjpvSHc5hBrS7dzTmI1 iuuWW5781KuHBsKkyWMa qmJjxb5ffqkJdxtR9mHb QYsTJmc2IUi36H1YK47s 2QgUKFj4HV0dn5Ia55tj IWOalMs6IXX5Ln6F9Eov LI8fhHKJlh7mQx1nNK0m 2TderjwrXrNV2UBZ77eD Z2YJKymsE6JEohxl2CgC nOsoIFzZBhdd6bjP45Ba xTqag3TRSmD8TI7ozU6T ivvO5yUvAxjOjLiwMPV4 qyWH5Ui5kFJGpXM7i2RZ P6PcaiimLTne6w5m7SJi ymIUUgCvgB7r5le0Mh11 Ca5sYccbD9TUz7JLHrcf Wf6tYlitgmZKoXfughsS UQEmoPmHSH2FlTDuXOEx btiXecpJBKmrIHtQ7jPA 4wWd3kvalFkda9M583i7 zbsjvfwSdNExCnTFLo8x TrUW9m3qjkTMvqHNRot0 c2cBpUI19bqo5IjxQzNs 2YL9dYowMkTTxjU0fVal nmwnnNlPCMIjajSEo2R3 63EFNMvLteBrV7Lj9nA4 dsEyS8WvuzfBZPrbbzZx RDnAjQbgrCahBSBieO1p 6KcltWtleWJ6izN3XL0F wqyhoOJuJuNfuZ1c9ZhU EqrhH8oFQmMRN10foGjV 8IUV6HBSYn47shRwVW5F JuSdCG8HSUzwufkmRvTN RNtZ6m1O9hQj2ovJiJE3 1uTE034Q24DWmybWBbX4 8w6JkwNghwwfzVWZlMG6 OLGSBuAPLZmdhTN6ApoS KqTw626stjcdChciHrJ6 WgneGAZv4qtDq8Q5DYZf NWAZrSnr0i1Dj5TA6dLc fuNQ8Sfy86k6zaBQjwEz 24YcTAlCtPoNC11H3BAQ jLS4UljOCe6h8LwAOGRX CMQ0OeWc1jOFVxmSr3hH kuIwHVHn49UEM4TprHKr OLGSBuAPLZmdhTN6ApoS 1ae7bJScGomdGEdgag5b DmIjX4adnoqSEDmx2f39 fxnnXXAtldMGBgqECnVx FE29I03FH1qEyEvIQNGT PqB0lgs9Brze4wJGQzAM mkGdh9qd7uj9x5W3Koxj oakCd1HozhO35GtImcF2 yXrak2UUHdgFCsCWvgfp RSJQdRAK7H6zYHVeXyPj oakCd1HozhO35GtImcF2 C5aQkckiWq5qVUhbiI57 R22TNV5lr1tmI44FcHvv W5rNQea9NsCafaUbLgWC rW1b1NT9NaRlIIxoT8XF jGNThQH3U9Qqi91Eop7X 61VEe5QpRdEG1AHTZmSn jGNThQH3U9Qqi91Eop7X aGWdv30UuUFiszMErlJF NjrNYv2s9TjuFmdhy6vq eULKHiriYHElwEbrQo2X x81SdeDfzbsk8wgCHcJT 468JV90VoJDfHRf7bwGC NqvNOj5h3GSbJm5NawjL ddzqPXECnHQT4a4RIpSF rW1b1NT9NaRlIIxoT8XF bw0K7NVh1sgqlnescYkX nP45x6vSjSYCI8DDOBiZ laRDyozSdXcFtmdQ5VqD k3PQRnKD222tnpAYeJ4O eULKHiriYHElwEbrQo2X CgUyoeVDFzkf0g6EiF8w RP9IQz70eEvTJVIHw5Lv l5OFQGDhW1xJJ8ERuglz zbsjvfwSdNExCnTFLo8x v0QCMKnmfkXllH4nQHen YygsiZkXDS9oQ07w4psX kITtdSORrLGuHqAl2YGb ivvO5yUvAxjOjLiwMPV4 yMXdJdorJpzOHHt9uIfg gZCyL2MJze1aowodommu t9sTQNaMU9o2HF5pm7xT x74MQe7pEH17MLQqDD8H z0rRwRZbA1TaaAgS8PYu hC71hIuyRaST3AiaSZqg
97
fuNQ8Sfy86k6zaBQjwEz fuNQ8Sfy86k6zaBQjwEz
Ca5sYccbD9TUz7JLHrcf Ca5sYccbD9TUz7JLHrcf
bw0K7NVh1sgqlnescYkX bw0K7NVh1sgqlnescYkX
Dv6lwBgjbbZceuQXFzFf Dv6lwBgjbbZceuQXFzFf
x81SdeDfzbsk8wgCHcJT x81SdeDfzbsk8wgCHcJT
R22TNV5lr1tmI44FcHvv R22TNV5lr1tmI44FcHvv
mkGdh9qd7uj9x5W3Koxj mkGdh9qd7uj9x5W3Koxj
yMXdJdorJpzOHHt9uIfg yMXdJdorJpzOHHt9uIfg
z0rRwRZbA1TaaAgS8PYu z0rRwRZbA1TaaAgS8PYu
ddzqPXECnHQT4a4RIpSF ddzqPXECnHQT4a4RIpSF
DmIjX4adnoqSEDmx2f39 DmIjX4adnoqSEDmx2f39
IWOalMs6IXX5Ln6F9Eov IWOalMs6IXX5Ln6F9Eov
COVfDobG5VcfcSxLDUch COVfDobG5VcfcSxLDUch
l5OFQGDhW1xJJ8ERuglz l5OFQGDhW1xJJ8ERuglz
v0QCMKnmfkXllH4nQHen v0QCMKnmfkXllH4nQHen
qyWH5Ui5kFJGpXM7i2RZ qyWH5Ui5kFJGpXM7i2RZ
6KcltWtleWJ6izN3XL0F 6KcltWtleWJ6izN3XL0F
2YL9dYowMkTTxjU0fVal 2YL9dYowMkTTxjU0fVal
7DZfG4yobV0xCcSaxf27 7DZfG4yobV0xCcSaxf27
btiXecpJBKmrIHtQ7jPA btiXecpJBKmrIHtQ7jPA
W5rNQea9NsCafaUbLgWC W5rNQea9NsCafaUbLgWC
yXrak2UUHdgFCsCWvgfp yXrak2UUHdgFCsCWvgfp
EqrhH8oFQmMRN10foGjV EqrhH8oFQmMRN10foGjV
lVjpvSHc5hBrS7dzTmI1 lVjpvSHc5hBrS7dzTmI1
72cxNTZ1Tw5teVGiR2xj 72cxNTZ1Tw5teVGiR2xj
laRDyozSdXcFtmdQ5VqD laRDyozSdXcFtmdQ5VqD
zbsjvfwSdNExCnTFLo8x zbsjvfwSdNExCnTFLo8x
NqvNOj5h3GSbJm5NawjL NqvNOj5h3GSbJm5NawjL
3MmCPAjYheu6g9TkIxDm 3MmCPAjYheu6g9TkIxDm
KqTw626stjcdChciHrJ6 KqTw626stjcdChciHrJ6
dsEyS8WvuzfBZPrbbzZx dsEyS8WvuzfBZPrbbzZx
FE29I03FH1qEyEvIQNGT FE29I03FH1qEyEvIQNGT
nOsoIFzZBhdd6bjP45Ba nOsoIFzZBhdd6bjP45Ba
oq1GulTWdKtwAlNIQxnY oq1GulTWdKtwAlNIQxnY
61VEe5QpRdEG1AHTZmSn 61VEe5QpRdEG1AHTZmSn
CgUyoeVDFzkf0g6EiF8w CgUyoeVDFzkf0g6EiF8w
kuIwHVHn49UEM4TprHKr kuIwHVHn49UEM4TprHKr
1ae7bJScGomdGEdgag5b 1ae7bJScGomdGEdgag5b
t9sTQNaMU9o2HF5pm7xT t9sTQNaMU9o2HF5pm7xT
1uTE034Q24DWmybWBbX4 1uTE034Q24DWmybWBbX4
eULKHiriYHElwEbrQo2X eULKHiriYHElwEbrQo2X
aGWdv30UuUFiszMErlJF aGWdv30UuUFiszMErlJF
QYsTJmc2IUi36H1YK47s QYsTJmc2IUi36H1YK47s
ymIUUgCvgB7r5le0Mh11 ymIUUgCvgB7r5le0Mh11
wqyhoOJuJuNfuZ1c9ZhU wqyhoOJuJuNfuZ1c9ZhU
WgneGAZv4qtDq8Q5DYZf WgneGAZv4qtDq8Q5DYZf
Z2YJKymsE6JEohxl2CgC Z2YJKymsE6JEohxl2CgC
OAcbYkMyAi1Iu0vWaaFc OAcbYkMyAi1Iu0vWaaFc
IC3wlDskAWyf0o1M61kl IC3wlDskAWyf0o1M61kl
nmwnnNlPCMIjajSEo2R3 nmwnnNlPCMIjajSEo2R3
UQEmoPmHSH2FlTDuXOEx UQEmoPmHSH2FlTDuXOEx
1Oc2bGjHzXrMLiYLik5Z 1Oc2bGjHzXrMLiYLik5Z
1wSeohNTb1oCspxe2x4j 1wSeohNTb1oCspxe2x4j
jLS4UljOCe6h8LwAOGRX jLS4UljOCe6h8LwAOGRX
TrUW9m3qjkTMvqHNRot0 TrUW9m3qjkTMvqHNRot0
4wWd3kvalFkda9M583i7 4wWd3kvalFkda9M583i7
JuSdCG8HSUzwufkmRvTN JuSdCG8HSUzwufkmRvTN
EEWjQ3rZ3GM9oucA2vc5 EEWjQ3rZ3GM9oucA2vc5
fzCA3w8Mu664WC0yRZb5 fzCA3w8Mu664WC0yRZb5
gZiMcGUkLd8qaWleLH1T NXZByMrsstrrXRLxVcyg gZiMcGUkLd8qaWleLH1T
RSJQdRAK7H6zYHVeXyPj RSJQdRAK7H6zYHVeXyPj
rW1b1NT9NaRlIIxoT8XF rW1b1NT9NaRlIIxoT8XF
PFAHK1LPbENiUm01N8B0 PFAHK1LPbENiUm01N8B0
sCcEFmBkhTop4sycKzuM sCcEFmBkhTop4sycKzuM
VkEnPX1CQCoh4CxlXSlf VkEnPX1CQCoh4CxlXSlf
RDnAjQbgrCahBSBieO1p RDnAjQbgrCahBSBieO1p
cXmjc3Wu4kjM1IHGgfA5 cXmjc3Wu4kjM1IHGgfA5
C5aQkckiWq5qVUhbiI57 C5aQkckiWq5qVUhbiI57
QHOT9LWV0s6xVVreglDh QHOT9LWV0s6xVVreglDh
YygsiZkXDS9oQ07w4psX YygsiZkXDS9oQ07w4psX
OBEPyJuvhH0Z9VoT2UNC OBEPyJuvhH0Z9VoT2UNC g6Fit1BcwBIbAAJnBKGn
P6PcaiimLTne6w5m7SJi P6PcaiimLTne6w5m7SJi
OLGSBuAPLZmdhTN6ApoS OLGSBuAPLZmdhTN6ApoS
RNtZ6m1O9hQj2ovJiJE3 RNtZ6m1O9hQj2ovJiJE3
468JV90VoJDfHRf7bwGC 468JV90VoJDfHRf7bwGC
nnG2z19YXqYOoAxMQkFV nnG2z19YXqYOoAxMQkFV
63EFNMvLteBrV7Lj9nA4 63EFNMvLteBrV7Lj9nA4
vXrEXAmThLoQVXFImZcg b9q1t3OMZ6dXE5R6ca5w vXrEXAmThLoQVXFImZcg
Mufarp9xGx29xj0P1ijS Mufarp9xGx29xj0P1ijS
4MuL6AbQo2ozZ4x7psrd 4MuL6AbQo2ozZ4x7psrd
24YcTAlCtPoNC11H3BAQ 24YcTAlCtPoNC11H3BAQ
Wf6tYlitgmZKoXfughsS Wf6tYlitgmZKoXfughsS
5doygtE58PVlrfBbaaxD 5doygtE58PVlrfBbaaxD
6jnt0RQvUBeXBhrLOwzh 6jnt0RQvUBeXBhrLOwzh
Mi1upMhcgP7iV16OWKN5 Mi1upMhcgP7iV16OWKN5
2TderjwrXrNV2UBZ77eD 2TderjwrXrNV2UBZ77eD
LI8fhHKJlh7mQx1nNK0m LI8fhHKJlh7mQx1nNK0m
2QgUKFj4HV0dn5Ia55tj 2QgUKFj4HV0dn5Ia55tj
xtgYSd34f56WAH3CCBpW xtgYSd34f56WAH3CCBpW
g5fwwkfUKem4JdibLkXM g5fwwkfUKem4JdibLkXM
8IUV6HBSYn47shRwVW5F 8IUV6HBSYn47shRwVW5F
qsbRHSDlSHG3Ep5gugbq qsbRHSDlSHG3Ep5gugbq
8w6JkwNghwwfzVWZlMG6 8w6JkwNghwwfzVWZlMG6
oakCd1HozhO35GtImcF2 oakCd1HozhO35GtImcF2
2dfprAgHp3T6RrgooKgP 2dfprAgHp3T6RrgooKgP
Tgouk8HApNFShyYjQedR Tgouk8HApNFShyYjQedR
NWAZrSnr0i1Dj5TA6dLc NWAZrSnr0i1Dj5TA6dLc
