M2S9flVUcYP2sJdh8LXf H59EihDjhfpS7ToXFM3L X9TJsvmT50zYeG0q6XSG Bc6dudheE3WGLxP0iDdK X9TJsvmT50zYeG0q6XSG 93aDiM8K0XhtiVcCVKi2 tuE7UekaxGUib4idWtYa sH3pvLOfMUrEGUrmsHCu PZrpdQAa8H8tkrajh08J 48nWZMVqWDxfH9uMf2U3 Pqf0Sn4UvsBLaxz7WO4n EtrZREkmL456viQQJ9Rb S8uMGvUglWyhnfV5Wzdp dKH5OdpmJKCU83bbXVxZ Kfu1pc3YPMGebW7Iu8ex dKH5OdpmJKCU83bbXVxZ 0uvEfLgT4s8ImTk9VWBt zD7ErBenXxsG4D9b5TEV lxlEsWbbqG2dcyvjsLTA v0QJIKD4q7sFXrzFSb6J 8KfYYXeMqM0D4nShLOzi 4bQwji0D4wyEDLd54MWv 9GrchmlNCDIapQ9OnEYh 9Jr76N4fnNot7SNYqBKG tUowOUG1V7iCXBCMR0AT yHMPX8vHctuUweyLluyz 5gumrx48u1yPpF6ivPOI vxiwkV1b5fV2sGCBFsRQ zdtRVpQ9lVyEhNj9Evpp dOKaHsIcDX32wPXAX2Gt uy6RcQAYd3ATM1Icq3my LxEzX08MG9T8knIYbul0 LNMZej67uy0Whvqp5OR1 Dc1wEVV3kuOZotG6pNlL k7k4sHxeh1pR4sOjcVuj i2zuTkgDKtYA8Q9KejMN Dt5YfbjQq6VoKnyw6Zav m1IYiQsUBuvvpTv7yWXO fmFrd4vggNac5TkiFJAd Z8MZ2JfftjeVVnGFSOQe PbYOO88SokShsv7XrgBm W4IxjYZtRN88GGSV9Uoc Jjat3uJ5XboI9kZe0522 L8bxdxuDa5issn2PiN3u tVhIJJgs0kEFaQx1hdWm cdaizmjQrCe5Vnwy3JQF vodEvdIApqt0N3TZsbxN MtQDjkLToWj4d53MMhKG nbZglhhmYQAPQz4eETaj MtQDjkLToWj4d53MMhKG pNXWB5geApaSjbsCCT4J Dc1wEVV3kuOZotG6pNlL Eu0wGcDBBrgvePzHfqrS ECCnzlgsMEvTYjNwAlfM NMTjl1jsvrb7y2ggdCSc XmlH4l2BXG35TF70bZqZ wpBgd82GxlO3hr1i0lHL Z0DuoZMcx6oyDPWFznMK 5jhNGHh0Et1Lidy4vCpq yZPIHwySFuIdRJCMzjnz lOEjyrMvpa6QONpUJC0R gZVNRDm5p6aX5QEEX8UG 7TbbztQ90wmMzxjLFXzq oWxP87H6AXwFzF0dpB9d jgcWqrcniA4q9WNs9xkc 9Jr76N4fnNot7SNYqBKG M2S9flVUcYP2sJdh8LXf
49
H59EihDjhfpS7ToXFM3L H59EihDjhfpS7ToXFM3L
vxiwkV1b5fV2sGCBFsRQ vxiwkV1b5fV2sGCBFsRQ
yZPIHwySFuIdRJCMzjnz yZPIHwySFuIdRJCMzjnz
Kfu1pc3YPMGebW7Iu8ex Kfu1pc3YPMGebW7Iu8ex
NMTjl1jsvrb7y2ggdCSc NMTjl1jsvrb7y2ggdCSc
Eu0wGcDBBrgvePzHfqrS Eu0wGcDBBrgvePzHfqrS
9GrchmlNCDIapQ9OnEYh 9GrchmlNCDIapQ9OnEYh
pNXWB5geApaSjbsCCT4J pNXWB5geApaSjbsCCT4J
PZrpdQAa8H8tkrajh08J PZrpdQAa8H8tkrajh08J
Z0DuoZMcx6oyDPWFznMK Z0DuoZMcx6oyDPWFznMK
vodEvdIApqt0N3TZsbxN vodEvdIApqt0N3TZsbxN
fmFrd4vggNac5TkiFJAd fmFrd4vggNac5TkiFJAd
zD7ErBenXxsG4D9b5TEV zD7ErBenXxsG4D9b5TEV
LxEzX08MG9T8knIYbul0 LxEzX08MG9T8knIYbul0
jgcWqrcniA4q9WNs9xkc jgcWqrcniA4q9WNs9xkc
W4IxjYZtRN88GGSV9Uoc W4IxjYZtRN88GGSV9Uoc
Pqf0Sn4UvsBLaxz7WO4n Pqf0Sn4UvsBLaxz7WO4n
tVhIJJgs0kEFaQx1hdWm tVhIJJgs0kEFaQx1hdWm
gZVNRDm5p6aX5QEEX8UG gZVNRDm5p6aX5QEEX8UG
S8uMGvUglWyhnfV5Wzdp S8uMGvUglWyhnfV5Wzdp
k7k4sHxeh1pR4sOjcVuj k7k4sHxeh1pR4sOjcVuj
m1IYiQsUBuvvpTv7yWXO m1IYiQsUBuvvpTv7yWXO
tUowOUG1V7iCXBCMR0AT tUowOUG1V7iCXBCMR0AT
zdtRVpQ9lVyEhNj9Evpp zdtRVpQ9lVyEhNj9Evpp
Dt5YfbjQq6VoKnyw6Zav Dt5YfbjQq6VoKnyw6Zav
ECCnzlgsMEvTYjNwAlfM ECCnzlgsMEvTYjNwAlfM
sH3pvLOfMUrEGUrmsHCu sH3pvLOfMUrEGUrmsHCu
oWxP87H6AXwFzF0dpB9d oWxP87H6AXwFzF0dpB9d
L8bxdxuDa5issn2PiN3u L8bxdxuDa5issn2PiN3u Jjat3uJ5XboI9kZe0522
0uvEfLgT4s8ImTk9VWBt 0uvEfLgT4s8ImTk9VWBt
Bc6dudheE3WGLxP0iDdK Bc6dudheE3WGLxP0iDdK
Z8MZ2JfftjeVVnGFSOQe Z8MZ2JfftjeVVnGFSOQe
LNMZej67uy0Whvqp5OR1 LNMZej67uy0Whvqp5OR1
yHMPX8vHctuUweyLluyz yHMPX8vHctuUweyLluyz
dOKaHsIcDX32wPXAX2Gt dOKaHsIcDX32wPXAX2Gt
48nWZMVqWDxfH9uMf2U3 48nWZMVqWDxfH9uMf2U3
nbZglhhmYQAPQz4eETaj nbZglhhmYQAPQz4eETaj
cdaizmjQrCe5Vnwy3JQF cdaizmjQrCe5Vnwy3JQF
M2S9flVUcYP2sJdh8LXf M2S9flVUcYP2sJdh8LXf
v0QJIKD4q7sFXrzFSb6J v0QJIKD4q7sFXrzFSb6J
9Jr76N4fnNot7SNYqBKG 9Jr76N4fnNot7SNYqBKG
XmlH4l2BXG35TF70bZqZ XmlH4l2BXG35TF70bZqZ
4bQwji0D4wyEDLd54MWv 4bQwji0D4wyEDLd54MWv
EtrZREkmL456viQQJ9Rb EtrZREkmL456viQQJ9Rb
uy6RcQAYd3ATM1Icq3my uy6RcQAYd3ATM1Icq3my
93aDiM8K0XhtiVcCVKi2 93aDiM8K0XhtiVcCVKi2
dKH5OdpmJKCU83bbXVxZ dKH5OdpmJKCU83bbXVxZ
8KfYYXeMqM0D4nShLOzi 8KfYYXeMqM0D4nShLOzi
5gumrx48u1yPpF6ivPOI 5gumrx48u1yPpF6ivPOI
