Chattanooga Cleveland SanAntonio Memphis Wichita Fayetteville Aurora Orange Henderson Toledo Bakersfield BatonRouge Detroit Vancouver Austin Plano Fresno GrandRapids Fresno Worcester CorpusChristi ElPaso Knoxville Berkeley Springfield Spokane Oxnard Tacoma Huntsville Fremont Honolulu Peoria Corona Lubbock Corona FortWorth Roseville MorenoValley Anaheim ChulaVista Akron Hayward SantaClarita Hayward Raleigh Norfolk Irvine Syracuse Irvine OklahomaCity Lincoln Madison Joliet SanBernardino Boise Sunnyvale SanDiego Phoenix Indianapolis Riverside Scottsdale Tempe Scottsdale OverlandPark Surprise Anchorage Midland Anchorage Surprise Stockton Richmond SaltLakeCity Savannah FortLauderdale NewportNews DesMoines Cincinnati LongBeach GrandPrairie LongBeach Waco Albuquerque LosAngeles Albuquerque Orlando PembrokePines Salem Boston Brownsville Jackson HuntingtonBeach Alexandria NewportNews Minneapolis KansasCity Frisco Orange Aurora Lexington Baltimore Aurora Orange Macon LittleRock CapeCoral Oceanside Fontana OklahomaCity SantaAna Killeen Jacksonville SanJose Denton Gilbert Tallahassee Buffalo Pomona Garland Naperville Chicago Atlanta Toledo GardenGrove Salinas Murfreesboro Charlotte Murfreesboro ElkGrove McAllen Newark RanchoCucamonga SantaClarita NewYork Yonkers Durham Roseville SaintPaul Washington Chandler PortStLucie Miramar Honolulu SanFrancisco Honolulu Peoria Corona Lubbock Louisville Omaha LongBeach Cincinnati Paterson JerseyCity Portland Glendale Portland JerseyCity Mobile Olathe PembrokePines Salem Ontario TianamenSquare CorpusChristi ElPaso Chattanooga
89
LittleRock LittleRock Shreveport
Naperville Naperville
Springfield Springfield
Ontario Ontario
Charlotte Charlotte
Paterson Paterson
Olathe Olathe
Glendale Glendale
Brownsville Brownsville
Louisville Louisville
Durham Durham
Washington Washington
Denton Denton
SanFrancisco SanFrancisco
Richmond Richmond
Pomona Pomona
McAllen McAllen
PortStLucie PortStLucie
NewYork NewYork
SantaAna SantaAna
Midland Midland
Toledo Toledo
KansasCity KansasCity
Newark Newark
Oxnard Oxnard
Baltimore Baltimore
DesMoines DesMoines
SanJose SanJose
Worcester Worcester
SanAntonio SanAntonio
Tallahassee Tallahassee
SanDiego SanDiego
Knoxville Knoxville
Waco Waco
Jacksonville Jacksonville
Tempe Tempe
Raleigh Raleigh
FortWorth FortWorth
Oceanside Oceanside
Salem Salem
Alexandria Alexandria
Wichita Wichita
Orlando Orlando
Honolulu Honolulu
Vancouver Vancouver
ChulaVista ChulaVista
GrandPrairie GrandPrairie
Boise SanBernardino Boise
Yonkers Yonkers
Boston Boston
GardenGrove GardenGrove
Savannah FortLauderdale Savannah
Syracuse Syracuse
Fontana Fontana
ElPaso ElPaso
Joliet Joliet Madison
Buffalo Buffalo
Lexington Lexington
SantaClarita SantaClarita
Spokane Spokane
Lubbock Corona Lubbock
Orange Orange Frisco
Chicago Chicago
Surprise Surprise
Phoenix Phoenix
Henderson Henderson
Berkeley Berkeley
SaintPaul SaintPaul
GrandRapids GrandRapids
Cleveland Cleveland
Fayetteville Aurora Fayetteville
Cincinnati Cincinnati
Bakersfield Bakersfield BatonRouge
Jackson Jackson
Memphis Memphis
Austin Austin
Riverside Riverside Scottsdale Indianapolis
Plano Plano
Murfreesboro Murfreesboro
Irvine Irvine
NewportNews NewportNews
Akron Hayward Akron
Lincoln Lincoln
Tacoma Tacoma
CapeCoral CapeCoral
LosAngeles LosAngeles
Anaheim Anaheim
Fremont Fremont
Anchorage Anchorage
