SaintPaul SanJose SanDiego ChulaVista Cincinnati ChulaVista Baltimore LongBeach FortWorth BatonRouge Albuquerque FortWayne OklahomaCity Hialeah Glendale Columbus Milwaukee StPetersburg Henderson StPetersburg Lubbock Honolulu Memphis Durham WinstonSalem Oakland Atlanta Toledo JerseyCity Laredo JerseyCity Lexington Fresno Spokane Fresno Plano LosAngeles ElPaso Austin SanAntonio Newark Scottsdale Dallas Tucson Detroit Denver JerseyCity Lincoln Minneapolis Bakersfield Minneapolis SanDiego Tampa Houston Stockton SanFrancisco Madison Omaha Aurora Omaha Miami KansasCity NewOrleans Chandler Plano Fresno Chesapeake Fresno Cleveland Anchorage FortWayne Albuquerque Baltimore Mesa Indianapolis Mesa Pittsburgh Philadelphia Tucson Raleigh Tucson Detroit Denver Irvine SaintPaul
41
Denver Denver
Indianapolis Indianapolis
Houston Houston
Anchorage Anchorage
WinstonSalem WinstonSalem
Bakersfield Bakersfield
Madison Madison
Pittsburgh Pittsburgh
Henderson Henderson StPetersburg
Chandler Chandler
Raleigh Raleigh
Atlanta Atlanta
Aurora Aurora
Lexington Lexington
Newark Newark Scottsdale
LongBeach LongBeach
Tampa Tampa
Glendale Glendale Columbus
Memphis Memphis
SanAntonio SanAntonio
Chesapeake Chesapeake
SanJose SanDiego SanJose
Laredo Laredo
Lincoln Lincoln
NewOrleans NewOrleans
Stockton Stockton
Durham Durham SantaAna Phoenix
Tucson Tucson
FortWayne FortWayne
ElPaso Plano ElPaso
Lubbock Lubbock
Dallas Dallas
Spokane Spokane
Milwaukee Milwaukee
Cincinnati Charlotte Cincinnati
FortWorth FortWorth
Honolulu Honolulu
OklahomaCity Hialeah OklahomaCity
JerseyCity JerseyCity
Baltimore Baltimore
Austin Austin
