Hernandezville Joelview Downsville Richardhaven Tammychester Rebeccaton Tammychester Richardhaven Downsville Williammouth Haasville Williammouth Downsville Joelview Mitchellchester Sheabury Maysfort Huynhton Maysfort Sheabury Mitchellchester Lopezmouth Heathermouth Emilymouth Heathermouth Lopezview Robertsfort Lopezview Heathermouth Lopezmouth Dixonton Keithton Aprilstad Keithton Andrewland Keithton Dixonton Francesmouth Richardville Francesmouth Dixonton Lopezmouth Mitchellchester Joelview Farmerside Gabriellabury Murphyberg Hendersonchester Murphyberg Gabriellabury Courtneyfurt Morrisbury Courtneyfurt Contrerasland Courtneyfurt Gabriellabury Farmerside Ryanton Williamsmouth Johnstonmouth Williamsmouth Mcdonaldmouth Adkinsfurt Mcdonaldmouth Williamsmouth Ryanton Farmerside Ralphtown Stricklandbury Tylermouth Deanstad Tylermouth Stricklandbury Ralphtown Garciaport Charlesburgh Angelaview Charlesburgh Garciaport Ralphtown Farmerside Joelview Hernandezville Beckyshire Ponceville Mcculloughchester Crystalchester Smithmouth Robertborough Smithmouth Crystalchester Mcculloughchester Jonestown Kellyfort Tinatown Kellyfort Pittsland Kellyfort Jonestown Barbarachester Jonesberg Barbarachester Jonestown Mcculloughchester Ponceville Bridgesville Riveramouth Bradshawside Wandaside Bradshawside Riveramouth Martinton Brianland Martinton Deborahfort Martinton Riveramouth Bridgesville Dennisstad Wilsonburgh Josephton Wilsonburgh Harristown Wilsonburgh Dennisstad Bridgesville Esparzaberg Thomasburgh Sanchezland Thomasburgh Johnsonmouth Thomasburgh Esparzaberg Kristinbury Allenberg Kristinbury Esparzaberg Bridgesville Ponceville Garymouth Camposstad Donaldstad Thomastown Donaldstad Camposstad Williamsville Camposstad Garymouth Christophertown Crystaltown Johnsontown Crystaltown Christophertown Garymouth Ponceville Beckyshire Derekton Thomaschester Mcfarlandville Belindamouth Mcfarlandville Thomaschester Derekton Wallaceville Morenoside Johnport Morenoside Amberfurt Morenoside Wallaceville Derekton Beckyshire Hernandezville
49
Allenberg Allenberg
Angelaview Angelaview
Richardville Richardville
Rebeccaton Rebeccaton
Adkinsfurt Adkinsfurt
Amberfurt Amberfurt
Pittsland Pittsland
Johnsontown Johnsontown
Contrerasland Contrerasland
Huynhton Huynhton
Robertsfort Robertsfort
Deanstad Deanstad
Deborahfort Deborahfort
Belindamouth Belindamouth
Thomastown Thomastown
Robertborough Robertborough
Harristown Harristown
Haasville Haasville
Wandaside Wandaside
Andrewland Andrewland
Hendersonchester Hendersonchester
Jonesberg Barbarachester Jonesberg
Johnstonmouth Johnstonmouth
Johnsonmouth Johnsonmouth
Williamsville Williamsville
Emilymouth Emilymouth
Morrisbury Morrisbury
Johnport Johnport
Brianland Brianland
Aprilstad Aprilstad
Josephton Josephton
Tinatown Tinatown
Sanchezland Sanchezland
Mcdonaldmouth Mcdonaldmouth
Charlesburgh Charlesburgh
Tammychester Tammychester
Bradshawside Bradshawside
Crystaltown Crystaltown
Martinton Martinton
Francesmouth Francesmouth
Donaldstad Donaldstad
Tylermouth Tylermouth
Wilsonburgh Wilsonburgh
Lopezview Lopezview
Keithton Keithton
Kellyfort Kellyfort
Thomasburgh Thomasburgh
Kristinbury Kristinbury
Smithmouth Smithmouth
