Porterton Wallton Davisstad Newmanburgh Gallowaymouth Rioshaven Josephstad Rioshaven Gallowaymouth Newmanburgh Davisstad Leechester Pettyton Bondmouth Mercedesmouth Bondmouth Taylorton Bondmouth Pettyton Jonesfurt Pettyton Leechester Castanedachester Suttonville Castanedachester Leechester Davisstad Jacksonton Singletonton Clarkbury Jermaineton Clarkbury Singletonton Jacksonton Davisstad Wallton Derekmouth Geraldside Michellehaven Ramosborough Fordhaven Ramosborough Michellehaven Cranemouth Joneschester Cranemouth Michellehaven Geraldside Joseport Hallborough Kylieview Hallborough Joseport Gabrielburgh Hodgesstad Gabrielburgh Joseport Geraldside Derekmouth Charlesberg Weberbury Clarkport Weberbury Kimberlyburgh Candiceland Kimberlyburgh Weberbury Charlesberg Sethland Tannerhaven Sethland Ellisstad Osbornemouth Ellisstad Sethland Charlesberg Kevinberg Adamside Andrewschester Adamside Bradberg Adamside Kevinberg Patriciabury Troyfort Patriciabury Thomasmouth Patriciabury Kevinberg Charlesberg Derekmouth Jeffreyfort Johnsonchester Susanfort Johnsonchester Nealfurt Johnsonchester Jeffreyfort Garytown Audreyfort Patriciaside Audreyfort Garytown Jeffreyfort Derekmouth Wallton Danielleport Scottburgh Laurenbury Haleview Hallstad Haleview Laurenbury Scottburgh Danielleport Melissaview Cheyennefurt Thompsonshire Cheyennefurt Watsonville Christyland Watsonville Robertomouth Watsonville Cheyennefurt Melissaview Campbellhaven Annberg Houstonchester Annberg Dyerport Annberg Campbellhaven Melissaview Danielleport Cooperton Lopezborough Waltersmouth Adamport Waltersmouth Adkinsberg Waltersmouth Lopezborough Cooperton Danielleport Wallton Porterton Dianashire Burgessview Williamfort Moodyburgh Gregoryberg Smithfort Millerborough Smithfort Gregoryberg Moodyburgh Heatherberg Thomasborough Masseyside Thomasborough Ortegaberg Thomasborough Heatherberg Moodyburgh Williamfort Williamport Ashleystad Holthaven Vickiville Holthaven Ashleystad Codyton Ryanside Codyton Mindyview Codyton Ashleystad Williamport Williamfort Thomasville Lopezburgh Leahmouth Lopezburgh Byrdfurt Garciamouth Byrdfurt Loweryborough Byrdfurt Lopezburgh Thomasville Williamfort Burgessview Marcusburgh Matthewburgh Bondfort Shawnmouth Buckleyside Shawnmouth Priceville Shawnmouth Bondfort Adamview Harrisborough Adamview Bondfort Matthewburgh Virginiastad Robinsonmouth Horneside Robinsonmouth Virginiastad Johnsonberg Virginiastad Matthewburgh Marcusburgh Fletcherland Willisfurt Ortizberg Willisfurt Fletcherland Kingview Williamschester Mirandaview Williamschester Kingview Fletcherland Marcusburgh Tylerbury Paultown Hansonbury Paultown Tylerbury Jamestown Wilsonstad Jamestown Tylerbury Marcusburgh Burgessview Billton Banksburgh Simmonsburgh Michaelville Williamland Michaelville Simmonsburgh Banksburgh Yvonneborough Parkermouth Shawnfort Parkermouth Yvonneborough Banksburgh Billton Burgessview Dianashire Ashleyborough Clarkberg Reevestown Judithview Michaelview Clarenceview Michaelview Judithview Reevestown Clarkberg Burtonview Murphyside Bakertown Derekville Bakertown Jameston Bakertown Murphyside Burtonview Clarkberg Ashleyborough Paulburgh Robertsstad Toddtown Swansonshire Abigailhaven Swansonshire Toddtown Robertsstad Paulburgh Walltown Johnberg Williamshire Johnberg Walltown Scotttown Jacksonview Danielville Jacksonview Scotttown Walltown Callahantown Maryport Combsville Maryport Reynoldsview Maryport Callahantown Walltown Paulburgh Ashleyborough Osborneville Christophermouth Shawnhaven Dannyside Shawnhaven Candaceborough Shawnhaven Christophermouth Osborneville Payneview Barnesmouth Clarkborough Barnesmouth Harrisport Brendaview Harrisport Barnesmouth Payneview Teresafort Smithtown Abigailville Smithtown Jacksonland Smithtown Teresafort Calvinton Teresafort Payneview Jacksonville Christopherhaven Jacksonville Jennifertown Feliciaville Jennifertown Jacksonville Payneview Osborneville Ashleyborough Dianashire Porterton
97
Mirandaview Mirandaview
Bradberg Bradberg
Danielville Danielville
Jermaineton Jermaineton
Robertomouth Robertomouth
Feliciaville Feliciaville
Jameston Jameston
Loweryborough Loweryborough
Williamland Williamland
Taylorton Taylorton
Mindyview Mindyview
Adkinsberg Adkinsberg
Patriciaside Patriciaside
Hallstad Hallstad
Abigailhaven Abigailhaven
Ortegaberg Ortegaberg
Horneside Horneside
Josephstad Josephstad
Kylieview Kylieview
Dyerport Dyerport
Wilsonstad Wilsonstad
Clarenceview Clarenceview
Osbornemouth Osbornemouth
Candaceborough Candaceborough
Reynoldsview Reynoldsview
Priceville Priceville
Brendaview Brendaview
Jacksonland Jacksonland
Millerborough Millerborough
Fordhaven Fordhaven
Shawnfort Shawnfort
Candiceland Candiceland
Williamshire Williamshire
Suttonville Suttonville
Nealfurt Nealfurt
Thomasmouth Thomasmouth
Ortizberg Ortizberg
Vickiville Vickiville
Harrisborough Harrisborough
Joneschester Joneschester
Hodgesstad Hodgesstad
Hansonbury Hansonbury
Thompsonshire Thompsonshire
Leahmouth Leahmouth
Tannerhaven Tannerhaven
Johnsonberg Johnsonberg
Clarkborough Clarkborough
Christopherhaven Christopherhaven
Jonesfurt Jonesfurt
Clarkport Clarkport
Calvinton Calvinton
Buckleyside Buckleyside
Derekville Derekville
Mercedesmouth Mercedesmouth
Masseyside Masseyside
Adamport Adamport
Christyland Christyland
Andrewschester Andrewschester
Houstonchester Houstonchester
Ryanside Ryanside
Dannyside Dannyside
Susanfort Susanfort
Combsville Combsville Maryport
Abigailville Abigailville
Troyfort Troyfort Patriciabury
Garciamouth Byrdfurt Garciamouth
Robinsonmouth Robinsonmouth
Ramosborough Ramosborough
Haleview Haleview
Smithfort Smithfort
Rioshaven Rioshaven
Hallborough Hallborough
Bakertown Bakertown
Michaelville Michaelville
Bondmouth Bondmouth
Clarkbury Clarkbury
Ellisstad Ellisstad
Jacksonview Jacksonview
Cranemouth Cranemouth
Swansonshire Swansonshire
Shawnmouth Shawnmouth
Thomasborough Thomasborough
Audreyfort Audreyfort
Adamview Adamview
Harrisport Harrisport
Annberg Annberg
Parkermouth Parkermouth
Watsonville Watsonville
Smithtown Smithtown
Kimberlyburgh Kimberlyburgh
Adamside Adamside
Michaelview Michaelview
Jennifertown Jennifertown
Holthaven Holthaven
Gabrielburgh Gabrielburgh
Williamschester Williamschester
Codyton Codyton
