A0 C1 A1 A7 A2 A8 F4 A6 B1 A4 C2 A3 B5 A9 I9 C0 A5 B4 C5 B0 B2 B3 B6 B7 C3 B9 C6 D2 C4 C9 B8 D4 D3 C7 D7 C8 D5 D0 D9 D1 D6 E0 E1 D8 E5 E6 E9 E2 E7 F1 E8 F7 E3 F6 F3 F8 F2 F5 F9 E4 G1 G2 G0 G3 G9 F0 G8 H0 I0 G4 G6 G7 G5 H2 H1 H4 H5 I2 H7 I1 H6 H9 I6 H3 I3 H8 I7 J3 J0 J2 J4 I4 I5 I8 J5 J1 J7 J6 A0
97
A7 A7 K0
A5 A5 J8 J9
B1 B1
C2 C2
F4 F4
B0 B0
C1 C1
I9 I9
A1 A1
A2 A2
A3 A3
A4 A4
A6 A6
A8 A8
A9 A9
B2 B2
B3 B3
B4 B4
B5 B5
B6 B6
B7 B7
B8 B8
B9 B9
C0 C0
C3 C3
C4 C4
C5 C5
C6 C6
C7 C7
C8 C8
C9 C9
D0 D0
D1 D1
D2 D2
D3 D3
D4 D4
D5 D5
D6 D6
D7 D7
D8 D8
D9 D9
E0 E0
E1 E1
E2 E2
E3 E3
E4 E4
E5 E5
E6 E6
E7 E7
E8 E8
E9 E9
F0 F0
F1 F1
F2 F2
F3 F3
F5 F5
F6 F6
F7 F7
F8 F8
F9 F9
G0 G0
G1 G1
G2 G2
G3 G3
G4 G4
G5 G5
G6 G6
G7 G7
G8 G8
G9 G9
H0 H0
H1 H1
H2 H2
H3 H3
H4 H4
H5 H5
H6 H6
H7 H7
H8 H8
H9 H9
I0 I0
I1 I1
I2 I2
I3 I3
I4 I4
I5 I5
I6 I6
I7 I7
I8 I8
J0 J0
J1 J1
J2 J2
J3 J3
J4 J4
J5 J5
J6 J6
J7 J7
