0 23 88 64 50 34 57 4 60 54 49 15 76 84 85 44 134 62 12 5 75 28 61 194 72 30 8 17 79 26 98 91 98 77 36 78 14 56 67 39 94 71 10 70 16 22 51 13 47 142 42 19 128 83 40 52 6 24 46 63 139 48 7 59 97 31 2 11 18 87 95 3 80 21 93 177 89 29 82 92 99 27 96 1 58 69 43 74 41 32 55 90 53 20 81 68 140 86 66 38 185 45 35 37 73 25 0
97
6 6
25 25
55 55
69 69
71 71
27 27
37 37
20 20
66 66
73 73
49 49
77 77
63 63
18 18
13 13
30 30
16 16
38 38
82 82
93 93
14 14
35 35
2 2
86 86
39 39
58 58
41 41
45 45
23 23
97 97
7 7
57 57
96 96
47 47
11 11
74 74
3 3
99 99
29 29
76 76
85 85
53 53
91 91
94 94
43 43
72 72
17 17
40 40
46 46
56 56
75 75
19 19
32 32
62 62
36 36
68 68
70 70
21 21
22 22
89 89
64 64
84 84
90 90
92 92
26 26
42 42
54 54
1 1
31 31
78 78
95 95
10 10
28 28
51 51
52 9 52
59 59
60 60
67 67
81 81
98 65 98
44 44
61 61
8 8
15 15 33
34 34
48 48
80 80
88 88
5 5
79 79
24 24
0 0
83 83
87 87
12 12
4 4
50 50
