K BH FS BH K B CA GD CA EN FD BJ DV BF GL DP BX EU AW GR EO DE EV EG AG GG C DR FX FU EH DN EZ AB DZ FM BG CM AS R GN M BL EL DG U DC EB AN DS DH GA Y EQ CE FP GF CT GI DB BI FG AU FR GK CJ BR FH CK CW BB L EE ED GC AF BD X CY FN BQ BZ CQ GJ P EC FE FV AP BO FJ BP EM EA EM DX I AX BA G DF CB FZ DD FI GO Z DK DI AJ DT EK FO T EK GE FI V BY CF AM EJ K
97
R R
EA EA
T T
L L
FV FV
CQ CQ
B B
DK DK
I I
DR DR
Z Z
CY CY
CT CT
FI FI
DS DS
GR GR
CK CK
P P FJ
BL BL
BY BE BY
CF CF
GE GE
FM FM
EJ EJ
EU EU
GK GK
X X
CB CB
AF AF
AJ AJ
EL EL
BJ BJ
BO BO
CE CE
FG FG
AB AB
AX AX
AG AG
AS AS
GD GD
U U
GI GI
DX DX
V V
FE FE
FS FS
BR BR
BG BG
Y Y
EV EV
BQ BQ
GC GC
FZ FZ
AW AH AW
CM CM
BP BP
GL GL
BI BI
EH EH
BX BX
G G
GF GF
GO GO
FO FO
CW CW
DC DC
DI DI
FR FR
EZ EZ
FP FP
EN EN
FH FH
EO EO
M M
DG DG
EG EG
AM AM
EK EK
EC EC
BA BA
DB DB
DP DP
EQ EQ
EM EM
AN AN
DV DV
FU FU
GG GG
DH DH
BB BB
DZ DZ
CJ CJ
BF BF
GJ GJ
ED ED
FD FD
FX FX
