89 12 127 4 111 128 199 100 87 61 122 102 143 114 70 192 179 190 39 149 145 33 121 25 73 133 194 141 79 36 173 86 94 38 81 41 37 124 59 110 104 188 21 197 142 172 5 169 78 27 48 9 97 193 109 11 83 144 160 148 13 82 65 147 16 118 1 58 146 85 132 195 125 3 64 31 6 140 96 32 98 196 189 51 156 56 86 29 130 112 183 69 99 44 155 178 80 88 23 128 151 45 135 18 107 187 12 191 75 89
97
86 86
183 183
191 191
107 107
88 88
75 75
44 44
187 187
135 135
146 146
195 195
23 23
178 178
18 18
1 1
112 112
51 51
147 147
69 69
160 160
32 32
9 9
80 80
124 124
140 140
13 13
155 155
193 193
199 199
96 96
98 98
83 83
16 16
130 130
114 114
151 151
58 58
25 25
197 197
3 3 136
6 6
109 109
12 12
189 189
5 5
85 85
141 141
65 65
149 149
4 4
41 41
29 29
99 99
132 132
144 144
97 97
125 125
179 179
11 11
78 78
36 36
128 128
156 156
56 56
121 121
122 122
21 21
64 64
100 100
37 37
118 118
148 148
79 79
94 94
192 192
111 111 49
190 190
188 188
27 27
59 59
31 31
73 73
81 81
127 127
169 101 169
33 33
102 102
82 82
39 39
133 133
172 172
48 48
70 70
61 61
38 38
194 194
173 173
