fmdhlepsteinstdnkill epsteindlsfdntmkillh dnkillepsteinlshdtfm epsteinkillmsftnddlh epsteinskilldlndhmtf fdshnmkillepsteinltd fddsepsteinhnlkilltm ddtmkillepsteinflsnh hepsteinsddnfkillmlt nkilltdhlmdepsteinsf lndsdkilltmepsteinhf hsndepsteindlmtkillf tlmsdhdnkillfepstein lsdepsteinfmkillndth tlmsdhdnkillfepstein fmsepsteindntldhkill nepsteinlmdkilldhfts ntlepsteindmfdshkill killmlepsteindthnfsd fepsteinhsntddkilllm dhkilllsepsteinmntdf killepsteinlhtfdsmdn epsteinlshkilldnfdmt flepsteindndhmtkills killdmnsfhldepsteint epsteintdkilllnfdhms fshtdepsteinmldnkill dmdepsteinnhkilllsft hnsdkilllftdmepstein epsteinfsddmthkillnl tlsfdmdepsteinnhkill fhndskillepsteintldm lhsepsteindtdnmkillf lnsmkilltfdepsteindh stepsteinhkillfmnldd fkillepsteindlhdnsmt nltdmsfepsteinkilldh hnfdtmlepsteinkillds msfltdkillnepsteinhd dfkilllmtepsteinhdsn nfdhkilllsmtepsteind dfkilllmtepsteinhdsn tdfepsteinnlhdkillsm epsteinmhndfkilltdls hsdlepsteinmnkilldft ndkillftdsmepsteinlh lmhdtfdepsteinnkills lhepsteinkilldtnmfsd tmsdnfdlkillhepstein mftkillepsteinndlhsd tmsdnfdlkillhepstein hdepsteinskillldtnfm hnfdtmlepsteinkillds nhslfmepsteindtkilld hsdfepsteintlnkilldm nhslfmepsteindtkilld hnfdtmlepsteinkillds epsteindfhlmdnskillt dlnsthfmepsteinkilld epsteinfthlnmddkills nhmkilllsftepsteindd ddepsteinhltfkillsmn nmlfshtdkillepsteind depsteinnlsfmhtkilld hmfnddkillepsteinslt tmlepsteinsdnfkillhd hmfnddkillepsteinslt hnsdkilllftdmepstein epsteinfsddmthkillnl dhepsteindsnlkillfmt epsteinfsddmthkillnl hnsdkilllftdmepstein dnkillepsteinlshdtfm epsteindlsfdntmkillh fmdhlepsteinstdnkill
41
epsteinkillmsftnddlh epsteinkillmsftnddlh dmepsteinfnhltkillsd nltdmsfepsteinkilldh
dhepsteindsnlkillfmt dhepsteindsnlkillfmt
dlnsthfmepsteinkilld dlnsthfmepsteinkilld
epsteintdkilllnfdhms epsteintdkilllnfdhms
killmlepsteindthnfsd killmlepsteindthnfsd
tmlepsteinsdnfkillhd tmlepsteinsdnfkillhd
dfkilllmtepsteinhdsn dfkilllmtepsteinhdsn
nkilltdhlmdepsteinsf nkilltdhlmdepsteinsf
lmhdtfdepsteinnkills lmhdtfdepsteinnkills
tlsfdmdepsteinnhkill tlsfdmdepsteinnhkill
hsndepsteindlmtkillf hsndepsteindlmtkillf
lnsmkilltfdepsteindh lnsmkilltfdepsteindh
hsdfepsteintlnkilldm hsdfepsteintlnkilldm
nhmkilllsftepsteindd nhmkilllsftepsteindd
depsteinnlsfmhtkilld depsteinnlsfmhtkilld
hdepsteinskillldtnfm hdepsteinskillldtnfm
lhepsteinkilldtnmfsd lhepsteinkilldtnmfsd
fdshnmkillepsteinltd fdshnmkillepsteinltd killnsfmhdepsteindtl
ndkillftdsmepsteinlh ndkillftdsmepsteinlh
epsteinlshkilldnfdmt epsteinlshkilldnfdmt
fmsepsteindntldhkill fmsepsteindntldhkill
msfltdkillnepsteinhd msfltdkillnepsteinhd
epsteinmhndfkilltdls epsteinmhndfkilltdls
fshtdepsteinmldnkill fshtdepsteinmldnkill
fepsteinhsntddkilllm fepsteinhsntddkilllm ddlmnftepsteinhskill
epsteindfhlmdnskillt epsteindfhlmdnskillt
fhndskillepsteintldm fhndskillepsteintldm
nepsteinlmdkilldhfts nepsteinlmdkilldhfts
mftkillepsteinndlhsd mftkillepsteinndlhsd
epsteindlsfdntmkillh epsteindlsfdntmkillh dnkillepsteinlshdtfm
stepsteinhkillfmnldd stepsteinhkillfmnldd
ddtmkillepsteinflsnh ddtmkillepsteinflsnh hepsteinsddnfkillmlt
lndsdkilltmepsteinhf lndsdkilltmepsteinhf
hnsdkilllftdmepstein hnsdkilllftdmepstein
hnfdtmlepsteinkillds hnfdtmlepsteinkillds
epsteinskilldlndhmtf epsteinskilldlndhmtf
killdmnsfhldepsteint killdmnsfhldepsteint flepsteindndhmtkills
dhkilllsepsteinmntdf killepsteinlhtfdsmdn dhkilllsepsteinmntdf
lsdepsteinfmkillndth lsdepsteinfmkillndth tlmsdhdnkillfepstein
nfdhkilllsmtepsteind nfdhkilllsmtepsteind
ntlepsteindmfdshkill ntlepsteindmfdshkill
