dldkilltnmhfepsteins msddkilllthepsteinfn dlfdkilltepsteinhnms fhnmkillepsteinsdltd depsteinftndhmkillsl tldkillhsfnmepsteind depsteinlfnmkilldsht tsmdepsteinkillhfdln lkilldtnmsepsteindfh dhmkillfdltnsepstein mhdskillldftnepstein killtdslhfdepsteinnm shfnmltepsteindkilld killdldepsteinmfsthn epsteinfthkilldnslmd ntmdhepsteinsdkillfl fddsmepsteintnkillhl dhsepsteintlkillmfnd epsteinhdkillltsmfdn mkilldlshdtfepsteinn epsteinhnkillsldfdmt nmdhepsteinkilltfsld hsepsteinfkillnmddtl epsteindmshtfldnkill hmndfkillslepsteintd dkillldfepsteintsmnh dlshdtepsteinnkillfm tdnfmdhepsteinslkill epsteintfhndkilllmsd tdkillepsteinsmhdfnl sdndhepsteinltkillfm killmdshdtnflepstein fdskillndtmepsteinlh killmdshdtnflepstein fthlkillnepsteindsdm thnkillmddsepsteinfl fthlkillnepsteindsdm killfhdndtlepsteinsm lepsteindnhstfdmkill nftmskilldldepsteinh mdkillnlsdtepsteinhf lhsntdepsteindkillmf lmkillepsteintsndfhd hepsteinntdkillsdmfl depsteintkilllnmsfdh hepsteinntdkillsdmfl nfltdmkillsdepsteinh killhtdmdlnsfepstein hmdkilllnepsteinfsdt lsmftnepsteinkillhdd dflstmkillepsteindhn killdepsteinmfltdshn tsdnhkilllmepsteindf tdfkillslepsteinhdmn sldhnfmtdkillepstein tepsteinhsdkillmldfn shepsteinnkillftlddm msepsteintlhnfkilldd mdkillntepsteindfhsl tndskilldfepsteinmhl dkillnmsfhtlepsteind ndkillthdepsteinlsmf lkillfthdsepsteindnm hnddkilltslmfepstein thdlskillnfdmepstein dmtlsfhnkilldepstein dnldkillhmfstepstein killthsepsteindmlfdn depsteinslkillhdftmn killmfndshdtepsteinl mfndlsdepsteinhkillt fdmtdepsteinkilllsnh mdkilllfdnstepsteinh fkillepsteinndmdlhts dtsmdnlhfepsteinkill epsteinsnmflhtdkilld mhkillepsteinddlfsnt hdntepsteinkilllsdfm dkillnmhldstfepstein fsepsteindkillhmtdln epsteinlmkillfshnddt fsepsteindkillhmtdln skillthlfndepsteindm mkillthfdlnepsteinds killfsdndhtmepsteinl hnsepsteinmkillfddtl dhtepsteinkillsdflmn killepsteinfdlhdtnms skillmfepsteinthddnl dkillnmhldstfepstein epsteinshlkilldmnfdt dfdepsteintlnskillhm ldepsteindhkilltsmfn mfndlsdepsteinhkillt dsftepsteindhkillmnl sdlhfnmdepsteintkill dsftepsteindhkillmnl hlfdskilldnepsteintm dfkilllepsteinsnmhtd sdndhepsteinltkillfm fhdmnepsteindkillslt fmtnkilldepsteindhsl mkillldnhepsteinstfd fmtnkilldepsteindhsl killtdslhfdepsteinnm slepsteinkillfmddhtn depsteinlfnmkilldsht lhepsteintndkilldsmf depsteinlfnmkilldsht tsmdepsteinkillhfdln killfthnmsdlepsteind killtepsteinddhlmnsf ltfnsdhepsteinkilldm killtdmsdfhnepsteinl dhkillldsepsteintnmf epsteinfsltkillnhddm fmltddhnepsteinskill epsteinfsltkillnhddm killhdfnsepsteinmltd fdmtdepsteinkilllsnh epsteinldtnfmshdkill lepsteindsmnhftdkill hnddkilltslmfepstein thdlskillnfdmepstein lepsteinkilldhfmstnd thdlskillnfdmepstein hnddkilltslmfepstein lkillfthdsepsteindnm nsepsteinfmdkillhldt hnskillepsteintfdmld nsepsteinfmdkillhldt lkillfthdsepsteindnm dtnkillsepsteinmdfhl lkillfthdsepsteindnm dmldfhskillntepstein mfndlsdepsteinhkillt fdmtdepsteinkilllsnh mdkilllfdnstepsteinh lkillepsteintdshmfnd hdmndfepsteinstkilll nepsteindhkillltmsfd sndldftmkillepsteinh dhkillldsepsteintnmf depsteinftndhmkillsl hepsteinnfdmlsdtkill depsteinftndhmkillsl epsteindkilltlmnhsfd depsteinftndhmkillsl fthlkillnepsteindsdm hepsteinnfmtlkilldds ldfsmnepsteinkilltdh mndtkillepsteindlfhs dftkillhmldnepsteins ndshkilldmlepsteinft shfnmltepsteindkilld killtdslhfdepsteinnm mhdskillldftnepstein nmkilldepsteinhtldsf ltfnsdhepsteinkilldm tepsteinmdfldhnskill ltfnsdhepsteinkilldm dkillfepsteinnhdmtls depsteinlfnmkilldsht tldkillhsfnmepsteind msddkilllthepsteinfn dldkilltnmhfepsteins
97
tsmdepsteinkillhfdln tsmdepsteinkillhfdln
tepsteinmdfldhnskill tepsteinmdfldhnskill
nepsteindhkillltmsfd nepsteindhkillltmsfd
ldfsmnepsteinkilltdh ldfsmnepsteinkilltdh
tdfkillslepsteinhdmn tdfkillslepsteinhdmn
dmldfhskillntepstein dmldfhskillntepstein
mndtkillepsteindlfhs mndtkillepsteindlfhs
mdkillnlsdtepsteinhf mdkillnlsdtepsteinhf
ndshkilldmlepsteinft ndshkilldmlepsteinft
dhtepsteinkillsdflmn dhtepsteinkillsdflmn
dtnkillsepsteinmdfhl dtnkillsepsteinmdfhl
skillthlfndepsteindm skillthlfndepsteindm
lkillepsteintdshmfnd lkillepsteintdshmfnd
nmdhepsteinkilltfsld nmdhepsteinkilltfsld
ldepsteindhkilltsmfn ldepsteindhkilltsmfn
lepsteinkilldhfmstnd lepsteinkilldhfmstnd
hnskillepsteintfdmld hnskillepsteintfdmld
sdlhfnmdepsteintkill sdlhfnmdepsteintkill
epsteindkilltlmnhsfd epsteindkilltlmnhsfd
epsteinldtnfmshdkill epsteinldtnfmshdkill
hmndfkillslepsteintd hmndfkillslepsteintd
hepsteinnfdmlsdtkill hepsteinnfdmlsdtkill
fmltddhnepsteinskill fmltddhnepsteinskill
epsteinsnmflhtdkilld epsteinsnmflhtdkilld
mkillldnhepsteinstfd mkillldnhepsteinstfd
dkillnmsfhtlepsteind dkillnmsfhtlepsteind
lepsteindnhstfdmkill lepsteindnhstfdmkill
hmdkilllnepsteinfsdt hmdkilllnepsteinfsdt
depsteintkilllnmsfdh depsteintkilllnmsfdh
killtepsteinddhlmnsf killtepsteinddhlmnsf
depsteinslkillhdftmn depsteinslkillhdftmn
ntmdhepsteinsdkillfl ntmdhepsteinsdkillfl
skillmfepsteinthddnl skillmfepsteinthddnl
sndldftmkillepsteinh sndldftmkillepsteinh
dlfdkilltepsteinhnms dlfdkilltepsteinhnms
epsteinhdkillltsmfdn epsteinhdkillltsmfdn
dflstmkillepsteindhn dflstmkillepsteindhn
killtdmsdfhnepsteinl killtdmsdfhnepsteinl
killhdfnsepsteinmltd killhdfnsepsteinmltd
slepsteinkillfmddhtn slepsteinkillfmddhtn
ndkillthdepsteinlsmf ndkillthdepsteinlsmf
lhepsteintndkilldsmf lhepsteintndkilldsmf
fhdmnepsteindkillslt fhdmnepsteindkillslt
dlshdtepsteinnkillfm dlshdtepsteinnkillfm
dmtlsfhnkilldepstein dmtlsfhnkilldepstein
lhsntdepsteindkillmf lhsntdepsteindkillmf
tepsteinhsdkillmldfn tepsteinhsdkillmldfn
mhdskillldftnepstein mhdskillldftnepstein
tsdnhkilllmepsteindf tsdnhkilllmepsteindf
mhkillepsteinddlfsnt mhkillepsteinddlfsnt
hnsepsteinmkillfddtl hnsepsteinmkillfddtl
ltfnsdhepsteinkilldm ltfnsdhepsteinkilldm
dnldkillhmfstepstein dnldkillhmfstepstein
thnkillmddsepsteinfl thnkillmddsepsteinfl
hsepsteinfkillnmddtl hsepsteinfkillnmddtl
epsteinlmkillfshnddt epsteinlmkillfshnddt
fdskillndtmepsteinlh fdskillndtmepsteinlh
tdkillepsteinsmhdfnl tdkillepsteinsmhdfnl
dfkilllepsteinsnmhtd dfkilllepsteinsnmhtd
fmtnkilldepsteindhsl fmtnkilldepsteindhsl
mdkillntepsteindfhsl mdkillntepsteindfhsl
mkillthfdlnepsteinds mkillthfdlnepsteinds
killmfndshdtepsteinl killmfndshdtepsteinl
killfthnmsdlepsteind killfthnmsdlepsteind
msepsteintlhnfkilldd msepsteintlhnfkilldd
nftmskilldldepsteinh nftmskilldldepsteinh
mdkilllfdnstepsteinh mdkilllfdnstepsteinh
fhnmkillepsteinsdltd fhnmkillepsteinsdltd
epsteinhnkillsldfdmt epsteinhnkillsldfdmt
fddsmepsteintnkillhl fddsmepsteintnkillhl
killdepsteinmfltdshn killdepsteinmfltdshn
epsteintfhndkilllmsd epsteintfhndkilllmsd
msddkilllthepsteinfn msddkilllthepsteinfn
dtsmdnlhfepsteinkill dtsmdnlhfepsteinkill
nfltdmkillsdepsteinh nfltdmkillsdepsteinh
killthsepsteindmlfdn killthsepsteindmlfdn
lsmftnepsteinkillhdd lsmftnepsteinkillhdd
dhsepsteintlkillmfnd dhsepsteintlkillmfnd
killdldepsteinmfsthn killdldepsteinmfsthn
epsteindmshtfldnkill epsteindmshtfldnkill
sdndhepsteinltkillfm sdndhepsteinltkillfm
depsteinftndhmkillsl depsteinftndhmkillsl
dhmkillfdltnsepstein dhmkillfdltnsepstein
dfdepsteintlnskillhm dfdepsteintlnskillhm
dkillnmhldstfepstein dkillnmhldstfepstein
lmkillepsteintsndfhd lmkillepsteintsndfhd hepsteinntdkillsdmfl
thdlskillnfdmepstein thdlskillnfdmepstein
tldkillhsfnmepsteind tldkillhsfnmepsteind depsteinlfnmkilldsht
killtdslhfdepsteinnm shfnmltepsteindkilld killtdslhfdepsteinnm
sldhnfmtdkillepstein sldhnfmtdkillepstein
fdmtdepsteinkilllsnh fdmtdepsteinkilllsnh
tndskilldfepsteinmhl tndskilldfepsteinmhl
lkilldtnmsepsteindfh lkilldtnmsepsteindfh
killhtdmdlnsfepstein killhtdmdlnsfepstein
fsepsteindkillhmtdln fsepsteindkillhmtdln
mkilldlshdtfepsteinn mkilldlshdtfepsteinn
epsteinfthkilldnslmd epsteinfthkilldnslmd
