149 060 149 100 107 116 115 117 126 122 123 125 140 142 140 119 120 104 103 105 109 111 109 105 100 149 060 062 054 053 050 053 056 066 056 053 054 059 054 063 065 063 072 084 088 084 086 074 085 074 075 076 081 076 080 076 077 078 079 078 083 078 077 076 075 074 086 087 089 087 086 084 072 063 090 091 092 097 096 099 090 063 064 063 054 062 070 071 068 071 070 069 067 070 062 060 149 000 001 002 013 024 015 006 015 024 025 026 025 024 031 044 036 037 038 048 038 037 036 041 030 020 010 000 149
33
037 037
080 080
067 067
142 142
059 059
103 103
006 006
096 096
064 064
115 115
091 091
111 111
123 123
031 031
066 056 066
083 083
088 088
060 060
068 068
026 026
048 048
050 050 053
065 065
079 078 079
081 081
085 085
069 069
097 097
104 104
054 054
086 086
089 089
126 126
