FortCollins Knoxville Akron Elizabeth Arvada Leominster Fargo BonitaSprings Baltimore DesMoines GreenBay ColoradoSprings Layton Denver Layton Austin Cleveland LasVegas Anaheim Kennewick Bellevue Independence Bremerton Henderson Manchester Hickory Inglewood Hickory FortWaltonBeach Amarillo AppleValley Corona Detroit Lacey Elkhart Champaign Harrisburg Irvine Berkeley Frederick Hampton Lafayette Lakewood Kenosha Gilbert Jacksonville AtlanticCity Bakersfield Cincinnati Fairfield LasCruces Fairfield Lancaster Anchorage Lubbock Barnstable Aberdeen Marysville Jefferson Dallas Bradenton Bridgeport McAllen Chicago Clearwater Evansville Danbury Arlington Harlingen Hemet ElPaso Boise CollegeStation Lakeland Lorain Garland GrandRapids Houston Fresno DalyCity Fayetteville Brownsville Appleton Jefferson Burbank Indianapolis Glendale Erie Albuquerque LittleRock Greensboro Abilene Grayslake Denton Eugene Bethlehem Beaumont DavidsonCounty Canton ElMonte AnnArbor Fremont Irving Cary Augusta Dayton Chandler CedarRapids Hollywood Kalamazoo CapeCoral Alexandria Fontana Atlanta Arvada FortCollins
89
Amarillo Amarillo
Atlanta Atlanta
Cary Cary
CapeCoral CapeCoral
Appleton Appleton
Fontana Fontana
Danbury Danbury
Lakeland Lakeland
Augusta Augusta
ElMonte ElMonte
Lakewood Lakewood
Hollywood Hollywood
Kalamazoo Kalamazoo
GrandRapids GrandRapids
AnnArbor AnnArbor
Abilene Abilene
Fremont Fremont
Chicago Chicago
Bethlehem Beaumont Bethlehem
CedarRapids CedarRapids
Hemet Hemet
Chandler Chandler
Lubbock Louisville Lubbock
DavidsonCounty DavidsonCounty
Grayslake Grayslake
Irvine Irvine
Indianapolis Indianapolis
Albuquerque Albuquerque
ElPaso ElPaso
Cleveland Cleveland
Manchester Manchester
Brownsville Brownsville
Baltimore Baltimore
Gilbert Gilbert
Alexandria Alexandria
Lacey Brighton Lacey
Elizabeth Elizabeth
Jefferson Jefferson
DalyCity DalyCity
Frederick Carrollton Frederick
LasCruces LasCruces
Independence Independence
Eugene BoiseCity Eugene
Champaign Champaign
Lorain Lorain
Evansville Evansville
Bradenton Bradenton
Bakersfield Bakersfield
DesMoines DesMoines
LittleRock LittleRock
AppleValley AppleValley
Erie Erie
Irving Irving
Burbank Burbank
Garland Garland
Harrisburg Harrisburg
Inglewood Inglewood
Fresno Fresno
Anaheim Anaheim
Anchorage Anchorage
ColoradoSprings ColoradoSprings
Bremerton Allentown Bremerton
Detroit Detroit
FortWaltonBeach FortWaltonBeach
Barnstable Barnstable
Lafayette Lafayette
Aberdeen Aberdeen
Jacksonville Jacksonville
Leominster Leominster
Berkeley Berkeley
Boise Boise CollegeStation
Fargo Fargo
Knoxville Harlingen Knoxville
Dallas Dallas
Henderson Henderson
Austin Austin Kennewick
Houston Houston
BonitaSprings BonitaSprings
Fayetteville Fayetteville
Bellevue Bellevue
Denver Denver Layton
Elkhart Elkhart
Arvada Arvada
Hampton Hampton
Hickory Hickory
Lancaster Lancaster
Akron Akron
Fairfield Fairfield Joliet
FortCollins FortCollins
