CorpusChristi Downey CorpusChristi CapeCoral CorpusChristi ElPaso Akron DalyCity Charleston Columbia Clearwater Boulder BoiseCity Danbury DavidsonCounty ColoradoSprings Chicago Denton Appleton Bremerton Denton Denver Burbank ElMonte CorpusChristi Beaumont Austin Asheville Bloomington Davenport Carrollton Deltona Anchorage Elizabeth Chattanooga Escondido Aurora Augusta BatonRouge Chesapeake Durham Albuquerque Columbus Albuquerque Arvada BelAir Elkhart Champaign Anaheim CathedralCity Amarillo Cincinnati AppleValley Chandler Bridgeport Dallas BonitaSprings Bryan Brownsville Alexandria Downey CorpusChristi
49
Amarillo Amarillo
Alexandria Alexandria
Dallas Dallas
Columbus Columbus
Champaign Champaign
Chandler Chandler
ElMonte ElMonte
Bremerton Bremerton
Bryan Bryan
BelAir BelAir
Augusta Augusta
Brownsville Brownsville
Arvada Arvada
BonitaSprings BonitaSprings
Elizabeth Elizabeth
Austin Austin
Akron Akron
Appleton Appleton
CathedralCity CathedralCity
AppleValley AppleValley
Bridgeport Bridgeport
Boulder Boulder
Denver Denver
Durham Durham
Danbury Danbury
Chattanooga Chattanooga
CapeCoral CapeCoral
Deltona Deltona
Elkhart Elkhart
DalyCity DalyCity
Columbia Columbia
Denton Denton
Bloomington Bloomington
Downey Downey
BoiseCity BoiseCity
Asheville Asheville
Beaumont Beaumont
Carrollton Carrollton
ElPaso ElPaso
Clearwater Clearwater
Albuquerque Albuquerque
Cincinnati Cincinnati
CorpusChristi CorpusChristi
Charleston Canton Charleston
ColoradoSprings ColoradoSprings
Chicago Chicago
Anaheim Anaheim
Davenport Davenport
Escondido Escondido
