152 75 153 183 51 2 78 123 170 58 155 0 95 184 7 14 85 61 45 160 175 160 157 121 104 12 186 136 8 108 89 60 79 27 97 68 66 68 87 142 169 134 139 65 139 101 139 65 144 6 38 13 94 173 24 149 41 143 151 143 24 130 180 130 172 0 95 35 166 81 9 183 185 111 168 21 92 21 73 165 116 147 84 56 161 4 113 5 182 5 4 53 59 115 54 105 94 173 24 163 90 133 126 37 31 112 181 102 147 28 42 61 96 7 184 179 145 62 152
65
105 105
96 96
60 60
31 31
181 181
37 37
28 28
145 145
27 27
42 42
113 113
172 172
144 144
90 90
163 163
126 126
9 9
54 54
92 73 92
175 175
12 12
112 112
66 171 66
168 168
35 35
134 134
13 13
180 180
136 136
142 142
151 151
56 56
121 121
170 170
89 89
153 50 153
101 101
81 81 166
85 85
58 58
79 79
165 165
182 5 182
41 41
38 38
53 53
2 2
157 157
169 169
95 95 0
97 97
75 75
65 139 65
116 116
94 143 94
8 8
111 111
130 130
78 78
184 184
87 87
45 45
183 183
149 149
51 51
