location12 location84 location19 location42 location71 location15 location49 location91 location13 location51 location67 location77 location11 location17 location79 location16 location65 location28 location65 location72 location32 location86 location87 location43 location38 location75 location83 location26 location1 location60 location74 location44 location4 location39 location89 location63 location55 location27 location56 location35 location47 location25 location54 location98 location14 location52 location31 location91 location57 location8 location24 location8 location19 location42 location66 location85 location82 location5 location29 location63 location89 location22 location84 location12
25
location72 location72 location36 location0 location94
location12 location12
location5 location5
location14 location14
location57 location57
location60 location60
location87 location87
location11 location11
location35 location35
location51 location51
location89 location63 location89
location16 location79 location16
location24 location24
location26 location26
location71 location71
location28 location28
location27 location27
location31 location31
location54 location54
location49 location49
location19 location1 location19
location77 location67 location77
location13 location13
location74 location74
location86 location86
