4HOMU JXLE1 X180A DDXG0 CFGE5 6OA3K K50JQ 53Y1R 7U3JG V8GEC C7WKJ OIPRN P419D XEEQB ZZH8Z SKPO7 YJ67U ZRPB5 61QWU TY0L7 TI35I RAAD4 FCYPJ BE5V8 4WDJE W2M5C Q7FCL UW44H 52MNN 4YS4G ZN2EP 6ACGE IF7TL LLTLN LKP22 HWKGJ T9O11 PYPSO 8EXDQ DCHO3 945CN 1RS2N CM5WA WXZHF Y61KP TBPBM M1HJR NPDI9 TORQI 1F0YL TORQI DTPF4 1X6L1 PXCIN 2BUI5 6WOBI 45JXE DOLRQ UDYJK C8O6I H1LTE C45HH BVMDZ 0D2BR Q5DAA 3AIXW KOYRV Z22CS 8CLEZ 4HSLO FRZVP AT3CI VHCFR W2H22 WZB33 H3R1V 0U9HU KC9RF IZESQ 0VPRW V22SY MC71K TCC7B L2PQE LEBVZ B7A2L PTADN A1QRL HZHRA RU85S 50J5H SHOOM AT3CI 768ZF PMFJ2 Y4WG4 SYV5N Y4WG4 LIRLU 2C63O OLLV9 EDSMH WI88U ZHSBU FCYPJ 9WSXC FC0PR 7GA8O SA6G0 L2GJ5 9O1IZ 69BJO WP2MA JXLE1 4HOMU
97
RU85S RU85S
2C63O 2C63O
KC9RF KC9RF
WP2MA WP2MA
TY0L7 TY0L7
L2GJ5 L2GJ5
SA6G0 SA6G0
69BJO 69BJO
SHOOM SHOOM
ZHSBU ZHSBU
OLLV9 OLLV9
3AIXW 3AIXW
9WSXC 9WSXC
7GA8O 7GA8O
WXZHF WXZHF
P419D P419D
8EXDQ 8EXDQ
Q7FCL Q7FCL
A1QRL A1QRL
BVMDZ BVMDZ
TCC7B TCC7B
W2H22 W2H22
45JXE 45JXE
V22SY V22SY
WZB33 WZB33
EDSMH EDSMH
6OA3K 6OA3K
SYV5N SYV5N
FRZVP FRZVP
T9O11 T9O11
ZN2EP ZN2EP
1F0YL 1F0YL
945CN 945CN
6WOBI 6WOBI
LIRLU LIRLU
50J5H 50J5H
8CLEZ 8CLEZ
0VPRW 0VPRW
M1HJR M1HJR TBPBM
0U9HU 0U9HU
LEBVZ LEBVZ
PMFJ2 PMFJ2
768ZF 768ZF
LLTLN LLTLN
DDXG0 DDXG0
SKPO7 SKPO7
FC0PR FC0PR
PXCIN PXCIN
BE5V8 BE5V8
C7WKJ C7WKJ
AT3CI AT3CI
7U3JG 7U3JG
MC71K MC71K
H1LTE H1LTE
C8O6I C8O6I
ZRPB5 ZRPB5
Y61KP Y61KP
DCHO3 DCHO3
XEEQB XEEQB
IF7TL IF7TL
0D2BR 0D2BR
IZESQ IZESQ
JXLE1 JXLE1
PTADN PTADN
KOYRV KOYRV
PYPSO PYPSO
RAAD4 RAAD4
NPDI9 NPDI9
61QWU 61QWU
CM5WA CM5WA
DOLRQ DOLRQ
DTPF4 DTPF4
UW44H UW44H
6ACGE 6ACGE
YJ67U YJ67U
HZHRA HZHRA
ZZH8Z ZZH8Z Q5DAA
VHCFR VHCFR
WI88U WI88U
2BUI5 2BUI5
FCYPJ FCYPJ
V8GEC V8GEC
L2PQE L2PQE
K50JQ K50JQ
CFGE5 CFGE5
HWKGJ HWKGJ
W2M5C W2M5C
52MNN 52MNN
OIPRN OIPRN
1RS2N 1RS2N
X180A X180A
4WDJE 4WDJE ELH5L
TI35I TI35I
53Y1R 53Y1R
LKP22 LKP22
TORQI TORQI
C45HH C45HH
