WNYCV 18R1B F5YBY XTUSM UGOIO 7CXN0 ULCTZ H8ZPW CUG55 BMC9X ZA57Z 1BUOS V11OW 5I6U4 2KYXC XRQ65 GAXPM QTZLJ EYREL HHCET WH9QK XPFOM WH9QK 65TK9 1ACIU B8UZ8 KR27P 42QVU URMBF XBRKQ HZ80H K1ZSD BO3AW GXYLV HR8IA OE5TB EQWAL XDKMD 1NBGE KRLTG 77EY5 2FT0Z 9HVLF F07YB QSI1X 1UWW5 YMTTJ KB443 X2AM4 TG5ZG 91RFG WJHGG H212X WJHGG XD7IR 18R1B WNYCV
49
GXYLV GXYLV
ZA57Z ZA57Z
XD7IR XD7IR
EQWAL EQWAL
YMTTJ YMTTJ
2KYXC 2KYXC
H212X H212X
9HVLF 9HVLF
HZ80H HZ80H
QSI1X QSI1X
2FT0Z 2FT0Z
65TK9 65TK9
1NBGE 1NBGE
OE5TB OE5TB
UGOIO UGOIO
42QVU 42QVU
TG5ZG TG5ZG
77EY5 77EY5
V11OW V11OW
CUG55 CUG55
K1ZSD K1ZSD
GAXPM GAXPM
ULCTZ ULCTZ
1UWW5 1UWW5
XBRKQ XBRKQ
XRQ65 XRQ65
1ACIU 1ACIU
F5YBY F5YBY
BO3AW BO3AW
X2AM4 X2AM4
BMC9X BMC9X
EYREL EYREL
HR8IA HR8IA
XPFOM XPFOM
F07YB F07YB
1BUOS 1BUOS
H8ZPW H8ZPW
QTZLJ QTZLJ
HHCET HHCET
URMBF URMBF
5I6U4 5I6U4
91RFG 91RFG
B8UZ8 B8UZ8
XTUSM XTUSM
XDKMD XDKMD
KRLTG KRLTG
18R1B UUOP5 18R1B
7CXN0 7CXN0
KB443 KB443
