cy4fm C565q uT5W0 P3lE7 yFKGt P8Fbf rUUVt BoNoJ vSPJ5 lA2MC 6ceXl EWhpw FnVf8 5rdYI di7h7 GHZOS G6G4p 3iQ53 IjjWK qt5AA tao9t hOy4D Iks3D X6hJp Vjg5l dU1Ub LNh60 gk2cW DCl5F yMPWG Cfmbw KYsbm NvAYI wdXpe w4BF1 19YKC zQjQm C0eRL 7XIxZ kbRYl OFvld OoKEI nogr2 IjjWK 1H2uK 8aYYW jse5F F2nEN 7l0Vw BoNoJ Xhpv3 jQ7g0 uWr4y C565q cy4fm
49
lA2MC lA2MC
P3lE7 P3lE7 8RNd8
C565q C565q
P8Fbf P8Fbf
5rdYI 5rdYI
X6hJp X6hJp
qt5AA qt5AA
3iQ53 3iQ53
BoNoJ BoNoJ
GHZOS GHZOS
EWhpw EWhpw
Cfmbw Cfmbw
dU1Ub dU1Ub
uT5W0 uT5W0
yMPWG yMPWG
rUUVt rUUVt
vSPJ5 vSPJ5
Iks3D Iks3D
FnVf8 FnVf8
6ceXl 6ceXl
di7h7 di7h7
yFKGt yFKGt
Vjg5l Vjg5l
zQjQm zQjQm
DCl5F DCl5F
LNh60 LNh60
tao9t tao9t
KYsbm KYsbm
wdXpe wdXpe
G6G4p G6G4p
IjjWK IjjWK
OFvld OFvld
C0eRL C0eRL
hOy4D hOy4D
1H2uK 1H2uK
w4BF1 w4BF1
kbRYl kbRYl
Xhpv3 Xhpv3
19YKC 19YKC
8aYYW 8aYYW
7l0Vw 7l0Vw
gk2cW gk2cW
F2nEN F2nEN
7XIxZ 7XIxZ
NvAYI NvAYI
nogr2 nogr2
uWr4y uWr4y
jse5F jse5F
OoKEI OoKEI
