fab8g 7J90B cDkiZ Flgse LBzlR iy8Ty guI5B 8tK4L Nbb6U HaHFT PpZP8 VIl39 1pNjr Q0oXi Gt2w1 gwQSf 015ql G944F 8PY0r sF84c BWyM2 KzS0e bD2TR Bw1D7 cm8oa wiGnS GHmnJ eDWES b4E7v lJJK2 Vjk2Z bepE0 4GEPG 2Z0oU mgHYN RgC1Q tEdSo G91ym aiycm 1SvIs AGorf TQZik 0YoJb obqW1 lJfgZ g1WJz FW6DI n9AEE BJ1iC 3XMfZ KWmhW HKgVO pesnn O1QPI 5Ix1v DHhK9 cQMFl yM9nQ l0HDP CT8M8 kCdcu lcarA ciJ7c nScgp 1OpM2 adW6k TtUXd H6HgM XDGuI o4F0A 4ORRk RnwlC qchZ3 nRTkO F7m3U RhMSo tQXF5 KB016 ZlgGe 9u8oD dAx9s BybTG rzyrR 9ZatH L54Jg 3FUsL Lqz0g uQK8T 4b2sA wKKkJ c17Qf f5Qx2 8xyrX zgyDJ P5ucv zgyDJ fhc2k zgyDJ 1xx4U zgyDJ x8KLa fab8g
97
gwQSf gwQSf fr0Bd
7J90B 7J90B
iy8Ty iy8Ty B3NSd
Flgse Flgse
8tK4L 8tK4L
HaHFT HaHFT
Q0oXi Q0oXi
VIl39 VIl39
sF84c sF84c VUKiE
cDkiZ cDkiZ
guI5B guI5B
bD2TR bD2TR
fab8g fab8g
PpZP8 PpZP8
LBzlR LBzlR
Nbb6U Nbb6U
Gt2w1 Gt2w1
1pNjr 1pNjr
015ql 015ql
cm8oa cm8oa
BWyM2 BWyM2
G944F G944F
8PY0r 8PY0r
KzS0e KzS0e
Bw1D7 Bw1D7
GHmnJ GHmnJ
eDWES eDWES
Vjk2Z Vjk2Z
lJJK2 lJJK2
mgHYN mgHYN
n9AEE n9AEE
4GEPG 4GEPG
tEdSo tEdSo
b4E7v b4E7v
G91ym G91ym
wiGnS wiGnS
bepE0 bepE0
2Z0oU 2Z0oU
AGorf AGorf
TQZik TQZik
FW6DI FW6DI
3XMfZ 3XMfZ
RgC1Q RgC1Q
aiycm aiycm
lJfgZ lJfgZ
g1WJz g1WJz
1SvIs 1SvIs
BJ1iC BJ1iC
0YoJb 0YoJb
pesnn pesnn
CT8M8 CT8M8
KWmhW KWmhW
obqW1 obqW1
HKgVO HKgVO
O1QPI O1QPI
cQMFl cQMFl
DHhK9 DHhK9
5Ix1v 5Ix1v
yM9nQ yM9nQ
l0HDP l0HDP
kCdcu kCdcu
nScgp nScgp
1OpM2 1OpM2
lcarA lcarA
H6HgM H6HgM
XDGuI XDGuI
adW6k adW6k
ciJ7c ciJ7c
o4F0A o4F0A
4ORRk 4ORRk
TtUXd TtUXd
nRTkO nRTkO
RhMSo RhMSo
qchZ3 qchZ3
tQXF5 tQXF5
BybTG BybTG
F7m3U F7m3U
RnwlC RnwlC
KB016 KB016
9u8oD 9u8oD
L54Jg L54Jg
dAx9s dAx9s
wKKkJ wKKkJ
ZlgGe ZlgGe
c17Qf c17Qf
4b2sA 4b2sA
rzyrR rzyrR
uQK8T uQK8T
P5ucv P5ucv
f5Qx2 f5Qx2
3FUsL 3FUsL
9ZatH 9ZatH
fhc2k fhc2k
1xx4U 1xx4U
Lqz0g Lqz0g
8xyrX 8xyrX
x8KLa x8KLa
