10 59 10 92 10 58 10 14 69 68 21 23 89 54 55 90 2 82 83 82 2 63 95 94 62 43 77 43 8 61 93 61 6 97 66 40 67 40 41 87 51 33 50 86 87 41 72 45 24 75 74 19 80 42 81 42 48 78 79 31 91 57 9 3 71 34 70 3 0 85 84 35 64 65 26 96 26 64 35 30 88 30 52 30 53 15 59 10
41
53 53
80 80
70 70
97 66 97
94 94
96 96
91 56 91
86 86
75 75
90 90
93 60 93
79 79
58 58
77 76 77
68 68
85 84 85
83 82 83
89 89
72 72 73
51 51
67 67 98
52 52
64 64
63 63
71 71
69 69
92 92
62 62
55 55
57 57
65 65
88 88
59 59
61 61
74 74
81 81
95 95
78 78
50 50
54 54
87 87
