0 162 0 160 0 92 157 92 158 92 159 2 176 2 164 163 100 43 102 43 101 43 12 178 122 94 121 177 121 94 123 2 196 149 148 195 148 88 150 36 169 109 110 170 110 17 111 17 109 23 118 175 118 119 50 120 50 118 23 109 21 154 93 155 93 156 30 104 103 165 166 30 189 139 96 141 96 140 190 140 96 60 144 60 143 192 191 142 60 64 35 114 35 113 172 113 112 171 112 27 197 198 152 151 51 153 7 146 194 193 145 80 147 18 33 185 133 91 135 91 134 186 33 179 180 125 124 97 126 38 183 130 95 132 95 131 184 41 181 127 77 128 77 129 77 128 182 181 41 66 91 78 31 106 167 168 107 31 108 31 107 24 136 187 188 137 85 138 85 136 30 115 173 115 25 116 174 116 25 117 25 115 30 104 59 105 59 104 30 65 92 0
97
106 106
173 173
162 162
190 190
126 126
188 188
151 151
172 172
105 105
182 182
120 120
191 191
102 102
156 156
184 184
150 150
145 145
159 159
134 134
174 174
177 177
183 183
166 166
175 175
189 189
111 111
144 144
129 129
132 132
117 117
171 112 171
138 138
185 185
164 164
198 198
153 153
123 123
180 180
154 154
104 104
168 168
141 141
195 195
158 158
155 155
196 196
119 119
143 143
160 160 161
100 100
178 178
165 165
115 115
114 114
101 101
108 108
170 170
136 136
157 157
135 135
127 127
140 140
194 194
179 179
147 147
118 118
186 186
124 124
130 130
122 122
142 142
109 109
137 137
139 139
192 192
113 113
176 176
131 131
121 121
152 152
116 116
149 149
103 103
197 197
167 167
181 181
128 128
163 163
148 148
107 107
193 193
187 187
125 125
133 133
110 110
169 169
146 146
