0 1 3 8 17 35 71 35 72 35 17 36 73 36 74 36 17 8 18 37 76 37 75 37 18 38 77 38 78 38 18 8 3 1 0 2 5 12 25 52 25 51 25 12 26 53 26 54 26 12 5 2 6 13 28 58 28 57 28 13 6 14 30 62 30 61 30 14 29 59 29 60 29 14 6 13 27 55 27 56 27 13 6 2 5 11 23 48 98 48 97 48 23 47 95 47 96 47 23 11 24 49 99 49 24 50 24 11 5 2 0 1 4 10 21 43 87 43 88 43 21 44 89 44 90 44 21 10 4 9 20 42 85 42 20 9 19 40 82 40 81 40 19 39 79 39 80 39 19 9 20 41 84 41 20 42 86 42 20 9 4 10 22 45 91 45 92 45 22 46 94 46 93 46 22 10 4 1 3 7 16 33 67 33 16 34 69 34 70 34 16 33 68 33 16 7 15 32 65 32 66 32 15 31 63 31 64 31 15 7 3 1 0
49
53 53
80 80
92 92
90 90
66 66
70 70
86 86
96 96
93 93
88 88
75 75
64 64
57 57
68 68
74 74
50 50
81 81
84 83 84
78 78
56 56
60 60
59 59
61 61
67 67
97 97
89 89
72 72
58 58
85 85
91 91
54 54
95 95
65 65
87 87
76 76
55 55
82 82
62 62
73 73
69 69
99 99
79 79
63 63
71 71
51 51
94 94
98 98
77 77
52 52
