0 1 3 7 15 31 64 129 64 31 15 32 65 132 65 32 15 7 3 1 4 9 19 40 81 164 81 40 19 9 4 10 22 46 94 189 94 190 94 46 22 10 4 9 20 42 86 173 86 42 20 41 83 167 83 168 83 41 20 42 86 174 86 42 85 172 85 42 20 41 84 170 84 41 20 9 4 1 3 8 17 35 71 144 71 35 17 36 73 147 73 148 73 36 17 8 18 38 78 157 78 38 77 156 77 155 77 38 18 37 75 151 75 37 76 154 76 153 76 37 18 38 78 158 78 38 18 8 17 35 71 143 71 35 72 146 72 35 17 8 3 1 4 10 21 43 88 178 88 43 87 175 87 43 21 44 89 179 89 44 21 43 87 176 87 43 21 44 90 182 90 181 90 44 21 10 22 45 92 185 92 186 92 45 91 184 91 45 22 46 93 188 93 46 22 10 4 1 3 7 15 32 66 133 66 134 66 32 15 7 16 34 69 140 69 139 69 34 70 142 70 141 70 34 16 33 68 138 68 137 68 33 67 136 67 33 16 7 3 1 4 9 19 40 81 163 81 40 82 166 82 40 19 39 80 161 80 39 79 160 79 159 79 39 19 9 4 1 0 2 5 12 25 52 106 52 25 12 5 11 24 50 101 50 102 50 24 11 23 47 95 191 95 192 95 47 96 194 96 47 23 11 5 2 6 14 29 60 121 60 29 14 30 61 123 61 30 62 126 62 30 61 124 61 30 62 125 62 30 14 29 59 119 59 29 14 6 13 27 55 111 55 27 13 28 57 116 57 28 58 117 58 118 58 28 57 115 57 28 13 27 56 113 56 114 56 27 13 6 2 5 11 23 48 98 197 98 48 97 195 97 48 98 198 98 48 23 11 5 12 25 51 103 51 25 12 5 11 24 49 100 49 24 11 5 12 26 53 107 53 26 54 110 54 26 12 5 2 0
73
106 104 105 106
153 153
136 135 136
159 159
181 181
141 141
134 134
118 118
186 186
158 158
166 165 166
114 114
170 170
190 190
176 176
125 125
188 188
115 115
146 146
163 163
139 139
184 184
119 119
137 137
161 161 162
192 192
111 111 112
179 179 180
198 198
154 154
132 132
124 124
110 109 110
155 155
143 143
116 116
107 107 108
175 175
194 193 194
168 168
148 148
100 100 199
103 103
195 195
126 126
121 120 121 122
117 117
151 151 152
189 189
102 102
156 156
138 138
178 177 178
133 133
142 142
172 171 172
101 101
164 164
191 191
160 160
182 182
185 185
144 144 145 149 150
197 196 197
174 174
123 123
140 140
129 127 128 129 130 131 183 187
157 157
167 167
173 169 173
113 113
147 147
