55 11 15 7 4 3 6 16 20 21 18 2 12 31 23 9 32 34 13 89 25 27 29 35 36 37 48 44 49 42 45 46 52 54 57 58 39 61 51 62 63 41 65 72 60 69 83 71 67 70 75 80 81 73 85 90 79 77 92 87 93 99 96 102 103 94 98 108 104 107 100 20 106 110 1 55
73
11 11
2 2
3 3
7 7 112
16 16
21 21
31 31
32 32
89 89
4 4
6 6
9 9
12 12
13 13
15 15
18 18
20 20
23 23
25 25
27 27
29 29
34 34
35 35
36 36
37 37
39 39
41 41
42 42
44 44
45 45
46 46
48 48
49 49
51 51
52 52
54 54
55 55
57 57
58 58
60 60
61 61
62 62
63 63
65 65
67 67
69 69
70 70
71 71
72 72
73 73
75 75
77 77
79 79
80 80
81 81
83 83
85 85
87 87
90 90
92 92
93 93
94 94
96 96
98 98
99 99
100 100
102 102
103 103
104 104
106 106
107 107
108 108
110 110
