Soda Doe Hertz MainStacks Stephans Wheeler Haas RSF Barrows GBC MemorialStadium Morgan Sproul Wellman MLK BWW Mulford Unit1 Unit2 Blackwell Unit3 BC Foothill ClarkKerr LakeMerrit GoldenStatePark Soda
25
Wheeler Wheeler
Doe Doe TheRoof
Barrows Barrows
Sproul Sproul
MainStacks MainStacks
Stephans Stephans
Haas Haas
Hertz Hertz
RSF RSF
GBC GBC
MLK MLK
BWW BWW
MemorialStadium MemorialStadium
Morgan Morgan
Mulford Mulford
Wellman Wellman
Unit1 Unit1
Unit2 Unit2
Unit3 Unit3
Blackwell Blackwell
BC BC
Foothill Foothill
ClarkKerr ClarkKerr
LakeMerrit LakeMerrit
GoldenStatePark GoldenStatePark
