Soda ChiOmega SigmaKappa DeltaDelta InternationalHouse Compton BerkeleyHigh AlphaChi Mars Saturn BerkeleyHillel Jupiter Venus BayStreet AlphaCentauri Pomona Gregoire Perris Ashby Upland Emeryville Chino Whittier Fontana SouthGate SanBernardino Tijuana SanDiego SanMiguel MexicoCity Guadalajara Tuxcacuesco Talpa Jalisco TripleRock ElGrullo Myto Tuhuamixtel Kips Tang Rasputin DKingGallery CREAM Tako BAMPFA Cancun Platano FantasticComics SantaBarbara Dwinelle CafeTibet Etcheverry Soda
49
DeltaDelta DeltaDelta Irvine
ChiOmega ChiOmega Sacramento VictoryPoint
AlphaChi AlphaChi LosAngeles Riverside
BerkeleyHillel BerkeleyHillel
Compton Compton ChezPanisse
SigmaKappa SigmaKappa
InternationalHouse InternationalHouse
BerkeleyHigh BerkeleyHigh
Jupiter Jupiter
Mars Mars
Venus Venus
Saturn Saturn
AlphaCentauri AlphaCentauri
Gregoire Gregoire
BayStreet BayStreet
Emeryville Emeryville
Pomona Pomona
Ashby Ashby
Perris Perris
Fontana Fontana
SanBernardino SanBernardino
Upland Upland
Chino Chino
Whittier Whittier
SouthGate SouthGate
Tijuana Tijuana
SanDiego SanDiego
Jalisco Jalisco
Guadalajara Guadalajara
SanMiguel SanMiguel
Tuxcacuesco Tuxcacuesco
Talpa Talpa
ElGrullo ElGrullo
MexicoCity MexicoCity
Tuhuamixtel Tuhuamixtel
Myto Myto
Kips Kips
TripleRock TripleRock
Rasputin Rasputin
CREAM CREAM
Tako Tako
Tang Tang
Cancun Cancun
DKingGallery DKingGallery
BAMPFA BAMPFA
Platano Platano
CafeTibet CafeTibet
FantasticComics FantasticComics
SantaBarbara SantaBarbara
