5 4 33 137 42 165 63 165 173 165 94 20 11 36 62 34 133 68 133 34 138 69 153 69 138 116 134 50 134 71 119 192 18 192 96 175 22 175 96 155 40 123 62 34 9 34 76 81 19 151 109 75 109 58 152 109 94 39 89 154 187 74 170 136 117 83 104 171 112 186 189 103 189 77 143 77 196 184 85 86 44 86 135 35 188 110 53 199 48 54 126 162 52 121 157 121 34 62 36 91 150 130 64 37 0 27 174 101 1 99 161 179 78 100 192 18 190 16 74 31 74 191 194 51 183 69 138 61 197 149 90 159 90 2 158 45 14 45 47 43 119 67 41 67 119 15 156 76 34 133 56 118 113 197 149 28 180 65 30 25 105 17 66 75 109 84 168 84 109 58 38 193 29 164 140 186 10 45 158 80 158 102 55 138 34 133 186 129 146 129 82 154 46 48 122 166 32 166 199 53 110 35 26 70 178 71 119 192 109 94 39 92 39 94 109 192 18 177 18 192 109 94 5
97
178 178
164 164
177 177
92 92
32 32
105 105
85 85
46 46
146 146
99 99
33 33
26 26
194 194
14 14
180 180
162 162
55 55
101 101
51 51
31 31
64 64
100 100
122 122
56 56
193 193
41 41
140 140
179 179
16 16
110 110
156 156
43 43
187 187
168 168
83 104 83
196 196
10 10
159 159
48 48
80 80
25 25
11 11
44 44
71 71
151 151
2 2
39 39
61 61
96 96
173 173
184 184
152 152
91 91
157 157
9 9
47 47
199 199
78 78
1 1
137 137
102 102
170 170
189 189
53 53
154 154
149 149
135 135
37 37
75 75
18 18
63 63
158 158
123 123
116 116
52 52
20 20
76 76
68 68
183 183
188 188
67 67
171 171
17 17
28 28
143 143
22 22
153 138 69 153
42 42
174 174
103 103
58 58
133 133
81 81
50 50
34 34
192 192
77 77
