2 67 2 78 79 16 40 16 76 16 79 81 3 71 18 20 34 61 69 42 69 60 0 19 47 66 62 72 7 6 87 41 25 35 25 41 70 17 70 41 65 41 87 6 7 84 96 89 30 89 24 31 24 43 38 44 38 43 63 95 58 94 19 12 86 14 29 11 99 72 5 72 7 6 50 77 13 83 22 88 4 88 56 74 15 10 93 99 68 23 68 59 70 28 78 1 78 84 7 72 98 72 7 84 2
49
29 29
74 74
42 42
98 98
13 13
1 1
94 94
24 24
10 10
71 71
17 17
58 58
59 59
63 63
5 5
76 76
66 66
30 30
4 4
28 28
62 62
3 3
23 23
50 50
86 86
61 61
65 65
0 0 60
25 25
96 96
44 44
67 67
47 47
31 31
81 81
83 83
72 72
35 35
41 41
34 34
69 69
40 40
88 88
16 16
70 70
11 11
38 38
7 7
14 14
