COM NER COM COL COM REU AFG REU GLP MDA PRY NPL MMR MEX POL PNG PLW NIU PRK SGS LBR SGS KHM SGS SHN CHN COG LVA KOR LCA HRV HMD PYF RUS IDN GNQ PAK HUN JPN CHL GUM HTI CAN COK HND MAR HND GRC GMB NGA NFK ALA NFK JEY PAN MHL CPV LIE LTU KWT GNB PSE NRU CAF CIV BVT LKA BVT CRI KGZ LAO LUX RWA DMA DJI MUS MYT NER ABW NIC AUS ATG PRT CRI KNA KAZ HKG CPV MHL MAC MCO SAU DOM DZA MYS IRN IOT IRL NIC ITA MWI CXR DEU CYP CZE NGA FSM FIN FSM ESP GEO GHA GIB EGY ECU ESH FRA GBR GIN FSM NGA NFK ALB ARE ARM MYT BRA AZE BDI BHR BLM BEN BMU BRB BHS BIH PRY MOZ PRY PNG NER MTQ NER COM
81
NER NER
FRA FRA
CYP CYP
BMU BMU
ARM ARM
CXR CXR
IRL IRL
FIN FSM FIN GAB
ATG ATG
ITA ITA
MOZ MOZ
GHA GHA
MAR MAR
RWA RWA
ARE ARE
KNA KNA
GIN GIN
BHS BHS
IOT IOT
ALB ALB
COG COG
JEY JEY
BLM BLM
KAZ KAZ
LKA LKA
DMA DMA
CAN CAN
EGY EGY
PAN PAN
NPL NPL
LTU LTU
AUS AUS
BDI BDI
JPN LBN JPN
DZA DZA
MAC MAC
HRV HRV
ALA ALA
ESP ESP
AFG AFG
DEU DEU
MDA MDA
MTQ MTQ
GBR GBR
LUX LUX LAO
KWT KWT
RUS RUS
COK COK
GRC GRC
PSE PSE
PAK PAK HUN
KHM KHM
AZE AZE
MEX MEX
KOR KOR
HMD HMD
NIU NIU
MYT MYT
ABW ABW NIC
CIV CIV CAF
GUM GUM HKG HTI
GEO GEO
GMB NFK GMB
PNG PNG
BHR BHR
BEN BEN
CHN SHN CHN COD
DJI DJI
ECU ESH ECU
IRN IRN
GNQ GNQ
NRU NRU
LBR LBR NZL SGS
REU REU SDN
COL IDN COL
CPV LIE MLI CPV
HND HND
GIB GIB
PRY PRY
MMR MMR
POL POL
