DZA GBR FRA FRO ECU FSM GHA GAB FIN FLK CAN BRB CAN CIV CHE COD BRN BEL BDI BGR GLP GNB HND GEO HND DMA ATA ATF ASM DOM BHS BFA BLM BES BLR CCK COG CAF BVT GGY ERI ETH GUM GRD GNQ GUY GRC GUY HMD GTM ESP AND ALB ARG ALB ARE DNK CUW DOM AUS DOM CYP CYM CXR CZE CYM BGD HKG GUY CUB CYP DMA DJI DMA BLR BEN AUT ERI FIN AFG ABW AFG FIN GIB DZA
49
DJI DJI
ABW ABW
BGD BGD
ARG ARG
BEN BEN
HMD HMD
CZE CZE
FRO FRO
ATF ATF
BRN BRN
AUS AUS
HKG HKG
CUB CUB
GHA GHA
AND AND
ARE ARE
BES BLM BES
CAF CAF
HND HND
ERI ERI
GLP GLP
GNQ GNQ
FLK FLK
CUW CUW
CHE CHE
CXR CXR
ECU ECU
CCK CCK
ATA ATA
BDI BDI
BHS BHS
GRC GRC
ALB ALB
COG COG
GBR GBR
FSM FSM
DNK DNK
BFA BFA
BRB BRB
COD COD
BLR BLR
BVT BVT
GEO GEO
FIN FIN
DOM DOM
GRD GRD
CAN CAN
CYM CYM
FRA FRA
