Soda 124 119 188 180 184 106 143 103 175 108 111 139 104 176 148 149 170 144 187 183 181 121 155 99 167 196 136 177 165 174 147 115 117 123 150 185 168 179 178 172 142 120 135 131 157 186 125 189 169 192 160 113 130 114 151 141 171 140 105 112 128 156 134 173 191 101 145 163 138 129 109 126 152 195 182 133 107 102 132 146 154 100 162 153 158 193 161 116 110 166 164 137 127 190 122 159 118 Soda
97
105 105
118 118
106 106
99 99
147 147
117 117
113 113
168 168
188 188
169 169
195 195
178 178
181 181
108 108 198
193 193 197
196 196
100 100
126 126
151 151
171 171 194
191 191
138 138
164 164
176 176
116 116
145 145
150 150
156 156
107 107
112 112
127 127
189 189
109 109
135 135
177 177
186 186
132 132
170 170
192 192
103 103
110 110
122 122
124 124
130 130
139 139
142 142
153 153
154 154
157 157
159 159
162 162
163 163
101 101
120 120
121 121
134 134
137 137
140 140
148 148
152 152
158 158
165 165
179 179
182 182
184 184
187 187
102 102
104 104
111 111
114 114
115 115
119 119
123 123
125 125
128 128
129 129
131 131
133 133
136 136
141 141
143 143
144 144
146 146
149 149
155 155
160 160
161 161
166 166
167 167
172 172
173 173
174 174
175 175
180 180
183 183
185 185
190 190
