Soda 73 76 63 47 84 85 59 69 18 82 70 32 34 77 49 96 13 4 3 71 44 7 24 33 99 37 42 25 10 41 52 75 40 74 55 66 51 78 80 22 100 98 83 88 53 30 31 91 62 20 26 16 43 60 90 28 9 54 89 11 19 61 23 21 79 65 46 15 36 2 67 64 86 35 56 17 27 95 38 68 58 87 97 81 39 8 92 6 14 48 50 45 57 101 94 12 93 Soda
97
8 8
77 77
28 28
11 11
60 60
98 98
40 40
20 20
68 68
13 13 29
64 64
65 65
82 82
76 76
10 10
94 94
66 66
57 57
2 2
35 35
3 3
47 47
21 21
87 87
44 44
24 24
50 50
59 59
30 30
16 16
27 27
36 36
93 93
81 81
42 42
32 32
91 91
22 22
46 46
75 75
89 89
45 45
12 12
67 67
61 61
99 99
17 17
53 53
31 31
23 23
101 101
83 83
39 39
95 95
97 97
92 92
86 86
38 38
90 5 90
73 73
48 48
78 78
6 6
14 14
62 62
96 96
41 41
85 85
69 69
7 7
71 71 72
100 100
56 56
52 52
9 9
18 18
51 51
70 70
55 55
58 58
4 4
26 26
63 63
25 25
33 33
19 19
84 84
15 15
43 43
37 37
80 80
34 34
79 79
54 54
74 74
88 88
49 49
