Wurster Class Hilgard Barrows Simon Maxwell Tennessee Montgomery Silver Gilman Florida Sutardja Frank Honolulu Nevada North Chan Oregon Simpson Vermont Pitzer McLaughlin Optometry Alabama Boston Salem Hesse Massachusetts Stanley Juneau Parking Blackwell Anthony Hazardous Sather Cory Raleigh Pennsylvania Indianapolis Observatory Kleeberger Spieker Moffitt Brain Recreational California Moses Goldman Visitor Wurster
49
Alabama Alabama
Visitor Visitor
Recreational Recreational
Moses Moses
Goldman Goldman
Wurster Wurster
California California
Hilgard Hilgard
Maxwell Maxwell
Simpson Simpson
Simon Simon
Hesse Hesse
Gilman Gilman
Pennsylvania Pennsylvania
Spieker Spieker
Blackwell Blackwell
Brain Brain
Honolulu Honolulu
Montgomery Montgomery
Stanley Stanley
Salem Salem
Optometry Optometry
Juneau Juneau Idaho
Chan Chan
Anthony Anthony
Moffitt Moffitt
Barrows Barrows
Observatory Observatory
Silver Silver
Boston Boston
Frank Frank
Hazardous Hazardous
Sather Sather
Massachusetts Massachusetts
Vermont Vermont
Parking Parking
Class Class
Raleigh Raleigh
Oregon Oregon
North North
McLaughlin McLaughlin
Indianapolis Indianapolis
Kleeberger Kleeberger
Cory Cory
Sutardja Sutardja
Florida Florida
Tennessee Tennessee
Nevada Nevada
Pitzer Pitzer
