Rhode Life University Kentucky Annapolis Baton Campanile Birge Utah Energy Hearst Wisconsin Montana Haste McLaughlin Moffitt Stadium Hertz Jacobs Insectary Observatory Mathematical Edwards Columbia Jones Hartford Salt Providence International Maryland Maxwell Class Simon Clark CNMAT BART Krutch Hargrove Cory Moses Bowles Chvez Illinois Topeka Durant Little Concord Lower Etcheverry Heating Durham Foothill Boalt Sproul Jefferson LeConte Blackwell Chou Hawaii Springer Nashville Barrows Tennessee Police Montgomery West Minnesota Columbus Florida Pennsylvania Warren Oregon Lansing Mulford Berkeley Santa Madison Tang Brain Nevada Simpson Silver Harrisburg Martin Hellman Cheyenne East Olympia McEnerney Michigan Grinnell Austin Bancroft Trenton Mississippi Valley Donner Rhode
97
Florida Florida
Rhode Rhode
McEnerney McEnerney
East East
Donner Donner
Hellman Hellman
Life Life
Olympia Olympia
Berkeley Berkeley
Martin Martin
Valley Valley
Michigan Michigan
Cheyenne Cheyenne
Lansing Lansing
Jacobs Jacobs
Bancroft Bancroft
Silver Silver
Montana Montana
University University
Grinnell Grinnell
Krutch Krutch
Utah Utah
Harrisburg Harrisburg
Cory Cory
Simpson Simpson
Madison Madison
Hearst Hearst
Campanile Campanile
Hawaii Hawaii Cleary
Blackwell Blackwell
Annapolis Annapolis
Jefferson Jefferson
International International
Pennsylvania Pennsylvania
Hargrove Hargrove
Santa Santa
Mulford Mulford
Providence Providence Richmond
Birge Birge
Clark Clark
LeConte LeConte
Edwards Edwards
Observatory Observatory
McLaughlin McLaughlin
Illinois Illinois
Chou Chou
Nashville Nashville
Baton Baton
Bowles Bowles
Moses Moses
Stadium Stadium
Kentucky Kentucky
Jones Jones
Durham Durham
Columbus Columbus
Sproul Sproul
Oregon Oregon
Brain Brain
Nevada Nevada
Austin Austin
Montgomery Montgomery
Springer Springer
Maxwell Maxwell
Warren Warren
Energy Energy
CNMAT CNMAT
Wisconsin Wisconsin
Haste Haste Morrison
Moffitt Moffitt
Insectary Insectary
Little Little
Hartford Hartford
Chvez Chvez
BART BART
Columbia Columbia
Class Class
Hertz Hertz
Tang Tang
Salt Salt
Heating Heating
Maryland Maryland
West West
Tennessee Tennessee
Durant Durant
Concord Concord
Simon Simon
Police Police
Topeka Topeka
Lower Lower
Boalt Boalt
Mathematical Mathematical
Minnesota Minnesota
Barrows Barrows
Foothill Foothill
Etcheverry Etcheverry
Trenton Trenton
Mississippi Mississippi
