100 31 15 27 70 36 33 12 11 10 76 121 76 10 11 12 33 36 70 27 15 30 16 59 25 59 16 61 26 61 14 34 7 39 7 34 103 13 29 43 45 44 2 17 1 48 47 19 50 133 141 20 141 133 50 19 47 48 53 18 55 58 100 86 85 164 165 104 156 153 115 111 115 153 156 104 165 164 85 86 100 88 32 88 100 31 15 30 16 61 60 22 25 59 16 61 14 34 7 39 78 37 78 39 7 34 103 13 29 43 72 40 8 9 6 74 73 41 3 42 144 129 130 131 50 19 47 48 49 51 23 53 52 53 18 55 24 55 58 98 94 95 189 192 189 182 189 192 188 21 56 57 56 21 188 136 20 141 133 50 131 142 46 2 44 4 71 5 71 4 44 45 26 61 16 30 15 27 70 36 28 36 70 27 15 31 100
57
7 7
57 57
6 6
41 41
21 21
8 8
52 52
182 182
51 51
24 24
5 5
28 28
111 111
9 9
32 32
20 20
10 10
40 40
53 53
56 56
22 22
42 42
2 2 44 46
31 31
37 37
23 23
48 47 48
49 49
192 192
4 4
25 25 59
60 60
165 165
29 29 43
36 36
55 55
3 3
26 26 45
50 50
1 1 54
12 12
14 14
16 16
18 18
27 27
58 58
121 121
153 153
11 11
13 13
15 15
17 17
19 19
30 30
33 33
34 34
39 39
