AY AZ AG AZ AY AW AV AW AU AS AP AQ AO AQ BL BK BJ BI CC CD BJ BK BN BK BL AQ AP V AP W X D F N H N M N K N F D AC Y AE AD AX AY AZ AG BC BD BA BD AI S AI BF BG CA BG CB BG BF AM BE CT BE BZ CS CQ CN CJ CK CJ CN CM CO CM CN CL BS BM AV AW AY AZ AG AK AJ Q R P O P R T R P O J H N F D E B A B E D AC Y AE AD AX AY
33
F F G I
CO CO
CB CB
CC CC
AG AG AJ
V V
CS CP CS
O O
S S
AO AO
A A
AD AD
AM AM
CK CK
AS AS
T T
Y Y
BA BA
K K
X X
BN BN
CA BF BG CA
AV AV
M M
CT CT
B B
AQ AQ
AX AX
BI BI BJ
P P
CN CN
D D
H H
