LeonieHill ChangiPoint SungeiKadut KampongUbi Shipyard NeeSoon JurongWestCentral Outram Sennett Outram MonksHill PasirRisCentralTown KampongGlam ClarkeQuay SungeiRoad Semakau Frankel FarrerPark GreenwoodPark Guilin Sentosa PasirRisPark SembawangSprings SungeiRoad Novena SingaporePolytechnic SerangoonGarden Victoria PasirPanjang2 Springleaf MandaiWest AnchorvaleBuangkok YioChuKang Boulevard KallangWay AnchorvaleBuangkok NorthCoast BukitBatokCentral ConeyIsland CompassvaleTrafalgar Changi Ridout BishanEast Yishun Phillip TanglinHalt TuasBay YuhuaWestBoonLay TampinesWest PunggolTownCentre Woodgrove YishunCentral ClementiCentral ChangiWest AirportRoad Townsville Trafalgar Kranji NatureReserve ChoaChuKangCentral LoyangEast Tyersall DefuIndustrialPark OrangeGrove NeeSoon Shipyard LeonieHill
49
SerangoonGarden SerangoonGarden
Tyersall Tyersall
LoyangEast LoyangEast
BukitBatokCentral BukitBatokCentral
PunggolTownCentre PunggolTownCentre
Sennett Sennett
TanglinHalt TanglinHalt
Springleaf Springleaf
Ridout Ridout
SungeiKadut SungeiKadut
KampongGlam KampongGlam
Guilin Guilin
TuasBay TuasBay
Kranji Kranji
AirportRoad AirportRoad
Shipyard Shipyard
Townsville Townsville
Yishun Yishun
NorthCoast NorthCoast
Trafalgar Trafalgar
ConeyIsland ConeyIsland
YuhuaWestBoonLay YuhuaWestBoonLay
ChangiWest ChangiWest
ChoaChuKangCentral ChoaChuKangCentral
BishanEast BishanEast
Boulevard Boulevard
SingaporePolytechnic SingaporePolytechnic
PasirPanjang2 PasirPanjang2
JurongWestCentral JurongWestCentral
FarrerPark FarrerPark
SembawangSprings SembawangSprings
Victoria Victoria
KallangWay KallangWay
Woodgrove Woodgrove
GreenwoodPark GreenwoodPark
Semakau Semakau
OrangeGrove OrangeGrove
ClementiCentral ClementiCentral
Sentosa Sentosa
Phillip Phillip
TampinesWest TampinesWest
MonksHill MonksHill
AnchorvaleBuangkok AnchorvaleBuangkok
SungeiRoad SungeiRoad
Novena Novena
DefuIndustrialPark DefuIndustrialPark
NeeSoon NeeSoon
Outram Outram
MandaiWest YioChuKang MandaiWest
