YuhuaEast Sennett SerangoonGarden SingaporeRiver ChinaSquare Simpang CityHall PasirRis Mandai ChengSan BoonLayPlace LowerSeletar PearlsHill Sentosa TelokBlangahRise KampongUbi Brickworks Serangoon Trafalgar OneTreeHill PasirRisPark BedokSouth Matilda Geylang OrangeGrove PeoplesPark BayfrontSubzone Punggol BenoiSector MountPleasant PayaLebarEast Museum TohGuan PasirRisDrive ClementiNorth EvertonPark ReservoirView PulauPunggolTimor Khatib SimpangNorth Paterson SimpangNorth AlexandraNorth SimpangNorth JurongRiver Saujana JurongRiver ChoaChuKang HongKah UpperThomson BedokNorth IstanaNegara ClementiWest JurongWestCentral OneNorth Anson AngMoKioTownCentre SungeiRoad WaterwayEast InstitutionHill Chatsworth TuasNorthPioneer WestCoast SouthernIslands HongKahNorth KeatHong YioChuKangEast SerangoonCentral PasirPanjang2 BukitBatokSouth WoodlandsWest Northland Mountbatten JurongPort PeiChun JurongPort JooSengPayaLebar TampinesNorth Sembawang EastCoast SerangoonNorth ChangiPoint Cairnhill WoodlandsSouth Port RochorCanal PasirPanjang1 KebunBahru MountEmily GeylangEast Moulmein Tanglin TuasPromenade SembawangEast TuasBay TiongBahru TuasBay PunggolField SungeiKadut Kembangan LoyangEast Aljunied YioChuKang WaterwayEast SungeiRoad Kranji PangSua Kranji MandaiWest NatureReserve ChangiWest TanglinHalt MandaiEast DhobyGhaut BukitBatokWest PengSiang YuhuaEast
81
YioChuKang YioChuKang
EastCoast EastCoast
BukitBatokWest BukitBatokWest
CityHall CityHall
Tanglin Tanglin
AlexandraNorth AlexandraNorth
ChangiWest ChangiWest
PunggolField PunggolField
MandaiEast MandaiEast
Cairnhill Cairnhill
UpperThomson UpperThomson
TelokBlangahRise TelokBlangahRise
PeiChun PeiChun DairyFarm
YioChuKangEast UluPandan YioChuKangEast
Port Port
DhobyGhaut DhobyGhaut
RochorCanal RochorCanal
Punggol Punggol
Saujana HougangCentral BoatQuay Saujana DefuIndustrialPark
ChangiPoint ChangiPoint
TiongBahru TiongBahru
TampinesNorth TampinesNorth
ClementiNorth ClementiNorth
LowerSeletar LowerSeletar
Moulmein Moulmein
PayaLebarEast PayaLebarEast TohGuan
BayfrontSubzone BayfrontSubzone
BukitBatokSouth BukitBatokSouth
SerangoonNorth SerangoonNorth TagoreSindo
InstitutionHill InstitutionHill Chatsworth
Geylang Geylang
AngMoKioTownCentre AngMoKioTownCentre
TuasPromenade TuasPromenade
Mountbatten Mountbatten
ReservoirView ReservoirView
BedokSouth BedokSouth
Khatib Khatib
SingaporeRiver SerangoonGarden SingaporeRiver
Serangoon Serangoon
ChinaSquare ChinaSquare
PangSua PangSua
OneNorth OneNorth
KebunBahru Tampines KebunBahru
BedokNorth BedokNorth
OrangeGrove OrangeGrove
HongKahNorth HongKahNorth SouthernIslands
BenoiSector BenoiSector
Trafalgar Trafalgar
PearlsHill PearlsHill
SungeiKadut SungeiKadut
PasirRisPark PasirRisPark
Kembangan Kembangan
JooSengPayaLebar JooSengPayaLebar
Sembawang Sembawang
JurongWestCentral JurongWestCentral
IstanaNegara IstanaNegara
PulauPunggolTimor PulauPunggolTimor
Matilda Matilda
Aljunied Aljunied
HongKah HongKah
WaterwayEast KentRidge Commonwealth WaterwayEast SungeiRoad
EvertonPark EvertonPark
Paterson Paterson SimpangNorth
Northland Northland
TuasNorthPioneer TuasNorthPioneer
GeylangEast GeylangEast
PeoplesPark PeoplesPark
ChoaChuKang ChoaChuKang
PasirRisDrive PasirRisDrive
Sennett Sennett
Sentosa Sentosa
PasirRis PasirRis Mandai
SerangoonCentral SerangoonCentral
TuasBay TuasBay
OneTreeHill OneTreeHill SembawangStraits Shipyard
Brickworks Brickworks
Museum Museum
KeatHong KeatHong SembawangHills
JurongPort JurongPort
WoodlandsWest WoodlandsWest
BoonLayPlace BoonLayPlace
