139 85 11 106 1 47 191 187 109 188 27 125 131 31 198 141 48 173 113 189 84 18 15 142 43 13 30 111 108 57 39 60 182 79 114 184 64 101 153 112 91 122 81 65 16 186 134 127 22 41 143 5 95 161 2 72 69 118 23 146 123 152 32 74 58 156 98 158 145 96 185 8 178 154 176 157 132 165 148 138 77 78 9 164 33 104 71 35 45 144 37 130 36 147 82 67 128 21 89 119 182 7 60 86 14 195 25 97 105 53 181 75 4 21 139
97
146 146
191 191
106 106
91 91
78 78
131 131
165 165
189 189
142 142
85 85
101 101
8 8
198 198 26
81 81
18 18
152 152
74 74
173 173
5 5
176 176
184 184
72 72
111 111
109 109
79 79
33 33
13 13
98 98 172
27 27
138 138
161 161 44
41 41
118 118
145 145
186 186
77 77
47 47
84 84
125 125
112 112
23 23
11 11
43 43
15 15
64 64
127 127
187 187
141 141
71 71
1 1
60 60
65 65
2 2
113 113
123 123
188 188
9 9
95 95
57 57
48 48
108 108
153 153
14 14
144 144
114 114
58 58
148 148
16 16
30 30
32 32
158 158
147 147
39 39
182 182
82 82
128 128
134 134
31 31
35 35
119 119
96 96
104 104
22 22
122 122
178 178
157 157
7 7
67 67
156 156
21 21
25 25
130 130
105 105
69 69
37 37
89 89
75 75
