F8 O3 E3 D5 B4 I6 H3 T0 A9 C8 C3 Q8 A8 B3 Q7 H5 L6 I4 F9 M6 D9 E4 N2 K3 S5 G1 K1 A1 E5 T9 I2 A2 H2 G9 N0 R8 O2 P7 Q5 B0 C4 H4 B2 S0 O1 J2 I0 C0 M5 K6 P9 T5 T8 A0 S2 P5 H6 N1 G6 O5 A3 E7 E8 D4 C1 F2 J1 J0 R4 Q3 P6 I3 R0 S8 D0 T1 P7 S7 N7 N6 B4 R6 K4 D3 C2 L9 I9 R9 D7 F1 E2 G0 E0 S9 I0 N4 B7 G4 N8 F6 R1 H1 M4 K5 T0 Q0 F1 I8 H0 B8 M0 Q9 B7 P2 C8 C3 F8
97
B4 B4
L9 L9
M5 M5
I3 I3
P5 P5
S7 S7
H4 H4
A9 A9
M0 M0
N0 N0
D7 D7
N8 N8
G1 G1
F2 F2
B3 B3
A1 A1
N4 N4
E2 E2
Q0 Q0
E8 E8
I8 H0 I8
E3 E3
J0 J0
K5 K5
H3 H3
F9 F9
T1 T1
C3 C3
N1 N1
S0 S0
T8 T8
F6 F6
S9 S9
D4 D4
D3 D3
A3 A3
G6 G6
D9 D9
A2 A2
P2 P2
B0 B0
O2 O2
P9 P9
K3 K3
R6 R6
S8 S8 R0
R4 R4
J2 J2
A8 A8
H1 H1
C4 C4
J1 J1
K6 K6
H5 H5
B2 B2
F1 F1
D5 D5
Q5 Q5
R9 R9
G0 G0
C0 C0
N2 N2
K1 K1
O3 O3
G4 G4
Q3 Q3
A0 A0
L6 L6
M6 M6
Q8 Q8
S2 S2
O5 O5
P6 P6
O1 O1
N6 N6
S5 S5
I2 I2
E7 E7
E5 E5
C2 C2
E4 E4
Q7 Q7
N7 N7
I0 I0
C1 C1
I9 I9
H2 H2
T5 D8 T5
G9 G9
P7 P7
R8 R8
T0 T0
T9 T9
C8 C8
I6 I6
I4 I4
H6 H6
