0 1 2 3 4 5 6 7 8 9 10 11 12 13 14 15 16 17 18 19 20 21 22 23 24 25 26 27 28 29 30 31 32 33 34 35 36 37 38 39 40 41 42 43 44 45 46 47 48 49 50 51 52 53 54 55 56 57 58 59 60 61 62 63 64 65 66 67 68 69 70 71 72 73 74 75 76 77 78 79 80 81 82 83 84 85 86 87 88 89 90 91 92 93 94 95 96 97 98 99 100 101 102 103 104 105 106 107 108 109 110 111 112 113 114 115 116 117 118 119 120 121 122 123 124 125 126 127 128 129 130 131 132 133 134 135 136 137 138 139 140 141 142 143 144 145 146 147 148 149 193 149 170 149 157 149 153 149 168 149 163 149 156 149 185 149 174 149 162 149 165 149 171 149 160 149 180 149 166 149 176 149 155 149 191 149 150 149 172 149 152 149 181 149 197 149 186 149 188 149 192 149 199 149 194 149 198 149 161 149 164 149 183 149 173 149 182 149 159 149 175 149 187 149 189 149 167 149 178 149 154 149 177 149 169 149 190 149 179 149 151 149 158 149 184 149 195 149 148 147 146 145 144 143 142 141 140 139 138 137 136 135 134 133 132 131 130 129 128 127 126 125 124 123 122 121 120 119 118 117 116 115 114 113 112 111 110 109 108 107 106 105 104 103 102 101 100 99 98 97 96 95 94 93 92 91 90 89 88 87 86 85 84 83 82 81 80 79 78 77 76 75 74 73 72 71 70 69 68 67 66 65 64 63 62 61 60 59 58 57 56 55 54 53 52 51 50 49 48 47 46 45 44 43 42 41 40 39 38 37 36 35 34 33 32 31 30 29 28 27 26 25 24 23 22 21 20 19 18 17 16 15 14 13 12 11 10 9 8 7 6 5 4 3 2 1 0
49
153 153
195 195
184 184
151 151
158 158
179 179
190 190
169 169
177 177
154 154
178 178
167 167
189 189
187 187
175 175
159 159
182 182
173 173
183 183
161 161
164 164
198 198
194 194
199 199
192 192
188 188
186 186
197 197
181 181
152 152
172 172
150 150
191 191
155 155
176 176
166 166
180 180
160 160
171 171
165 165
162 162
174 174
185 185
156 156
163 163
168 168
157 157
170 170
193 193 196
