Qwilfish Drampa Froakie Magnemite Swadloon Tauros Gengar Lotad Drapion Taillow Scatterbug Meloetta Sandile Simisear Noibat Honedge Seaking Treecko Seaking Nincada Whismur Metapod Weezing Escavalier Woobat Crawdaunt Porygon2 Vullaby Volcarona Steenee Metang Slurpuff Inkay Vespiquen Shellder Bastiodon Weezing Plusle Wailord Zekrom Conkeldurr Stufful Amoonguss Vullaby Shellos Magmar Phanpy Skiddo Skorupi Munna Gengar Bounsweet Froakie Magnemite Comfey Magnemite Weepinbell Honedge Noibat Metapod Jumpluff Vullaby Drapion Tropius Qwilfish
49
Whismur Whismur
Volcarona Volcarona
Qwilfish Qwilfish
Swadloon Swadloon
Meloetta Meloetta
Escavalier Escavalier
Treecko Treecko Kakuna
Lotad Lotad
Simisear Simisear
Vespiquen Vespiquen
Crawdaunt Crawdaunt
Froakie Froakie
Taillow Taillow
Slurpuff Slurpuff
Honedge Honedge
Plusle Plusle
Conkeldurr Conkeldurr
Shellos Shellos
Skiddo Skiddo
Comfey Comfey
Gengar Gengar
Metapod Metapod
Woobat Woobat
Sandile Sandile
Steenee Steenee
Nincada Nincada
Tauros Tauros
Drapion Drapion
Scatterbug Scatterbug
Vullaby Vullaby
Porygon2 Porygon2
Seaking Seaking
Magnemite Magnemite
Magmar Magmar
Munna Munna
Skorupi Skorupi
Stufful Stufful
Bastiodon Bastiodon
Noibat Noibat
Weezing Weezing
Metang Metang
Weepinbell Weepinbell
Drampa Drampa
Bounsweet Bounsweet
Shellder Shellder
Inkay Inkay
Amoonguss Amoonguss
Wailord Wailord
Jumpluff Jumpluff
