Qwilfish Tropius Shellos Magmar Volcarona Vullaby Amoonguss Lotad Politoed Terrakion Metang Slurpuff Inkay Meloetta Sandile Simisear Slowbro Dewpider Froakie Drampa Phanpy Skiddo Noibat Metapod Gengar Munna Skorupi Honedge Scatterbug Taillow Drapion Vullaby Porygon2 Crawdaunt Woobat Tsareena Paras Zekrom Conkeldurr Stufful Yungoos Magnemite Comfey Nincada Whismur Bastiodon Weezing Plusle Jumpluff Steenee Wartortle Vespiquen Wartortle Xerneas Seaking Treecko Kakuna Tornadus Gengar Bounsweet Gengar Tauros Gengar Drampa Qwilfish
57
Volcarona Volcarona
Munna Munna Swadloon
Woobat Woobat Stufful Escavalier
Qwilfish Qwilfish
Simisear Simisear
Slurpuff Slurpuff
Politoed Politoed
Taillow Taillow
Comfey Comfey Lumineon
Plusle Plusle Wailord
Phanpy Phanpy
Meloetta Meloetta
Shellos Shellos
Metapod Metapod
Froakie Froakie
Honedge Honedge Weepinbell
Amoonguss Amoonguss
Vespiquen Vespiquen Shellder
Treecko Treecko
Yungoos Yungoos
Bastiodon Bastiodon
Conkeldurr Conkeldurr
Terrakion Terrakion
Drapion Drapion
Skiddo Skiddo
Tropius Tropius
Sandile Sandile
Magmar Magmar
Metang Metang
Porygon2 Porygon2
Slowbro Slowbro
Drampa Drampa
Noibat Noibat
Lotad Lotad
Scatterbug Scatterbug
Vullaby Vullaby
Inkay Inkay
Steenee Steenee
Tornadus Tornadus
Skorupi Skorupi
Dewpider Dewpider
Wartortle Wartortle
Crawdaunt Crawdaunt
Paras Paras
Nincada Nincada
Gengar Gengar
Tsareena Tsareena
Jumpluff Jumpluff
Kakuna Kakuna
Magnemite Magnemite
Whismur Whismur
Xerneas Xerneas
Weezing Weezing
Zekrom Zekrom
Bounsweet Bounsweet
Seaking Seaking
Tauros Tauros
