Myrtle Montgomery Cathedral Moreno Merced Bradenton Albuquerque Cary Champaign Kansas Joliet Deltona Alexandria Minneapolis Lexington Macon Barnstable Lorain Harlingen Kissimmee Miramar Chicago Lansing Bloomington Medford GreenBay Abilene Hartford Cedar Hollywood Brownsville Albany Huntington Muskegon Dallas Chandler Grays Erie Huntsville Mobile Appleton Leominster Houma Corpus Plen Hemet Bridgeport Baltimore Aribel Davidson Myrtle
49
Dallas Dallas
Houma Houma
Bridgeport Bridgeport
Kansas Kansas
Moreno Nashua Moreno
Grays Grays
Hartford Hartford
Bloomington Bloomington
Montgomery Montgomery
Chicago Chicago
Cary Cary
Alexandria Alexandria
Barnstable Barnstable
Bradenton Bradenton
Albany Albany
Muskegon Muskegon
Appleton Appleton
Mobile Mobile
GreenBay GreenBay
Erie Erie
Harlingen Harlingen
Baltimore Baltimore
Davidson Davidson
Cedar Cedar
Deltona Deltona
Medford Medford
Leominster Leominster
Lansing Lansing
Lexington Lexington
Aribel Aribel
Miramar Miramar
Champaign Champaign
Plen Plen
Corpus Corpus
Hemet Hemet
Chandler Chandler
Albuquerque Albuquerque
Merced Merced
Minneapolis Minneapolis
Brownsville Brownsville
Lorain Lorain
Cathedral Cathedral
Huntington Huntington
Joliet Joliet
Hollywood Hollywood
Huntsville Huntsville
Abilene Abilene
Macon Macon
Kissimmee Kissimmee
