Monroe Clarksville Lancaster Havre Aberdeen Lowell Cambridge Albany Boise Merced Montgomery Detroit Three Boulder Lacey Melbourne Julian Cleveland Erie Elkhart Huntington Hickory Hartford Glendale Amarillo Mesquite Burlington Dayton Elizabeth Irving Fairfield Asheville Chesapeake Manchester Cary Dallas Modesto Hampton Prairie Denton Hayward Lakeland Ten Jacksonville Anaheim Hialeah Mesa Carrollton Denver Kennewick Bradenton Akron Laredo Seven Kissimmee Canton Layton Corpus Miami Allentown Lewisville Austin Muskegon Daytona Anchorage Baton Gilbert Viejo Naples Bedford Leominster Mobile Birmingham Clarke Killeen Baltimore Kenosha Gainesville Vista Greensboro Athens Kailua Bridgeport Arlington Rapids Davidson Brownsville Bethlehem Antioch Hagerstown Fayetteville Lafayette Abilene Four Monterey Johnson Huntsville Monroe
97
Burlington Burlington
Cambridge Cambridge
Asheville Asheville
Cleveland Cleveland
Denton Denton
Hialeah Hialeah
Jacksonville Jacksonville
Brownsville Brownsville
Four Four
Havre Havre
Muskegon Muskegon
Denver Denver
Clarke Clarke Hesperia
Modesto Modesto
Miami Miami
Monroe Monroe
Bethlehem Bethlehem
Huntsville Huntsville
Lafayette Lafayette
Johnson Johnson Charleston
Hagerstown Hagerstown
Merced Merced
Bedford Bedford
Mobile Mobile
Fayetteville Apple Fayetteville
Huntington Huntington
Detroit Detroit
Baton Baton
Cary Cary
Rapids Rapids
Athens Athens
Baltimore Baltimore
Vista Vista
Laredo Laredo
Austin Austin
Kailua Kailua
Abilene Abilene
Anchorage Anchorage
Kissimmee Kissimmee
Birmingham Birmingham
Melbourne Melbourne
Viejo Viejo
Elizabeth Elizabeth
Monterey Monterey
Akron Akron
Aberdeen Aberdeen
Gilbert Gilbert
Greensboro Greensboro
Davidson Davidson
Layton Layton
Mesquite Mesquite
Julian Julian
Anaheim Anaheim
Leominster Leominster
Erie Erie
Killeen Killeen
Dallas Dallas
Manchester Manchester
Hartford Hartford
Boise Boise
Fairfield Fairfield
Gainesville Gainesville
Lakeland Lakeland
Boulder Boulder
Seven Seven
Dayton Dayton
Prairie Prairie
Antioch Antioch
Daytona Daytona
Three Three
Lancaster Lancaster
Bradenton Bradenton
Allentown Allentown
Naples Naples
Corpus Corpus
Montgomery Montgomery
Lewisville Lewisville
Elkhart Elkhart
Amarillo Amarillo
Irving Irving
Lowell Lowell
Hickory Hickory
Clarksville Clarksville
Canton Canton
Kennewick Kennewick
Kenosha Kenosha
Hampton Hampton
Bridgeport Bridgeport
Glendale Glendale
Mesa Mesa
Ten Ten
Albany Albany
Carrollton Carrollton
Lacey Lacey
Arlington Arlington
Hayward Hayward
Chesapeake Chesapeake
