DK CP BM CU AA BE GY EA FH FT AO AG FD FP BW ED FW HJ CE CD AY CC AM EQ DP GZ AN DX DF CI CX HD EO FN FA EP DE ET CT HE DZ CG EF GB CS DL AT CW BR AU DB HF ES DN HB FZ AK EB GX GT CR AZ BF BV DM DT DO EN BP GR EW AB GG EY BZ FG DI HC CA CM DD EL BC AV BL EM GN HI GV DU DK
89
EY EY
GT GT
ED ED
DX DX
GY GY
EO EO
DI DI
BP BP
EQ EQ
CW CW BI
DN DN
BM BM
CT CT
EB EB
BC BC
DU DU
AB AB
BL BL
AU BH AU
EP EP
HI HI
DL DL
DM DM
GB GB
CX CX
FH FH
AG AG
CM CM
DD DD
AA FB AA
FP FP
AY AY
GX GX
EN EN
CE CE
FG FG
CI CI
EL EL
EM EM
FZ FZ
DZ DZ
CC CC
AZ AZ
GV GV
DP DP
ES ES
AV AV
CG CG
CA CA
GR GR
FW FW
FA FA
CR CR
GZ GZ
BV BV
AN AN
ET ET
AK AK
CS CS
DT DT
GG GG
GN GN
EW EW
BR BR
EF EF
EA EA
BF BF
BZ BZ
DE DE
HD CY HD
AM AM
FN FN
DO DO
HF HF
DF DF
HJ HJ
BW BW
AO AO
CD CD
DB DB
HB HB
FT FT
HC HC
FD FD
CP CP
BE BE
CU CU
AT AT CK
HE HE
