Soda DurantHall Campanile AnthonyHall ChouHall ClarkKerrCampus CheitHall AlumniHouse CareerCenter VLSB BerkeleyWayWest BanwayBldg BarkerHall DonnerLab ChanShunAuditorium EtcheverryHall CNMAT CaliforniaHall EshlemanHall BlackwellHall BirgeHall BARTStation BarrowLane Cory BancroftLibrary BoaltHall CyclotronRd BotanicalGarden CampbellHall EastAsianLibrary Dwinelle DavisHall EastGate DoeMemorialLibrary Soda
33
BanwayBldg BanwayBldg EdwardsStadium
ChouHall ChouHall
EastAsianLibrary EastAsianLibrary
DoeMemorialLibrary DoeMemorialLibrary
BirgeHall BirgeHall BlumHall
EshlemanHall EshlemanHall
CareerCenter CareerCenter
DurantHall DurantHall
BancroftLibrary BancroftLibrary
ChanShunAuditorium ChanShunAuditorium
BarrowLane BarrowLane BarrowsHall EvansDiamond
BerkeleyWayWest BerkeleyWayWest BrainImagingCenter
BotanicalGarden BotanicalGarden
CNMAT CNMAT
DavisHall BerkeleyArtMuseum DavisHall
CaliforniaHall CaliforniaHall
CyclotronRd CyclotronRd
Dwinelle Dwinelle
BlackwellHall BlackwellHall
Campanile Campanile
CheitHall CheitHall
ClarkKerrCampus CalvinLaboratory ClarkKerrCampus
EtcheverryHall EtcheverryHall
AlumniHouse AlumniHouse
BARTStation BARTStation
Cory Cory
BarkerHall BarkerHall
CampbellHall CampbellHall
VLSB VLSB
DonnerLab DonnerLab
EastGate EastGate
BoaltHall BoaltHall
AnthonyHall AnthonyHall
