Soda EtcheverryHall WicksonNaturalArea Emeryville AnthonyHall HertzHall Unit1 BancroftLibrary EastGate ChouHall Belmont StHelena KleebergerFieldHouse SatherTower Pittsburg Alameda GiauqueHall Orinda Oakley Brisbane MartinezCommons Saratoga Hayward EvansHall FoundersRock MinorHallAddition HearstMiningCircle StadiumRimWay Cory BlumHall Campanile Healdsburg WomenFacultyClub SternHall WellmanHall ZellerbachHall MulfordHall ZellerbachPlayhouse Benicia IshiCourt SanPablo HearstGreekTheatre GilmanHall GoldmanField WheelerHall KroeberHall WestCircle Insectary ClearyHall Pinole PimentelHall Albany Fairfield WursterHall Hillsborough Pacifica LowerSproulPlaza ClarkKerrCampus DonnerLab NorthGateHall HargroveMusicLibrary Piedmont FrankSchlessingerWay WestGate LewisHall SanRamon Soda
65
LowerSproulPlaza LowerSproulPlaza
HearstMiningCircle HearstMiningCircle
SanRamon SanRamon
KroeberHall KroeberHall
WomenFacultyClub WomenFacultyClub
HargroveMusicLibrary HargroveMusicLibrary
ZellerbachHall ZellerbachHall
WestGate WestGate
Emeryville Emeryville SproulPlaza
Campanile Campanile
Pinole Pinole
ZellerbachPlayhouse ZellerbachPlayhouse
GoldmanField GoldmanField
EastGate EastGate
Albany Albany SanRafael
SanPablo SanPablo
EtcheverryHall EtcheverryHall
Cory Cory
FrankSchlessingerWay FrankSchlessingerWay
StadiumRimWay StadiumRimWay
AnthonyHall AnthonyHall
ClarkKerrCampus ClarkKerrCampus
Brisbane Brisbane
LewisHall LewisHall
FoundersRock FoundersRock
Orinda Orinda
Hayward Hayward Unit3
Hillsborough Hillsborough
ClearyHall ClearyHall
PimentelHall PimentelHall BarkerHall
WursterHall WursterHall
Healdsburg Healdsburg
Belmont Belmont
HertzHall HertzHall
Insectary Insectary
Pittsburg Pittsburg
Benicia Benicia
BlumHall BlumHall
WellmanHall WellmanHall
MartinezCommons MartinezCommons
HearstGreekTheatre HearstGreekTheatre CalvinLaboratory
Pacifica Pacifica
StHelena StHelena
Fairfield Fairfield
SatherTower SatherTower
DonnerLab DonnerLab
WheelerHall WheelerHall
WestCircle WestCircle
Piedmont Piedmont
Alameda Alameda
WicksonNaturalArea WicksonNaturalArea
MulfordHall MulfordHall
GiauqueHall GiauqueHall
IshiCourt IshiCourt
Saratoga Saratoga
NorthGateHall NorthGateHall
BancroftLibrary BancroftLibrary
KleebergerFieldHouse KleebergerFieldHouse
Oakley Oakley
GilmanHall GilmanHall
SternHall SternHall
ChouHall ChouHall
EvansHall EvansHall
Unit1 Unit1
MinorHallAddition MinorHallAddition
