McLaughlinHall RedwoodGroveBotanica HasteStreetChildDeve KroeberHall VisitorCenter EtcheverryHall EnergyBiosciencesBui GrinnellNaturalArea EvansDiamond EastAsianStudiesInst RecreationalSportsFa WarrenHall HertzHall BancroftParkingStruc Library PublicAffairsOfficeo ResidentialStudentSe SeniorHall BerkeleyArtMuseumand ZellerbachHall FacultyGlade SimpsonCenterforStud LegendsAquaticCenter MagnesCollectionofJe WitterRugbyField Unit3ResidentHall WomensFacultyClub EshlemanHall JonesChildStudyCente GianniniHall InsectaryGreenhouse SpiekerAquaticsCompl GiauqueHall LevineFrickeSoftball AnnaHeadAlumnaeHall Romeos StrawberryCanyonRecr UCBerkeleyExtension CNMAT1750ArchSt GoldmanSchool StephensHall CampusSharedServices McLaughlinHall
41
RedwoodGroveBotanica RedwoodGroveBotanica DurantHall SamsPad MoffittLibrary CareerCenter MathematicalSciences McLaughlinHall BotanicalGarden
StephensHall StephensHall
CampusSharedServices CampusSharedServices
CNMAT1750ArchSt CNMAT1750ArchSt
GoldmanSchool GoldmanSchool
UCBerkeleyExtension UCBerkeleyExtension
Romeos Romeos
StrawberryCanyonRecr StrawberryCanyonRecr
AnnaHeadAlumnaeHall AnnaHeadAlumnaeHall
LevineFrickeSoftball LevineFrickeSoftball
SpiekerAquaticsCompl SpiekerAquaticsCompl
GianniniHall GianniniHall
InsectaryGreenhouse InsectaryGreenhouse
JonesChildStudyCente JonesChildStudyCente
GiauqueHall GiauqueHall
EshlemanHall EshlemanHall
WomensFacultyClub WomensFacultyClub
Unit3ResidentHall Unit3ResidentHall
WitterRugbyField WitterRugbyField
MagnesCollectionofJe MagnesCollectionofJe
SimpsonCenterforStud SimpsonCenterforStud
LegendsAquaticCenter LegendsAquaticCenter
ZellerbachHall ZellerbachHall
BerkeleyArtMuseumand BerkeleyArtMuseumand
ResidentialStudentSe ResidentialStudentSe
FacultyGlade FacultyGlade
Library Library
SeniorHall SeniorHall
PublicAffairsOfficeo PublicAffairsOfficeo
BancroftParkingStruc BancroftParkingStruc
HertzHall HertzHall
WarrenHall WarrenHall
EastAsianStudiesInst EastAsianStudiesInst
RecreationalSportsFa RecreationalSportsFa
EvansDiamond EvansDiamond
EtcheverryHall EtcheverryHall
GrinnellNaturalArea GrinnellNaturalArea
EnergyBiosciencesBui EnergyBiosciencesBui
VisitorCenter VisitorCenter
KroeberHall KroeberHall
HasteStreetChildDeve HasteStreetChildDeve
