BerkeleyArtMuseumand LegendsAquaticCenter BerkeleyArtMuseumand LawSchool BancroftLibrary ArchitectsEngineersA SatherTower FallProgramforFreshm SpiekerAquaticsCompl CareerCenter WarrenHall ChancellorsEsplanade MulfordHall LawrenceHallofScienc HaasSchoolofBusiness UniversityHouse IRLE McConeHall EvansDiamond Demography AnthonyHall BarrowsHall LiKaShingCenter Library AlumniHouse BancroftDanceStudio PublicAffairsOfficeo HavilandHall MorrisonHall NorthField KoshlandHall SimpsonCenterforStud InsectaryGreenhouse AcademicInnovationSt MariesHouse PacificFilmArchiveBe LatinAmericanStudies ObservatoryHill GolbousPlace Sebastians McLaughlinHall FacultyGlade UniversityHealthServ SutardjaDaiHall EvansHall CoryHall StanleyHall GraduateTheologicalU EllsworthParkingStru MosesHall MathematicalSciences KoretVisitorCenter LawrenceBerkeleyNati MartinezCommons GoldmanField EnergyBiosciencesBui UpperHearstParkingSt CheitHall HearstMemorialMining LeConteHall BowlesHall ClarkKerrCampus FacultyClub ManvilleHall CesarEChavezStudentC GianniniHall CaliforniaHall EdwardsTrackStadiumG ZellerbachHall HenryHWheelerBrainIm InvestigativeReporti WellmanHall NaturalResourcesLabo MagnesCollectionofJe AHammock BanwayBuilding MaxwellFamilyFieldan SimonHall FoxCottage2350Bowdit EastAsianStudiesInst Unit1ResidentHall InternationalHouse LowerHearstParkingSt BerkeleyArtMuseumand
81
PublicAffairsOfficeo PublicAffairsOfficeo
Unit1ResidentHall Unit1ResidentHall
MaxwellFamilyFieldan MaxwellFamilyFieldan
AHammock AHammock
WellmanHall WellmanHall
MagnesCollectionofJe MagnesCollectionofJe
NaturalResourcesLabo NaturalResourcesLabo
BanwayBuilding BanwayBuilding
InvestigativeReporti InvestigativeReporti
LowerHearstParkingSt LowerHearstParkingSt
InternationalHouse InternationalHouse
HenryHWheelerBrainIm HenryHWheelerBrainIm
SimonHall SimonHall
FoxCottage2350Bowdit FoxCottage2350Bowdit
EastAsianStudiesInst EastAsianStudiesInst
ManvilleHall ManvilleHall
LeConteHall LeConteHall
ZellerbachHall ZellerbachHall
MosesHall MosesHall
EdwardsTrackStadiumG EdwardsTrackStadiumG
GraduateTheologicalU GraduateTheologicalU
EvansHall EvansHall
CaliforniaHall CaliforniaHall
GianniniHall GianniniHall
CesarEChavezStudentC CesarEChavezStudentC
FacultyClub FacultyClub
ClarkKerrCampus ClarkKerrCampus
BowlesHall BowlesHall
FacultyGlade FacultyGlade
HearstMemorialMining HearstMemorialMining
EnergyBiosciencesBui EnergyBiosciencesBui
CheitHall CheitHall
GoldmanField GoldmanField
UpperHearstParkingSt UpperHearstParkingSt
MartinezCommons MartinezCommons
MathematicalSciences MathematicalSciences
EllsworthParkingStru EllsworthParkingStru
LawrenceBerkeleyNati LawrenceBerkeleyNati
KoretVisitorCenter KoretVisitorCenter
StanleyHall StanleyHall
KoshlandHall KoshlandHall
CoryHall CoryHall
UniversityHealthServ UniversityHealthServ
GolbousPlace GolbousPlace
SutardjaDaiHall SutardjaDaiHall
Sebastians Sebastians
ObservatoryHill ObservatoryHill
PacificFilmArchiveBe PacificFilmArchiveBe
LiKaShingCenter LiKaShingCenter
InsectaryGreenhouse InsectaryGreenhouse
AcademicInnovationSt AcademicInnovationSt
McLaughlinHall McLaughlinHall
LatinAmericanStudies LatinAmericanStudies
MariesHouse MariesHouse
SimpsonCenterforStud SimpsonCenterforStud
NorthField NorthField
AlumniHouse AlumniHouse
MorrisonHall MorrisonHall
HavilandHall HavilandHall
BancroftDanceStudio BancroftDanceStudio
Demography Demography
Library Library
BarrowsHall BarrowsHall
AnthonyHall AnthonyHall
EvansDiamond EvansDiamond
McConeHall McConeHall
UniversityHouse UniversityHouse
IRLE IRLE
HaasSchoolofBusiness HaasSchoolofBusiness
MulfordHall MulfordHall
LawrenceHallofScienc LawrenceHallofScienc
ChancellorsEsplanade ChancellorsEsplanade
WarrenHall WarrenHall
SpiekerAquaticsCompl SpiekerAquaticsCompl
FallProgramforFreshm FallProgramforFreshm
ArchitectsEngineersA ArchitectsEngineersA
CareerCenter CareerCenter
SatherTower SatherTower
BancroftLibrary BancroftLibrary
LawSchool LawSchool
LegendsAquaticCenter LegendsAquaticCenter BerkeleyArtMuseumand
