a fn gn m aw aj ci fy ec e fl cv w ae bc bl ey em l et y aa er dq u az cl p de ag bi bd eu dx ap ct fv b ep bm ff ex fz ga fg gl fh fa ew h ee c en j eq fb cu ar t df fr fd bv ck do o dm fu gp al cq ak cs k du an ah ea dt eg dg gh gb dj fs bf gm ev by br cd ch cb dn a ed cp a bz a
97
fn fn
aj aj bb
fl fl
et et
fy fy
w w ab
eu eu
ey ey
ep ep
m m dv
ex ex
en en
bc bc
eq eq
fa fa
fv fv
er er
aw aw
ci ci
ec ec
ae ae
cv cv
aa aa
de de
em em
bl bl
gn gn
dq dq
az az
u u
df df
ee ee
dm dm
y y
du du
dt dt
ff ff
cl cl
e e
bi bi
fb fb
dx dx
bd bd
ct ct
ga ga
eg eg
dg dg
p p
ag ag
bm bm
gl gl
b b
ck ck
fh fh
ap ap
cs cs
fz fz
l l
do do
cu cu
ev ev
ar ar
ea ea
a a
fd fd
t t
h h
fr fr
ew ew
c c
cq cq
ak ak
al al
fg fg
j j
fu fu
gp gp
bv bv
gh gh
dn dn
o o
ah ah
dj dj
gb gb
br br
cd cd
k k
gm gm
ch ch
fs fs
by by
bf bf
ed ed
an an
cp cp
cb cb
bz bz
