Fizz Annie Sniper Oracle Warlock Undying Janna JarvanIV Nunu Orianna LeBlanc ShadowFiend NightStalker Quinn KhaZix Mirana Brewmaster Techies Zilean LoneDruid Cassiopeia SpiritBreaker Puck Tristana Pantheon DeathProphet Katarina Gragas Slark Trundle ShadowDemon CentaurWarrunner Magnus Jinx Rengar Leona Sona Jayce Karma Beastmaster FacelessVoid Amumu StormSpirit Lucian Chen Visage Fiddlesticks BountyHunter Venomancer Syndra Tiny Talon Terrorblade Omniknight Vi Kayn Irelia Ryze Weaver Sven Slardar Yorick Nasus Viktor Heimerdinger Singed Timbersaw VelKoz ShadowShaman Kassadin Ekko Morphling Ziggs Zed Rumble Rubick Kennen Vladimir Xayah TrollWarlord TahmKench Fizz
81
Tiny Tiny
Rubick Rubick
Techies Techies
Zed Zed
JarvanIV JarvanIV
Sven Sven
Leona Leona
Katarina Katarina Nidalee
Warlock Huskar Warlock
Vi Vi
Jinx Jinx
Mirana Mirana
LoneDruid Medusa LoneDruid
Ekko Ekko
Terrorblade Terrorblade
Yorick Yorick
SpiritBreaker SpiritBreaker
Fiddlesticks Fiddlesticks
Heimerdinger Heimerdinger Azir
TahmKench TahmKench
Xayah Xayah
Fizz Fizz
Tristana Tristana
Amumu Amumu
NightStalker NightStalker
Orianna Kled Bane Orianna
Chen Chen
Sniper Sniper
Singed Singed
TrollWarlord TrollWarlord
Jayce Thresh Jayce
Nasus Nasus
Omniknight WinterWyvern Omniknight
Irelia Irelia
Venomancer Venomancer
Timbersaw Timbersaw
Morphling Morphling
Weaver Weaver
Vladimir Vladimir
Pantheon Pantheon
Magnus Magnus
Syndra Syndra
Trundle Trundle
Rengar Rengar
Lucian Lucian
Rumble Rumble
ShadowFiend ShadowFiend
StormSpirit StormSpirit
FacelessVoid FacelessVoid
Slardar Slardar
Ziggs Ziggs
ShadowDemon ShadowDemon
Viktor Viktor
Brewmaster Brewmaster
Kennen Kennen
Puck Puck
Visage Visage
ShadowShaman ShadowShaman
Talon Talon
DeathProphet DeathProphet
VelKoz VelKoz
Quinn Quinn
Annie Annie
Kassadin Kassadin
KhaZix KhaZix
CentaurWarrunner CentaurWarrunner
Sona Sona
Ryze Ryze
Karma Karma
Zilean Zilean
Kayn Kayn
LeBlanc LeBlanc
Cassiopeia Cassiopeia
Gragas Gragas
Beastmaster Beastmaster
Oracle Oracle
Slark Slark
BountyHunter BountyHunter
Janna Janna
Nunu Nunu
Undying Undying
