Pantheon Spectre Ezreal Nunu MasterYi ArcWarden Ahri CrystalMaiden KogMaw Disruptor Anivia Talon NightStalker Magnus Tailyah LoneDruid Oracle Ashe Shyvana Jayce Slark Kled Jhin Skarner Bard Maokai Lucian Tiny Heimerdinger Akali Ziggs Malphite Xerath Jinx Morgana BountyHunter Phoenix Lich WraithKing Rumble TrollWarlord Lux Pantheon
41
Spectre Spectre
Kled Kled
Phoenix Jax Phoenix Galio
MasterYi MasterYi
Lucian Lucian
Ziggs CentaurWarrunner Ziggs
Rumble Rumble SpiritBreaker
Jinx Jinx Draven
WraithKing WraithKing
Ashe Ashe
Skarner Skarner
Maokai Maokai
Ahri Ahri
Jayce Jayce
Lux Lux
KogMaw KogMaw
Tailyah Tailyah Bristleback
TrollWarlord TrollWarlord
Tiny Tiny
Xerath Xerath
BountyHunter BountyHunter
Anivia Anivia
NightStalker NightStalker
Heimerdinger Heimerdinger
LoneDruid LoneDruid
Slark Slark
Malphite Malphite
Oracle Oracle
Ezreal Ezreal
Lich Lich ChaosKnight
Morgana Morgana
ArcWarden ArcWarden
Shyvana Shyvana
Magnus Magnus
Bard Bard
Nunu Nunu
Akali Akali
Disruptor Disruptor
Talon Talon
CrystalMaiden CrystalMaiden
Jhin Jhin
