0 1 0 2 0 7 9 24 9 7 25 7 8 74 66 62 58 56 52 55 54 55 52 56 58 62 66 74 8 10 72 67 63 59 57 51 60 64 68 71 11 10 26 28 27 77 27 28 12 73 69 65 61 65 69 73 12 30 32 31 14 47 14 17 14 13 14 31 30 33 36 35 39 35 29 34 38 75 95 96 97 98 97 96 95 75 38 34 29 30 33 41 33 36 35 39 37 84 87 82 87 84 37 39 35 29 30 31 14 47 45 47 14 13 12 73 69 65 70 65 69 73 12 13 14 15 16 99 16 15 14 47 48 49 50 93 89 93 50 49 92 90 92 49 48 47 14 31 40 76 78 99 83 99 85 99 79 81 41 33 30 31 14 47 46 91 43 44 43 80 88 94 88 80 99 86 42 45 47 14 17 18 19 20 19 18 17 14 31 30 28 26 10 9 24 23 0 21 0 22 0 2 3 4 5 6 5 4 3 2 0 7 8 74 66 62 58 56 52 55 54 53 54 55 52 56 58 62 66 74 8 7 0
97
6 6
20 20
53 53
3 3
21 21
18 18
22 22
23 23
78 78
4 4
5 5
19 19
54 54
44 44
42 42
83 83
85 85
79 79
16 16
76 76
74 74
40 40
89 89
56 56
98 98
70 70
99 99
15 15
82 82
45 45
52 52
51 51
58 58
75 75
62 62
1 1
94 94
69 69
46 46
67 67
55 55
66 66
41 41
61 61
96 96
37 37
64 64
90 90 92
80 80
86 86
97 97
39 39
13 13
8 8
91 91
59 59
71 71
77 77
43 43
81 81
95 95
60 60
24 24
38 38
50 50
57 57
65 65
87 87
88 88
10 10
36 36
73 73
32 32
12 12
25 25
34 34
63 63
68 68
84 84
93 93
48 48 49
11 11
17 17
26 26
2 2
7 7
29 29
30 30
31 31
33 33
72 72
47 14 47
0 0
9 9
27 27
28 28
35 35
