6 1 4 0 8 7 2 6 11 15 13 14 16 19 10 18 11 24 20 21 26 23 20 24 30 31 39 38 36 30 42 40 48 46 41 40 42 55 51 50 59 51 55 57 55 67 69 62 63 60 65 67 73 74 78 72 79 75 77 73 80 81 87 88 85 80 96 90 95 97 98 94 96 103 105 101 102 107 109 106 105 103 111 114 112 115 118 113 111 124 126 120 128 129 128 125 124 133 139 130 137 138 132 138 137 134 133 143 148 149 144 147 146 147 145 143 158 150 153 150 157 152 159 158 168 164 168 166 167 163 168 172 176 170 178 177 172 189 180 186 184 182 181 187 180 185 180 189 199 198 197 194 190 191 196 199 6
89
15 15
118 118
167 167
79 79
46 46
137 137
98 98
144 144
187 187
59 59
191 191
85 85
120 120
39 39
63 63
109 109
178 178
23 23
157 157
8 8
95 95
57 57
194 194
41 41
7 7
18 18
21 21
74 74
87 87
148 148
177 177
185 185
97 97
139 139
152 152
1 1
50 50
126 126
106 106
114 114
146 146
145 145
164 164
196 196
65 65
31 31
48 48
69 69
101 101
125 125
163 163
170 170 179
198 198
26 26
132 132
153 153
166 166
186 186
14 14
77 77 75
90 90
129 129
130 130
134 134
149 149
4 4
19 19
40 40
88 88
113 113
62 62
105 105
182 182
36 36 38
60 60
107 107
112 112
115 115
128 128
150 150
10 10
20 20
51 51
78 78
81 81
176 176
181 181
190 190
0 0
