5 0 1 2 3 4 5 11 7 6 10 9 8 11 17 12 13 14 15 16 17 23 18 19 20 21 22 23 29 24 25 26 27 28 29 35 30 31 32 33 34 35 41 36 37 38 39 40 41 47 42 43 44 45 46 47 53 48 49 50 51 52 53 59 54 55 56 57 58 59 65 60 61 62 63 64 65 71 66 67 68 69 70 71 77 72 73 74 75 76 77 83 78 79 80 81 82 83 89 84 85 86 87 88 89 95 90 91 92 93 94 95 101 96 97 98 99 100 101 107 102 103 104 105 107 113 119 125 131 137 143 149 155 161 167 173 179 5
89
7 7
96 96
48 48
72 72
24 24
36 36
60 60
84 84
0 0
12 12
18 18
30 30
42 42
54 54
66 66
78 78
90 90
102 102 106
2 2
9 9
14 14
20 20
26 26
32 32
38 38
44 44
50 50
56 56
62 62
68 68
74 74
80 80
86 86
92 92
98 98
104 104
1 1
3 3
4 4
6 6
8 8
10 10
13 13
15 15
16 16
19 19
21 21
22 22
25 25
27 27
28 28
31 31
33 33
34 34
37 37
39 39
40 40
43 43
45 45
46 46
49 49
51 51
52 52
55 55
57 57
58 58
61 61
63 63
64 64
67 67
69 69
70 70
73 73
75 75
76 76
79 79
81 81
82 82
85 85
87 87
88 88
91 91
93 93
94 94
97 97
99 99
100 100
103 103
105 105
