0 6 57 6 59 6 61 6 55 6 63 6 0 1 17 1 11 1 10 1 18 1 15 1 0 2 21 2 22 2 26 2 27 2 25 2 0 4 39 4 44 4 41 4 40 4 43 4 0 3 29 3 36 3 32 3 0 5 50 5 49 5 54 5 48 5 0 7 68 7 64 7 71 7 70 7 0 8 73 8 80 8 79 8 76 8 77 8 0 9 83 9 87 9 89 9 82 9 0
41
17 17 1
25 25
41 41
48 48
55 55
70 70
77 77
89 89
32 32
40 40
43 43
63 63
82 82
49 49
57 57
64 64
76 76
87 87
15 15
21 21 2
39 39 4
54 54
59 59
61 61
71 71
10 10
18 18
29 29 3
50 50 5
68 68 7
73 73 8
83 83 9
11 11
22 22
26 26
27 27
36 36
44 44
80 80
79 79
6 6
