0 145 146 62 67 75 76 33 31 36 44 49 55 51 53 56 64 68 73 42 43 47 109 110 104 97 95 93 134 128 132 133 138 131 142 148 4 12 19 60 65 66 70 69 113 105 108 111 117 118 40 34 39 122 127 15 22 29 30 35 27 26 32 25 28 85 78 77 82 81 86 84 80 119 123 125 120 114 7 8 9 16 23 141 137 143 135 10 13 11 18 24 109 101 96 98 94 97 5 50 45 50 0
97
64 64
109 109
148 148
34 34
81 81
8 8
128 128
22 22
96 96
53 53
44 44
119 119
138 138 135
12 12
55 55
122 122
60 60
33 33
43 43
78 78
75 75
0 0
94 94
97 97 89
13 13
26 26
25 25
117 117
113 113
62 62
73 73
18 18
118 118
141 141
29 29
143 143
45 45
16 16
66 66
84 84 83
5 5
7 7
70 70
134 134
125 125
76 76
31 31
68 68
82 82
110 110
36 36
9 9
19 19
56 56
104 104
69 69
132 132
127 127
131 131
145 145
108 108
30 30
15 15
65 65
11 11
42 42
146 146
51 51
27 27
4 4
32 32
142 142
85 85
86 86
10 10
133 133
137 137
105 105
67 67
28 28
40 40
123 123
24 24
23 23
39 39
95 95
47 47
101 101
93 93
111 111
49 49
35 35
80 80
77 77
114 114
98 98
120 120
