187 86 13 59 37 42 37 120 67 18 47 67 196 99 7 68 162 70 199 195 63 48 158 94 151 88 153 29 133 181 128 124 23 148 150 148 71 122 15 82 127 101 92 184 126 58 95 65 140 117 73 142 175 102 9 39 69 146 41 93 171 69 44 79 114 1 90 21 108 21 111 6 12 152 6 149 132 149 169 190 173 72 136 178 161 191 49 77 107 77 2 30 173 166 78 164 87 36 179 110 177 45 8 66 172 144 119 144 52 78 163 134 154 97 54 55 54 89 189 80 194 165 160 56 35 53 83 157 159 176 159 33 96 180 64 183 131 109 187
97
119 119
92 92
55 55
94 94
142 142
12 12
2 2
83 83
109 109
199 199
39 39
164 164
126 126
110 110
134 134
148 148
72 72
59 59
163 163
65 65
180 180
165 165
80 80
176 176
93 93
9 9
29 29
133 133
161 161
79 79
48 48
108 108
190 190
196 196
87 87
82 82
132 132
86 86 156
111 111
23 23
45 32 45
120 120
171 171
184 184
52 52
44 44
117 117
41 41
78 78
8 8
68 68
33 33
169 169
53 53
152 152
47 47
166 166
97 97
172 172
181 181
90 90
15 15
73 73
30 30
160 160
183 183
58 58
114 114
131 131
175 175
18 18
71 71
107 107
136 136
191 191
6 6
89 89
63 63
146 146
7 7
36 36
13 13
42 42
157 157
173 173
127 127
154 154
140 140
70 70
162 162
67 67
69 69
153 153
150 150
95 95
128 128 124
54 54
