0 21 78 29 59 37 19 22 49 20 80 12 98 11 86 81 94 57 51 69 92 70 91 58 73 24 7 54 53 61 36 33 17 62 13 40 82 8 96 169 97 56 46 48 16 31 83 3 26 60 90 79 34 99 2 15 32 67 10 28 76 9 47 89 88 4 42 35 38 39 41 30 71 44 66 1 74 27 45 64 93 65 75 55 50 5 95 77 84 68 14 6 63 135 43 135 23 100 85 18 52 0
97
7 7
39 39
64 64
100 100
60 60
40 40
30 30
14 14
19 19
36 36
23 23
31 31
76 76
51 51
46 46
55 55
1 1
95 95
99 99
80 80
92 92
2 2
88 88
78 78
81 81
58 58
93 93
20 20
13 13
61 61
97 97
3 3
24 24
10 10
50 50
27 27
98 98
16 16
5 5
79 79
15 15
59 59
41 41
11 11
9 9
42 42
63 63
65 65
84 84
73 73
18 18
96 96
52 52
49 49
33 33
90 90
4 4
71 71 87
94 94
56 56
69 69
67 67
45 45
70 70
43 43
37 37
47 47
86 86
6 6 72
68 68
44 44
26 26
17 17
83 83
74 74
54 54
53 53
48 48
34 34
32 32
77 77
35 35
21 21 25
62 62
29 29
82 82
8 8
12 12
75 75
57 57
38 38
28 28
85 85
66 66
91 91
22 22
89 89
