c5 t9 t1 t0 q1 i4 r9 d6 i5 n0 t8 l8 t6 l3 j5 s1 h6 d5 o6 l4 o5 b5 h0 o0 a0 j7 m4 r1 m7 g1 h5 a6 a4 j2 c3 s3 l6 h1 c4 g9 l0 f3 f5 t7 f2 j6 r2 s4 h4 r7 h3 q3 s2 n6 g3 e1 e4 o4 p9 o8 j3 k6 o2 q5 e0 g0 p0 m0 d4 i1 a7 b3 a1 a8 l1 b7 p7 g6 i0 t2 k1 f6 o7 n3 h2 q8 e5 t5 g4 r4 s9 g7 e2 g8 s7 q0 c8 k9 c5
97
n3 n3
a7 a7
i4 i4 n4
a8 a8
o6 o6
n6 n6
s7 s7
k6 k6
r2 r2
g6 g6
h0 h0
a4 a4
t9 t9
i5 i5
a0 a0
p0 p0
k9 k9
g7 g7
h5 h5
q1 q1
q8 q8
q0 q0
h4 h4
g3 g3
b7 b7
b5 b5
p9 p9
e5 e5
l3 l3
i1 i1
a1 a1
d5 d5
e2 e2
t2 t2
d6 d6
e0 g5 e0
q3 q3
j5 j5
a6 a6
t0 t0
f6 f6
o4 o4
g0 g0
m4 m4
c4 c4
j6 j6
s3 s3
t8 t8
r9 r9
e4 e4
p7 p7
i0 i0
n0 n0
r1 r1
m7 m7
c3 c3
d4 d4 b1
f3 f3
l8 l8
o5 o5
h1 h1
f2 f2
q5 q5
h2 h2
j7 j7
j3 j3
o7 o7
b3 b3
o0 o0
l6 l6
l1 l1
s2 s2
l0 l0
s9 s9
f5 f5
r4 r4
h6 h6
e1 e1
g8 g8
t1 t1
s4 s4
c8 c8
h3 h3
j2 j2
s1 s1
k1 k1
g1 g1
t6 t6
t7 t7
l4 l4
g4 g4
g9 g9
m0 m0
o8 o8
t5 t5
r7 r7
o2 o2
