0 7 161 147 81 143 87 61 103 27 91 137 107 21 151 175 117 99 141 59 133 125 35 45 23 139 53 173 135 93 127 199 165 129 31 83 95 65 145 67 71 197 187 43 195 101 157 189 9 63 159 131 105 179 97 39 69 183 153 3 73 171 167 57 169 193 115 51 37 25 19 185 33 191 79 1 15 119 75 109 13 41 113 5 149 121 77 47 29 111 155 85 11 17 123 177 55 163 0
97
13 13 49
9 9
187 187
133 133
27 27
35 35
135 135
163 163
57 57
23 23
69 69
191 191
75 75
153 153
101 101
1 1
51 51
147 89 147
155 155
145 145
137 137
111 111 181
185 185
5 5
131 131
151 151
55 55
193 193
77 77
165 165
99 99
119 119
169 169
123 123
85 85
11 11
61 61
47 47
33 33
97 97
3 3
31 31
39 39
121 121
177 177
143 143
41 41
53 53
127 127
25 25
109 109
115 115
125 125
17 17
157 157
15 15
71 71
63 63
103 103
67 67
113 113
183 183
37 37
171 171
43 43
141 141
7 7
117 117
149 149
21 21
195 195
83 83
29 29
161 161
105 105
19 19
189 189
179 179
167 167
129 129
73 73
45 45
139 139
197 197
93 93
173 173
79 79
59 59
87 87
199 199
81 81
95 95
91 91
107 107
159 159
65 65
175 175
