0 58 31 94 190 103 3 126 185 74 156 116 80 197 179 46 136 198 193 60 195 39 78 33 68 131 19 32 38 163 70 24 178 192 2 180 143 9 157 50 29 21 69 119 17 51 174 105 160 96 142 189 62 158 199 182 184 183 191 16 86 52 133 124 93 194 93 4 12 188 170 115 183 43 36 125 177 59 0
73
125 125
126 126
136 136
178 178
197 197
38 38
9 9
170 170
191 191
12 12 109
33 33 18
156 156
86 86
58 58
60 60
50 50
62 62 77
21 21
93 93
133 133
51 51
142 142
103 103
160 160 8 129
184 184
177 177
115 115
198 198
158 158
199 199
32 32 35
163 163
94 94
119 119
189 189
78 78
70 70
43 43
105 105
4 4
96 96
29 29
180 180
16 16 159
174 174
192 192
188 188
52 52
183 183
131 131
185 185
69 69
182 182
193 193
116 116
179 179
39 39
3 3
19 19
195 195
31 31
2 2
74 74
68 68
143 143
24 24
157 157
0 0
194 194
17 17
46 46
80 80
190 190
