190 135 166 56 45 153 5 172 192 84 186 23 168 103 44 64 55 36 55 34 65 38 145 121 104 25 117 68 10 100 179 66 71 182 2 182 113 94 141 30 181 102 198 102 29 109 102 151 21 176 169 57 50 54 163 32 69 108 133 108 162 95 74 60 76 49 185 112 85 149 156 1 142 92 132 99 134 188 52 138 52 61 82 33 58 83 129 8 165 136 93 164 116 93 189 111 67 147 27 40 90 193 146 193 139 62 46 109 118 114 3 9 177 101 177 173 81 11 195 123 47 6 137 106 92 132 152 96 190
97
104 104
106 106
116 116
123 123
46 46
47 47
152 152
173 173
142 142
33 33
50 50
195 195
3 3
29 29
137 137
99 99
185 185
135 135
101 101
149 149
11 11
141 141
192 192
118 118
95 95
189 189
138 138
156 156
92 92
176 176
136 136
62 62
27 27
5 5
40 40
188 188
139 139
36 36
146 146
60 60
61 61
30 30
164 164
113 113
109 109
71 71
32 32
198 198
133 133
112 112
181 181
23 23
114 114
121 121
166 166
1 1
8 67 8
10 10
172 172
193 193
129 129
162 162
94 94
163 163
2 2
57 57
65 65
177 177
100 100
52 52
111 111
102 102
76 76
132 132
84 84
45 45
117 117 22
34 34
44 44
103 103
179 179
169 169
54 54
21 21
153 153
83 83
56 56
68 68
69 69 108
38 38
93 93
186 186
55 55
168 168
66 66
165 165
182 182
