114 49 67 91 28 98 100 81 188 182 57 117 1 35 149 62 108 51 173 0 10 133 191 76 190 29 74 175 74 119 161 78 102 170 150 174 94 174 166 112 42 181 109 143 105 75 164 154 129 92 47 26 18 63 95 53 187 135 93 171 127 155 111 115 41 5 195 196 134 177 69 167 96 147 32 24 179 36 7 3 4 146 169 87 38 84 183 176 130 16 54 132 12 132 70 43 197 198 89 59 131 59 33 48 15 66 178 21 181 148 42 14 31 124 122 103 199 85 114
97
102 102
66 66
63 63
38 38
134 134
70 70
117 117
147 147
155 127 155
173 173
7 7
148 148
166 166
131 131
28 28
21 21
15 15
183 183
119 119
47 47
109 109
69 69
103 103
115 37 115
36 36
84 84
76 76
24 24
31 31
4 4
12 12
93 93
112 112
114 114
29 29
188 188
197 197
94 94
177 177
133 133
154 154
35 35
171 171
167 167
33 33
169 169
75 75
89 89
53 53
199 199
74 74
196 196
195 195
182 182
181 181
187 187
67 67
78 78
105 105
87 87
124 124
96 96
26 26
51 51
111 111
14 14
42 42
150 150
0 0
3 3
100 100
32 32
108 108
49 49
191 191
1 1
41 41 5
16 16
161 161
43 43
18 18
95 95
10 10
59 59
175 175
146 146
98 98
62 62
92 92
174 174
135 135
91 91
81 81
170 170
149 149
176 176
164 164
