gc gk em ac co ab cm dg u ds et df fh df bv j cp cr cz b bn fr q gm y bu gq v ai dn a bq fe e ff ga dx gn bs bc ah gh fd ft an bl ad gj di gi d dh en ae dq bp cf fi aw h dj gg dp do bj ge cy eq fa db az fy cg br er go am cd ep ck z g cn dy fw dw es at fk fq p cs cl ee cj bi el cv ao ag ey fn bb bt ap bx be cq fz gc
97
fd fd fo
ck ck
do do
at at
el el
fa fa
bn bn
bb bb
fq fq
di di
es es
bj bj
ao ao
fe fe
co co
ey ey
g g
bc bc by
ae ae
cr cr
dy dy
dn dn
ge ge
cz cz
am am
eq eq
gm gm
dw dw
ff ff
bp bp
dj dj
go go
an an
ga ga
a a
gh gh
cs cs
q q
em em
bx bx
p p
dx dx
cg cg
cn cn
dh dh
fi fi
y y
j j
cm cm
cq cq
fn fn
ee ee
u u
dp dp
gq gq
ap ap
br br
ad ad
ep ep
b b
bt bt
ft ft
v v
az az
d d
fr fr
et et
gg gg
gn gn
aw aw
gk gk
fh fh
bu bu
er er
bq bq
ac as ac
bi bi
e e
fk fk
cl cl
cv cv
cj cj
dq dq
cp cp
ab ab
gj gj
ds ds
ah ah
fw fw
dg dg
bv bv
db db
gi gi
bl bl
en en
ai ai
fy fy
