n0 n85 n68 n61 n31 n66 n59 n32 n87 n81 n8 n36 n25 n13 n43 n76 n35 n97 n17 n96 n99 n78 n83 n54 n57 n86 n75 n6 n88 n33 n12 n77 n56 n34 n49 n40 n55 n65 n46 n74 n20 n44 n10 n51 n69 n42 n71 n95 n62 n38 n89 n30 n64 n18 n53 n98 n90 n19 n27 n63 n84 n1 n14 n82 n24 n9 n79 n15 n7 n73 n41 n37 n70 n47 n29 n72 n91 n80 n22 n92 n28 n60 n45 n48 n21 n11 n23 n67 n50 n0
89
n6 n6
n19 n19
n50 n50
n15 n15 n58
n25 n25 n94
n1 n1
n34 n34
n11 n11
n70 n26 n70
n44 n44
n96 n96
n46 n46
n62 n62
n45 n45
n85 n85
n80 n80
n53 n4 n5 n53
n82 n82
n69 n69
n98 n98
n29 n29
n79 n3 n52 n79
n33 n33
n64 n64
n49 n49
n32 n32
n72 n72
n27 n27
n59 n59
n74 n74
n48 n48
n78 n39 n78
n41 n41
n76 n76
n40 n40
n56 n56
n18 n18
n75 n75
n54 n54
n38 n38
n24 n24
n91 n91
n57 n57
n37 n37
n23 n23
n22 n22
n28 n28
n65 n65 n93
n97 n97
n89 n89
n47 n47
n43 n43
n21 n21
n13 n13
n10 n10
n88 n88
n95 n95
n81 n2 n81
n55 n55
n92 n92
n14 n14
n60 n60
n68 n68
n77 n77
n99 n99
n0 n0
n84 n84
n51 n16 n51
n36 n36
n83 n83
n12 n12
n9 n9
n90 n90
n42 n42
n86 n86
n73 n73
n17 n17
n30 n30
n35 n35
n66 n66
n31 n31
n7 n7
n87 n87
n8 n8
n63 n63
n61 n61
n71 n71
n67 n67
n20 n20
