Liam Jordan Jack Joshua Lucas Noah Maverick Camden Bentley Jayden Max Grant Cooper Grant Max Lincoln Dylan Andrew Oliver Patrick Easton Richard Aiden Mateo Miguel Messiah John Matthew Jayce Gabriel Jayce Henry Malachi Bryson Malachi Adam Colton Adam Malachi Bryson Leo Alexander Grayson Elliot Jasper Connor Nathan Kevin Weston Jaxson Weston Kevin Finn Jacob Finn Luke Miles Nolan Elijah Adrian Elijah Nolan Logan Nolan Ryan Xavier Steven James Isaac James Steven Hunter Thomas Hunter Zachary Jude Theodore Rowan Austin Hayden Christian Rhett Zion Messiah Eric Samuel Eric Greyson Chase Aaron Michael Aaron David Brody George Ethan Brantley Kai Christopher Kai Carson Emmanuel Gael Wyatt Gael Dawson Alejandro Ian Alejandro Dawson Marcus Parker Marcus Tyler Eli Sawyer Steven Jonathan Preston Jose Ezra Jackson Braxton Silas Nicholas Daniel Jameson Benjamin Jameson Hudson Jameson Matteo Julian Josiah Justin Bennett Landon William Beau Dean Maxwell Anthony Angel Jaxson Cameron Caleb Elliott Carter Santiago Kaleb Elias Kaleb Abraham Giovanni Robert Joseph Jude Evan Jude Jace Jude Zachary Hunter Isaiah Hunter Zachary Richard Aiden Tucker Charles Mason Charles Tucker Dawson Declan Brayden Asher Waylon Jaxon King Grant Antonio Owen Antonio Grant Zayden Dominic Victor Gabriel Jayce Henry Malachi Edward Sebastian Bryce Oscar Levi Oscar Xander Maddox Ezekiel Jeremiah Ezekiel Maddox Xander Leonardo Jordan Liam
89
Mason Mason
Jeremiah Jeremiah
Daniel Daniel
Ryan Ryan
Levi Levi
Angel Angel
Carson Carson
Robert Robert
Austin Austin
Jace Jace
Sebastian Sebastian
Owen Owen
Isaiah Isaiah
William William
Jaxon Jaxon
Evan Evan
Cameron Cameron
Jackson Jackson
Josiah Josiah
Eli Eli
Elias Elias
Leo Leo
Luke Luke
Dominic Dominic
Logan Logan
David David
Adrian Adrian
Asher Asher Brayden
Thomas Thomas
Hudson Hudson
Lucas Lucas
Greyson Greyson
Dylan Dylan
Ian Ian
Theodore Theodore
Isaac Isaac
Jacob Jacob
Parker Parker
Joseph Joseph
Nicholas Nicholas
Carter Carter
Christopher Christopher
Matthew Matthew
Jonathan Jonathan
Wyatt Wyatt
Jayden Jayden
Jaxson Jaxson
Ethan Ethan
Alexander Alexander
Colton Colton
Anthony Anthony
Oliver Oliver
Michael Michael
Nolan Nolan
Ezekiel Ezekiel
Connor Connor
Landon Landon
Xavier Xavier
Christian Christian
Benjamin Benjamin
Cooper Cooper
Jose Jose
Liam Liam
Hunter Hunter
Mateo Mateo
Caleb Caleb
Samuel Samuel
Gabriel Gabriel
Noah Noah
James James
Grayson Grayson
Elijah Elijah
Bryson Bryson
Nathan Nathan
Jack Jack
Lincoln Lincoln
Aaron Aaron
John John
Adam Adam
Andrew Andrew
Jordan Jordan
Easton Easton
Julian Julian
Henry Henry
Charles Charles
Ezra Ezra
Maverick Maverick
Aiden Aiden
Joshua Joshua
