Liam Isaiah Joseph Mateo Alexander Mason Jayden Adam Brayden Ethan Brayden Samuel Brayden Jaxson Michael Ezra Thomas James Thomas Dylan Owen Jose Sawyer John Sawyer Benjamin Carter Dominic Oliver Dominic Eli Jackson Eli Josiah Sebastian David Theodore Nicholas Jordan Jacob Jordan Asher Luke Christian Logan Colton Levi Jonathan Henry Jonathan Levi Colton Noah Lucas Eli Wyatt Xavier Grayson Cooper Matthew Cooper Adrian Elijah Adrian Ian Robert Daniel Isaiah Liam
25
Noah Noah
Elijah Elijah
Daniel Daniel
Wyatt Wyatt
Henry Henry
Jacob Jacob
Lucas Lucas
James James
Benjamin Benjamin Carter
Logan William Logan Aiden
Matthew Matthew
Alexander Alexander Joseph
Samuel Samuel
Jackson Jackson
Luke Luke
Owen Owen
Liam Liam
John John
Jayden Jayden
Ethan Ethan
David Sebastian David
Michael Michael
Dylan Dylan
Oliver Oliver
Mason Mason
