LOC60 LOC153 LOC17 LOC153 LOC70 LOC64 LOC145 LOC96 LOC89 LOC99 LOC55 LOC0 LOC164 LOC142 LOC147 LOC48 LOC98 LOC158 LOC68 LOC69 LOC180 LOC61 LOC189 LOC61 LOC75 LOC192 LOC52 LOC38 LOC154 LOC97 LOC178 LOC10 LOC51 LOC116 LOC117 LOC56 LOC18 LOC69 LOC108 LOC190 LOC7 LOC120 LOC62 LOC188 LOC36 LOC167 LOC24 LOC122 LOC46 LOC65 LOC8 LOC67 LOC54 LOC72 LOC144 LOC137 LOC50 LOC134 LOC160 LOC41 LOC166 LOC182 LOC30 LOC59 LOC6 LOC45 LOC58 LOC63 LOC178 LOC85 LOC80 LOC75 LOC139 LOC66 LOC177 LOC76 LOC60
41
LOC166 LOC166
LOC139 LOC139
LOC65 LOC65 LOC46
LOC177 LOC177
LOC80 LOC80
LOC96 LOC89 LOC96
LOC144 LOC144
LOC62 LOC62 LOC161
LOC54 LOC54
LOC58 LOC58
LOC59 LOC59
LOC24 LOC24
LOC164 LOC164
LOC117 LOC117
LOC160 LOC160
LOC134 LOC134
LOC64 LOC64
LOC108 LOC108
LOC38 LOC38 LOC194
LOC18 LOC56 LOC18
LOC30 LOC30
LOC36 LOC36
LOC51 LOC51 LOC133 LOC116
LOC190 LOC190
LOC52 LOC52
LOC8 LOC8
LOC17 LOC17
LOC97 LOC97
LOC7 LOC7
LOC189 LOC189
LOC55 LOC55
LOC63 LOC63
LOC145 LOC145
LOC70 LOC70
LOC142 LOC142
LOC192 LOC192
LOC158 LOC158 LOC68
LOC6 LOC6
LOC72 LOC72
LOC180 LOC180
LOC48 LOC48 LOC170
