zero one two three zero six seven fourteen thirteen twelve eleven ten seventeen sixteen fifteen twentyone twenty twentyseven twentysix twentyfive twentyfour twentythree twentytwo twentynine thirtyfive thirtyfour thirtythree thirtytwo thirtyone thirtyeight thirtyseven fortyfour fortythree fortynine fortythree fortyfour fortyfive fiftytwo fiftythree fiftyfour fiftyfive fiftysix fifty fiftyseven fiftyeight fiftynine sixty sixtyseven sixtysix sixtyfive sixtyfour seventy sixtynine sixtyeight seventyfive seventysix seventyseven seventyone seventytwo seventynine seventyeight eightyfour eightythree eightytwo eightyone eighty eightyseven eightysix eightyfive ninetyone ninetyeight ninetytwo ninetynine onehun onehunone onehuneight onehunnine onehunten onehuneleven onehuneighteen onehunseventeen onehunsixteen onehunfifteen onehunfourteen onehunthirteen onehunnineteen onehuntwentysix onehuntwenty onehuntwentyone onehuntwentytwo onehuntwentythree onehuntwentyfour onehuntwentythree onehunthirty onehuntwentynine onehuntwentyeight onehuntwentyseven onehuntwentyeight onehunthirtyfive onehunthirtyfour onehunforty onehunthirtynine onehunfortysix onehunfortyfive onehunfortyfour onehunfortythree onehunfifty onehunfortynine onehunfortyeight onehunfiftyfour onehunsixtyone onehunsixty onehunfiftynine onehunfiftyeight onehunfiftyseven onehunsixtyfour onehunsixtythree onehunsixtyfour onehunsixtyfive onehunsixtysix onehunseventythree onehunseventyfour onehunseventyfive onehunsixtynine onehunseventy onehunseventyone onehunseventyeight onehunseventyseven onehunseventysix onehuneightytwo onehuneightyone onehuneighty onehuneightyseven onehuneightysix onehuneightyfive onehuneightyfour onehuneightythree onehunninety onehunninetyone onehunninetytwo onehunninetythree onehuneightysix onehunseventynine onehunseventytwo onehunsixtyfive onehunfiftyeight onehunfiftyone onehunfortyfour onehunthirtyseven onehunthirty onehuntwentythree onehunsixteen onehunnine onehuntwo ninetyfive eightyeight eightyone seventyfour sixtyseven sixty fiftythree fortysix thirtynine thirtytwo twentyfive eighteen eleven four zero
97
eleven eleven
onehunninety onehunninety onehunninetyone
onehunthirtyfive onehunthirtyfive
ninetyeight ninetyeight
onehunsixtysix onehunsixtysix
onehunseventysix onehunseventysix
sixtysix sixtysix
onehunsixteen onehunsixteen
onehunfiftyfour onehunfiftyfour
onehuneightyseven onehuneightyseven
fortythree fortythree
onehunseventy onehunseventy
eightythree eightythree
onehunfiftyseven onehunfiftyseven
onehunfortyfive onehunfortyfive
onehunthirty onehunthirty
onehuntwentysix onehuntwentysix
onehuneleven onehuneleven
onehunone onehunone
eightyseven eightyseven
thirtyfour thirtyfour
seventyone seventyone
fiftyseven fiftyseven
fiftythree fiftythree
thirtyeight thirtyeight
twentythree twentythree
fifteen fifteen
one one
fourteen fourteen
twentysix twentysix
sixty sixty
sixtynine sixtynine
seventyfive seventyfive
seventynine seventynine
onehuneight onehuneight
onehunthirteen onehunthirteen
onehuntwentythree onehuntwentythree
onehuntwentyseven onehuntwentyseven
onehunfifty onehunfifty
onehunsixty onehunsixty
onehunsixtythree onehunsixtythree
onehunseventythree onehunseventythree
onehuneighty onehuneighty
onehuneightyfour onehuneightyfour
onehunninetythree onehunninetytwo onehunninetythree onehunninetyfour
three three
six six
seventeen seventeen
twenty twenty
twentynine twentynine
fortyfive fortyfive
fiftyfive fiftyfive
sixtyfour sixtyfour
ninetynine ninetynine
onehuneighteen onehuneighteen
onehuntwentyone onehuntwentyone
onehunforty onehunforty
onehunfortythree onehunfortythree
onehunseventyfive onehunseventyfive
onehunseventyeight onehunseventyeight
two two
seven seven
ten ten
twelve twelve
sixteen sixteen
twentyfive twentyfive
twentyseven twentyseven
thirtythree thirtythree
thirtyseven thirtyseven
fortyfour fortyfour
fortynine fortynine
fiftytwo fiftytwo
fiftyeight fiftyeight
sixtyseven sixtyseven
seventy seventy
seventytwo seventytwo
seventyseven seventyseven
seventyeight seventyeight
eightytwo eightytwo
eightyfour eightyfour
onehunten onehunten
onehunseventeen onehunseventeen
onehunnineteen onehunnineteen
onehuntwentyfour onehuntwentyfour
onehuntwentyeight onehuntwentyeight
onehunfortyfour onehunfortyfour
onehunfortysix onehunfortysix
onehunfortynine onehunfortynine
onehunfiftynine onehunfiftynine
onehunsixtyone onehunsixtyone
onehunsixtyfour onehunsixtyfour
onehunsixtyfive onehunsixtyfive
onehunsixtynine onehunsixtynine
onehunseventyone onehunseventyone
onehunseventyfour onehunseventyfour
onehuneightyone onehuneightyone
onehuneightytwo onehuneightytwo
