zero five four three two zero six seven fourteen thirteen twelve eleven ten nine eight fifteen twentyone twenty twentyone fifteen twentytwo twentythree twentyfour twentyfive twentysix thirtythree thirtyfour thirtyfive twentynine thirty thirtyseven thirtysix thirtyseven thirtyeight thirtynine forty fortyseven fortyeight fortynine fortythree fortyfour fortyfive fortyfour fiftyone fifty fiftysix fiftyfive fiftyfour fiftythree sixty sixtyone sixtytwo sixtythree fiftyseven sixtythree seventy sixtynine sixtyeight sixtyseven sixtysix sixtyfive sixtyfour seventyone seventyseven seventysix seventyfive eightytwo eightyone eighty seventynine seventyeight eightyfour eightythree eightytwo eightynine eightyeight eightyseven eightyeight ninetyfive eightyeight eightyone seventyfour sixtyseven sixty fiftythree fortysix thirtynine thirtytwo twentyfive eighteen eleven four zero
49
five five
ninetyfive ninetyfive
seventy seventy
fortyfour fortyfour
eightyone eightyone
thirtyfour thirtyfour
eightyseven eightyseven eightyeight
sixty sixty
seventyfive seventyfive
fiftyfive fiftyfive
twentyfour twentyfour
thirtysix thirtysix
fifteen fifteen
ten ten
fourteen fourteen
thirty thirty
thirtynine thirtynine
fortyseven fortyseven
fiftyone fiftyone
fiftyseven fiftyseven
sixtysix sixtysix
seventyone seventyone
seventyeight seventyeight
two two
twelve twelve
twenty twenty
twentytwo twentytwo
fiftythree fiftythree
sixtytwo sixtytwo
sixtyeight sixtyeight
eightynine eightynine
three three
four four
six six
twentyfive twentyfive
twentynine twentynine
thirtythree thirtythree
thirtyfive thirtyfive
thirtyseven thirtyseven
fortyfive fortyfive
fortyeight fortyeight
fifty fifty
sixtyone sixtyone
sixtyfive sixtyfive
sixtyseven sixtyseven
seventyseven seventyseven
seventynine seventynine
eightytwo eightytwo
eightyfour eightyfour
