0 52 58 38 9 38 46 27 52 58 14 33 80 47 28 47 2 78 8 43 10 48 18 36 24 12 26 29 42 7 17 16 45 49 45 40 1 97 19 35 19 31 44 25 34 25 13 69 3 66 87 22 21 22 93 32 93 94 64 39 20 41 20 4 20 78 30 37 30 78 5 6 23 90 15 70 11 70 0
49
11 11
37 37
3 3
27 27
48 48
17 17
15 15
6 6
40 40
31 31
5 5
4 4
39 39
28 28
33 33
24 24
34 34
43 43
46 46
32 32
42 42
36 36
13 13
9 9
2 2
23 23
49 49
41 41
22 22
44 44
35 19 35
0 0
1 1
26 26
18 18
8 8
21 21
47 47
16 16
29 29
20 20
38 38
45 45
25 25
7 7
10 10
30 30
12 12
14 14
