0 20 79 12 36 86 15 53 32 99 42 35 8 10 88 3 95 122 73 64 54 80 19 153 50 68 37 26 93 62 75 11 85 144 94 144 43 29 2 5 31 4 34 176 45 176 66 134 132 69 41 30 55 97 27 97 76 117 84 28 90 98 120 183 44 107 47 87 51 6 78 33 17 13 63 82 179 48 46 104 83 89 59 70 182 92 128 194 9 72 22 71 52 74 21 96 16 188 77 188 14 38 25 61 1 91 40 57 141 67 116 60 76 7 184 39 18 81 58 81 123 21 65 56 24 49 68 180 23 171 98 0
97
22 22
15 15
61 61
46 46
67 67
30 30
65 65
16 16
51 51
74 74
85 85
49 49
35 35
36 36
63 63
81 81
40 40
83 83
24 24
80 80
32 32
38 38
45 45
33 17 33
23 23
60 60
87 87
0 0
9 9
13 13
3 3
7 7
41 41
77 77
66 66
56 56
44 44
59 59
27 27
55 55
31 31 4
39 39
78 78
50 50
64 64
1 1
29 29
93 93
53 53
54 54
90 28 90
86 86
82 82
96 96
25 25
76 76
8 8
12 12
43 43
71 71
14 14
2 2
34 34
47 47
94 94
21 21
92 92
69 69
37 37
72 72
19 19
10 10
52 52
57 57
6 6
62 62
18 18
48 48
79 79
5 5
99 99
98 98
91 91
73 73
42 42
84 84
70 70
26 26
89 89
95 95
75 75
58 58
11 11
68 68
97 97
88 88
20 20
