0 3 117 192 117 193 117 191 140 104 139 104 138 178 113 179 113 12 132 102 131 102 133 102 2 107 155 107 4 90 171 119 197 119 198 119 7 106 147 106 148 106 149 106 151 106 152 106 153 106 154 175 112 173 112 172 112 174 112 176 112 177 112 116 188 116 189 116 190 116 103 134 103 135 103 136 103 137 103 21 105 141 105 142 105 143 105 144 105 145 105 146 105 33 68 101 126 101 124 101 125 101 127 101 128 101 129 101 130 101 68 15 76 182 114 181 114 180 109 161 109 162 109 163 109 165 109 166 109 167 109 180 114 183 114 184 114 185 114 12 113 78 110 168 110 169 110 170 110 78 113 12 114 180 109 45 95 100 120 100 121 100 122 100 123 100 97 89 61 36 98 118 195 118 194 108 156 108 157 108 159 108 160 108 115 186 115 187 115 108 194 118 196 118 91 8 151 106 7 119 55 92 117 3 0
73
126 126
155 155
168 168
173 173
120 120
156 156
139 139
141 141
147 147
131 131
134 134
161 161
171 171 199
179 179
181 181
192 192
195 195
186 186
188 188
121 121
122 122
123 123
124 124
125 125
127 127
128 128
129 129
130 130
132 132
133 133
135 135
136 136
137 137
138 138 178
140 140 191
142 142 150 164
143 143
144 144
145 145
146 146
148 148
149 149
151 151
152 152
153 153 158
154 154 175
157 157
159 159
160 160
162 162
163 163
165 165
166 166
167 167
169 169
170 170
172 172
174 174
176 176
177 177
180 180
182 182
183 183
184 184
185 185
187 187
189 189
190 190
193 193
194 194
196 196
197 197
198 198
