0 24 25 27 25 24 0 17 0 49 0 4 0 33 34 33 0 41 42 83 84 85 44 45 86 43 86 45 44 85 84 83 42 41 0 49 50 87 47 88 48 89 46 89 48 88 47 87 50 49 0 17 13 19 14 15 11 16 18 12 18 16 11 15 14 19 13 17 0 4 57 58 10 9 8 5 6 7 6 5 8 9 10 58 57 4 0 24 25 27 26 28 23 74 30 29 30 74 23 28 26 27 25 24 0 78 38 79 40 37 80 81 82 39 82 81 80 37 40 79 38 78 0 51 52 53 54 3 55 56 2 1 2 56 55 3 54 53 52 51 0 66 67 68 69 70 71 72 22 72 71 70 69 68 67 66 0 59 60 61 21 62 63 20 63 62 21 61 60 59 0 33 34 75 76 35 32 77 36 31 36 77 32 35 76 75 34 33 0
49
4 4
31 31
12 12
39 39
20 20
29 29
1 1
43 43
7 7
46 46
14 14
22 22
28 28
3 3
40 40
35 35
9 9
21 21
47 47
34 34
16 16
38 38
13 13
42 42
5 5
44 44 45
2 2
26 26
10 10
27 27
50 50
36 36
23 23
18 18
33 33
49 49
15 15
30 30
17 17
19 19
8 8
6 6
24 24
32 32
41 41
48 48
37 37
11 11
25 25
