Afghanistan Albania Algeria Andorra Angola Antigu Argentina Armenia Australia Austria Austrian Azerbaijan Baden Bahrain Bangladesh Barbados Bavaria Belarus Belgium Belize Benin Bolivia Bosnia Botswana Brazil Brunei Brunswick Bulgaria Burkina Burma Burundi Cabo Cambodia Cameroon Canada Chad Chile China Colombia Comoros Costarica CotedIvoire Croatia Cuba Cyprus Czechi Czechoslovakia Congo Denmark Djibouti Afghanistan
49
Andorra Andorra
Burkina Burkina
Barbados Barbados
Costarica Costarica
Austria Austria
Bolivia Bolivia
Canada Canada
Czechoslovakia Czechoslovakia
Afghanistan Afghanistan Djibouti
Argentina Argentina
Baden Baden
Belgium Belgium
Brazil Brazil
Cabo Cabo
China China
Cuba Cuba
Brunswick Brunswick
Denmark Denmark
Albania Albania
Algeria Algeria
Angola Angola
Antigu Antigu
Armenia Armenia
Australia Australia
Austrian Austrian
Azerbaijan Azerbaijan
Bahrain Bahrain
Bangladesh Bangladesh
Bavaria Bavaria
Belarus Belarus
Belize Belize
Benin Benin
Bosnia Bosnia
Botswana Botswana
Brunei Brunei
Bulgaria Bulgaria
Burma Burma
Burundi Burundi
Cambodia Cambodia
Cameroon Cameroon
Chad Chad
Chile Chile
Colombia Colombia
Comoros Comoros
CotedIvoire CotedIvoire
Croatia Croatia
Cyprus Cyprus
Czechi Czechi
Congo Congo
