Afghanistan Albania Algeria Andorra Angola Antigu Argentina Armenia Australia Austria Austrian Azerbaijan Baden Bahrain Bangladesh Barbados Bavaria Belarus Belgium Belize Benin Bolivia Bosnia Botswana Brazil Brunei Brunswick Bulgaria Burkina Burma Burundi Cabo Cambodia Cameroon Canada Chad Chile China Colombia Comoros Costarica CotedIvoire Croatia Cuba Cyprus Czechi Czechoslovakia Congo Denmark Djibouti Dominica Dominicanrepublic Ecuador Egypt ElSalvador EquatorialGuinea Eritrea Estonia Eswatini Ethiopia Fiji Finland France Gabon Georgia Germany Ghana Greece Grenada Guatemala Guinea GuineaBissau Guyana Haiti Hanover HanseaticRepublics Hawaii Hesse HolySee Honduras Hungary Iceland India Indonesia Iran Iraq Ireland Israel Italy Jamaica Japan Jordan Kazakhstan Kenya Kiribati Korea Kosovo Kuwait Kyrgyzstan Laos Afghanistan
97
Argentina Argentina
Eritrea Eritrea
Cabo Cabo
Iceland Iceland
Belgium Belgium
Cuba Cuba
Grenada Grenada
Kenya Kenya
Afghanistan Afghanistan Laos
Baden Baden
Brazil Brazil
China China
Djibouti Djibouti
France France
Hanover Hanover
Israel Israel
Andorra Andorra
Austria Austria
Barbados Barbados
Bolivia Bolivia
Bulgaria Bulgaria
Canada Canada
Costarica Costarica
Czechoslovakia Czechoslovakia
Ecuador Ecuador
Ethiopia Ethiopia
Germany Germany
GuineaBissau GuineaBissau
Hesse Hesse
Iran Iran
Japan Japan
Kosovo Korea Kosovo Kuwait
Burma Burma
ElSalvador ElSalvador
Honduras Honduras
Kyrgyzstan Kyrgyzstan
Albania Albania
Algeria Algeria
Angola Angola
Antigu Antigu
Armenia Armenia
Australia Australia
Austrian Austrian
Azerbaijan Azerbaijan
Bahrain Bahrain
Bangladesh Bangladesh
Bavaria Bavaria
Belarus Belarus
Belize Belize
Benin Benin
Bosnia Bosnia
Botswana Botswana
Brunei Brunei
Brunswick Brunswick
Burkina Burkina
Burundi Burundi
Cambodia Cambodia
Cameroon Cameroon
Chad Chad
Chile Chile
Colombia Colombia
Comoros Comoros
CotedIvoire CotedIvoire
Croatia Croatia
Cyprus Cyprus
Czechi Czechi
Congo Congo
Denmark Denmark
Dominica Dominica
Dominicanrepublic Dominicanrepublic
Egypt Egypt
EquatorialGuinea EquatorialGuinea
Estonia Estonia
Eswatini Eswatini
Fiji Fiji
Finland Finland
Gabon Gabon
Georgia Georgia
Ghana Ghana
Greece Greece
Guatemala Guatemala
Guinea Guinea
Guyana Guyana
Haiti Haiti
HanseaticRepublics HanseaticRepublics
Hawaii Hawaii
HolySee HolySee
Hungary Hungary
India India
Indonesia Indonesia
Iraq Iraq
Ireland Ireland
Italy Italy
Jamaica Jamaica
Jordan Jordan
Kazakhstan Kazakhstan
Kiribati Kiribati
