equinox band uncertainty corpse mastermind aisle bark twitch method muggy disposition lamb photograph hiccup presidential chain funeral farewell essential jurisdiction seller paint secretary explicit referee prejudice wilderness fibre union remark brick fish orange slice flow houseplant dry dollar analyst clothes novel equinox
41
presidential presidential
equinox equinox
bark bark glove
disposition disposition
remark remark
corpse corpse
clothes clothes
slice slice
photograph photograph
funeral funeral
dollar dollar
houseplant houseplant
analyst analyst
method method
jurisdiction jurisdiction
referee referee
secretary secretary
uncertainty uncertainty
farewell farewell
paint paint
orange orange
prejudice prejudice
union union
mastermind mastermind tropical
explicit explicit
fibre fibre
novel novel
muggy muggy
flow flow
lamb lamb
brick brick
wilderness wilderness
twitch twitch
hiccup hiccup
chain chain
essential essential
aisle aisle
band band
seller seller
fish fish
dry dry
