pump need preoccupation leadership feign tip aspect row lemon ensure sticky separate exercise distributor impound formulate sweet hallway attractive admiration appearance lot gloom parallel ghost sentiment packet ground forest prospect pedestrian nominate pursuit anger pipe descent guideline category mud mouse plug unanimous performance depressed range minor fairy genetic wear sacrifice line consideration freedom overlook survival reject park sit engineer button valley rock brain polish physical wage linger quotation literature affect innovation privilege reflection float pump
73
category category
fairy fairy
leadership leadership
prospect prospect
performance title performance
affect affect
sacrifice sacrifice
separate separate
sit sit
reject reject judicial
sweet sweet
range range
pump pump
float float
admiration admiration
overlook overlook
descent descent
ghost diagram ghost
tip tip
physical physical
linger linger
ground ground
row row
park park
ensure ensure pray
literature literature
plug plug
button button
line line
distributor distributor
anger anger
wage wage
engineer engineer
reflection reflection
innovation innovation hierarchy
privilege privilege
guideline guideline
appearance appearance
mud mud
hallway hallway
unanimous unanimous
preoccupation preoccupation
pursuit pursuit
gloom gloom
rock rock
forest forest
genetic genetic
nominate nominate
brain brain
minor minor
freedom freedom
mouse mouse
consideration consideration
attractive attractive
formulate formulate
need need
valley valley
packet packet
lot lot
survival survival
sticky sticky
impound impound
pipe pipe
lemon lemon
sentiment sentiment
depressed depressed
parallel parallel
feign feign
aspect aspect
polish polish
pedestrian pedestrian
wear wear
exercise exercise
