188645 0FB66D FA567E B833F0 657F93 B7B073 A7E9D9 DBDC9A A5CCB5 DBDC9A 94D700 3ADA02 D5356A 3ADA02 61EDA9 E09D29 C98FE7 567883 44716B 567883 36D08C 6D778A 36D08C AFF8D1 7E5598 0FBCDC 0A5C0E 0FBCDC 7E5598 3B1041 3AA8C5 EF4D57 EDC0CA E954F7 2EA2EE 84EBFF 35FF16 500783 35FF16 800641 ACB11D D01E6B 7BF2B5 784F83 7BF2B5 37F745 8D0852 B86446 4FBDE1 B86446 31D332 DD2694 31D332 35F60D 2C101C CB09C0 7A7E10 1276AF B3243F 628AB2 D04F40 9B9BDD 2F1AB5 07D80A C0766C CEAE00 539A92 EC05F7 FD1783 EC05F7 29B2A4 724A76 29B2A4 9B0EC2 0801CC 19FFAB 4B39CA 825884 48C2D5 825884 D7CAF9 D443EB 7BF2B5 784F83 FF8D45 298FDD 410DA1 70146D 7E18E9 70146D 35F60D AA8E14 35F60D 35FF16 A5CCB5 DBDC9A 994F93 DBDC9A A7E9D9 0D7DE7 467AB7 0D7DE7 FA567E 0FB66D 188645
49
29B2A4 29B2A4
994F93 994F93
D04F40 D04F40
467AB7 467AB7
D7CAF9 D7CAF9
EF4D57 EF4D57
AA8E14 AA8E14
D5356A D5356A
800641 800641
FF8D45 FF8D45
19FFAB 19FFAB
AFF8D1 AFF8D1
C98FE7 C98FE7
2C101C 2C101C
48C2D5 48C2D5
0FB66D 0FB66D
7E18E9 7E18E9
9B9BDD 9B9BDD
E954F7 E954F7
9B0EC2 9B0EC2
37F745 37F745
94D700 94D700
07D80A 07D80A
628AB2 628AB2
FD1783 FD1783
3B1041 3B1041
84EBFF 84EBFF
0A5C0E 0A5C0E 0FBCDC
500783 500783
4FBDE1 4FBDE1
B7B073 B7B073
44716B 44716B
1276AF 1276AF
539A92 539A92
E09D29 E09D29
D01E6B D01E6B
B833F0 B833F0
DD2694 DD2694
6D778A 6D778A
A5CCB5 A5CCB5
CB09C0 CB09C0
724A76 724A76
8D0852 8D0852
3ADA02 3ADA02
D443EB D443EB
A7E9D9 A7E9D9
DBDC9A DBDC9A
784F83 784F83
188645 188645
