maintenance object style competition church role philosophy war wife focus action economy sign cause average price sister rate inspection career driver photo complaint income description reputation account day chest example beer movie contract version depression salad resolution population difficulty feature property marketing obligation cause context future chocolate rock cause bread volume selection church maintenance
49
war war
object object
competition competition
economy economy
role role
focus focus
photo photo
average average woman
philosophy philosophy
style style
church church
wife wife
sign sign
complaint complaint
sister sister
cause cause
contract contract
price price
rate rate
income income
driver driver
career career
inspection inspection
action action
reputation reputation
account account
movie movie
description description
day day
depression depression
chest chest
beer beer
salad salad
difficulty difficulty
context context
maintenance maintenance
population population
version version
example example
resolution resolution
rock rock
marketing marketing
future future
feature feature
obligation obligation
bread bread
volume volume
property property
selection selection
