engine business space member piano secretary reputation volume light drawer beginning worker meal speech chapter model singer beer promotion understanding standard office funeral machine teaching situation choice card time teacher satisfaction grandmother politics aspect birth preparation departure leadership tax failure age dirt money significance emphasis difficulty performance data view accident eye class problem mind interaction two step moment fact sympathy country energy engineering director area source clothes process buyer section song figure measurement error editor tooth war analyst ear tension police tool education answer side drawing variation bus menu reputation ratio dealer temperature delivery town idea poetry series sport flight material bath engine
97
piano piano temperature
business business girl
light light
beginning beginning
promotion promotion
meal meal flight
standard standard
chapter chapter
card card
reputation reputation
funeral funeral
singer singer
dirt dirt
secretary secretary
drawer drawer
space space
volume volume
speech speech
member member
office office
model model
situation situation
beer beer
understanding understanding
teaching teaching
worker worker
machine machine
teacher teacher
time time
preparation preparation
engine engine
choice choice
emphasis emphasis
satisfaction satisfaction
leadership leadership
politics politics
tax tax
aspect aspect
birth birth
grandmother grandmother
departure departure
money money
performance performance
age age
significance significance
accident accident
difficulty difficulty
interaction interaction
data data
failure failure
class class
eye eye
view view
two two
step step
fact fact
sympathy sympathy
mind mind
country country
engineering engineering
moment moment
figure figure
editor editor
director director
song song
area area
section section
energy energy
problem problem
buyer buyer
measurement measurement
source source
war war
process process
tension tension
tooth tooth
ear ear
clothes clothes
police police
drawing drawing
tool tool
answer answer
education education
side side
variation variation
error error
ratio ratio
analyst analyst
menu menu
delivery delivery
town town
idea idea
series series
sport sport
bus bus
material material
dealer dealer
