S Q L U O J Y AN AL AW AR B AX C AU V G CD N R T P AF D AZ E AT A BU F CM CB BX M CN K CL AB AS H CK AC BK W AY Z BR AD I BG Q BH AN BN AN BO AN BT Q BV AN BY AW BZ AW CC AW CH AN CI AN CJ AN CO AN CP Q CQ Q CR AN CW AN BW J BS AN AM AN CE Q AA AN AH AN AE Q AK Q AG Q AO Q BC Q BJ AN AI X AN AJ AN BE AN BA Q BB Q BI AN AV AN BD AN BM Q CA Q BQ AN AP AW BF AW BL AW CS AW CU AW AQ J BP GJ S
97
G G
AL AL CT
L L CF CV
O O
P P
R R
S S
Y Y
AR AR
AS AS
AU AU
AX AX
AZ AZ
BG BG
BH BH
BN BN
BO BO
BT BT
BU BU
BV BV
BX BX
BY BY
BZ BZ
CC CC
CH CH
CI CI
CJ CJ
CK CK
CL CL
CM CM
CN CN
CO CO
CP CP
CQ CQ
CR CR
CW CW
Z Z
BW BW
BS BS
AD AD
AM AM
CE CE
AA AA
AH AH
AE AE
AK AK
AG AG
AO AO
BC BC
AB AB
BJ BJ
AI AI
AJ AJ
BE BE
BA BA
BB BB
BI BI
I I
M M
W W
AV AV
BD BD
BM BM
CA CA
H H
AC AC
BQ BQ
A A
N N
T T
V V
X X
AP AP
BF BF
BK BK
BL BL
BR BR
CB CB
CS CS
CU CU
B B
C C
D D
E E
F F
J J
K K
Q Q
U U
AF AF
AN AN
AQ AQ
AT AT
AW AW
AY AY
BP BP
CD CD
