a1 a2 a3 a4 a5 a6 a22 a38 a54 a70 a86 a102 a118 a134 a133 a129 a130 a131 a132 a136 a137 a141 a142 a141 a140 a139 a11 a27 a43 a59 a75 a91 a107 a123 a124 a125 a126 a125 a121 a120 a116 a115 a114 a113 a112 a108 a109 a110 a109 a105 a104 a100 a99 a98 a97 a96 a92 a93 a94 a93 a89 a88 a84 a83 a82 a81 a80 a76 a77 a78 a77 a73 a72 a68 a67 a66 a65 a64 a60 a61 a62 a61 a57 a56 a52 a51 a50 a49 a48 a44 a45 a46 a45 a41 a40 a36 a35 a34 a33 a32 a28 a29 a30 a29 a25 a24 a20 a19 a18 a17 a16 a12 a13 a9 a13 a14 a13 a12 a11 a155 a156 a157 a158 a157 a153 a152 a148 a147 a146 a145 a149 a150 a166 a165 a161 a162 a163 a164 a168 a169 a173 a174 a173 a172 a176 a177 a178 a179 a180 a184 a185 a189 a190 a189 a188 a192 a1
89
a12 a12
a35 a35
a51 a51
a67 a67
a83 a83
a99 a99
a115 a115
a131 a131
a147 a147
a163 a163
a179 a179
a3 a3
a30 a30
a46 a46
a62 a62
a78 a78
a94 a94
a110 a110
a126 a126
a142 a142
a158 a158
a174 a174
a190 a190
a19 a19
a6 a6 a150 a166 a182
a1 a1
a9 a9
a14 a14
a17 a17
a25 a25
a28 a28
a33 a33
a41 a41
a44 a44
a49 a49
a57 a57
a60 a60
a65 a65
a73 a73
a76 a76
a81 a81
a89 a89
a92 a92
a97 a97
a105 a105
a108 a108
a113 a113
a121 a121
a124 a124
a129 a129
a137 a137
a140 a140
a145 a145
a153 a153
a156 a156
a161 a161
a169 a169
a172 a172
a177 a177
a185 a185
a188 a188
a4 a4
a11 a11 a139 a155 a171 a187
a20 a20
a36 a36
a52 a52
a68 a68
a84 a84
a100 a100
a116 a116
a132 a132
a148 a148
a164 a164
a180 a180
a22 a22
a27 a27
a38 a38
a43 a43
a54 a54
a59 a59
a70 a70
a75 a75
a86 a86
a91 a91
a102 a102
a107 a107
a118 a118
a123 a123
a134 a134
