Bowles LaVals Bowles Calvin Etcheverry Calvin Graduate Calvin Bowles Mulford Crescent Mulford Latimer Edwards Easterly Edwards Latimer Bechtel Birge Bechtel Wilde StrawberryCreek Wolf Unit2 Greek Moses Stanley LeConte VLSB Boalt VLSB LeConte Campanile Bongo ShengKee Bongo Artichokes Cheeseboard Artichokes Bongo Campanile LeConte ALS LeConte Stanley Campbell Doe Campbell Koshland Campbell MemorialStadium Hargrove BearFoodCourt SigmaPhiOmega Evan Blackwell McLaughlin GenPlantBio McLaughlin Blackwell Evan Moffitt Cloyne Moffitt Evan Jacob Foothill Davis Browns Davis Hildebrand YogurtPark Hildebrand Davis Foothill Unit1 Foothill Dwinelle Haas Crossroads Haas Pavilion Haas Crossroads Lawrence UCTheatre NCEM UCTheatre Lawrence Crossroads Haas Dwinelle HearstAnnex Lothlorien HearstAnnex Dwinelle Foothill Haviland Morgan Martinez Morgan Haviland Foothill Jacob TopDog GammaPhiBeta TopDog Starbucks Chipotle MFoundry Chipotle Starbucks TopDog Fenwick Barker Fenwick TopDog Jacob Hertz CVStarr Unit3 CKerr WayWest CKerr Ridge CKerr Unit3 CVStarr Hertz Jacob Cory Extension Cory Bechtel Baker Daiso Baker Simons Baker Strada RoseGarden Strada Baker Bechtel Minor Memorial TacoBell Memorial Maxwell Barrows Maxwell Memorial AlphaSigmaPhi Memorial Marugame SigmaOmicronPi Moses Wellman Sutardja Wellman Moses RareTea Gypsys RareTea Moses Greek Stebbins Safeway Stebbins Greek Unit2 Milano IndianRock Milano Unit2 Greek Moses Pimentel Stacks Sherman Stacks Pimentel Moses Stanley LeConte Campanile Wurster Zellerbach Wurster McCone Spats Stonefire PiLambda PiAlphaPhi PiLambda Stonefire Spats McCone Wurster Campanile LeConte VLSB Chez NorthGate Chez VLSB Boalt Kresge PeoplesPark Kresge Castro Kresge Boalt VLSB LeConte Stanley Cory Bechtel Latimer MLK Rochdale MLK Latimer Mulford Bowles
65
Moses Moses Wellman
NCEM UCTheatre NCEM
PiAlphaPhi PiLambda PiAlphaPhi
GenPlantBio GenPlantBio
Martinez Morgan Martinez
Ridge Ridge
MFoundry MFoundry
YogurtPark YogurtPark
Barker Barker
Graduate Graduate
Rochdale Rochdale
Lothlorien HearstAnnex Lothlorien
RoseGarden Strada RoseGarden
Cloyne Cloyne
Barrows Barrows
Crescent Crescent
IndianRock IndianRock
GammaPhiBeta GammaPhiBeta
Unit1 Unit1
Zellerbach Zellerbach
Castro Castro
BearFoodCourt BearFoodCourt
Pavilion Pavilion
AlphaSigmaPhi AlphaSigmaPhi
Koshland Koshland
Sherman Sherman
Simons Simons
LaVals LaVals
Spats Spats
NorthGate NorthGate
Easterly Edwards Easterly
Doe Doe
Wilde Wilde
Extension Extension
WayWest WayWest
Safeway Safeway
TacoBell TacoBell
Browns Browns
Cheeseboard Cheeseboard
Blackwell Blackwell
Etcheverry Calvin Etcheverry
Daiso Daiso
Wolf Unit2 Wolf
ALS ALS
Birge Birge
PeoplesPark Kresge PeoplesPark
Evan Evan
Sutardja Sutardja
Gypsys Gypsys
Campbell Campbell
Boalt VLSB RSF Boalt
Unit3 Unit3 CKerr
ShengKee ShengKee
Wurster Wurster
Greek Greek
Crossroads Haas Crossroads
Chipotle Chipotle
Foothill Foothill
Mulford Mulford
StrawberryCreek StrawberryCreek
Campanile Campanile Bongo
Maxwell Maxwell
Hildebrand Hildebrand
Baker Baker
Stacks Stacks
