Wheeler Dwinelle Wheeler Sproul Wheeler Doe Campanile LeConte Birge Campbell Haviland Memorial McLaughlin Memorial Minor Haas Stonefire Haas Faculty FSM Baker McCone CKerr McCone BigC Pavilion PeoplePark Pavilion Simons Koja Legends Koja TriDelta Koja LaNote Unit2 LaNote Simons Pavilion BigC McCone Baker CZ Fiji CZ Baker FSM Faculty Unit1 HearstAnnex Stephens Moses Stephens HearstAnnex Anthony GBC WayWest Warren WayWest Cloyne Cafe3 Hearst Davis Kresge Normandy Cheit Soda Moffitt Soda Sather Martinez Sather OCF Sather Barker Sather Soda Etcheverry Latimer Stanley Foothill Stanley Latimer Evans Morrison Hertz Kroeber Wurster Boalt Wurster Kroeber Lewis Greek Bechtel Jacobs Cory Greek Morrison Evans Wheeler Doe Campanile LeConte Campbell Haviland Memorial IHouse Memorial Haviland Wellman RSF Koshland Stonefire Minor Maxwell MemorialStadium Hargrove MemorialStadium Maxwell Minor Haas Faculty FSM Baker McCone BigC Bongo FallRush Metropolitan Ippuku WayWest Pimentel Morgan CVStarr Moffitt VLSB Etcheverry Latimer Evans Wheeler
33
OCF OCF
Unit2 Unit2
Jacobs Jacobs
Sproul Sproul
Hargrove Hargrove
Cloyne Cloyne
RSF RSF
Foothill Foothill
IHouse IHouse
Fiji Fiji
Boalt Boalt
Moses Moses
CKerr CKerr
Moffitt Moffitt Etcheverry
Birge Birge
Barker Barker
Haas Haas
Cheit Cheit
Metropolitan Metropolitan
Dwinelle Dwinelle
Morrison Morrison
PeoplePark PeoplePark
Legends Legends
Martinez Martinez Unit3
Anthony Anthony
McLaughlin McLaughlin
Baker Baker
Davis Hearst Davis
Warren Warren
TriDelta TriDelta
Stonefire Stonefire
Bechtel Bechtel
Kroeber Kroeber
