0 45 42 40 42 45 21 45 0 50 54 59 77 59 78 59 54 50 52 56 66 98 66 97 66 56 67 56 65 95 65 96 65 94 65 56 52 50 53 58 74 58 71 58 73 58 70 10 31 20 31 8 48 26 44 33 39 33 23 25 55 62 55 63 55 60 55 62 87 62 55 61 84 61 83 61 55 64 92 64 90 32 34 32 90 64 93 64 55 25 15 35 15 25 14 11 25 19 25 2 25 37 12 29 41 23 0 5 13 49 13 5 0
49
32 32
94 94
49 49
26 26
73 73
41 41
39 39
37 37
12 12
40 40
11 11
19 19
83 83
67 67
2 2
20 20 31
78 78
35 35
93 93
14 14
21 21
87 87
96 96
92 92
60 60
98 98
71 71
52 52
48 48
42 42
95 95
25 25
70 70
97 97
54 54
74 74
84 84
62 62
77 77
66 66
90 90
10 10
63 63
33 33
59 59
55 55
23 23
34 34
45 45
