0 100 105 138 105 100 101 117 101 113 189 113 188 113 101 116 198 116 101 109 167 109 101 115 196 115 194 115 101 112 182 112 180 112 179 112 101 110 169 110 168 110 172 110 171 110 175 110 173 110 101 111 177 111 178 111 101 100 104 136 104 100 103 128 103 130 103 127 103 100 0 17 13 17 68 44 70 65 70 17 77 22 77 17 35 31 53 89 26 89 1 89 96 4 63 4 14 11 58 11 55 11 3 51 3 29 75 18 75 28 75 54 3 4 87 4 49 4 3 56 3 0 100 102 124 102 118 102 123 102 121 102 100 106 145 106 146 106 147 106 149 106 142 106 144 106 100 107 152 107 153 107 151 107 100 101 108 158 108 156 108 160 108 154 108 101 100 0 86 90 85 98 86 10 83 10 99 10 20 43 20 86 81 82 81 62 12 86 5 42 5 17 25 24 25 59 25 31 57 21 57 31 64 72 64 7 35 17 80 66 80 17 0
97
182 182
43 43
66 66
54 54
21 21
1 1
7 7
59 59
56 56
82 82
22 22
99 99
42 42
62 62
136 136
149 149
121 121
87 87
53 53
44 44
151 151
28 28
154 154
175 175
85 85
55 55
127 127
26 26
49 49
65 65
51 51
178 178
188 188
194 194
167 167
18 18
14 14
138 138
173 173
153 153
156 156
171 171
98 98
198 198
13 13
83 83
160 160
123 123
142 142
144 144
20 20
152 152
117 117
172 172
147 147
130 130
196 196
77 77
158 158
57 57
90 90
81 81
24 24
72 72
29 29 75
89 89
104 104
128 128
35 35
169 169
177 177
189 189
63 63
118 118
100 100
68 68
145 145
58 58
168 168
179 179
124 124 102
180 180
101 101
96 96 4
17 17
25 25
70 70
86 86
113 113
105 105
5 5
146 146
109 109
31 31
10 10
106 106
112 112
