MapLocation152 MapLocation106 MapLocation41 MapLocation185 MapLocation9 MapLocation20 MapLocation183 MapLocation137 MapLocation122 MapLocation92 MapLocation171 MapLocation135 MapLocation192 MapLocation29 MapLocation127 MapLocation129 MapLocation42 MapLocation28 MapLocation59 MapLocation50 MapLocation7 MapLocation10 MapLocation22 MapLocation60 MapLocation13 MapLocation123 MapLocation100 MapLocation94 MapLocation35 MapLocation118 MapLocation125 MapLocation86 MapLocation53 MapLocation97 MapLocation154 MapLocation8 MapLocation19 MapLocation67 MapLocation70 MapLocation166 MapLocation57 MapLocation99 MapLocation161 MapLocation133 MapLocation149 MapLocation43 MapLocation61 MapLocation121 MapLocation72 MapLocation79 MapLocation113 MapLocation71 MapLocation128 MapLocation186 MapLocation56 MapLocation175 MapLocation164 MapLocation96 MapLocation107 MapLocation109 MapLocation85 MapLocation173 MapLocation17 MapLocation146 MapLocation32 MapLocation148 MapLocation81 MapLocation4 MapLocation170 MapLocation12 MapLocation76 MapLocation77 MapLocation104 MapLocation102 MapLocation156 MapLocation189 MapLocation153 MapLocation150 MapLocation47 MapLocation62 MapLocation23 MapLocation116 MapLocation119 MapLocation136 MapLocation145 MapLocation182 MapLocation105 MapLocation194 MapLocation55 MapLocation36 MapLocation69 MapLocation14 MapLocation16 MapLocation103 MapLocation111 MapLocation114 MapLocation75 MapLocation179 MapLocation152
97
MapLocation20 MapLocation20
MapLocation192 MapLocation192
MapLocation156 MapLocation156
MapLocation94 MapLocation94
MapLocation107 MapLocation107
MapLocation17 MapLocation17 MapLocation18
MapLocation186 MapLocation186
MapLocation97 MapLocation97
MapLocation105 MapLocation105
MapLocation16 MapLocation15 MapLocation16 MapLocation198
MapLocation69 MapLocation69
MapLocation153 MapLocation153
MapLocation72 MapLocation72
MapLocation99 MapLocation99
MapLocation166 MapLocation166
MapLocation185 MapLocation185
MapLocation85 MapLocation85
MapLocation164 MapLocation164
MapLocation12 MapLocation12
MapLocation22 MapLocation22
MapLocation47 MapLocation47
MapLocation19 MapLocation19
MapLocation92 MapLocation92
MapLocation7 MapLocation7
MapLocation123 MapLocation123
MapLocation111 MapLocation111
MapLocation182 MapLocation182
MapLocation70 MapLocation70
MapLocation116 MapLocation116
MapLocation81 MapLocation81
MapLocation55 MapLocation55
MapLocation179 MapLocation179
MapLocation61 MapLocation61
MapLocation136 MapLocation136
MapLocation102 MapLocation102
MapLocation113 MapLocation113
MapLocation86 MapLocation86
MapLocation150 MapLocation150
MapLocation62 MapLocation62
MapLocation77 MapLocation77
MapLocation133 MapLocation133
MapLocation32 MapLocation32
MapLocation4 MapLocation4
MapLocation103 MapLocation103
MapLocation148 MapLocation148
MapLocation119 MapLocation119
MapLocation109 MapLocation109
MapLocation8 MapLocation8
MapLocation145 MapLocation145
MapLocation114 MapLocation114
MapLocation14 MapLocation14
MapLocation59 MapLocation59
MapLocation146 MapLocation146
MapLocation42 MapLocation42
MapLocation175 MapLocation175
MapLocation36 MapLocation36
MapLocation118 MapLocation118
MapLocation189 MapLocation189
MapLocation128 MapLocation128
MapLocation137 MapLocation137
MapLocation161 MapLocation161
MapLocation127 MapLocation127
MapLocation106 MapLocation106
MapLocation171 MapLocation171
MapLocation173 MapLocation173
MapLocation60 MapLocation60
MapLocation194 MapLocation194
MapLocation43 MapLocation43
MapLocation71 MapLocation71
MapLocation76 MapLocation76
MapLocation183 MapLocation183
MapLocation170 MapLocation170
MapLocation104 MapLocation104
MapLocation9 MapLocation9
MapLocation41 MapLocation41
MapLocation35 MapLocation35
MapLocation23 MapLocation23
MapLocation135 MapLocation135
MapLocation57 MapLocation57
MapLocation154 MapLocation154
MapLocation50 MapLocation50
MapLocation10 MapLocation10
MapLocation129 MapLocation129
MapLocation152 MapLocation152
MapLocation79 MapLocation79
MapLocation122 MapLocation122
MapLocation28 MapLocation28
MapLocation149 MapLocation149
MapLocation56 MapLocation56
MapLocation100 MapLocation100
MapLocation96 MapLocation96
MapLocation53 MapLocation53
MapLocation29 MapLocation29
MapLocation121 MapLocation121
MapLocation13 MapLocation13
MapLocation67 MapLocation67
MapLocation125 MapLocation125
