3 6 18 8 48 7 82 19 4 21 86 24 11 9 78 1 78 12 77 14 69 96 69 32 77 15 84 45 84 31 83 58 83 22 95 36 2 27 78 17 13 33 80 29 80 46 64 71 64 75 72 23 18 41 82 42 13 43 48 49 48 50 34 52 35 57 80 53 89 56 97 60 20 63 35 66 4 67 83 68 2 40 54 76 97 90 38 70 35 94 35 98 65 80 73 80 5 3 87 55 85 93 88 61 25 61 88 93 85 55 3
49
8 8 100
25 25
1 1
45 45
19 19
24 24
58 58
71 71
96 96
6 6
7 7
9 9
12 12
14 14
15 15
17 17
21 21
22 22
23 23
27 27
29 29
31 31
32 32
33 33
36 36
40 40
41 41
42 42
43 43
46 46
49 49
50 50
52 52
53 53
56 56
57 57
60 60
63 63
66 66
67 67
68 68
70 70
73 73
75 75
76 76
87 87
90 90
94 94
98 98
