86 120 186 26 9 13 109 5 3 11 42 1 114 105 114 8 78 14 78 71 67 2 171 10 103 64 40 38 20 82 20 36 134 44 108 94 136 89 115 53 180 106 180 19 180 45 7 57 95 72 186 73 58 28 58 93 55 132 178 52 114 54 111 113 111 76 99 87 102 22 68 90 68 35 68 100 182 92 133 152 133 101 180 66 55 121 131 126 98 173 98 91 98 107 61 51 61 30 79 21 79 137 79 12 123 12 48 143 6 143 117 70 175 32 157 32 139 47 41 47 18 84 88 27 88 181 9 110 9 171 75 63 74 63 145 167 140 147 138 12 149 40 122 49 125 86 150 95 148 78 116 58 97 171 129 111 159 190 156 142 154 25 153 25 158 147 160 151 17 151 184 161 163 7 23 169 23 185 43 192 151 80 194 80 151 127 183 4 179 4 130 167 65 146 65 167 71 61 69 61 15 18 177 39 172 56 172 81 104 24 168 189 168 24 104 61 108 182 96 174 96 182 92 133 86
97
11 11 196 199
174 174
189 189
82 82
90 90
6 6
13 13
14 14 198
28 28
44 44
56 56
105 105
106 106
123 123
146 146
152 152
173 173
179 179
194 194
2 2
17 17
21 21
27 27
41 41
51 51
57 57
64 64
89 89
113 113
120 120
132 132
157 157
1 1
5 5
8 8
10 10
19 19
22 22
26 26
30 30
35 35
36 36
38 38
45 45
48 48
52 52
53 53
54 54
66 66
69 69
71 71
72 72
73 73
74 74
75 75
76 76
84 84
87 87
91 91
92 92
93 93
94 94
97 97
100 100
101 101
107 107
110 110
116 116
117 117
121 121
122 122
125 125
126 126
129 129
137 137
138 138
139 139
140 140
145 145
148 148
149 149
150 150
153 153
154 154
156 156
158 158
159 159
160 160
163 163
169 169
175 175
177 177
181 181
183 183
184 184
185 185
192 192
