110 77 195 99 181 67 15 163 132 91 145 190 122 3 127 138 55 39 171 11 176 13 160 189 178 148 74 172 92 169 197 54 73 47 45 76 94 30 14 193 123 43 101 121 140 6 131 51 141 83 5 161 56 50 96 53 52 19 165 22 18 85 87 66 60 100 124 81 159 38 142 98 25 41 20 192 72 44 168 26 90 103 199 152 64 175 1 36 79 149 126 147 107 0 154 28 29 110
97
54 54
29 29
122 122
51 51
66 66
176 176
53 53
26 26
30 30 40
161 161
178 178
99 99
131 131
165 165
36 36
76 76
25 25
193 193
55 55
168 168
91 91
199 199
38 38
83 83
64 64
92 92
175 175
142 142
56 56
85 182 85
127 127
171 171
160 160
45 45
159 159
126 126
152 152
72 72
121 121
77 77
14 14 170
192 192
90 90
132 132
197 197
145 145
110 110
6 6
87 87
52 52
18 18
96 96
98 98
190 190
22 22
74 74
44 44
138 138
100 100
101 101
5 5
67 67
124 124
11 11
39 39
73 73
140 140
60 60
149 149
148 148
163 163
141 141
94 94
107 107
172 172
189 189
169 169
20 20
19 19
0 0
103 103
123 123
195 195
3 3
13 13
28 28
147 147
181 181
81 81
43 43
1 1
79 79
41 41
15 15
50 50
47 47
154 154
