Location0 Location34 Location41 Location34 Location10 Location24 Location14 Location13 Location7 Location9 Location29 Location9 Location20 Location5 Location20 Location18 Location16 Location59 Location31 Location59 Location2 Location40 Location57 Location19 Location38 Location28 Location1 Location8 Location6 Location13 Location25 Location52 Location32 Location39 Location30 Location23 Location30 Location36 Location11 Location27 Location4 Location35 Location4 Location12 Location26 Location15 Location26 Location10 Location21 Location10 Location58 Location3 Location58 Location48 Location0
33
Location4 Location4
Location39 Location39
Location21 Location21
Location36 Location36
Location15 Location15
Location3 Location3
Location23 Location17 Location23
Location31 Location31 Location33
Location11 Location11
Location41 Location41
Location2 Location2
Location1 Location1
Location6 Location6
Location19 Location19
Location24 Location24
Location18 Location18
Location27 Location27
Location14 Location14
Location12 Location12
Location10 Location10 Location26
Location35 Location35
Location7 Location7 Location22
Location32 Location32
Location16 Location16
Location5 Location5 Location20
Location40 Location40
Location29 Location9 Location29
Location38 Location38
Location8 Location8
Location13 Location13 Location25 Location37
Location30 Location30
Location28 Location28
Location34 Location34
