1 129 13 81 34 136 41 47 6 26 8 87 21 31 69 59 92 3 16 140 131 9 97 36 27 37 35 50 49 20 55 51 10 82 53 60 83 2 95 57 61 68 70 56 193 58 33 74 86 80 126 110 88 75 44 124 99 84 137 130 102 101 77 164 89 167 150 111 85 106 141 156 144 143 159 103 169 116 138 127 171 165 151 133 139 30 42 46 157 162 56 161 46 1
89
10 10
26 26 176
20 20 174 189 198
47 47
69 69
92 92 182
35 35
129 129 184
87 87
95 95
97 97 177
136 136
81 81
83 83
137 137
131 131 200
193 193
1 1
2 2
3 3
6 6
8 8
9 9
13 13
16 16
21 21
27 27
31 31
33 33
34 34
36 36
37 37
41 41
42 42
44 44
49 49
50 50
51 51
53 53
55 55
56 56
57 57
58 58
59 59
60 60
61 61
68 68
70 70
74 74
75 75
77 77
80 80
82 82
84 84
85 85
86 86
88 88
89 89
99 99
101 101
102 102
103 103
106 106
110 110
111 111
116 116
124 124
126 126
127 127
130 130
133 133
138 138
139 139
140 140
141 141
143 143
144 144
150 150
151 151
156 156
157 157
159 159
161 161
162 162
164 164
165 165
167 167
169 169
171 171
