0 1 0 50 51 50 65 64 53 52 53 64 62 66 67 63 61 54 61 63 59 60 59 70 71 80 72 80 84 83 97 94 98 99 98 94 97 83 84 80 79 73 77 73 74 76 75 76 74 73 79 80 85 87 88 86 92 96 92 86 88 91 90 91 88 87 85 80 71 70 68 57 58 55 58 56 58 57 68 70 59 63 67 66 62 64 65 50 0 15 14 3 2 3 14 12 16 17 13 11 4 11 13 9 10 9 20 21 30 22 30 34 33 47 44 48 49 48 44 47 33 34 30 29 23 27 23 24 26 25 26 24 23 29 30 35 37 38 36 42 46 42 36 38 41 40 41 38 37 35 30 21 20 18 7 8 5 8 6 8 7 18 20 9 13 17 16 12 14 15 0
41
4 4
99 98 99
52 52
49 49
46 46
55 55
96 96 92
25 25
75 75
2 2
5 5
54 54
22 22
72 72
1 1
40 40
90 90 91
10 10
27 27
60 60
77 77
33 33
51 51
83 83
6 6
24 24
44 44
36 36
56 56
74 74
94 94
86 86
3 3
26 26
47 47
48 48
42 42
41 41
53 53
76 76
97 97
