0 1 0 50 51 50 100 101 100 150 151 150 199 198 194 197 183 184 180 172 180 179 173 177 173 174 176 175 176 174 173 179 180 171 170 159 160 159 163 161 154 161 163 167 166 162 164 153 152 153 164 165 150 100 115 114 103 102 103 114 112 116 117 113 111 104 111 113 109 110 109 120 121 130 122 130 134 133 147 144 148 149 148 144 147 133 134 130 129 123 127 123 124 126 125 126 124 123 129 130 135 137 138 136 142 146 142 136 138 141 140 141 138 137 135 130 121 120 118 107 108 105 108 106 108 107 118 120 109 113 117 116 112 114 115 100 50 65 64 53 52 53 64 62 66 67 63 61 54 61 63 59 60 59 70 71 80 72 80 84 83 97 94 98 99 98 94 97 83 84 80 79 73 77 73 74 76 75 76 74 73 79 80 85 87 88 86 92 96 92 86 88 91 90 91 88 87 85 80 71 70 68 57 58 55 58 56 58 57 68 70 59 63 67 66 62 64 65 50 0 15 14 3 2 3 14 12 16 17 13 9 10 9 13 11 4 11 13 9 20 21 30 22 30 34 33 47 44 48 49 48 44 47 33 34 30 29 23 27 23 24 26 25 26 24 23 29 30 35 37 38 36 42 46 42 36 38 41 40 41 38 37 35 30 21 20 18 7 8 5 8 6 8 7 18 20 9 13 17 16 12 14 15 0 50 100 150 199 198 194 197 183 184 180 185 187 188 186 192 196 192 186 188 191 190 191 188 187 185 180 171 170 168 157 158 155 158 156 158 157 168 170 159 163 167 166 162 164 165 150 100 50 0
81
10 10
149 149
99 99
196 196 192
152 152 153
54 54
96 96
104 104
146 146
155 155
75 75
125 125
175 175 176
49 49
46 46
25 25
1 1
55 55
105 105
154 154
197 183 197 194
102 102
5 5
52 52
72 72
122 122
2 2
22 22
40 40
90 90
140 140
151 151
190 190 191
4 4
27 27
60 60
77 77
110 110
127 127
160 160
172 172
177 177
33 33
51 51
83 83
101 101
133 133
6 6
24 24
44 44
36 36
56 56
74 74
94 94
86 86
106 106
124 124
144 144
136 136
156 156
174 174
198 198 199
186 186
3 3
26 26
47 47
48 48
42 42
41 41
53 53
76 76
97 97
98 98
92 92
91 91
103 103
126 126
147 147
148 148
142 142
141 141
