31 74 107 146 128 65 48 114 121 140 82 149 94 45 21 156 99 90 143 80 28 9 4 108 67 160 7 86 68 22 103 27 106 123 117 66 14 115 81 13 131 119 141 20 34 151 125 35 64 38 69 60 110 148 83 42 77 127 89 29 33 105 137 12 120 57 30 6 58 32 134 138 49 147 93 78 88 152 46 167 196 175 188 168 164 173 198 170 184 195 169 171 197 180 191 179 199 186 31
97
167 167
170 170
191 191
168 168
78 78
179 179
171 171
164 164
175 175
180 180
186 186
197 197
198 198
195 195
184 184
199 199
137 137
173 173
188 188
21 21
196 196
13 13
83 83
169 169
68 68
128 128
64 64
152 152
99 99
34 34
108 108
57 57
127 127
121 47 121
123 123
14 14
138 138
74 74
20 20
28 28
30 30
82 82
110 110
46 46 52
143 143
89 89
93 93
160 160
60 60
42 42
141 141
107 112 107
140 140
48 48
88 88
27 27
77 77
29 29
22 22
114 114
94 94
148 148
66 66
58 58
115 115
32 32
38 38
49 49
65 65
120 120
4 4
106 106
80 80
105 105
156 156
9 9
117 117
69 69
90 90
7 7
119 119
151 151
67 67
6 6
86 86
149 149
131 131
45 45
12 12
146 146
35 35
33 33
81 81
147 147
125 125
134 134
103 103
