state purple scriptwriter purple controversial mortgagor begot mortgagor knick McDonald wrack McDonald Cinderella McDonald watery McDonald border McDonald eidetic McDonald driveway peacock Calkins voltmeter motet Jennifer Zellerbach catnip dumpling voltmeter jackass Jennifer scaup peacock serge voltmeter value catnip whirligig catnip octane catnip rocky catnip joke catnip texture catnip bloc catnip Evans mortgagor infuse peacock anatomy peacock Waterbury peacock stingy Jennifer Albert voltmeter lonesome voltmeter his versatec Adler limbic Darwin actinic cocaine mortgagor knurl purple hyphen purple sanatoria McDonald sepulchral McDonald lobby catnip gun catnip omicron McDonald stereography McDonald Arden peacock complacent kitty pairwise maidservant supremum servile rent mortgagor registrant peacock Protista catnip heifer servile cache servile bald McDonald uptown catnip grade kitty hypothetic carouse ash McDonald fireplace McDonald gavotte purple whatsoever mortgagor dame catnip Eva catnip backgammon Jennifer shrugging versatec charcoal McDonald Augean McDonald hallelujah voltmeter Yaounde peacock athletic purple curbside McDonald cohere McDonald foursome peacock regal peacock flexural catnip trivium catnip turnout purple Steiner peacock opossum catnip clasp catnip Lizzie catnip monk purple compunction Jennifer Edmonds voltmeter Whelan purple Della purple circumstantial McDonald firebug purple eggplant carouse retardation impure harrow servile debenture catnip Ridgway catnip Adamson catnip hungry maidservant freehold purple fleawort catnip huge purple state
97
scriptwriter scriptwriter presto bibliophile exhortation
controversial controversial
begot begot
knick knick
wrack wrack
Cinderella Cinderella
watery watery
border border
eidetic eidetic
driveway driveway
Calkins Calkins
motet motet
Zellerbach Zellerbach
dumpling dumpling
jackass jackass
scaup scaup
serge serge
value value
whirligig whirligig
octane octane
rocky rocky
joke joke
texture texture
bloc bloc
Evans Evans
infuse infuse
anatomy anatomy
Waterbury Waterbury
stingy stingy
Albert Albert
lonesome lonesome
his his
Adler Adler
Darwin Darwin
cocaine cocaine
knurl knurl
hyphen hyphen
sanatoria sanatoria
sepulchral sepulchral
lobby lobby
gun gun
omicron omicron
stereography stereography
Arden Arden
complacent complacent
pairwise pairwise
supremum supremum
rent rent
registrant registrant
Protista Protista
heifer heifer
cache cache
bald bald
uptown uptown
grade grade
hypothetic hypothetic
ash ash
fireplace fireplace
gavotte gavotte
whatsoever whatsoever
dame dame
Eva Eva
backgammon backgammon
shrugging shrugging
charcoal charcoal
Augean Augean
hallelujah hallelujah
Yaounde Yaounde
athletic athletic
curbside curbside
cohere cohere
foursome foursome
regal regal
flexural flexural
trivium trivium
turnout turnout
Steiner Steiner
opossum opossum
clasp clasp
Lizzie Lizzie
monk monk
compunction compunction
Edmonds Edmonds
Whelan Whelan
Della Della
circumstantial circumstantial
firebug firebug
eggplant eggplant
retardation retardation
harrow harrow
debenture debenture
Ridgway Ridgway
Adamson Adamson
hungry hungry
freehold freehold
fleawort fleawort
huge huge
