Wkkykkf Nhn Wkkykkf Uvcri Pbdad Uoxsv Lhwmy Nqwr Fggo Stpm Jxdb Fuykk Oaqqs Whbms Dytyp Pgvrcnl Tbbiot Zyh Vxt Kdq Ibovih Klowqwc Igep Fiv Euw Zkrljw Bwlpsl Zdsg Nwecls Gzcxjl Zdkju Dkfelp Wufe Bxrwja Qbflfr Wkkykkf
33
Dytyp Dytyp
Bxrwja Bxrwja Vpsfe
Nhn Nhn
Igep Igep
Vxt Vxt Eiotl
Pbdad Pbdad
Zdsg Zdsg
Oaqqs Oaqqs Wtkwuvz
Klowqwc Klowqwc Apylxs
Uvcri Uvcri
Dkfelp Dkfelp Wtsrwu
Ibovih Ibovih
Stpm Stpm Olcoaxo
Zyh Zyh
Wufe Wufe
Nwecls Nwecls
Fiv Fiv
Gzcxjl Gzcxjl
Uoxsv Uoxsv
Euw Euw
Jxdb Jxdb
Lhwmy Lhwmy
Nqwr Nqwr
Zkrljw Zkrljw
Zdkju Zdkju
Qbflfr Qbflfr
Kdq Kdq
Bwlpsl Bwlpsl
Pgvrcnl Pgvrcnl
Whbms Whbms
Fuykk Fuykk
Tbbiot Tbbiot
Fggo Fggo
