A0 X4 S6 A5 J1 G0 F4 X3 E1 M0 T2 W5 V6 C4 E3 R5 B4 M3 O5 A1 K1 S2 Y4 G3 Q5 M6 Q6 F0 Z5 A7 R6 F6 J0 P2 I3 V2 W6 L5 Q0 O4 E5 C3 M1 X2 N1 B2 U6 U2 Z1 A2 X0 P0 S1 Z4 J6 C7 I1 L0 M4 B5 R3 F3 T5 A6 Z3 W2 C6 Y0 D0 C0 R4 G1 X6 I0 E4 K2 T3 H6 X1 Z6 P6 G6 J5 T6 I5 Y3 P5 K4 D2 G4 Q4 A4 N2 D7 H0 W4 O3 A0
97
I0 I0
K2 K2
L0 L0
T6 T6
B4 B4
K1 K1
Q0 Q0
F4 F4
Z6 Z6
F0 F0
F6 F6
S1 S1
T5 T5
T2 T2
U2 U2
W4 W4
V6 V6
M1 M1
N1 N1
B5 B5
E3 E3
C6 C6
O3 O3
A2 A2
V2 V2
M6 M6
T3 T3
P6 P6
H0 H0
J6 J6
R3 R3
O5 O5
R4 R4
Y3 Y3
E5 E5
A4 A4
S6 D3 S6
G4 G4
J1 J1
H6 H6
D7 D7
A7 Y6 A7
G3 G3
E1 E1
J0 J0
Z3 Z3
P5 P5
A0 A0
B2 B2
K4 K4
A6 A6
P0 P0
A5 A5
Z5 Z5
D0 D0
I1 I1
W6 W6
N2 N2
Q4 Q4
G6 G6
C7 M5 C7
X6 X6
J5 J5
C0 C0
Y4 Y4
X3 X3
U6 U6
Y0 Y0
X2 X2
E4 E4
W5 W5
M3 M3
Q5 Q5
P2 P2
G0 G0
Z1 Z1
I5 I5
Z4 Z4
X0 X0
L5 L5
X4 X4
R6 R6
D2 D2
S2 S2
X1 X1
W2 W2
C3 C3
A1 A1
G1 G1
R5 R5
M4 M4
F3 F3
I3 I3
M0 M0
O4 O4
C4 C4
Q6 Q6
