142 121 137 66 44 66 106 127 106 66 137 135 97 135 171 140 171 63 131 35 131 63 171 140 129 140 30 139 153 181 91 181 153 23 153 181 18 103 28 9 33 133 41 152 68 192 150 21 157 21 59 164 126 177 16 193 60 124 60 78 186 55 186 17 144 151 93 118 38 197 12 98 116 179 141 65 130 58 147 27 72 145 139 153 181 18 70 92 9 14 134 52 178 195 158 69 64 122 128 75 79 89 85 187 132 39 115 5 185 22 149 26 0 183 190 118 93 151 167 151 159 45 8 31 8 163 100 34 100 1 154 139 153 181 91 3 174 4 46 148 108 160 77 143 90 172 37 24 76 48 137 107 62 47 7 47 62 107 137 121 142
57
129 129
108 108
158 158
115 115
183 183
34 34
89 89
76 76
7 7
167 167
3 3
197 197
150 150
127 127
124 124 60
14 14
159 159
145 145
133 133
64 64
90 90
70 70
22 22
58 58
23 23
177 177
35 35
55 55
97 97
93 93
157 157
77 77
141 141
178 178
46 46
91 91
44 44
38 38
31 31
30 30
121 121 137
69 69
39 39
41 41
48 48
33 33
4 4
140 140
195 195
144 144 151
16 16
181 181
186 186
106 106
63 63
174 174
21 21
