5 33 68 155 68 17 55 57 64 27 11 85 11 113 11 44 106 44 37 45 152 45 59 127 59 101 104 101 111 101 59 76 59 96 54 20 19 169 19 69 145 69 19 52 80 52 56 102 56 73 32 50 32 91 32 21 1 177 1 0 51 0 3 31 39 88 168 88 39 28 10 160 10 9 77 7 35 7 5 14 63 14 196 14 23 103 23 14 5 8 95 121 95 1 70 105 70 1 30 15 163 15 30 22 58 86 109 130 109 86 58 22 92 40 36 82 179 82 36 17 12 18 178 18 12 150 191 150 12 25 43 183 43 25 37 45 59 118 126 118 59 96 74 53 123 131 140 131 123 53 27 41 19 52 143 144 176 180 194 180 176 144 143 52 19 5
49
27 27
194 180 194
104 104
163 163
178 178
179 179
102 102
183 183
105 105
155 68 155
130 130
91 91
121 121
152 152
168 168
54 54
126 126
140 140
51 51
92 92
106 106
191 191
31 31
76 76
80 80
160 160
196 196
57 57
77 77
145 145
21 21
35 35
50 50
58 58
103 23 103
111 111
113 113
169 169
177 177
63 63
85 85
127 127
176 176
96 96
32 32
45 45
101 101
109 109
9 9
