89 65 18 20 35 50 39 50 8 40 4 40 8 57 66 41 49 29 57 66 41 12 41 66 55 42 31 42 19 42 55 95 16 95 10 47 57 66 45 52 38 75 86 26 32 30 36 74 23 17 48 74 44 21 44 74 27 11 24 5 24 13 24 7 15 73 9 73 3 79 34 2 28 2 0 37 6 8 43 8 94 14 94 1 94 46 29 57 68 22 68 57 8 40 95 33 95 53 25 24 92 82 65 89
49
4 4
25 25
6 6
34 34
22 22
11 11
33 33
30 30
3 3
1 1
26 26
15 15
46 46
48 48
37 37
13 13
14 14
36 36
43 43
18 18
10 10
21 21
9 9
38 38
28 28
27 27
19 19
39 39
47 47
7 7
5 5
12 12
32 32
23 23
16 16
35 20 35
29 29
45 45
31 31
49 49
17 17
2 2
50 50
42 42
24 24
41 41
8 8
44 44
40 40
