149 14 68 75 59 4 36 42 69 72 57 97 48 24 63 60 19 41 67 50 30 62 95 91 82 77 98 86 15 27 93 94 31 39 87 54 88 71 61 9 46 73 58 12 65 40 3 26 49 52 13 56 90 10 5 25 6 11 28 33 66 64 7 79 29 43 99 74 51 20 80 45 2 16 96 76 100 18 44 55 38 22 84 47 8 35 17 78 53 81 70 92 32 85 34 83 1 89 149
97
7 7
98 98
3 3
76 76
47 47
10 10
87 87
24 24
99 23 99
45 45
9 9
34 34
19 19
15 15
70 70
43 43
72 72
52 52
44 37 44
53 53
4 4
6 6
22 22
35 35
27 27
32 32
82 82
62 62
93 93
1 1
33 33
16 16
51 51
63 63
56 56
42 42
80 80
48 48
89 89
74 74
26 26
79 79
40 40
73 73
28 28
11 11
55 55
78 78
54 54
88 88
2 2
64 64
86 86
92 92
85 21 85
65 65
5 5
95 95
13 13
75 75
84 84
58 58
81 81
100 100
39 39
20 20
90 90
31 31
14 14
59 59
38 38
49 49
67 67
57 57
17 17
71 71
12 12
18 18
30 30
68 68
29 29
60 60
25 25
91 91
77 77
46 46
36 36
66 66
69 69
97 97
50 50
41 41
83 83
96 96
94 94
8 8
61 61
