myBc2oGXtwQIbhN8LZB1 vy2boLWO2lxg10y7uS0y 6X2CNJieZ0I5rs3Wfu65 nmetx4LmU9YBYTmghDrT 1ZOzWuPMAgV9noIUn6fI FMx2ghinkTg3bXUUbaTx jHmvxfAZsjs2mCnHbbFf 4jo8IXw984NR3wvT2Dr9 fpPjeU3Q7Ml0oxbNnONE 6yzFaM9N8M8BsjLACDds yAYyOcL4ZKdEiLdSPQJm RBvtNZMBTgecfVkYzQF0 w5Yg5o0VnYd77fs4XPRL jy3jNWgqegakpFSv6gUm oTKjE2BVS0AvV4XvUeLk e3j3O8zLHFaoF4L54lX4 5f6BSghRQWi4UfjviKjn zWpsWJk9vbOt0JkC0vhz X0l14s0sRXjXSeLRZLOJ 1GbSD7rTlpNb4qV46SKR bVCSBWLjvEmxQEUvDzc4 lRM59z2yUMoVl3kzgo9u j2d1svPUTAqQIDPXwffl UMmbOoOKP6EkLMuN70H3 RpB10dFWsUl9DC779n8X ZhHxBzOYsJAOHrqq4mZM m1eNgjuhkxodElFqqgdb EY74ASuADSlYlDTJLkL6 uNXUIWejT1w4vLTe7QBt VThEkwdtHmaZ1zsmfh4s LJTA7Za5kd0YC7vjiAyc 69TQpRojisYUrVnWqBaA 9OL9rFCWxsvkui0BnJrR fbJ1XhavEsRSCGVVB1U1 olDP1pNg8HxpvCq8TOIJ K674cUKePzN7aRSq4iqU o53aRQwjhcCKlIFPSjvf o2dWBGyrvosFrr6mKxkG SUNxIlWVwIvWYg6OTKeH jjCSZnB5168QDqTrFROq q1ntlEPy5TkjTDK1N7QA wy0RiFWOddqgqdcatQ9A o9aZyqilfPONdyLlpTRX ki0pv73E3TweydEr2xMN saIZq3FqZhdVPNoQWmqU qz4O4bOhKA0YZxpN4mu9 C4VxHS7oWghMg001nCqT GvRFaXYJvrU5PAeeG88T MrSQPZSbMdgYshneAfKf lYkJhGqsFKbDklNelAfr myBc2oGXtwQIbhN8LZB1
49
bVCSBWLjvEmxQEUvDzc4 bVCSBWLjvEmxQEUvDzc4
jjCSZnB5168QDqTrFROq jjCSZnB5168QDqTrFROq
FMx2ghinkTg3bXUUbaTx FMx2ghinkTg3bXUUbaTx
ZhHxBzOYsJAOHrqq4mZM ZhHxBzOYsJAOHrqq4mZM
5f6BSghRQWi4UfjviKjn 5f6BSghRQWi4UfjviKjn
lYkJhGqsFKbDklNelAfr lYkJhGqsFKbDklNelAfr
1GbSD7rTlpNb4qV46SKR 1GbSD7rTlpNb4qV46SKR
RBvtNZMBTgecfVkYzQF0 RBvtNZMBTgecfVkYzQF0
LJTA7Za5kd0YC7vjiAyc LJTA7Za5kd0YC7vjiAyc
saIZq3FqZhdVPNoQWmqU saIZq3FqZhdVPNoQWmqU
fpPjeU3Q7Ml0oxbNnONE fpPjeU3Q7Ml0oxbNnONE
69TQpRojisYUrVnWqBaA 69TQpRojisYUrVnWqBaA
zWpsWJk9vbOt0JkC0vhz zWpsWJk9vbOt0JkC0vhz
j2d1svPUTAqQIDPXwffl j2d1svPUTAqQIDPXwffl
X0l14s0sRXjXSeLRZLOJ X0l14s0sRXjXSeLRZLOJ
GvRFaXYJvrU5PAeeG88T GvRFaXYJvrU5PAeeG88T
RpB10dFWsUl9DC779n8X RpB10dFWsUl9DC779n8X KtbSULrz2h1IxsKP2DHz
4jo8IXw984NR3wvT2Dr9 4jo8IXw984NR3wvT2Dr9
wy0RiFWOddqgqdcatQ9A wy0RiFWOddqgqdcatQ9A
SUNxIlWVwIvWYg6OTKeH SUNxIlWVwIvWYg6OTKeH
o9aZyqilfPONdyLlpTRX o9aZyqilfPONdyLlpTRX
oTKjE2BVS0AvV4XvUeLk oTKjE2BVS0AvV4XvUeLk
C4VxHS7oWghMg001nCqT C4VxHS7oWghMg001nCqT
vy2boLWO2lxg10y7uS0y vy2boLWO2lxg10y7uS0y
EY74ASuADSlYlDTJLkL6 EY74ASuADSlYlDTJLkL6
e3j3O8zLHFaoF4L54lX4 e3j3O8zLHFaoF4L54lX4
qz4O4bOhKA0YZxpN4mu9 qz4O4bOhKA0YZxpN4mu9
fbJ1XhavEsRSCGVVB1U1 fbJ1XhavEsRSCGVVB1U1
6yzFaM9N8M8BsjLACDds 6yzFaM9N8M8BsjLACDds
m1eNgjuhkxodElFqqgdb m1eNgjuhkxodElFqqgdb
1ZOzWuPMAgV9noIUn6fI 1ZOzWuPMAgV9noIUn6fI
jy3jNWgqegakpFSv6gUm jy3jNWgqegakpFSv6gUm
MrSQPZSbMdgYshneAfKf MrSQPZSbMdgYshneAfKf
6X2CNJieZ0I5rs3Wfu65 6X2CNJieZ0I5rs3Wfu65
q1ntlEPy5TkjTDK1N7QA q1ntlEPy5TkjTDK1N7QA
9OL9rFCWxsvkui0BnJrR 9OL9rFCWxsvkui0BnJrR
w5Yg5o0VnYd77fs4XPRL w5Yg5o0VnYd77fs4XPRL
o53aRQwjhcCKlIFPSjvf o53aRQwjhcCKlIFPSjvf
jHmvxfAZsjs2mCnHbbFf jHmvxfAZsjs2mCnHbbFf
UMmbOoOKP6EkLMuN70H3 UMmbOoOKP6EkLMuN70H3
olDP1pNg8HxpvCq8TOIJ olDP1pNg8HxpvCq8TOIJ
VThEkwdtHmaZ1zsmfh4s VThEkwdtHmaZ1zsmfh4s
ki0pv73E3TweydEr2xMN ki0pv73E3TweydEr2xMN
lRM59z2yUMoVl3kzgo9u lRM59z2yUMoVl3kzgo9u
K674cUKePzN7aRSq4iqU K674cUKePzN7aRSq4iqU
nmetx4LmU9YBYTmghDrT nmetx4LmU9YBYTmghDrT
yAYyOcL4ZKdEiLdSPQJm yAYyOcL4ZKdEiLdSPQJm
o2dWBGyrvosFrr6mKxkG o2dWBGyrvosFrr6mKxkG
uNXUIWejT1w4vLTe7QBt uNXUIWejT1w4vLTe7QBt
