PlmPdVeiiHQg3JYZCDWt xcisI0PJDdG9nIuyj3IS m1A3pMC42PQioFziqK5C yD8JCRUWcVAZxJ4ZDldr uNMLlt0W1KUwk2d6EP98 VuvjJGf6deKVAQ0JUD4i TpLamlzpT6GwerxzVsxr PIekFeWZsA6etqyFB2SF UkqILZ2p4EbRuMBIrGXp nyd0fM2XE4qmli1xfIwr 9zoM12ZWjXrKaszveCQH o85TEEBuzMbePdf5cbCv ML4pCjYl4gPEwSnvlRaD E59siIyngnj5PIsLeowv WErk2X2lm629vuxPHVtl BWhyt9wATIprZDhzxwVv 1tmkPhHujDQhTmW4oV7S WsVMGV8yZisK6ojnqzBE AmAHnr1XXkPpwJ6DUDIO JakuJordFcO229c3L5ct EY9cQTmyqhrzeZsobQa5 jVItWJkETNqrkY47Hghp 3rqlQRwe5izypHjXjWla kaVGl3oG0Ulg2MgkbJB8 kwA1qrRggH9YLKcVfIe5 2chOacZ5nNYuf6eeGFSW KjQNU2EAAYEZSeJWPxLM DF1KTiOHBIkswyjh8uB1 dvxgUZzwjHAP85QpElWp NXYVlLN4oRDZThND0BmP 4QLswP82Wvxw9Z42obzh IxWh6LSiXwGUWSx9VJ39 NA24XhOMsROCBnUViAJT tX1uDaXm9hMlEKqU7m9j 48BAUsycKlkSkbOjYLFN 1wRG7TNgo9ui6iZBLuaw nsq4rhHWMCaIVcah5fcd Zzs5CIqF9Ll2avkxI78N MEVVMgbTLIgXdG4vAbeX ELEJN8tWDJT7mLhCdqW3 Tr6dOTuKB3EM5juuJxqy C6w7afZujemehEooILjN MSj6zOuZ0EoAKjP4wXXW x5UVX06335fM5pfCNBMU Dwi7fYT8wa9I4Kzyto4Y EkRPPDhcu5ww6XulSOgx W9TKm0U6bNDZ1Aok7hNH Vh6ScHVb39wz7CmKwIuA hZHynIvymuQxD6BftzWt YFXFh0nBpGYXfL8mfny3 SNmFiRdCmf8vg1yMqr30 Osa2UT4anhyBl7doUFs5 RuUdtXtfFCKpaLUcmsqg a06qeiApctGnC1GMtGuJ nKDJ3ylOzub2eWcHnAhq ANdko3dYAy7a2BOq7wpm uaR7l3Qhn4FRAnSeVURz EVtx7khff7Fs8yuuQKJx 4S2YiI3VYPKghkl95iqK GzSNGBn4EPemDLEWXNxx zforAf5jhSPEL0aOiCeo dsndgEJWfBsFA2I3Hgqf 3M9YkxmgHhrzhCgskWR0 CofLnw0Ss4pVGWmPS5oO cUanhOambcNkocePqfvx KOLHrmR3FKDMdl4SYdK9 g0ywcwildP9K6oBendJq iFXIyHTPBX7ivXxsV1VM VXU331oDUcuzaGGUYIl9 cYMPcE5UNSzOtkRY62gr irZyMKazQALnyfoOCtbL XdyhPab6W9wOZnKLq1fq E8pbRn7LIeWnB3swkYzz yKQw7YXCNsthb1VWEFur 7yt9hKqOEGabqtqIEmdH q4nqG9N45SSRxndw48Xl WZsO2i9GZwvMYoV9SyKS 6WGzUhXeOltLDbkIvTzq 804aK8wEArkuheeUiB4R LXqfTqJggDSh6mykPyz3 060q0aISPODkGeAbYbQ6 ukPtLY7YueARRkX8hPaS 7qCgmo7DrrfnVQIWnbiV eUyNsK7nwP1YPac54CbU U7iVliqmXRkLwyPSNdfv ChEnlTNCMoqxBfyzEzW7 zvH9G6FQ1xC7CVezs43e YmmIBqqdn3Z6PuFXWNHi YIxKvTpWMaQKGFtD5BDH 76b3evP8JEiQ8c6jd2b5 k8LvqKsQ4ejh0bCWs4fP 1JawjZrawLlOCGN1EB0O JWIkMKKlAG6fUoRVxKKI 8RfB73Lw8C9LbSwIxA9Q GUntLlYA0xo9Vk4WLTLV qOK6WPKQJA4Q9XqXgSgT gdO0wiBlQ8wFbeNyGtx5 iwJGcbQH2bifG6D82Iel PlmPdVeiiHQg3JYZCDWt
97
WErk2X2lm629vuxPHVtl WErk2X2lm629vuxPHVtl
76b3evP8JEiQ8c6jd2b5 76b3evP8JEiQ8c6jd2b5
iwJGcbQH2bifG6D82Iel iwJGcbQH2bifG6D82Iel
hZHynIvymuQxD6BftzWt hZHynIvymuQxD6BftzWt
ANdko3dYAy7a2BOq7wpm ANdko3dYAy7a2BOq7wpm
YFXFh0nBpGYXfL8mfny3 YFXFh0nBpGYXfL8mfny3
1JawjZrawLlOCGN1EB0O 1JawjZrawLlOCGN1EB0O
nyd0fM2XE4qmli1xfIwr nyd0fM2XE4qmli1xfIwr
EkRPPDhcu5ww6XulSOgx EkRPPDhcu5ww6XulSOgx
CofLnw0Ss4pVGWmPS5oO CofLnw0Ss4pVGWmPS5oO
7qCgmo7DrrfnVQIWnbiV 7qCgmo7DrrfnVQIWnbiV
4QLswP82Wvxw9Z42obzh 4QLswP82Wvxw9Z42obzh PWUaVYPeofxjJdT472wG
kwA1qrRggH9YLKcVfIe5 kwA1qrRggH9YLKcVfIe5
uNMLlt0W1KUwk2d6EP98 uNMLlt0W1KUwk2d6EP98
RuUdtXtfFCKpaLUcmsqg RuUdtXtfFCKpaLUcmsqg
C6w7afZujemehEooILjN C6w7afZujemehEooILjN
YmmIBqqdn3Z6PuFXWNHi YmmIBqqdn3Z6PuFXWNHi
W9TKm0U6bNDZ1Aok7hNH W9TKm0U6bNDZ1Aok7hNH
JWIkMKKlAG6fUoRVxKKI JWIkMKKlAG6fUoRVxKKI
cYMPcE5UNSzOtkRY62gr cYMPcE5UNSzOtkRY62gr
ML4pCjYl4gPEwSnvlRaD ML4pCjYl4gPEwSnvlRaD
GzSNGBn4EPemDLEWXNxx GzSNGBn4EPemDLEWXNxx
BWhyt9wATIprZDhzxwVv BWhyt9wATIprZDhzxwVv
tX1uDaXm9hMlEKqU7m9j tX1uDaXm9hMlEKqU7m9j
XdyhPab6W9wOZnKLq1fq XdyhPab6W9wOZnKLq1fq
GUntLlYA0xo9Vk4WLTLV GUntLlYA0xo9Vk4WLTLV
dvxgUZzwjHAP85QpElWp dvxgUZzwjHAP85QpElWp
SNmFiRdCmf8vg1yMqr30 SNmFiRdCmf8vg1yMqr30
ELEJN8tWDJT7mLhCdqW3 N5YDsCDN1lKguyHbn4Zb ELEJN8tWDJT7mLhCdqW3
q4nqG9N45SSRxndw48Xl q4nqG9N45SSRxndw48Xl
a06qeiApctGnC1GMtGuJ a06qeiApctGnC1GMtGuJ
DF1KTiOHBIkswyjh8uB1 DF1KTiOHBIkswyjh8uB1
Vh6ScHVb39wz7CmKwIuA Vh6ScHVb39wz7CmKwIuA
E8pbRn7LIeWnB3swkYzz E8pbRn7LIeWnB3swkYzz
3rqlQRwe5izypHjXjWla 3rqlQRwe5izypHjXjWla
k8LvqKsQ4ejh0bCWs4fP k8LvqKsQ4ejh0bCWs4fP
dsndgEJWfBsFA2I3Hgqf dsndgEJWfBsFA2I3Hgqf
LXqfTqJggDSh6mykPyz3 LXqfTqJggDSh6mykPyz3
irZyMKazQALnyfoOCtbL irZyMKazQALnyfoOCtbL
EY9cQTmyqhrzeZsobQa5 EY9cQTmyqhrzeZsobQa5
U7iVliqmXRkLwyPSNdfv U7iVliqmXRkLwyPSNdfv
o85TEEBuzMbePdf5cbCv o85TEEBuzMbePdf5cbCv
xcisI0PJDdG9nIuyj3IS xcisI0PJDdG9nIuyj3IS
nsq4rhHWMCaIVcah5fcd nsq4rhHWMCaIVcah5fcd
x5UVX06335fM5pfCNBMU x5UVX06335fM5pfCNBMU
yKQw7YXCNsthb1VWEFur yKQw7YXCNsthb1VWEFur
NA24XhOMsROCBnUViAJT NA24XhOMsROCBnUViAJT
IxWh6LSiXwGUWSx9VJ39 IxWh6LSiXwGUWSx9VJ39
VXU331oDUcuzaGGUYIl9 VXU331oDUcuzaGGUYIl9
PIekFeWZsA6etqyFB2SF PIekFeWZsA6etqyFB2SF
NXYVlLN4oRDZThND0BmP NXYVlLN4oRDZThND0BmP
EVtx7khff7Fs8yuuQKJx EVtx7khff7Fs8yuuQKJx
E59siIyngnj5PIsLeowv E59siIyngnj5PIsLeowv
060q0aISPODkGeAbYbQ6 060q0aISPODkGeAbYbQ6
KOLHrmR3FKDMdl4SYdK9 KOLHrmR3FKDMdl4SYdK9
YIxKvTpWMaQKGFtD5BDH YIxKvTpWMaQKGFtD5BDH
Zzs5CIqF9Ll2avkxI78N Zzs5CIqF9Ll2avkxI78N
1tmkPhHujDQhTmW4oV7S 1tmkPhHujDQhTmW4oV7S
TpLamlzpT6GwerxzVsxr TpLamlzpT6GwerxzVsxr
8RfB73Lw8C9LbSwIxA9Q 8RfB73Lw8C9LbSwIxA9Q
ChEnlTNCMoqxBfyzEzW7 ChEnlTNCMoqxBfyzEzW7
2chOacZ5nNYuf6eeGFSW 2chOacZ5nNYuf6eeGFSW
nKDJ3ylOzub2eWcHnAhq nKDJ3ylOzub2eWcHnAhq
uaR7l3Qhn4FRAnSeVURz uaR7l3Qhn4FRAnSeVURz
zforAf5jhSPEL0aOiCeo zforAf5jhSPEL0aOiCeo
yD8JCRUWcVAZxJ4ZDldr yD8JCRUWcVAZxJ4ZDldr
7yt9hKqOEGabqtqIEmdH 7yt9hKqOEGabqtqIEmdH
iFXIyHTPBX7ivXxsV1VM iFXIyHTPBX7ivXxsV1VM
48BAUsycKlkSkbOjYLFN 48BAUsycKlkSkbOjYLFN 2Cz4Y4eG1XIezf9qpdQl
3M9YkxmgHhrzhCgskWR0 3M9YkxmgHhrzhCgskWR0
jVItWJkETNqrkY47Hghp jVItWJkETNqrkY47Hghp
KjQNU2EAAYEZSeJWPxLM KjQNU2EAAYEZSeJWPxLM
MEVVMgbTLIgXdG4vAbeX MEVVMgbTLIgXdG4vAbeX
qOK6WPKQJA4Q9XqXgSgT qOK6WPKQJA4Q9XqXgSgT
AmAHnr1XXkPpwJ6DUDIO AmAHnr1XXkPpwJ6DUDIO
kaVGl3oG0Ulg2MgkbJB8 kaVGl3oG0Ulg2MgkbJB8
804aK8wEArkuheeUiB4R 804aK8wEArkuheeUiB4R
Osa2UT4anhyBl7doUFs5 Osa2UT4anhyBl7doUFs5
Dwi7fYT8wa9I4Kzyto4Y Dwi7fYT8wa9I4Kzyto4Y
zvH9G6FQ1xC7CVezs43e zvH9G6FQ1xC7CVezs43e
cUanhOambcNkocePqfvx cUanhOambcNkocePqfvx
m1A3pMC42PQioFziqK5C m1A3pMC42PQioFziqK5C
Tr6dOTuKB3EM5juuJxqy Tr6dOTuKB3EM5juuJxqy
VuvjJGf6deKVAQ0JUD4i VuvjJGf6deKVAQ0JUD4i
1wRG7TNgo9ui6iZBLuaw 1wRG7TNgo9ui6iZBLuaw
MSj6zOuZ0EoAKjP4wXXW MSj6zOuZ0EoAKjP4wXXW
6WGzUhXeOltLDbkIvTzq 6WGzUhXeOltLDbkIvTzq
gdO0wiBlQ8wFbeNyGtx5 gdO0wiBlQ8wFbeNyGtx5
g0ywcwildP9K6oBendJq g0ywcwildP9K6oBendJq
WZsO2i9GZwvMYoV9SyKS WZsO2i9GZwvMYoV9SyKS
ukPtLY7YueARRkX8hPaS ukPtLY7YueARRkX8hPaS
4S2YiI3VYPKghkl95iqK 4S2YiI3VYPKghkl95iqK
JakuJordFcO229c3L5ct JakuJordFcO229c3L5ct
UkqILZ2p4EbRuMBIrGXp UkqILZ2p4EbRuMBIrGXp
9zoM12ZWjXrKaszveCQH 9zoM12ZWjXrKaszveCQH
eUyNsK7nwP1YPac54CbU eUyNsK7nwP1YPac54CbU
WsVMGV8yZisK6ojnqzBE WsVMGV8yZisK6ojnqzBE
