azv oqv rti azv xie hyb yiy wpu yvc jwx dqy ijd ovx ctf gei cim cwq brw cwq gcw mtd ipq yfq ncc vfq eqa mis boc mpw cib ufa txp sau qzx hlc hwc scm aur pzr hob wcd hob hsi jvc ryg hcc ivp zuz lmh gfr uyd rfl vxn rov cvb rcw uua brw hip yiy azv
49
ipq ipq
uyd uyd
cib cib
rti rti
hsi hsi
mis mis
hcc hcc
qzx qzx
hyb hyb
boc boc
cim cim
dqy dqy
ncc ncc
hip hip
sau sau
lmh lmh
jvc jvc
eqa eqa
aur aur
xie xie
brw brw
rcw rcw
ovx ovx
yiy yiy
vfq vfq
uua uua
wcd wcd
azv azv
ctf gei ctf
yvc yvc
jwx jwx
yfq yfq
hwc hwc
ufa ufa
vxn vxn
mtd mtd
mpw mpw
rov rov
hlc hlc
ijd ijd
gfr gfr
gcw gcw
ivp ivp
zuz zuz
pzr pzr
oqv oqv
rfl rfl
scm scm
cwq cwq
