xse rsg ckx loj uok cen aeu kfu nsw ils jfh miy mti svk ttw ptu krr bod xmg qdw gex ljd cma tdu dnl qxs ruo hmi vtd aeg xeh zks rjv idv ukv nii gex wyg lvm fia nmf ocp njg wbg hpx rtc txq lrj bdh aii pvs fzi xme vwg ikb khu fhv clj gmq tko uwo hcr kxn adx vlb mok vlb fgp xjt ceo tlh ksg rir qbf wiy emz vmt uuw nwn vvn qdz jgt vzr nhi nko fbk vmv fjy kpp cun nry agh bnl fyc ojx dgl fin ybr jam phg zud ask zdb qzf nwc rsg xse
81
cen cen ego
idv idv
lrj lrj nfr
tlh tlh
svk uau svk
wyg wyg
dgl dgl
vmv vmv
khu khu
phg phg
tko tko qjf
fyc fyc
zdb zdb
uuw uuw
qxs qxs
hcr hcr
vtd vtd
fgp fgp
pvs pvs
wbg wbg
nwc nwc
rsg rsg
nii nii ukv
bod ogh bod
xeh xeh
cun cun
cma cma tso ljd
fhv fhv
jgt jgt vzr
kxn kxn
vvn vvn
emz emz
xme xme
nmf nmf
bnl bnl
ybr ybr
zud zud
miy miy
ocp ocp
kpp kpp
loj loj
fin fin
krr krr
ikb ikb
qdw yug zkt qdw nvz
nko nko
aii aii
nsw nsw
qbf qbf wiy
jam jam
kfu kfu
tdu tdu
gex pjf gex
jfh jfh
lvm lvm
ttw bda ttw ptu
bdh bdh
hpx hpx
nhi nhi
fzi fzi lwk
xjt xjt
ksg ksg
ruo byu ruo
ckx ckx
uok uok
uwo uwo
vwg vwg
adx adx
rtc rtc
hmi hmi
aeg aeg
mok mok
vmt vmt
rjv rjv
ils ils
fbk fbk
fjy fjy
nry nry
mti mti
txq txq
fia fia
