Encanto All Bonita Cherokee Kentfield Pumpkin Laguna Woffard Jane Mount Shafter Green Vernon Garden Kern Beach Sherman Glencoe McAuley Welden Woodbridge Willow Foothills Riverside Homestead Quail Santa Cypress Elmira Granite Yurok Vista Ames Alpaugh Two Cabbage Warner Chinese Banning City Moccasin Delta Richvale Ramona Forest Presidio Costa Smoke Los Old Encanto
49
Vernon Vernon
City City
Laguna Laguna
Richvale Richvale
Elmira Elmira
Los Los
Two Two
Vista Vista
Mount Mount
Chinese Chinese
Presidio Presidio Clayton
Santa Santa
Homestead Homestead
Encanto Encanto
Willow Willow
Cherokee Cherokee
Banning Banning
Costa Costa
Yurok Yurok
Delta Delta
Pumpkin Pumpkin
Beach Beach
Alpaugh Alpaugh
Forest Forest
Granite Granite
Foothills Foothills
Woffard Woffard
McAuley McAuley
Cabbage Cabbage
Moccasin Moccasin
Glencoe Glencoe
Quail Quail
Ames Ames
Riverside Riverside
Kentfield Kentfield
Welden Welden
Green Green
Woodbridge Woodbridge
Smoke Smoke
Garden Garden
Ramona Ramona
All All
Warner Warner
Jane Jane
Sherman Sherman
Kern Kern
Bonita Bonita
Cypress Cypress
Shafter Shafter
