Vernon Anaheim Industrial Pacheco Temecula Cerro Huron Le Rough Ramona Downtown Davenport Three Blue Del Helm Tijuana Manker Crestmont Louis Armstrong Chittenden Fox Carmel Delta Escondido Yurok Alamo Cambridge Pleasant Woody Mecca Collins Garcia Sulpizio Timbuctoo Capuchino Brundage Bell Bradley Glencoe Flinn Dulzura Roseland Presidio Richvale Bodad Grasslands Clayton Marshall Industry Warner Bakersfield Sacramento Cabbage Potrero Cudahy Rowland Kaiser Lake Smoke Buena Yankee Calaveras Cressey Stockdale Robertsville Saint Bangor Smith Terra Quail Coddingtown Escalon Civic Veterans Forbestown Sherman Santa Cypress South Balboa Fullerton Sunny Strawberry All Antelope Fiorini Donner Bonny Moores Wallace California Beach Costa Portola Hammer Ritter Escondido Vernon
97
Warner Warner Parchester
Santa Santa
Moores Moores
Costa Costa
Cambridge Cambridge
Potrero Potrero
Veterans Veterans
Sulpizio Sulpizio
Terra Terra
Sunny Sunny
Helm Helm
Temecula Temecula
Rowland Rowland
Wallace Wallace
Grasslands Grasslands
Dulzura Dulzura
Saint Saint
Buena Buena
Yurok Yurok
Manker Manker
Hammer Hammer
All All
Mecca Mecca
Donner Donner
Escalon Escalon
Antelope Antelope
Le Le
South South
Brundage Winterhaven Brundage
Davenport Davenport
Sacramento Sacramento
Industrial Industrial
Ramona Ramona
Blue Blue
Beach Beach
Bradley Bradley
Sherman Sherman
Presidio Presidio
Fullerton Fullerton
Smith Smith
Bodad Bodad
Fox Fox
Glencoe Glencoe
Cypress Cypress
Balboa Balboa
Forbestown Forbestown
Fiorini Fiorini
Anaheim Anaheim
Delta Delta
Robertsville Robertsville
Louis Louis
Lake Lake
Downtown Downtown
Cressey Cressey
Clayton Clayton
Yankee Yankee
Pleasant Pleasant
Ritter Ritter
Timbuctoo Timbuctoo
Carmel Carmel
Bakersfield Bakersfield
Quail Quail
Coddingtown Coddingtown
Armstrong Armstrong
Cudahy Cudahy
Portola Portola
Capuchino Capuchino
Bonny Bonny
Calaveras Calaveras
Garcia Garcia
Crestmont Crestmont
Pacheco Pacheco
Marshall Marshall
Civic Civic
Kaiser Kaiser Hoffman
Cabbage Cabbage
Woody Woody
Alamo Alamo
Stockdale Stockdale
Bangor Bangor
Huron Huron
Strawberry Strawberry
Rough Rough
Richvale Richvale
Smoke Smoke
Roseland Roseland
Flinn Flinn
Three Three
Bell Bell
Collins Collins
Tijuana Tijuana
Del Del
Cerro Cerro
California California
Chittenden Chittenden
Industry Industry
Escondido Escondido
