loc0 loc109 loc33 loc141 loc19 loc167 loc55 loc1 loc121 loc31 loc61 loc85 loc57 loc99 loc93 loc163 loc27 loc71 loc37 loc81 loc23 loc3 loc43 loc13 loc185 loc69 loc127 loc75 loc11 loc21 loc41 loc49 loc165 loc77 loc51 loc87 loc5 loc83 loc35 loc115 loc149 loc7 loc129 loc175 loc39 loc89 loc15 loc45 loc159 loc65 loc25 loc183 loc97 loc29 loc139 loc143 loc131 loc179 loc181 loc191 loc91 loc173 loc151 loc79 loc103 loc47 loc17 loc9 loc119 loc117 loc169 loc73 loc133 loc113 loc145 loc125 loc147 loc161 loc195 loc95 loc153 loc107 loc59 loc123 loc67 loc199 loc111 loc135 loc105 loc53 loc155 loc137 loc171 loc177 loc189 loc63 loc101 loc157 loc45 loc0
97
loc13 loc13
loc31 loc31
loc41 loc41
loc109 loc109
loc167 loc167
loc39 loc39
loc7 loc7
loc51 loc51
loc127 loc127
loc191 loc191
loc35 loc35
loc81 loc81
loc163 loc163
loc199 loc199
loc1 loc1
loc73 loc73
loc3 loc3
loc5 loc5
loc29 loc29
loc45 loc45
loc57 loc57
loc113 loc113
loc125 loc125
loc143 loc143
loc155 loc155
loc165 loc165
loc9 loc9
loc11 loc11
loc15 loc15
loc25 loc25 loc193
loc43 loc43
loc47 loc47 loc187 loc197
loc59 loc59
loc67 loc67
loc71 loc71
loc79 loc79
loc91 loc91
loc117 loc117
loc141 loc141
loc145 loc145
loc153 loc153
loc173 loc173
loc175 loc175
loc179 loc179
loc189 loc189
loc195 loc195
loc17 loc17
loc19 loc19
loc21 loc21
loc23 loc23
loc27 loc27
loc33 loc33
loc37 loc37
loc49 loc49
loc53 loc53
loc55 loc55
loc61 loc61
loc63 loc63
loc65 loc65
loc69 loc69
loc75 loc75
loc77 loc77
loc83 loc83
loc85 loc85
loc87 loc87
loc89 loc89
loc93 loc93
loc95 loc95
loc97 loc97
loc99 loc99
loc101 loc101
loc103 loc103
loc105 loc105
loc107 loc107
loc111 loc111
loc115 loc115
loc119 loc119
loc121 loc121
loc123 loc123
loc129 loc129
loc131 loc131
loc133 loc133
loc135 loc135
loc137 loc137
loc139 loc139
loc147 loc147
loc149 loc149
loc151 loc151
loc157 loc157
loc159 loc159
loc161 loc161
loc169 loc169
loc171 loc171
loc177 loc177
loc181 loc181
loc183 loc183
loc185 loc185
