1 5 4 8 7 8 9 13 12 16 15 16 17 21 20 24 23 24 25 29 28 32 31 32 33 37 36 40 39 40 41 45 44 48 49 50 49 51 49 52 49 53 49 54 49 48 47 46 35 34 33 32 28 27 26 25 24 20 19 18 17 16 12 11 10 9 8 4 3 2 1 98 97 96 95 94 93 92 91 90 89 88 87 86 85 84 83 77 78 77 79 77 80 77 81 77 82 77 76 75 74 73 72 71 70 69 63 64 63 65 63 66 63 67 63 68 63 62 61 60 59 58 57 56 55 49 48 44 43 42 43 6 5 1
41
7 7
78 78
64 64
92 92 93 94
39 39
21 21
50 50
31 31
2 2
26 26
10 10
34 34
42 42
15 15
23 23
47 47
96 95 96
4 4
12 12
18 18
28 28
36 36
44 44
5 5
13 13
20 20
29 29
37 37
45 45
51 51
52 52
53 53
54 54
65 65
66 66
67 67
68 68
79 79
80 80
81 81
82 82
