1 2 3 4 8 7 8 9 13 9 10 11 22 23 24 20 19 18 17 16 15 14 27 26 27 28 32 31 32 33 37 33 34 35 46 47 48 44 48 49 53 49 50 51 62 63 64 60 64 65 69 65 66 67 78 79 80 76 80 81 85 81 82 83 94 95 96 92 96 97 101 97 98 99 110 111 112 108 112 113 117 113 114 115 126 127 128 124 128 129 133 129 130 131 142 143 144 140 144 145 149 145 146 147 158 159 160 156 160 161 165 161 162 163 174 175 176 172 176 177 181 177 178 179 190 191 192 193 197 198 199 198 187 186 185 184 183 182 171 170 169 168 167 166 155 154 153 152 151 150 139 138 137 136 135 134 123 122 121 120 119 118 107 106 105 104 103 102 91 90 89 88 87 86 75 74 73 72 71 70 59 58 57 56 55 54 43 42 41 40 39 38 195 196 200 1
73
13 12 13
37 36 37
53 52 53
69 68 69
85 84 85
101 100 101
117 116 117
133 132 133
149 148 149
165 164 165
181 180 181
197 194 196 197
23 23
18 18
42 42
58 58
74 74
90 90
106 106
122 122
138 138
154 154
170 170
186 186 189
2 2
26 26
7 7
31 31
47 47
63 63
79 79
95 95
111 111
127 127
143 143
159 159
175 175
191 188 191
15 15
39 39
55 55
71 71
87 87
103 103
119 119
135 135
151 151
167 167
183 183
199 199
4 4 5
10 10
20 20 21
28 28 29
34 34
44 44 45
50 50
60 60 61
66 66
76 76 77
82 82
92 92 93
98 98
108 108 109
114 114
124 124 125
130 130
140 140 141
146 146
156 156 157
162 162
172 172 173
178 178
