Ippudo Platano Gypsys EastAsianLibrary Campbell MemorialGlade Campbell HearstMining Chipotle Yifang NorthHall DavisHall TukTukThai BSC ClarkKerr Stern HortonHall Shengkee HortonHall Underhill Homeroom TheHabit FireTrails MulfordHall FireTrails BrandyMelville ThaiBasil HesseHall EastBaySpiceCompany HesseHall Kips Muraccis Kips HesseHall EastBaySpiceCompany GSPP Wheeler AndrewsApartment UrbanOutfitters Cornerstone UrbanOutfitters AndrewsApartment Flavia UCafe UniversityVillage Fengcha UniversityVillage TToust BobaNinja TennisCourts BancroftLibrary Cheeseboard BancroftLibrary TennisCourts TPTea HildebrandHall NatApartment Rachas NatApartment BetaLounge Ikes Gongcha Ikes Fengcha HavilandHall Bonchon HavilandHall UdupiPalace GrizzlyPeak AmoebaMusic SnackShack Artichokes LowerSproul Artichokes BerkeleyWayWest HappyLemon BerkeleyBart SproulHall BerkeleyBart BigC TenderGreens BigC BerkeleyBart LaBurrita OptometryBuilding YogurtPark TraderJoes Gather Tilden LatimerHall Jupiter Morganhall StrawberryCreek Namaste Bowles AshaTeaHouse LeConte Cafe3 ThaiNoodle Doe JambaJuice SteamTrains KroeberHall SteamTrains Underhill Wikiwiki NoodleGirl Teazone NoodleGirl MSRI Gongcha Ikes Fengcha UniversityVillage TToust Crossroads SouthHall Ucha SouthHall BobbyGPizza ImmThai BobbyGPizza InternationalHouse Raretea InternationalHouse BobbyGPizza Marugame Gadani HalalGuys Gadani CaliforniaHall HearstGym WursterHall Spats WursterHall HearstGym Flavia SmokesPoutinerie LewisHall SmokesPoutinerie TheDwight SmokesPoutinerie Flavia PurpleKow PeoplesCafe SweetheartCafe Ikes Eureka Campbell EastAsianLibrary LittleCampanile EastAsianLibrary Campbell HearstMining Chipotle HAAS Mezzo BerkeleyArtStudio SaturnCafe BerkeleyArtStudio Quicklys Firewings TopDog Jupiter Morganhall GiauqueHall Ikea Milkbomb Blackwell SuperDuperBurgers Pappys HearstAnnex McDonalds Morrisonhall McDonalds HearstAnnex Bowles AshaTeaHouse Barrows Safeway Barrows AshaTeaHouse LeConte Campanile ChezPanisse Campanile LeConte Cafe3 ExtremePizza LaNote TacoBell LaNote Homeroom PokeBar Plentea ClarkKerr DollarTree TripleRock Cinnaholic Slivers Cinnaholic DavisHall TukTukThai Venus TukTukThai BSC ClarkKerr Stern BerkeleyHigh Toss YogurtPark GreatChina SatherGate GreatChina YogurtPark LaVals Target LaVals YogurtPark Ucha SouthHall Crossroads LiKaShing BanshoRamen LiKaShing Rachas NatApartment HildebrandHall Soda Platano Ippudo
89
MulfordHall MulfordHall
SatherGate SatherGate
TenderGreens TenderGreens
Morrisonhall Morrisonhall
Venus Venus
Gypsys Gypsys
ChezPanisse ChezPanisse
Firewings Firewings
Raretea Raretea
Target Target
TheDwight TheDwight
Teazone Teazone
Plentea Plentea
KroeberHall KroeberHall
Spats Spats
Slivers Slivers
LowerSproul LowerSproul
TacoBell TacoBell LaNote
BetaLounge BetaLounge
TripleRock TripleRock
Safeway Safeway
Yifang Yifang
Pappys Pappys
PeoplesCafe PeoplesCafe SweetheartCafe
HalalGuys HalalGuys
Cheeseboard Cheeseboard
Namaste Namaste
Muraccis Muraccis
TraderJoes TraderJoes
ThaiNoodle ThaiNoodle
SproulHall SproulHall
LewisHall LewisHall
Bonchon Bonchon
SaturnCafe SaturnCafe BerkeleyArtStudio
LatimerHall LatimerHall
UrbanOutfitters AndrewsApartment UrbanOutfitters
Ucha Ucha
Wikiwiki Wikiwiki
Gongcha Gongcha
ClarkKerr ClarkKerr
GreatChina GreatChina
Homeroom Homeroom
AmoebaMusic SnackShack AmoebaMusic
LaBurrita LaBurrita
BanshoRamen BanshoRamen
LittleCampanile LittleCampanile
Milkbomb Milkbomb
TPTea TPTea
Marugame Marugame
EastBaySpiceCompany EastBaySpiceCompany
Rachas Rachas
AshaTeaHouse AshaTeaHouse
WursterHall WursterHall
Shengkee Shengkee
Mezzo Mezzo
BSC BSC TukTukThai
JambaJuice JambaJuice
ExtremePizza ExtremePizza
Gather Gather
GrizzlyPeak GrizzlyPeak
StrawberryCreek StrawberryCreek
Crossroads Crossroads
Chipotle Chipotle
ImmThai ImmThai
PokeBar PokeBar
SmokesPoutinerie SmokesPoutinerie
Platano Platano
SuperDuperBurgers SuperDuperBurgers
Wheeler Wheeler
Morganhall Morganhall TopDog Jupiter
NorthHall NorthHall
OptometryBuilding OptometryBuilding
McDonalds McDonalds
Artichokes Artichokes
Fengcha Fengcha Ikes Eureka
UCafe UCafe
BigC BigC
Quicklys Quicklys
Cafe3 Cafe3
Underhill Underhill
Kips Kips
Cornerstone Cornerstone
ThaiBasil ThaiBasil
Gadani Gadani
BobaNinja BobaNinja
HortonHall HortonHall
HappyLemon HappyLemon
MemorialGlade MemorialGlade EastAsianLibrary
TheHabit TheHabit
