Evans Cory Evans WursterHall Campbell Eshelman Marugame Campanile Marugame Gilman BotanicalGardens ClarkKerr ThaiNoodle Dwinelle MLK HildebrandHall MLK LatimerHall Plentea Soda Plentea SutardjaDai Cornerstone ZellerbachHall Bowles HilgardHall Bowles KroeberHall Barrows Unit2 Stern Unit2 DurantHall Firewings RSF Firewings CaliforniaHall InternationalHouse SatherGate GreekTheatre CanyonPool GreekTheatre SatherGate GiauqueHall SatherGate Doe Plentea StrawberryCreek MemorialGlade Kresge MemorialGlade Milkbomb SouthHall Moffit LeConte Bowles Unit3 Spats Boalt Spats Unit3 Bowles HilgardHall AshaTeaHouse ImmThai AlumniHouse BerkeleyWayWest Yifang UniversityVillage Wheeler UniversityVillage HortonHall Barrows BAMPFA HAAS Foothill HAAS Unit1 StrawberryCreek HearstMining VLSB HavilandHall BancroftLibrary LawrenceHall HappyLemon Moffit SouthHall HesseHall SouthHall Milkbomb Unit3 Bowles KroeberHall Etcheverry KroeberHall WursterHall Evans
41
Wheeler Wheeler
HesseHall HesseHall
HildebrandHall HildebrandHall
BancroftLibrary BancroftLibrary HavilandHall
Stern Stern
Foothill Foothill HAAS
Boalt Boalt
BotanicalGardens BotanicalGardens DavisHall
Etcheverry Etcheverry
GiauqueHall GiauqueHall
LeConte LeConte
HearstMining HearstMining
DurantHall DurantHall
SutardjaDai SutardjaDai
Cory Cory
Campanile Campanile
InternationalHouse CaliforniaHall InternationalHouse
Kresge Kresge
Barrows Barrows MemorialStadium
AlumniHouse BerkeleyWayWest AlumniHouse
Doe Doe
Eshelman Eshelman
CanyonPool GreekTheatre CanyonPool
Dwinelle Dwinelle
SouthHall SouthHall
VLSB VLSB
RSF RSF Blackwell
Unit3 Unit3
ZellerbachHall ZellerbachHall
UniversityVillage UniversityVillage
ThaiNoodle ThaiNoodle
Moffit Moffit
Gilman Gilman
LawrenceHall LawrenceHall
Unit1 Unit1
Soda Soda
BAMPFA BAMPFA
Unit2 Unit2
HilgardHall Bowles HilgardHall
Campbell Campbell
MLK MLK
