Horse0 Breakfast74 Ring45 Whale59 Shower11 Settings5 Rollers34 Websites17 Rollers34 Shower15 Dislike21 Plus62 Dislike51 Comics49 Post61 Soda57 Towel16 Breakfast42 Running77 Ring97 Allergies3 Flowers98 Solar58 Allergies3 Towel35 Water52 Cat13 Ice30 Allergies4 Ice30 Prints23 Website29 Shelf25 Whale22 Bird82 Ice10 Toilet20 Bird93 Water66 Leash68 Male84 Kitty14 Leash27 Monster39 Rollers48 Book41 Ice38 Leash89 Websites81 Water83 Dislike70 Towel37 Ice32 Robot9 Mail88 Printer53 Floppy64 Breakfast19 Horse55 Allergies4 Floppy63 Shoe87 Urine50 BBQ86 Monster71 Poop43 Horse0
49
Horse55 Horse55
Monster71 Monster71
Floppy63 Floppy63
Towel37 Towel37
Book41 Book41
Cat13 Cat13
Printer53 Printer53
Websites81 Websites81
Solar58 Solar58
Post61 Post61
Toilet20 Toilet20
Prints23 Prints23
Rollers34 Rollers34
BBQ86 BBQ86
Breakfast74 Breakfast74
Ice38 Ice38
Leash68 Leash68
Towel16 Towel16
Monster39 Monster39
Robot9 Robot9 Mail88
Whale22 Whale22
Towel35 Towel35
Whale59 Whale59
Ice10 Ice10
Rollers48 Rollers48
Allergies4 Allergies4
Breakfast19 Breakfast19
Dislike51 Dislike51
Settings5 Settings5
Kitty14 Kitty14
Shower15 Shower15
Ring97 Ring97
Horse0 Horse0
Ring45 Ring45
Flowers98 Flowers98
Male84 Male84
Soda57 Soda57
Shelf25 Shelf25
Bird82 Bird82
Water52 Water52
Comics49 Comics49
Plus62 Plus62
Websites17 Websites17
Water66 Water66
Allergies3 Allergies3
Shower11 Shower11
Ice30 Ice30
Running77 Running77
Bird93 Bird93
