Shelf0 Toolbox153 Ring169 Puppy140 Mail22 Allergies103 Cat163 Whale137 Toolbox146 Monster73 Drugs184 Toilet13 Drugs184 Monster73 Websites4 Clock139 Soap64 Crab83 Poop150 Robot93 Poop150 Leash77 Soap53 System156 Nuclear18 Solar130 Book171 Comics28 Light30 Comics113 Toolbox72 Ice9 Solar162 Website190 Water135 Rollers95 Kitty98 Laptop125 Water29 Solar192 Soda119 Drugs195 Running177 Hnads116 Drugs39 System79 Hnads116 Running177 Dislike143 Allergies176 Dislike143 Towel154 Boat67 Shoes8 Dislike12 Shoes8 Soap58 Toilet191 Dog181 Elevator115 Shoe174 Elevator115 Shoe17 Urine108 Hnads182 Plus78 Urine97 Ice50 Settings75 Flowers178 Dislike27 Book24 Dislike27 Soda197 Shelf40 Ice41 Laptop19 Ice41 YouTube44 Robot51 Plants118 Ring60 Solar71 Fusion104 Poop80 Websites94 Fusion34 Breakfast85 Rollers63 Nuclear35 Rollers14 BBQ36 Urine20 Kitty89 Horse148 Clock2 Puppy117 Ice165 Water38 Ice165 Body55 Mail6 Poop76 Clock61 Whale31 Cat187 Printer188 Sink109 Shower47 Sink109 Shower57 Clock61 Post158 Whale126 Towel92 Poop5 Robot164 Whale114 Urine124 Male149 Toolbox147 Soap3 Ring82 Android196 Dog168 Sink157 Monster175 Kitty194 Allergies88 Cat15 Toolbox144 System183 Comics107 Shelf0
97
Drugs39 Drugs39
Water38 Water38 Ice165
Toilet13 Toilet13
Fusion34 Fusion34
Book24 Book24
Whale114 Whale114
Allergies88 Allergies88
Kitty89 Kitty89
Dog181 Dog181
Light30 Light30
Water135 Water135
Breakfast85 Breakfast85
Clock61 Clock61
Cat15 Cat15
Shelf0 Shelf0
Plus78 Plus78
Allergies176 Allergies176
Soda119 Soda119
Mail22 Mail22
Poop76 Poop76
Urine20 Urine20
Soap64 Soap64
Monster175 Monster175
Robot93 Robot93
Poop80 Poop80
Shoe17 Shoe17
Kitty194 Kitty194
Dog168 Dog168
Comics107 Comics107
Websites4 Websites4
Plants118 Plants118
System183 System183
Urine97 Urine97
Laptop19 Laptop19
Sink109 Sink109
Solar162 Solar162
Solar71 Solar71
System79 System79
Horse148 Horse148
Boat67 Boat67
Toolbox146 Toolbox146
Water29 Laptop125 Water29
Monster73 Monster73
Nuclear18 Nuclear18
Male149 Male149
Robot51 Robot51
Nuclear35 Nuclear35
Towel92 Towel92
Soap58 Soap58
Whale137 Whale137
Clock2 Clock2
Towel154 Towel154
Hnads182 Hnads182
Drugs195 Drugs195
Flowers178 Flowers178
Body55 Body55
Ring82 Ring82
Leash77 Leash77
Toolbox153 Toolbox153
Shelf40 Shelf40
Toolbox72 Toolbox72
Dislike12 Dislike12
Ring169 Ring169
Soda197 Soda197
Printer188 Printer188
Solar130 Solar130
Urine124 Urine124
Shower57 Shower57
Clock139 Clock139
Fusion104 Fusion104
Shoe174 Shoe174
System156 System156
Post158 Post158 Whale126
Robot164 Robot164
Rollers14 Rollers14
Allergies103 Allergies103
Book171 Book171
Dislike143 Dislike143
Hnads116 Hnads116
Puppy117 Puppy117
Rollers95 Rollers95
Website190 Website190
Crab83 Crab83
Ice9 Ice9
Solar192 Solar192
Settings75 Settings75
Ice41 Ice41
Cat187 Cat187
Poop150 Poop150
Puppy140 Puppy140
Mail6 Mail6
Shower47 Shower47
Android196 Android196
Kitty98 Kitty98
Dislike27 Dislike27
Shoes8 Shoes8
BBQ36 BBQ36
