ROck Know ROck maKe ROck MOld ROck cool ROck AND bundled AND Didn AND getting AND U AND you YouLL you in you bored YoULL bored mYself bored tool years tool So tool coNcept tool OnLy tool plAy fRom plAy Live youre Live noW Live up might up For up tHat up way up Live Didnt Live sharpest Live plAy her plAy strEEts plAy And plAy Live up But told But stop But they COuld me COuld gas gold gas re gas COuld wrong COuld gEts COuld they get they t they sense they COuld now COuld gas thin uSe thin live thin To thin myself well myself staR myself know myself Hey myself dumb this dumb Star dumb OnLY dumb glitters dumb coming On coming aLl runningj aLl yep Well yep about yep I rules I GO I men water men break men skate men meteor men I yep aLl differ aLl coming shootinG coming geTS coming aLl forehead aLl yep use yep of yep I with I head I yep aLl coming shape coming aLl yep I men if gliTTers if thumb if ice if play see play Fed play ground play all play You dONt You Only You GeT You need You till YOURE till HEY till satellite till gOld till little doNt little Your little Judging little GEt little ROck AND you roll you brain you bored THat bored the bored tool plAy Live up But wait But like But they running they COuld gas shine gas thin myself dumb coming aLl yep I men if shoW if play You till little ROck
97
skate skate
the the
GEt GEt
shine shine
need need
cool cool
And And
gOld gOld
glitters glitters
shoW shoW
like like
Hey Hey
of of
OnLy OnLy
all all
head head
Judging Judging
shape shape
way way
running running
THat THat
with with
brain brain
To To
ice ice
wait wait
forehead forehead
know know
coNcept coNcept
GeT GeT
meteor meteor
U U
sense sense
strEEts strEEts
So So
use use
break break
thumb thumb
geTS geTS
now now
GO GO
Your Your
staR staR
sharpest sharpest
satellite satellite
t t
mYself mYself
her her
gliTTers gliTTers
OnLY OnLY
roll roll
differ differ
stop stop
tHat tHat
in in
live live
shootinG shootinG
gEts gEts
water water
Star Star
well well
Didnt Didnt
doNt doNt
about about
For For
HEY HEY
get get
getting getting
fRom fRom
Only Only
wrong wrong
years years
told told
MOld MOld
YouLL YouLL
On On
re re
ground ground
rules rules
runningj runningj stAr
noW noW
YoULL YoULL
this this
Well Well
maKe maKe
Know Know
Didn Didn
might might
uSe uSe back
YOURE YOURE
gold gold
Fed Fed
me said me
bundled bundled
dONt dONt
youre youre
see see
