GOld say GOld U GOld So GOld Fed GOld shoW brain shoW mYself shoW now shoW back shoW AND YOURE AND gett head gett skate gett break gett t gett yep show yep rules yep COuld chAnge COuld well COuld see COuld On sense On little On shine On GO On In bundled In Didn In To In and In ground about ground GET ground colder ground SHooting ground you GEt you shootinG you strEEts you game you youre Live youre what youre shape stop alL stop shape Well shape stop get stop never stop shape youre forehead youre hit youre shape yOure shape stop GOld shoW AND might AND once AND YouLL AND gett yep My yep Know yep COuld is COuld yep gett AND shoW GOld
49
skate skate
hit hit
and and
Fed Fed
game game
is is
Know Know
back back
yOure yOure
GO GO
YouLL YouLL
My My
SHooting SHooting
once once
To To
never never
might might
Didn Didn
see see
So So
strEEts strEEts
forehead forehead
bundled bundled
YOURE YOURE
t t
U U
shootinG shootinG
say say
rules rules
colder colder
shine shine
now now
get get
Well Well
GET GET
break break
what what
mYself mYself
GEt GEt
about about
alL alL
well well
little little
head head
brain brain
show show
sense sense
Live Live much
chAnge chAnge
