0 13 31 22 3 19 7 60 62 34 54 2 65 59 35 47 43 5 66 77 101 44 24 51 28 61 67 112 56 36 12 68 145 73 95 72 118 121 53 102 122 86 69 94 140 83 80 129 120 146 153 143 107 155 124 133 148 159 160 151 157 135 22 142 20 161 162 163 164 165 166 167 168 169 170 171 172 173 174 175 176 177 178 179 180 181 182 183 184 185 186 187 186 185 184 183 182 181 180 179 178 177 176 175 174 173 172 171 170 169 168 167 166 165 164 163 162 161 69 188 189 190 191 192 193 194 195 196 197 198 199 198 197 196 195 194 193 192 191 190 189 188 69 29 0
97
19 19
187 187
199 199
174 174
167 167
192 192
179 179
183 183 184
171 171
195 195 196
163 163
177 177
189 189
165 165
169 169
181 181
197 197
2 2
12 12
28 28
172 172
178 178
185 185
194 193 194
44 44
62 62
173 173
191 191
59 59
175 175
176 176
186 186
188 188
198 198
5 5
13 13
22 22
53 53
56 56
67 67
77 77
86 86
145 145
162 162
166 166
180 180
190 190
3 3
7 7
24 24
31 31
34 34
35 35
36 36
43 43
47 47
51 51
54 54
60 60
61 61
65 65
66 66
68 68
69 69
72 72
73 73
80 80
83 83
94 94
95 95
101 101
102 102
107 107
112 112
118 118
120 120
121 121
122 122
124 124
129 129
133 133
135 135
140 140
142 142
143 143
146 146
148 148
151 151
153 153
155 155
157 157
159 159
160 160
164 164
168 168
170 170
182 182
