hutmk omjfc yaxts rlfxc lnfiu aeomh otirh yiodb ijofp ywion ijvuq xeljy misyc lsnhz oscrv coubd tyuep xnysi zsehb tiyfv lcghr ugyls vmgxh artvi abupm mzlsn spuoi vczkh ugamb mzlsn axmwy aqzce tejxc qdzgs hopbn gxdqt bcrwj urlkt hutmk
33
lcghr lcghr
vczkh vczkh
yiodb yiodb
urlkt urlkt
aqzce aqzce
lnfiu lnfiu
misyc misyc
qdzgs qdzgs
xnysi cursl xnysi
vmgxh vmgxh
bcrwj bcrwj
oscrv oscrv mlfbi
ugamb ugamb
mzlsn mzlsn
zsehb zsehb
aeomh aeomh
hopbn hopbn
yaxts yaxts
spuoi spuoi
ijvuq ijvuq
coubd coubd xintv
ugyls yzaje ugyls
lsnhz lsnhz
gxdqt gxdqt
ijofp ywion ijofp
tejxc tejxc
artvi artvi
axmwy axmwy
xeljy xeljy
rlfxc rlfxc ablxw
omjfc omjfc dowbf
tyuep tyuep
otirh otirh
