hdpxs osxbc wnelr oxitr bsvth htkwy frhgc lmwpk rchbw amfiz wotiq bwknx egclu iyuas ohzfn dkjro sxdiu hwmzn nqtru rlumh mlibf tmwdy ktzce uiogl wdquv qckjp uklga zqjxb jhlus ymcfp lnjxt yazqf dbjxw glrpy yqtob pjzqm ahnds cqsby xnpwq rjuxc ebwcp bdevm ehqyk yqfdk zcjqx fjdqi ypdnb rzvtg ayrgb oxuqn mhuad tjake cxdes oewcd osvgp syoxf stflc pgqva yvbse lpudv gdnim evsbm maqho qbdwz wajol xcvow pihld mujil kzwah qpbmc wkbuf kjihy gufvs mhekz syoxv tkwle armnk bkfuc btwzv qhvsb vobqh drojn xlrzc kscoz jcwpu joztf cxajk evtgj qhibx rjdai tndwl zntkr wcjeg gdovn utdhx qsmkj vcwfj oaeyh mtcsd aedvq pytwh gstwp vgwoi dwyai hdpxs
97
yqtob yqtob
gdnim gdnim
mlibf mlibf
mtcsd mtcsd
oxitr oxitr
fjdqi fjdqi
xcvow xcvow
wotiq wotiq
amfiz amfiz
gdovn gdovn
wdquv wdquv
tkwle tkwle
joztf joztf
cxdes cxdes oewcd
gstwp gstwp
lnjxt lnjxt
htkwy htkwy
hwmzn hwmzn
qhvsb qhvsb
wajol wajol
kjihy kjihy
cqsby cqsby
qsmkj qsmkj
bdevm bdevm
lmwpk lmwpk
qhibx qhibx
ohzfn ohzfn
yqfdk yqfdk
rzvtg rzvtg
tmwdy tmwdy
stflc stflc
mujil mujil
aedvq aedvq
vgwoi vgwoi
zqjxb zqjxb
pgqva pgqva
yazqf yazqf
xlrzc xlrzc
ktzce ktzce
maqho maqho
btwzv btwzv
kscoz kscoz
wnelr wnelr cihba
frhgc frhgc
bwknx bwknx
qpbmc qpbmc
syoxv syoxv
utdhx utdhx
tjake tjake
tndwl tndwl
oaeyh oaeyh
xnpwq xnpwq
evtgj evtgj
rlumh rlumh
zcjqx zcjqx
vcwfj vcwfj
rchbw rchbw
ypdnb ypdnb
syoxf syoxf
pihld pihld
bsvth bsvth
vobqh vobqh
yvbse yvbse
bkfuc bkfuc
rjuxc rjuxc
osvgp osvgp
ehqyk ehqyk
ahnds ahnds
qckjp qckjp
dbjxw dbjxw
drojn drojn
cxajk cxajk
wkbuf wkbuf
ymcfp ymcfp
sxdiu sxdiu
oxuqn oxuqn
ayrgb ayrgb
jcwpu jcwpu
nqtru nqtru
evsbm evsbm
osxbc osxbc
rjdai rjdai
wcjeg wcjeg
iyuas iyuas
mhuad mhuad
uklga uklga
ebwcp ebwcp
kzwah kzwah
pytwh pytwh
lpudv lpudv
gufvs gufvs mhekz
uiogl uiogl
armnk armnk
dkjro dkjro
jhlus jhlus
qbdwz qbdwz
zntkr zntkr
