stop0 stop22 stop133 stop137 stop180 stop123 stop159 stop144 stop147 stop197 stop148 stop199 stop68 stop109 stop15 stop139 stop34 stop41 stop80 stop101 stop23 stop126 stop38 stop186 stop14 stop156 stop84 stop42 stop18 stop135 stop187 stop3 stop112 stop142 stop106 stop54 stop176 stop70 stop16 stop90 stop163 stop7 stop13 stop44 stop158 stop189 stop128 stop17 stop150 stop183 stop171 stop172 stop166 stop191 stop114 stop105 stop51 stop65 stop33 stop89 stop74 stop9 stop102 stop96 stop35 stop153 stop72 stop138 stop194 stop100 stop77 stop155 stop124 stop4 stop182 stop60 stop25 stop195 stop167 stop73 stop40 stop58 stop162 stop2 stop130 stop31 stop81 stop145 stop122 stop88 stop92 stop21 stop39 stop1 stop181 stop69 stop1 stop192 stop62 stop1 stop0
97
stop22 stop22
stop144 stop144 stop64 stop55
stop123 stop123 stop8
stop197 stop197
stop137 stop137
stop199 stop199
stop109 stop109
stop0 stop0
stop133 stop133
stop180 stop180
stop147 stop147
stop148 stop148
stop159 stop159
stop68 stop68
stop80 stop80
stop15 stop15
stop139 stop139
stop34 stop34
stop41 stop41
stop23 stop23
stop14 stop14
stop101 stop101
stop126 stop126
stop156 stop156
stop38 stop38
stop42 stop42
stop18 stop18
stop84 stop84
stop142 stop142
stop186 stop186
stop135 stop135
stop3 stop3
stop54 stop54
stop112 stop112
stop187 stop187
stop106 stop106
stop176 stop176
stop90 stop90
stop70 stop70
stop16 stop16
stop163 stop163
stop13 stop13
stop7 stop7
stop44 stop44
stop158 stop158
stop172 stop172
stop128 stop128
stop189 stop189
stop17 stop17
stop150 stop150
stop171 stop171
stop183 stop183
stop105 stop105
stop166 stop166
stop51 stop51
stop114 stop114
stop33 stop33
stop89 stop89
stop65 stop65
stop191 stop191
stop9 stop9
stop74 stop74
stop102 stop102
stop35 stop35
stop96 stop96
stop153 stop153
stop138 stop138
stop100 stop100
stop77 stop77
stop72 stop72
stop194 stop194
stop124 stop124
stop155 stop155
stop4 stop4
stop182 stop182
stop25 stop25
stop73 stop73
stop40 stop40
stop60 stop60
stop195 stop195
stop162 stop162
stop167 stop167
stop58 stop58
stop2 stop2
stop31 stop31
stop130 stop130
stop145 stop145
stop21 stop21
stop88 stop88
stop92 stop92
stop81 stop81
stop122 stop122
stop39 stop39
stop181 stop181
stop69 stop69
stop192 stop192
stop62 stop62
