Hayward Shreveport Hartford NorthLasVegas SterlingHeights Champaign Charlotte Lubbock Melbourne Torrance Brighton Oxnard SanBuenaventura Norwich Utica Anchorage OverlandPark Trenton Louisville Trenton Anaheim Columbus SantaClara VeroBeach Stamford LasVegas Stamford Marysville Layton Marysville Boise Eugene BatonRouge PuntaGorda Hemet Mobile SanBernardino Pueblo Youngstown SouthBend Bakersfield SouthBend Youngstown Fullerton Duluth SaintPaul GrandRapids Vancouver Wilmington Arvada Tyler Nashua Orem Bethlehem NewportNews Marina Frederick Marina Kissimmee Huntsville ThousandOaks PortSaintLucie Olympia Downey Burlington ElPaso ElMonte McAllen Elkhart Modesto Worcester Kalamazoo RoundLakeBeach Independence Cincinnati NewYorkCity Henderson Topeka Downey Salem Deltona Tucson NewYork Monroe Escondido Mesquite CapeCoral Bloomington CapeCoral PalmBay CorpusChristi StPaul CathedralCity StPaul Savannah Lacey PortArthur RichmondCounty SiouxFalls Carrollton Newburgh Waterbury Lafayette GreenBay Laredo Roseville Fullerton Flint Fullerton Duluth Detroit BoiseCity Harrisburg HuntingtonBeach Sarasota Scranton Sarasota Ogden Reno York HavredeGrace JohnsonCity Fresno Anchorage OverlandPark Greenville Plano Hagerstown Youngstown Barnstable Birmingham Bryan Aberdeen SantaClara VeroBeach PembrokePines Racine PembrokePines Columbia Harlingen Springfield Spartanburg LakeCharles Boulder Kaneohe StLouis Norwalk SouthLyon NewBedford Lorain Scottsdale Omaha Champaign SterlingHeights Boston Hialeah Albuquerque Torrance Melbourne Lubbock Bryan Hampton Newark Hampton Gastonia CapeCoral Seaside Shreveport Hayward
97
Tucson Tucson
Bloomington Bloomington
Omaha Omaha
Plano Plano
Spartanburg Spartanburg
JohnsonCity JohnsonCity
Savannah Savannah
Albuquerque Albuquerque
Barnstable Barnstable
SiouxFalls SiouxFalls
Modesto Modesto
Mobile Mobile
Cincinnati Cincinnati
Newark Newark
Waterbury Waterbury
Tyler Tyler
StLouis StLouis
Boise Boise
Aberdeen Aberdeen
Ogden Ogden
NewBedford NewBedford
Birmingham Birmingham
Laredo Laredo
GrandRapids GrandRapids
Charlotte Charlotte
PalmBay PalmBay
Kissimmee Kissimmee
Flint Flint
Fresno Fresno
Topeka Topeka
Olympia Olympia
Mesquite Mesquite
NorthLasVegas NorthLasVegas Hartford
McAllen McAllen
Racine Racine
HuntingtonBeach HuntingtonBeach
Harlingen Harlingen
RichmondCounty RichmondCounty
Columbus Columbus
Bethlehem Bethlehem
Oxnard Oxnard
PuntaGorda PuntaGorda
Pueblo Pueblo
CathedralCity CathedralCity
Greenville Greenville
Lacey Lacey
York York
Melbourne Melbourne
Detroit Detroit
Louisville Louisville
Salem Salem
Kalamazoo Kalamazoo
LakeCharles LakeCharles
Burlington Burlington
NewportNews NewportNews
Bakersfield Bakersfield
Layton Layton Marysville
CapeCoral CapeCoral
Frederick Frederick
Hagerstown Hagerstown
ElPaso ElPaso
GreenBay GreenBay
Newburgh Newburgh
RoundLakeBeach RoundLakeBeach
Elkhart Elkhart
Scranton Scranton
CorpusChristi CorpusChristi
Utica Utica
NewYorkCity Henderson NewYorkCity
Monroe Monroe
HavredeGrace HavredeGrace
Scottsdale Scottsdale
Norwich Norwich
Vancouver Vancouver
Huntsville Huntsville
SantaClara SantaClara
LasVegas LasVegas
Downey Downey
Lubbock Lubbock
Fullerton Fullerton
Anaheim Anaheim
Nashua Nashua
OverlandPark OverlandPark
Champaign Champaign
Hemet Hemet
Eugene Eugene
Arvada Arvada
Marina Marina
ThousandOaks ThousandOaks
Duluth Duluth
Torrance Torrance
Deltona Deltona
Stamford Stamford
Hialeah Hialeah
SaintPaul SaintPaul
Anchorage Anchorage
SanBuenaventura SanBuenaventura
