Hayward SantaClara Hayward Asheville Durham Asheville CedarRapids Memphis Winston Hickory Tyler Hickory HuntingtonBeach Hickory Kennewick PuntaGorda Omaha Topeka Montgomery ThousandOaks Montgomery SantaCruz Tucson Bradenton Huntsville Yonkers Waterloo Springdale McHenry Torrance PalmBay Modesto Hampton RichmondCounty Charlotte BelAir Monroe BelAir York NewBedford Aurora Bakersfield Aurora Tucson Washington LakeCharles Newark Burbank Chicago Burbank Danbury Atlanta Abilene GrandRapids Abilene Downey Rochester AtlanticCity SaintPaul SimiValley NewBedford Waco Harlingen SaintLouis Medford Barnstable Bryan Deltona Durham Bloomington Newark NewYorkCity York BelAir McAllen KansasCity Huntsville Bradenton Tucson Winston Murrieta Tampa Murrieta Winston Memphis CedarRapids Hayward
49
PalmBay PalmBay
Tampa Tampa
Bloomington Bloomington
NewYorkCity NewYorkCity
Danbury Danbury
Barnstable Barnstable
Omaha Omaha
SantaClara SantaClara
McAllen McAllen
Waco Waco
Waterloo Waterloo
Chicago Chicago
GrandRapids GrandRapids
Deltona Deltona
York York
Charlotte Charlotte
Newark Newark
Bakersfield Bakersfield
Harlingen Harlingen
SaintPaul SaintPaul
CedarRapids CedarRapids
Springdale Springdale
HuntingtonBeach HuntingtonBeach
LakeCharles LakeCharles
Kennewick Kennewick
Downey Downey
Memphis Memphis
SantaCruz SantaCruz
Atlanta Atlanta
Tyler Tyler
Huntsville Huntsville
Modesto Modesto
ThousandOaks ThousandOaks
Durham Durham
Yonkers Yonkers
Torrance Torrance
Aurora Aurora
PuntaGorda PuntaGorda
Monroe BelAir Monroe
Hickory Hickory
Bradenton Bradenton
NewBedford NewBedford
RichmondCounty RichmondCounty
Burbank Burbank
Asheville Asheville
Topeka Topeka
Tucson Tucson
Hampton Hampton
McHenry McHenry
