AndyandZeyu i8 AndyandZeyu h AndyandZeyu g2 j2 f2 h2 i2 c2 g2 AndyandZeyu g4 AndyandZeyu f7 i7 j6 g7 h7 b7 f7 AndyandZeyu h1 g1 AndyandZeyu g6 f6 j5 AndyandZeyu6 h6 i6 AndyandZeyu f3 j3 g3 i3 h3 AndyandZeyu g8 f8 j8 f8 h8 j7 j8 AndyandZeyu j1 i1 b1 f1 b1 AndyandZeyu g j i f AndyandZeyu f4 i4 h4 AndyandZeyu f0 i0 AndyandZeyu0 g0 j0 f0 h0 f0 AndyandZeyu h5 j4 f5 i5 e5 g5 e5 AndyandZeyu
49
i i
h2 h2
g7 g7
j7 j7
g0 g0
f1 f1
i3 i3
j4 j4
h4 h4
j5 j5
f3 f3
g g
h0 h0
f4 f4
i1 i1
g8 f8 g8
g1 g1
g5 g5
i6 i6
j6 j6
j1 j1
j2 j2
h6 h6
f f
j0 j0
h3 h3
f6 f6
i8 i8
i0 i0
j3 j3
i5 i5
h8 h8
h h
j j
f2 f2
g2 g2
i2 i2
g4 g4
i4 i4
f7 f7
h7 h7
j8 j8
h1 h1
g6 g6
i7 i7
f0 f0
g3 g3
f5 f5
h5 h5
