AndyandZeyu i8 AndyandZeyu h AndyandZeyu g2 j2 f2 h2 i2 c2 g2 AndyandZeyu g4 AndyandZeyu f7 AndyandZeyu g9 AndyandZeyu f12 AndyandZeyu i13 AndyandZeyu g14 AndyandZeyu f17 AndyandZeyu i18 AndyandZeyu h1 g1 AndyandZeyu g6 f6 j5 AndyandZeyu6 h6 i6 AndyandZeyu g11 f11 j10 AndyandZeyu11 h11 i11 AndyandZeyu g16 f16 j15 AndyandZeyu16 h16 i16 AndyandZeyu f3 j3 g3 i3 h3 AndyandZeyu g8 f8 j8 f8 h8 j7 j8 AndyandZeyu g13 f13 j13 f13 h13 j12 j13 AndyandZeyu g18 f18 j18 f18 h18 j17 j18 AndyandZeyu j1 i1 b1 f1 b1 AndyandZeyu g j i f AndyandZeyu f4 i4 h4 AndyandZeyu f9 i9 h9 AndyandZeyu f14 i14 h14 AndyandZeyu AndyandZeyu7 j6 i7 g7 h7 b7 f7 AndyandZeyu AndyandZeyu12 j11 i12 g12 h12 b12 f12 AndyandZeyu AndyandZeyu17 j16 i17 g17 h17 b17 f17 AndyandZeyu f0 i0 AndyandZeyu0 g0 j0 f0 h0 f0 AndyandZeyu h5 j4 f5 i5 e5 g5 e5 AndyandZeyu h10 j9 f10 i10 e10 g10 e10 AndyandZeyu i15 j14 f15 AndyandZeyu15 g15 e15 AndyandZeyu
97
g0 g0
h2 h2
g7 g7
g12 g12
g17 g17
j7 j7
j12 j12
j17 j17
f1 f1
i3 i3
j4 j4
j9 j9
j14 j14 h15
i i
h4 h4
j5 j5
h9 h9
j10 j10
h14 h14
j15 j15
f3 f3
g g
h0 h0
f4 f4
f9 f9
f14 f14
i1 i1
g8 g8
g13 f13 g13
g18 f18 g18
g1 g1
g5 g5
i6 i6
j6 j6
g10 g10
i11 i11
j11 j11
g15 g15
i16 i16
j16 j16
j1 j1
j2 j2
h6 h6
h11 h11
h16 h16
f f
j0 j0
h3 h3
f6 f6
i8 i8
f11 f11
f16 f16
i0 i0
j3 j3
i5 i5
h8 h8
i10 i10
h13 h13
i15 i15
h18 h18
h h
j j
f2 f2
g2 g2
i2 i2
g4 g4
i4 i4
f7 f7
h7 h7
j8 j8
g9 g9
i9 i9
f12 f12
h12 h12
i13 i13
j13 j13
g14 g14
i14 i14
f17 f17
h17 h17
i18 i18
j18 j18
h1 h1
g6 g6
i7 i7
g11 g11
i12 i12
g16 g16
i17 i17
f0 f0
g3 g3
f5 f5
f10 f10
f15 f15
h5 h5
f8 f8
h10 h10
