A TA3 TA TA4 TA2 TA14 TA5 TA1 TA6 TA7 TA8 TA9 TA11 TA12 TA10 TA13 TA15 TA18 TA16 TA19 TA17 TA20 TA21 TA23 TA22 TA24 TB1 TB11 TA41 TA111 TB21 TA51 TA31 TA61 TA81 TA71 TA101 TA91 TA121 TA141 TA131 TA151 TA161 TA171 TA181 TA191 TA201 TA211 TA221 A TA231 A
49
TA3 TA3
TA1 TA1 TA241
TA4 TA4
TA14 TA14
TA TA
TA2 TA2
TA5 TA5
TA6 TA6
TA7 TA7
TA8 TA8
TA9 TA9
TA10 TA10
TA11 TA11
TA12 TA12
TA13 TA13
TA15 TA15
TA16 TA16
TA17 TA17
TA18 TA18
TA19 TA19
TA20 TA20
TA21 TA21
TA22 TA22
TA23 TA23
TA24 TA24
TB1 TB1
TB11 TB11
TB21 TB21
TA31 TA31
TA41 TA41
TA51 TA51
TA61 TA61
TA71 TA71
TA81 TA81
TA91 TA91
TA101 TA101
TA111 TA111
TA121 TA121
TA131 TA131
TA141 TA141
TA151 TA151
TA161 TA161
TA171 TA171
TA181 TA181
TA191 TA191
TA201 TA201
TA211 TA211
TA221 TA221
TA231 TA231
