0 1 2 3 4 1 17 1 15 1 7 1 0 199 190 192 190 194 190 197 198 191 189 174 176 174 178 174 186 174 182 174 173 157 172 157 168 157 158 157 163 157 156 155 154 153 152 151 147 148 147 139 146 139 144 143 142 143 144 139 137 130 129 128 127 126 121 112 114 112 120 112 121 122 123 124 125 128 129 130 137 136 137 130 129 128 127 126 121 112 111 110 109 108 104 105 104 89 91 89 100 101 100 89 94 89 98 99 90 88 75 86 75 87 75 73 72 73 65 64 63 62 52 56 52 53 52 51 43 42 32 33 32 44 32 21 23 21 31 30 31 21 27 26 25 24 20 32 42 43 51 41 40 41 51 50 49 48 49 50 51 52 62 66 67 68 69 73 74 76 74 82 83 82 74 73 72 71 70 62 52 51 43 42 32 20 19 1 0
49
4 4
120 120
83 83
142 142
48 48
172 172
94 94
30 30
25 25
67 67
130 130
44 44
105 105
154 154
182 182
23 23
72 72
198 198
40 40
148 148
99 99
76 76
146 146
186 186
42 42
124 124
136 136
168 168
158 158
163 163
192 192
15 15
53 53 54
87 87
101 101
178 178
7 7
64 64
127 127
194 194
17 17
33 33
108 108
176 176
91 91
114 114
2 2
56 56
86 86
