MfdzFvsdGbvl AGbRQRBgaOdX MkUBuIisCVpZ mFYKjQfCsRtT QifLRRQkbeZy VyXrTLUcizAa GKWfMfVZxbJi FCrKCfVsEsBk pkzKsTORVYro UVLyMXgqTFaJ MLnLJmQHwuOS dFUHctNjrywb SojgLCNtJNvq ymJllvoAiAsf hCxjbMrSlUJQ noaMakAlHdwq pQCFwcmaYfTN uFHfCerNFIme GuSSYBNHDbKE axLiuEEXvnsQ arcJTkwUqbUy SgyAcloZDNJV NlmuUUVQUbgI dDFWxTbuPymh PQTqeEtJjrHq ZjfLZjjegWJT PUcvIgREsriS QHpWWcCYavdw EoEdLMroSPNp TbekQRoKcInv RICmsRCgzRsB deJmWrylVSGK PnbamVANEguC buqjmAINqGzN GemeldahvdVv mtRsLIzrlNLu BkcPMTugAswL DFscNnuMhxUC DvRTDyBMOCbT VARFNCcqfgIc AMizjBPjmCZd PvZWLvSzyZfH MOpktZzuQRCH jBrNTBMPxyQD tywOQDwDhjwZ plKUVNXwKfVb hLGIbMiwjPgd IHnRSACwPeSd BbyhqvohDUZK rrRAqFcoDYfk pWbJtVdThhym MfdzFvsdGbvl
49
VARFNCcqfgIc VARFNCcqfgIc
MkUBuIisCVpZ MkUBuIisCVpZ
MOpktZzuQRCH MOpktZzuQRCH
GemeldahvdVv GemeldahvdVv
GuSSYBNHDbKE rVqgoVgUmLRB GuSSYBNHDbKE
BbyhqvohDUZK BbyhqvohDUZK
EoEdLMroSPNp EoEdLMroSPNp
hCxjbMrSlUJQ hCxjbMrSlUJQ
SgyAcloZDNJV SgyAcloZDNJV
BkcPMTugAswL BkcPMTugAswL
PQTqeEtJjrHq PQTqeEtJjrHq
dFUHctNjrywb dFUHctNjrywb
rrRAqFcoDYfk rrRAqFcoDYfk
deJmWrylVSGK deJmWrylVSGK
hLGIbMiwjPgd hLGIbMiwjPgd
pkzKsTORVYro pkzKsTORVYro
VyXrTLUcizAa VyXrTLUcizAa
AMizjBPjmCZd AMizjBPjmCZd
RICmsRCgzRsB RICmsRCgzRsB
tywOQDwDhjwZ tywOQDwDhjwZ
DvRTDyBMOCbT DvRTDyBMOCbT
PvZWLvSzyZfH PvZWLvSzyZfH
PnbamVANEguC PnbamVANEguC
QHpWWcCYavdw QHpWWcCYavdw
axLiuEEXvnsQ axLiuEEXvnsQ
plKUVNXwKfVb plKUVNXwKfVb
ZjfLZjjegWJT ZjfLZjjegWJT
SojgLCNtJNvq SojgLCNtJNvq
pQCFwcmaYfTN pQCFwcmaYfTN
dDFWxTbuPymh dDFWxTbuPymh
GKWfMfVZxbJi GKWfMfVZxbJi
mFYKjQfCsRtT mFYKjQfCsRtT
buqjmAINqGzN buqjmAINqGzN
arcJTkwUqbUy arcJTkwUqbUy
DFscNnuMhxUC DFscNnuMhxUC
mtRsLIzrlNLu mtRsLIzrlNLu
MLnLJmQHwuOS MLnLJmQHwuOS
UVLyMXgqTFaJ UVLyMXgqTFaJ
TbekQRoKcInv TbekQRoKcInv
IHnRSACwPeSd IHnRSACwPeSd
ymJllvoAiAsf ymJllvoAiAsf
jBrNTBMPxyQD jBrNTBMPxyQD
AGbRQRBgaOdX AGbRQRBgaOdX
noaMakAlHdwq noaMakAlHdwq
PUcvIgREsriS PUcvIgREsriS
NlmuUUVQUbgI NlmuUUVQUbgI
FCrKCfVsEsBk FCrKCfVsEsBk
QifLRRQkbeZy QifLRRQkbeZy
uFHfCerNFIme uFHfCerNFIme
