IvOdahrtFwzZ WUqhotrexTBp JpwDMOwQmqOp yHOsEGOhjOLt sFSBpaJxLpBT TZmWJenJbEsV ZPYnROAizafx wHeDieHMYzAK oKIKkmsSWzmH nxbMBCPhfQij yFQWQWtUUMle lznMKRYSMheH XwPJYwaGcHxO uzYTzVwixczQ qFGlIHDqKyPA mgKEFEWheOqk yVSfaizVeLPT zCWezcJmUGqs KtoZVrQmJWki hPSXtHMMyKAK NxxrxPgsnMqG EOKLHvbbCToE dXlgwkdKhUmB EKWhDcEeEkGK nschEYWjrAsr ypApeqMQPnQA QxNjgiXciQma ybLCwZqVZKud wXjNgGRCXYRl cQFNlImsTWTM lRgeGnDJBtMa nyTRNDRCsANl xXoCKkdkKAne hLCSOZLNEdhX YGzazHdyrGCd RGYiIUdVAiVL pjemGRILnFei RQBxIsRWzmfl ocysUjOwnenm aXlcDzbXwAJW FkNlSGMBOUbz SKbQkQUhqQEt jXOmYlZmvqnI nKmMbiEuiffc evRMhyiHKGXv gXcuqckdTdIP WWtfhwMSzfGW NMSHhfMtAJZb tARvBeqQDqSY fiHhqLtPfdZy aSpDrTbKBytW oOIjuHJcVRiV HEwqlaeMfSzl IQvKLYGCcCbd fblrDraNAUxK WnABnktZDxMx WHSGrQQrrotE qlMzHEurfTvO zcAOlsVDUDkc WRiugWLCujBI PKHkuTHeRXhO TglqUXfjbefC TTwdgXpOLyxF QFfSmYtuSTPl AoaIXEzdsCrm LNoKVqXhLEzn AhJBAeSEuUkL cpNycWVdmzHJ mZUBOQTZyXOM vkOqMvrCUWYf ppfBOAvWYXyJ YvLRANdegrdA qxhFFIUEfnzV ctZWqndwhbJm touUfboeiIya quZcTYtpBjSn cRekprdsHHWw nlzJUuBrsbXD jXgKDXnEJsra IfTQNEFsiTgr UYTxhnOtiPHB zOkfhFVfOKVi AQgpWBullbIi EwXugPkGUVkm DiKlonktcqTP OIjApACwnyqG UGahWpWtmUQn QDhUZstsJKtV zypYDSZfKAvD IcNVObbuvzWY HVwGkspnDHbf JNoAmCxHcsYw gJMLzBkWmUoV ubtvaUeVUfmV QZQElPdcHxru GvyjKkGcUdcI PFpQuVVRxbvV WsLfQLsirtHk SnErwRYEuFXf IvOdahrtFwzZ
97
PFpQuVVRxbvV PFpQuVVRxbvV gkTmCiZxFrJw
hLCSOZLNEdhX hLCSOZLNEdhX
yHOsEGOhjOLt yHOsEGOhjOLt
EKWhDcEeEkGK EKWhDcEeEkGK
mZUBOQTZyXOM mZUBOQTZyXOM
OIjApACwnyqG OIjApACwnyqG
jXgKDXnEJsra jXgKDXnEJsra
ubtvaUeVUfmV ubtvaUeVUfmV
aXlcDzbXwAJW aXlcDzbXwAJW
PKHkuTHeRXhO PKHkuTHeRXhO
touUfboeiIya touUfboeiIya
NxxrxPgsnMqG NxxrxPgsnMqG
ybLCwZqVZKud ybLCwZqVZKud
evRMhyiHKGXv evRMhyiHKGXv
TTwdgXpOLyxF TTwdgXpOLyxF
NMSHhfMtAJZb NMSHhfMtAJZb
WsLfQLsirtHk WsLfQLsirtHk
zcAOlsVDUDkc zcAOlsVDUDkc
JNoAmCxHcsYw JNoAmCxHcsYw
mgKEFEWheOqk mgKEFEWheOqk
EwXugPkGUVkm EwXugPkGUVkm
zOkfhFVfOKVi zOkfhFVfOKVi
qxhFFIUEfnzV qxhFFIUEfnzV
KtoZVrQmJWki KtoZVrQmJWki
aSpDrTbKBytW aSpDrTbKBytW
AoaIXEzdsCrm AoaIXEzdsCrm mvdksSctoMVi
UGahWpWtmUQn UGahWpWtmUQn
fblrDraNAUxK fblrDraNAUxK
uzYTzVwixczQ uzYTzVwixczQ
LNoKVqXhLEzn LNoKVqXhLEzn
yFQWQWtUUMle yFQWQWtUUMle
nKmMbiEuiffc nKmMbiEuiffc
HVwGkspnDHbf HVwGkspnDHbf
WHSGrQQrrotE WHSGrQQrrotE
cQFNlImsTWTM cQFNlImsTWTM
SKbQkQUhqQEt SKbQkQUhqQEt
QDhUZstsJKtV QDhUZstsJKtV
zCWezcJmUGqs zCWezcJmUGqs
TZmWJenJbEsV TZmWJenJbEsV
GvyjKkGcUdcI GvyjKkGcUdcI
ppfBOAvWYXyJ ppfBOAvWYXyJ
XwPJYwaGcHxO XwPJYwaGcHxO
QZQElPdcHxru QZQElPdcHxru
IcNVObbuvzWY IcNVObbuvzWY
HEwqlaeMfSzl HEwqlaeMfSzl
RGYiIUdVAiVL RGYiIUdVAiVL sTgUExIipvWV
oKIKkmsSWzmH oKIKkmsSWzmH
IfTQNEFsiTgr IfTQNEFsiTgr
AQgpWBullbIi AQgpWBullbIi
nlzJUuBrsbXD nlzJUuBrsbXD
AhJBAeSEuUkL AhJBAeSEuUkL
ZPYnROAizafx ZPYnROAizafx
RQBxIsRWzmfl RQBxIsRWzmfl
ypApeqMQPnQA ypApeqMQPnQA
zypYDSZfKAvD zypYDSZfKAvD
cRekprdsHHWw cRekprdsHHWw
WUqhotrexTBp WUqhotrexTBp
DiKlonktcqTP DiKlonktcqTP
wXjNgGRCXYRl wXjNgGRCXYRl
jXOmYlZmvqnI jXOmYlZmvqnI
oOIjuHJcVRiV oOIjuHJcVRiV
IQvKLYGCcCbd IQvKLYGCcCbd
FkNlSGMBOUbz FkNlSGMBOUbz
qFGlIHDqKyPA qFGlIHDqKyPA
QFfSmYtuSTPl QFfSmYtuSTPl
nschEYWjrAsr nschEYWjrAsr
gJMLzBkWmUoV gJMLzBkWmUoV
TglqUXfjbefC TglqUXfjbefC
WRiugWLCujBI WRiugWLCujBI
JpwDMOwQmqOp JpwDMOwQmqOp
gXcuqckdTdIP gXcuqckdTdIP
fiHhqLtPfdZy fiHhqLtPfdZy
vkOqMvrCUWYf vkOqMvrCUWYf
ctZWqndwhbJm ctZWqndwhbJm
UYTxhnOtiPHB UYTxhnOtiPHB
WnABnktZDxMx WnABnktZDxMx
quZcTYtpBjSn quZcTYtpBjSn
lRgeGnDJBtMa lRgeGnDJBtMa
YvLRANdegrdA YvLRANdegrdA
hPSXtHMMyKAK hPSXtHMMyKAK
yVSfaizVeLPT yVSfaizVeLPT
xXoCKkdkKAne xXoCKkdkKAne
QxNjgiXciQma QxNjgiXciQma
EOKLHvbbCToE EOKLHvbbCToE
lznMKRYSMheH lznMKRYSMheH
WWtfhwMSzfGW WWtfhwMSzfGW
qlMzHEurfTvO qlMzHEurfTvO
tARvBeqQDqSY tARvBeqQDqSY
pjemGRILnFei pjemGRILnFei
dXlgwkdKhUmB dXlgwkdKhUmB
nxbMBCPhfQij nxbMBCPhfQij
YGzazHdyrGCd YGzazHdyrGCd
wHeDieHMYzAK wHeDieHMYzAK
cpNycWVdmzHJ cpNycWVdmzHJ
ocysUjOwnenm ocysUjOwnenm
sFSBpaJxLpBT sFSBpaJxLpBT
nyTRNDRCsANl nyTRNDRCsANl
