loc0 loc97 loc63 loc53 loc77 loc65 loc22 loc73 loc6 loc64 loc18 loc94 loc24 loc31 loc30 loc27 loc7 loc8 loc33 loc42 loc37 loc72 loc58 loc90 loc46 loc28 loc68 loc16 loc80 loc67 loc85 loc86 loc51 loc10 loc3 loc54 loc13 loc75 loc36 loc17 loc48 loc6 loc34 loc0
41
loc97 loc97 loc62
loc53 loc53
loc65 loc65 loc5 loc96
loc30 loc30
loc73 loc73
loc94 loc94
loc64 loc64
loc8 loc8
loc22 loc22
loc77 loc77
loc24 loc24
loc63 loc63
loc33 loc33
loc27 loc27
loc42 loc42
loc6 loc6
loc58 loc58
loc68 loc68
loc7 loc7
loc31 loc31
loc18 loc18
loc86 loc86
loc16 loc16
loc37 loc37
loc28 loc28
loc90 loc90
loc85 loc85
loc75 loc75
loc67 loc67
loc3 loc3
loc80 loc80
loc72 loc72
loc54 loc54
loc17 loc17
loc46 loc46
loc10 loc10
loc36 loc36
loc51 loc51
loc34 loc34
loc48 loc48
loc13 loc13
