loc0 loc79 loc189 loc122 loc184 loc61 loc23 loc171 loc28 loc182 loc197 loc141 loc108 loc78 loc33 loc1 loc160 loc155 loc31 loc89 loc126 loc107 loc49 loc96 loc41 loc135 loc190 loc25 loc188 loc115 loc4 loc90 loc176 loc11 loc3 loc198 loc117 loc84 loc53 loc178 loc195 loc159 loc20 loc40 loc158 loc148 loc152 loc43 loc9 loc57 loc170 loc34 loc109 loc179 loc105 loc123 loc161 loc15 loc51 loc68 loc110 loc17 loc187 loc39 loc18 loc116 loc52 loc95 loc63 loc26 loc186 loc5 loc59 loc97 loc62 loc143 loc142 loc169 loc82 loc100 loc154 loc93 loc16 loc119 loc8 loc64 loc75 loc103 loc24 loc153 loc38 loc181 loc2 loc7 loc55 loc145 loc13 loc67 loc0
97
loc122 loc122
loc23 loc23
loc79 loc79 loc94
loc155 loc155
loc3 loc3
loc108 loc108 loc112 loc133
loc197 loc197
loc107 loc107
loc28 loc28
loc1 loc1
loc89 loc89
loc189 loc189
loc61 loc61
loc184 loc184
loc78 loc78
loc33 loc33
loc171 loc171
loc141 loc141
loc96 loc96
loc182 loc182
loc49 loc49
loc31 loc31
loc190 loc190
loc135 loc135
loc126 loc126
loc25 loc25
loc160 loc160
loc188 loc188
loc90 loc90
loc115 loc115
loc41 loc41
loc4 loc4
loc176 loc176
loc117 loc117
loc178 loc178
loc198 loc198
loc11 loc11
loc84 loc84
loc159 loc159
loc158 loc158
loc148 loc148
loc20 loc20
loc161 loc161
loc53 loc53
loc195 loc195
loc170 loc170
loc40 loc40
loc152 loc152
loc57 loc57
loc9 loc9
loc109 loc109
loc68 loc68
loc34 loc34
loc123 loc123
loc105 loc105
loc110 loc110
loc43 loc43
loc51 loc51
loc18 loc18
loc15 loc15
loc187 loc187
loc17 loc17
loc52 loc52
loc63 loc63
loc179 loc179
loc95 loc95
loc26 loc26
loc116 loc116
loc186 loc186
loc5 loc5
loc39 loc39
loc97 loc97
loc62 loc62
loc169 loc169
loc59 loc59
loc82 loc82
loc143 loc143
loc100 loc100
loc154 loc154
loc93 loc93
loc75 loc75
loc142 loc142
loc103 loc103
loc38 loc38
loc119 loc119
loc16 loc16
loc8 loc8
loc64 loc64
loc153 loc153
loc24 loc24
loc2 loc2
loc181 loc181
loc55 loc55
loc145 loc145
loc7 loc7
loc13 loc13
loc67 loc67
