5 1 188 42 149 38 82 27 69 78 115 92 197 185 20 170 79 58 16 91 117 157 8 50 164 124 190 102 122 177 66 97 147 198 112 55 100 46 93 106 108 196 130 137 35 83 103 159 88 182 89 5
49
177 177
108 108
79 79
130 130
1 1
157 157
185 185
42 42
93 93
92 92
50 50
55 55
69 69
38 38
16 16
46 46
164 164
122 122
190 190
91 91
103 103
147 147
35 35 168
112 112
83 83
82 82
106 106
27 27
100 100
115 115
20 20
8 8
149 149
188 188
97 97
58 58
196 196
137 137
117 117
197 197
159 159
170 170
102 102
66 66
182 182
78 78
124 124
89 89
198 198
