0 65 147 21 71 93 24 156 49 124 121 198 3 152 40 142 59 73 160 55 13 23 197 162 109 125 189 144 6 98 42 89 106 56 5 30 95 123 62 12 116 91 75 184 172 87 101 68 135 60 110 60 80 164 141 104 158 50 83 140 187 94 138 111 194 39 178 67 151 134 34 31 182 119 145 179 47 163 1 188 7 173 96 196 102 15 136 159 129 81 118 16 52 122 26 113 61 25 18 171 193 38 150 38 168 22 155 22 161 157 115 105 36 147 65 0
89
1 1
161 161
16 16
152 152 9
62 62
36 36
25 25
23 23
80 80
111 111
105 105
31 31
89 89
24 24
168 168
101 101
158 158
129 129
189 189
102 102
49 49
55 55
157 157
151 151
59 59
119 119
138 138
26 26
193 193
75 75
135 135
21 21
140 140
123 123
150 150
39 27 39
171 171
136 136 11
87 87
40 40
6 6
141 141
178 178
172 17 172
30 30
162 162
61 61
34 34
110 110
155 155
164 164
15 15
196 79 196
96 96
145 145 10 130
198 198
156 156
5 5
91 91
68 68
122 122
179 179
142 142
56 56
83 83
104 104
163 163
187 108 187
160 160 66
67 67
144 144
93 71 93
109 109
118 118
194 194
173 173
147 147
18 18
184 184
12 12
73 73
42 35 42
22 22
38 38
60 60
124 124
50 50
95 95
7 7
