Soda C9 D5 D7 C3 E1 C3 D8 B9 D9 D1 B8 A7 C9 Soda A5 A9 B7 B5 C1 D3 B7 A4 A3 A4 A9 A5 Soda C5 E3 E4 E5 B1 E7 E6 B3 C7 B2 C5 Soda a0 a5 a9 b7 b5 c1 d3 b7 a4 a3 a4 a9 a5 a0 c5 e3 e4 e5 b1 e7 e6 b3 c7 b2 c5 a0 c9 d5 d7 c3 e1 c3 d8 b9 d9 d1 b8 a7 c9 a0 Soda A E P E Q U AG U Q E A C J I AF I C A B H AB S N AA AP AA N G A D K T AI AU AS AI AH AW AH AI K D A F M AC AM AN AO X O F A Soda a b k l ad l ax ac av ab k b a h ak r ak t al ak aj ak s g f g a d n o p af ag ah q p e a i j i x u v u an ao ap y j aa z at as ar z aa j i a Soda
81
B3 B3
ar ar
ah ah
av av
r r
v v
l l
f f
j j
n n
p p
t t
x x
z z
aj aj
an an
ap ap
b b
h h
d d
ab ab
ad ad
af af
al al
at at
ax ax
AW AW
AO AO
AP AP
AG AG
e7 e7
AF AF
a3 a3
A3 A3
B9 B9 D9
b9 b9 d9
H H
AS AS
AC AC
T T
P P
e3 e3
D3 D3
d3 d3
E1 E1
e1 e1
E3 E3
D5 D5
N N
J J
d5 c9 d5
c7 c7
A9 A9
B1 B1
AU AU
Q Q
a9 a9
e5 e5
B5 B5 C1
AB AB
b5 b5 c1
A7 A1 A7
D1 D1
a7 a1 a7
d1 d1
C3 C3
C7 C7
E7 E7
b3 b3
c3 c3
B7 B7
D7 D7
b7 b7
d7 d7
A5 A5
C5 C5
C9 C9
E5 E5
a5 a5
b1 b1
c5 c5
