ssp200 13 10 2 14 15 14 2 8 6 5 4 3 7 2 12 11 12 2 181 122 134 135 134 122 127 123 124 125 126 128 122 181 47 59 60 59 47 52 48 49 50 51 53 47 57 56 57 47 181 107 119 120 119 107 112 108 109 110 111 113 107 117 116 117 107 181 77 89 90 89 77 82 78 79 80 81 83 77 87 86 87 77 181 62 74 75 74 62 68 66 65 64 63 67 62 72 71 72 62 181 167 179 180 179 167 173 171 170 169 168 172 167 177 176 177 167 181 17 29 30 29 17 27 26 27 17 22 18 19 20 21 23 17 181 32 44 45 44 32 38 36 35 34 33 37 32 42 41 42 32 181 92 104 105 104 92 98 96 95 94 93 97 92 102 101 102 92 181 137 149 150 149 137 142 138 139 140 141 143 137 147 146 147 137 181 152 164 165 164 152 158 156 155 154 153 157 152 162 161 162 152 181 182 194 195 194 182 188 186 185 184 183 187 182 192 191 192 182 181 122 132 131 132 122 181 2 10 13 ssp200
89
15 15
64 64
20 20
154 154
140 140
169 169
34 34
109 109
95 95
50 50
184 184
80 80
124 124
176 176
71 71
146 146
56 56
116 116
131 131
165 165
30 30
195 195
45 45
86 86
4 4
105 105
11 11
150 150
180 180
191 191
41 41
161 161
101 101
135 135
90 90
120 120
60 60
26 26
75 75
186 186
66 66
78 78
18 18
156 156
36 36
126 126
111 111
93 93
48 48
6 6
171 170 171
138 138 139
164 164
108 108
104 104
44 44
194 194
14 14
63 63
168 168
21 21
3 3
123 123
51 51
29 29
185 185
65 65
79 79
119 119
89 89
110 110
81 81
35 35
74 74
5 5
183 183
155 155
96 96
33 33
179 179
19 19
125 125
49 49
149 149
141 141
94 94
153 153
59 59
134 134
