ssp100 25 4 2 1 2 3 8 11 8 10 8 9 8 3 18 15 12 16 19 22 19 20 21 20 19 18 23 27 33 35 45 55 47 37 31 42 39 51 29 56 53 33 27 92 97 99 98 87 88 87 93 94 93 90 93 87 91 95 91 89 96 89 91 87 27 71 63 59 62 68 81 68 62 69 82 69 62 59 26 58 60 65 74 65 60 64 73 64 60 58 61 67 79 67 61 58 26 59 63 71 27 23 3 5 7 24 7 5 3 2 4 25 ssp100
41
9 9
73 73
96 96
81 81
21 21
90 90
79 79
51 51
24 24
12 12
82 82
99 99
74 74
4 4
95 95
59 59
22 22
88 88
94 94
53 53
10 10
92 92
11 11
55 55
37 37 41
1 1 2
35 35
15 15
68 68
31 31 49
39 39
20 20
93 93
33 27 33
64 64
29 56 29
98 98
45 45
47 43 47
97 97
65 65
