1 13 7 3 9 71 29 5 19 55 15 87 21 17 23 27 25 11 79 33 53 41 35 39 31 47 37 57 45 49 43 59 51 69 63 67 73 93 61 77 101 83 81 89 65 75 95 91 85 107 97 99 103 109 105 113 119 111 127 115 123 125 117 121 131 137 129 4 133 135 139 33 141 145 13 143 10 1
73
13 13
3 3
5 5
17 17
25 25
53 53 149
55 55 147
71 71
79 79
87 87
1 1
7 7
9 9
11 11
15 15
19 19
21 21
23 23
27 27
29 29
31 31
33 33
35 35
37 37
39 39
41 41
43 43
45 45
47 47
49 49
51 51
57 57
59 59
61 61
63 63
65 65
67 67
69 69
73 73
75 75
77 77
81 81
83 83
85 85
89 89
91 91
93 93
95 95
97 97
99 99
101 101
103 103
105 105
107 107
109 109
111 111
113 113
115 115
117 117
119 119
121 121
123 123
125 125
127 127
129 129
131 131
133 133
135 135
137 137
139 139
141 141
143 143
145 145
