Jason Derek Ricky Jeffery Jordan Stephen Brad Jeffrey Jacqueline Bryan Megan Johnathan Scott Crystal Monica Rachel Andrew Gregory Roy Nathaniel Heather Tammy Kara Kyle Brittany Evan Kimberly Ashley Wendy Kelsey Shane Dylan Mark Regina Kayla John Paul Michelle Dustin Melinda Randy Nicole Edwin Dana Joshua Cheryl Carol Amanda Stacie Susan Shannon April Robin Timothy Logan Jill Misty Adam Joseph Sabrina Shawn Kathy Mary Jane Tommy Juan Karen Robert Samantha Katelyn Jennifer Tristan Brian Elizabeth Wayne Cristian William Jose Rebekah Brett Rebecca Kari Grace Mercedes Adrian Kristen Lauren Charles James Mario Claire David Jeremy Nicholas Alexandra Gabriel Laura Christina Jason
97
Shannon Shannon
Dana Dana
Jose Jose
Grace Grace
Derek Derek
Juan Juan
Stacie Stacie Carrie Ronnie
Kayla Kayla
Brett Brett
Kathy Kathy
Johnathan Johnathan
Mark Mark
Carol Carol
Andrew Andrew
Timothy Timothy
Claire Claire
Paul Paul
Roy Roy
Jacqueline Jacqueline
Melinda Melinda
Jeffery Jeffery
Ashley Melissa Ashley
Kyle Kyle
Monica Monica
Lauren Lauren
Evan Evan
Elizabeth Elizabeth
Robert Robert
Tammy Tammy
Christina Christina
Katelyn Katelyn
Shane Shane
Kristen Kristen
Mary Mary
Gabriel Gabriel
Cheryl Cheryl
Nicole Nicole
Cristian Cristian
Robin Robin
Adrian Adrian
Charles Charles
Susan Susan
Misty Misty
Adam Adam
Tommy Tommy
Laura Laura
Kari Kari
Mercedes Mercedes
James James
Michelle Michelle
Rebekah Rebekah
Shawn Shawn
Nicholas Nicholas
Scott Scott
Karen Karen
Jennifer Jennifer
Samantha Samantha
Stephen Stephen
Mario Mario
Brian Brian
Kelsey Kelsey
Tristan Tristan
Jeremy Jeremy
John John
Wayne Wayne
David David
Joseph Joseph
Randy Randy
Jeffrey Jeffrey
Nathaniel Nathaniel
Logan Logan
Amanda Amanda
Heather Heather
Gregory Gregory
Joshua Joshua
Crystal Crystal
Kimberly Kimberly
William William
Brittany Brittany
Jane Jane
Alexandra Alexandra
Rebecca Rebecca
Bryan Bryan
April April
Rachel Rachel
Megan Megan
Jill Jill
Ricky Ricky
Regina Regina
Wendy Wendy
Edwin Edwin
Brad Brad
Kara Kara
Dustin Dustin
Sabrina Sabrina
Jordan Jordan
Dylan Dylan
