Austin Victoria Melinda Dennis Monique Robert Jordan Glenda Janet Sara John Jennifer Jeanette Kyle Elaine Eugene Alex Amy Kari Ralph Michael Gina Maxwell Hannah Sean Natasha Joshua Steven Donald Patrick Ashley Mariah Elizabeth Melissa Edward Juan Jonathan Daniel Robin Danielle Rachel Rhonda Scott Paul Scott Debra Walter Garrett Stacy Jamie Paige Cassandra Travis Austin
49
Hannah Hannah
Robin Robin
Alex Alex
Paul Paul
Paige Paige
Sara Sara April
Melinda Melinda
Jeanette Jeanette
Joshua Joshua
Jordan Jordan
Donald Donald
Kari Kari
Mariah Mariah
Melissa Melissa
Danielle Danielle
Cassandra Cassandra
Garrett Garrett
Gina Gina
Jonathan Jonathan
Walter Walter
Natasha Natasha
Janet Janet
Rachel Rachel
Ashley Ashley
Victoria Victoria
Monique Monique
John John
Edward Edward
Kyle Kyle
Glenda Glenda
Elizabeth Elizabeth
Ralph Ralph
Michael Michael
Jamie Jamie
Maxwell Maxwell
Steven Steven
Patrick Patrick
Scott Scott
Rhonda Rhonda
Debra Debra
Daniel Daniel
Robert Robert
Dennis Dennis
Elaine Elaine
Juan Juan
Amy Amy
Sean Sean
Eugene Eugene
Jennifer Jennifer
