Granbull PorygonZ Electrode Flygon Rufflet Quilava Whiscash Rockruff Ninjask Slakoth Chatot Happiny Machamp Remoraid Lileep Absol Hitmontop Lapras Torracat Exeggcute Binacle Serperior Heatmor Cinccino Lycanroc Raichu Arbok Metapod Chespin Typhlosion Chinchou Bonsly Sylveon Altaria Malamar Floatzel Relicanth Unown Swanna Mimikyu Glalie Charizard Tyrunt Mightyena Bronzor Roserade Carnivine Mantine Luvdisc Feraligatr Staravia Tsareena Greninja Mudsdale Pancham Vivillon Pancham Mudsdale Pidgeot Happiny Magmortar Goomy Lapras Jolteon Buizel Aipom Nuzleaf Staryu Deoxys Metagross Carbink Reshiram Golbat Heatran Lampent Electrike Dustox Budew Grumpig Metang Magmar Blissey Spinda Mawile Trumbeak Ampharos Kyurem Crabominable Reuniclus Furret Butterfree Cubone TypeNull Electivire Probopass Fletchling Cubone Butterfree Beedrill Jirachi Kangaskhan Skitty Spiritomb Chespin Cascoon Krookodile Corphish Azurill Crawdaunt Cosmog Stunfisk Darkrai Diggersby Torkoal Greninja Tsareena Gliscor Furret Whimsicott Binacle Torchic Bagon Charmander Heatran Infernape Spewpa Floette Typhlosion Bulbasaur Granbull
97
Butterfree Butterfree
Torkoal Torkoal
Infernape Infernape
Torchic Torchic
Bonsly Bonsly
Golbat Golbat
Kangaskhan Kangaskhan
Goomy Goomy
Spiritomb Spiritomb
Blissey Blissey
Electrike Electrike
Cosmog Cosmog
Pidgeot Pidgeot
Grumpig Grumpig
Roserade Roserade
Malamar Malamar
Darkrai Darkrai
Crabominable Crabominable
Floette Floette
Glalie Glalie
Charmander Charmander
Feraligatr Feraligatr
Hitmontop Hitmontop
Gliscor Gliscor
Whimsicott Whimsicott
Metapod Metapod
Ninjask Ninjask
Cascoon Cascoon
Nuzleaf Nuzleaf
Mantine Mantine
Reuniclus Reuniclus
Reshiram Reshiram
Raichu Raichu
Trumbeak Trumbeak
Exeggcute Exeggcute
Floatzel Floatzel
Metagross Metagross
Cinccino Cinccino
Vivillon Vivillon
Luvdisc Luvdisc
Swanna Swanna
Probopass Probopass
Magmar Magmar
Chatot Chatot
Jirachi Jirachi
Lampent Lampent
Serperior Serperior Bergmite
Buizel Buizel
Heatran Heatran
Flygon Flygon
Ampharos Ampharos
Chinchou Chinchou Typhlosion
Dustox Dustox
PorygonZ PorygonZ
Skitty Skitty
Lapras Lapras
Greninja Greninja
Magmortar Magmortar
Remoraid Remoraid
Diggersby Diggersby
Deoxys Deoxys
Rockruff Rockruff
Sylveon Sylveon
Relicanth Relicanth
Crawdaunt Crawdaunt
Spinda Spinda
Mightyena Mightyena
Lileep Lileep
Lycanroc Lycanroc
Quilava Quilava
TypeNull TypeNull
Budew Budew
Arbok Arbok
Charizard Charizard
Tsareena Tsareena
Carnivine Carnivine
Beedrill Beedrill
Mimikyu Mimikyu
Happiny Happiny
Whiscash Whiscash
Chespin Chespin
Absol Absol
Slakoth Slakoth
Jolteon Jolteon
Mudsdale Mudsdale
Corphish Krookodile Corphish
Heatmor Heatmor
Carbink Carbink
Torracat Torracat
Electrode Electrode
Binacle Binacle
Rufflet Rufflet
Cubone Cubone
Mawile Mawile
Unown Unown
Machamp Machamp
Bronzor Bronzor
