Florges Stufful Delibird Purrloin Sentret Celebi Bidoof Piloswine Bidoof Palossand Bouffalant Infernape Lillipup Hakamoo Buzzwole Volbeat Dialga Pichu Cofagrigus Persian Furfrou Bayleef Bisharp Pidgey Cherrim Cascoon Delibird Wailmer Primarina Kricketot Dusknoir Celesteela Snorlax Bewear Togetic Bergmite Wormadam Roggenrola Yanmega Hitmonlee Doublade Carracosta Aurorus Moltres Gastrodon Shaymin Regice Chansey Tentacruel Caterpie Machoke Timburr Claydol Girafarig Serperior Poliwag Vespiquen Weepinbell Tsareena Toxapex Ralts Toxapex Zubat Manectric Slugma Zapdos Poliwrath Drapion Flaaffy Omastar Stufful Florges Vespiquen Scolipede Vespiquen Florges
49
Delibird Delibird
Ralts Ralts
Manectric Manectric
Bergmite Bergmite
Aurorus Aurorus
Omastar Omastar
Dusknoir Dusknoir
Shaymin Shaymin
Scolipede Scolipede
Tsareena Tsareena
Zapdos Zapdos
Yanmega Yanmega
Timburr Timburr
Pichu Pichu
Bisharp Bisharp
Lillipup Lillipup
Togetic Togetic
Wormadam Wormadam
Moltres Moltres
Piloswine Piloswine
Primarina Primarina
Weepinbell Weepinbell
Volbeat Volbeat
Poliwrath Poliwrath
Hitmonlee Hitmonlee
Regice Regice
Kricketot Kricketot
Stufful Stufful
Poliwag Poliwag
Girafarig Girafarig
Tentacruel Tentacruel
Celesteela Celesteela
Persian Persian
Gastrodon Gastrodon
Machoke Machoke
Carracosta Carracosta
Cherrim Cherrim
Sentret Sentret
Bouffalant Infernape Bouffalant
Buzzwole Buzzwole
Zubat Zubat
Celebi Celebi
Dialga Dialga
Wailmer Wailmer
Cascoon Cascoon
Purrloin Purrloin
Hakamoo Hakamoo
Bidoof Bidoof
Bayleef Bayleef
