19 21 3 39 1 39 13 39 32 39 13 51 11 5 46 61 7 41 7 43 44 64 37 15 33 90 33 95 88 9 80 9 50 9 35 9 80 36 17 12 73 72 0 26 85 26 97 54 34 99 58 55 58 59 58 25 58 45 40 45 10 52 23 71 11 14 63 65 63 82 24 82 69 53 69 8 29 61 41 28 41 9 92 9 80 66 70 66 11 71 89 76 89 71 11 14 30 60 21 19
49
7 7
99 99
53 53
76 76
60 60
29 29
0 0
70 70
25 25
65 65
15 15
92 92
32 32
34 34
46 46
59 59
35 35
24 24
17 17
40 40 45
54 54
95 95
23 23
72 72
44 44
28 28
51 51
55 55
50 50
85 85
61 61
90 90
63 63
5 5
88 88
80 80
43 43
12 12
13 13
36 36
58 58
26 26
11 11
33 33
41 41
10 10
1 1
9 9
39 39
