0 52 101 174 130 75 83 143 0 80 68 66 68 126 20 156 179 103 114 85 16 17 16 98 135 106 131 73 177 73 189 157 149 48 149 157 197 199 27 151 17 46 184 102 121 23 62 42 155 140 70 45 137 45 19 97 72 55 11 171 144 74 125 36 125 116 59 147 117 168 134 118 152 181 153 105 153 6 160 6 195 176 109 145 149 63 81 84 68 128 5 26 9 88 198 76 198 187 108 139 34 12 138 31 196 31 138 50 25 91 25 183 87 180 69 99 148 40 111 193 136 113 185 92 10 122 166 122 162 122 35 122 7 67 13 67 7 123 53 139 165 141 30 141 4 0
97
180 180 87
106 106
35 35
53 53
23 23
171 171
111 111
20 20
4 4
19 19
13 13
30 30
40 40
10 10
196 196
81 81
52 52
168 168
184 184
152 152
9 9
195 195
136 136
162 162
50 50
145 145
97 97
84 84
91 91
116 116
62 62
42 42
151 151
85 85
74 74
102 102
48 48
66 66
166 166
76 76
108 108
156 156
46 46
55 55
197 197
109 109
128 128
147 147
27 27
69 69
143 143
34 34
80 80
137 137
31 31
185 185
134 134
139 139
131 131
75 75
126 126
140 140
98 98
174 174
26 26
72 72
183 183
103 103
105 105
160 160
121 121
36 82 36
11 11
117 117
198 198
149 149
70 70
59 59
122 122
17 16 17
138 138
189 189
88 88
67 67
176 176
199 199
144 144
83 83
114 114
181 181
179 179
157 157
125 125
177 177
63 63
130 130
45 45
