0 43 39 99 27 9 57 81 0 89 65 95 15 45 28 96 53 18 60 24 94 19 78 67 30 62 21 3 51 35 31 13 32 71 32 37 32 61 90 38 5 46 93 5 72 26 42 98 7 43 23 58 59 10 47 20 83 17 52 97 11 99 39 43 40 8 40 88 21 50 4 55 4 0
49
94 94
8 8
55 55
38 38
93 93
98 98
37 37
88 88
20 20
11 11
17 17
40 40
35 35
95 95
26 26
27 27
3 3
58 58
61 61
71 71
13 13
23 23
96 96
67 67
10 10
46 46
21 21
89 89
18 18
52 52
4 4
45 45
7 7
62 62
83 83
51 51
32 32
43 43
15 15
42 42
72 72
90 90
57 9 57
0 0
78 78
60 60
65 65
99 99
24 24
