node26 node64 node39 node67 node6 node79 node95 node60 node14 node99 node84 node4 node59 node9 node2 node70 node48 node41 node91 node78 node51 node66 node72 node27 node13 node85 node71 node36 node37 node47 node49 node20 node75 node11 node8 node9 node63 node10 node26
33
node67 node67 node3 node44
node64 node64 node46 node32
node79 node79 node45 node55
node99 node99
node4 node4 node20
node60 node60
node9 node9
node39 node39
node6 node6
node70 node70
node95 node95
node59 node59
node2 node2
node84 node84
node14 node14
node48 node48
node41 node41
node78 node78
node51 node51
node66 node66
node91 node91
node36 node36
node13 node13
node71 node71
node85 node85
node27 node27
node75 node75
node47 node47
node8 node8
node37 node37
node72 node72
node49 node49
node63 node63
