1 50 46 50 31 54 50 38 50 58 37 99 2 97 87 33 50 83 50 40 50 0 62 50 67 71 20 42 50 29 50 81 17 50 84 50 79 50 78 4 49 50 74 91 28 5 21 86 50 61 50 64 85 32 50 19 50 18 50 44 93 50 80 50 92 50 65 50 66 50 63 50 51 50 8 50 35 50 1
49
46 46
31 31
38 38
58 58
83 83
87 87
99 99
40 40 95
0 0
67 67
29 29
81 81
84 84
79 79
78 78
74 74
61 61
86 86
49 49
64 64
19 19
28 28
18 18
44 44
80 80
92 92
42 42
65 65
32 32
66 66
63 63
51 51
8 8
33 33
97 97
62 62
21 21
4 4
35 35
85 85
54 54
37 37
93 93
91 91
5 5
2 2
20 20
71 71
17 17
