1 68 55 127 86 100 192 100 174 191 60 134 100 189 89 186 100 177 164 105 100 119 117 43 131 76 80 175 44 100 54 159 199 158 21 141 100 45 100 136 100 74 100 157 121 129 100 183 155 137 100 31 100 3 100 125 27 29 93 25 100 82 100 38 100 113 100 83 100 195 124 84 100 188 100 153 100 163 32 160 16 100 24 100 12 8 30 100 115 18 100 0 22 111 100 28 100 138 100 19 88 50 151 142 100 15 100 56 100 148 100 26 35 57 100 10 100 97 99 193 49 100 36 100 194 100 172 100 150 100 180 171 100 59 100 77 100 178 100 182 100 101 100 1
97
192 192
174 174
189 189
1 1
177 177
119 119
86 86
76 76
54 54
45 45 196
136 136
74 74
157 157
141 141
183 183
31 31
105 105
3 3
125 125
82 82
38 38
113 113
83 83
195 195
188 188
153 153
186 186
29 29 170
163 163
24 24
160 160
12 12
115 115 63
0 0
28 28
84 84
138 138
134 134
43 43
19 19
15 15
56 56
175 175
148 148
30 30
26 26
129 129
10 10
97 97
55 55
36 36
199 199
142 142
25 25
137 137
194 194
172 172
111 111
150 150
193 193
180 180
127 127
89 89
80 80
117 117
131 131
155 155
21 21
49 49
164 164
68 68
159 159
59 59
93 93
124 124
57 57
27 27
77 77
178 178
50 50
16 16
121 121
88 88
60 60
44 44
182 182
99 99
8 8
158 158
22 22
18 18
101 101
191 191
32 32
35 35
171 171
151 151
