21 152 153 152 111 188 135 188 113 171 113 31 76 35 36 37 189 124 125 137 75 74 160 23 160 17 160 23 191 151 150 53 181 180 126 127 5 15 185 186 33 155 165 25 179 161 93 89 141 151 175 65 48 47 86 85 107 193 194 101 92 91 178 63 71 63 83 82 177 183 114 105 104 103 104 105 106 109 176 148 197 50 49 52 39 119 115 119 159 117 122 123 122 130 131 132 61 60 59 8 9 8 101 27 43 73 87 139 142 99 142 139 168 169 57 169 168 139 1 2 3 34 129 40 11 41 11 81 149 176 146 157 143 185 55 147 140 97 95 195 95 64 48 79 108 167 30 29 154 20 187 156 45 162 66 69 66 145 66 67 66 69 136 74 160 17 77 17 160 74 121 120 51 120 9 8 7 8 32 173 172 13 191 192 133 116 47 48 19 48 65 175 163 152 21
97
13 13
7 7
163 163
67 67
103 103
19 19
77 77
93 93
147 147
121 121
107 107
173 173
3 3
133 133
29 29
5 5
39 39
11 11
73 73
109 109
195 195
155 155
129 129
61 61
183 183
117 117
51 51
65 65
137 137
169 169
187 187
111 111
157 157
9 9
71 71
149 149
55 55
177 177
49 49
141 141
145 145
193 193
97 97
105 105
159 159
31 31
45 45
167 167
181 181
23 23
27 27
47 47
87 87
123 123
1 1
25 25
85 85
91 91
127 127
197 197
21 21
37 37 189
99 99
115 115
15 15
59 59
153 153
35 35
75 75
81 81
135 135
185 185
53 53
69 69
79 79
83 83
131 131
161 161
165 165
101 101
171 171
43 43
89 89
119 119
139 139
143 143
191 151 191
17 17
33 33
41 41
63 63
125 125
175 175
179 179
95 95
113 113
57 57
