68 63 64 37 50 51 53 44 7 44 53 83 78 61 78 43 57 43 79 65 45 52 5 15 5 13 77 33 58 85 58 39 59 60 29 31 75 93 41 71 84 25 27 25 84 23 87 69 11 94 49 21 97 21 95 79 67 91 73 91 43 42 47 42 43 78 89 81 9 81 89 90 3 2 1 26 34 35 34 18 19 18 80 82 17 64 63 68
41
7 7 53
27 27
19 19
3 3
71 71
97 97
1 1
35 35
47 47
59 55 59
15 15
69 11 69
73 73
29 29
23 23
9 9 81
85 85
95 95
67 67
13 13
63 17 63
75 75
45 45
49 49
39 39
61 61 89
87 87
25 25
33 33
79 79
51 51
77 77
5 5
93 93
21 21
57 43 57 91
83 83
37 37
65 65
31 31
41 41
