75 71 76 73 78 80 72 74 10 1 2 7 6 10 88 82 89 87 86 88 21 28 24 30 22 24 21 99 98 92 91 97 94 100 98 99 35 36 37 32 33 31 35 61 67 66 70 63 69 62 61 43 42 47 45 49 50 43 51 53 58 59 58 51 11 12 16 13 20 19 17 11 74 72 77 75
49
36 36
75 75
69 69
59 59
19 19
7 7
22 22
86 86
94 94
45 45
67 67
72 72
50 50
12 12
33 33
10 10
28 26 28
78 78
53 53
32 32
63 63
87 87
13 13
42 42
98 98
66 66
88 88
1 1
74 74
31 31
92 92
80 80
73 73
30 30
71 71
37 37
70 70
47 47
91 91
82 82
100 100
2 2
24 24
21 21
16 16
97 97
76 76
89 89
20 20
