74 72 80 76 73 75 77 75 151 157 153 156 160 156 159 151 46 50 41 47 48 46 169 165 167 166 168 161 163 164 169 38 31 39 36 35 37 32 37 31 38 172 174 180 179 178 175 171 172 192 197 198 199 191 192 58 53 55 52 54 57 59 58 118 116 111 114 111 119 113 118 141 148 146 145 143 142 141 98 99 96 98 132 136 135 139 137 131 140 135 132 87 89 82 88 83 85 81 86 87 21 29 23 25 24 30 28 21 121 128 122 126 121 18 13 16 19 17 11 14 18 63 70 68 66 62 61 62 69 63 102 104 102 182 185 184 189 182 46 2 8 6 2 46 75 77 72 74
97
47 47
74 74
160 160
168 168
32 32
142 142
113 113
175 175
61 61
126 126
83 83
14 14
198 198
6 6
137 137
30 30
57 57
189 189
104 104
96 96
75 75
148 148
114 114
69 69
151 151
46 46
169 169
86 86
38 38
19 19
172 172
52 52
128 128
185 185
59 59
136 136
163 163
192 192
23 23
145 145
119 119
166 166
197 197
13 13
80 80
82 81 82
146 146
11 11
70 70
41 41
174 174
35 35
58 58
122 122
167 167
29 28 26 29
180 180
191 191
140 140
62 62
85 85
88 88
73 73
54 54
2 2
77 77
156 156
68 68
50 50
153 153
164 164
39 39
118 118
139 139
37 37
178 178
141 141
36 36
8 8
179 179
157 157
165 165
66 66
55 55
199 199
111 111
89 89
16 16
99 99
161 161
135 135
25 25
76 76
131 131
116 116
53 53
31 31
