L55 L82 L34 L195 L87 L177 L129 L160 L167 L30 L59 L132 L101 L182 L196 L152 L117 L189 L41 L93 L190 L115 L64 L143 L144 L138 L73 L37 L103 L142 L127 L70 L94 L45 L2 L184 L89 L16 L35 L136 L95 L105 L24 L53 L170 L96 L166 L104 L47 L31 L33 L6 L4 L114 L186 L108 L141 L10 L178 L74 L139 L56 L8 L131 L43 L168 L76 L134 L165 L199 L193 L36 L71 L38 L20 L50 L99 L7 L158 L42 L15 L90 L67 L145 L69 L68 L102 L19 L159 L0 L119 L133 L185 L23 L174 L22 L0 L191 L55
97
L34 L34 L54 L121
L167 L167 L112
L129 L129
L87 L87
L55 L55
L82 L82
L195 L195
L160 L160
L59 L59
L30 L30
L177 L177
L101 L101
L182 L182
L132 L132
L152 L152
L196 L196
L93 L93
L117 L117
L189 L189
L41 L41
L190 L190
L64 L64
L144 L144
L115 L115
L143 L143
L138 L138
L37 L37
L73 L73
L103 L103
L142 L142
L127 L127
L45 L45
L184 L184
L70 L70
L94 L94
L2 L2
L89 L89
L16 L16
L35 L35
L136 L136
L95 L95
L105 L105
L166 L166
L53 L53
L24 L24
L170 L170
L47 L47
L104 L104
L31 L31
L96 L96
L33 L33
L6 L6
L4 L4
L186 L186
L114 L114
L141 L141
L108 L108
L178 L178
L10 L10
L139 L139
L8 L8
L74 L74
L131 L131
L56 L56
L168 L168
L43 L43
L76 L76
L165 L165
L36 L36
L134 L134
L199 L199
L193 L193
L38 L38
L71 L71
L50 L50
L20 L20
L7 L7
L158 L158
L42 L42
L99 L99
L15 L15
L90 L90
L67 L67
L69 L69
L102 L102
L145 L145
L68 L68
L19 L19
L133 L133
L159 L159
L0 L0
L119 L119
L174 L174
L23 L23
L22 L22
L185 L185
L191 L191
