0 36 97 0 92 86 24 0 70 30 13 10 93 40 22 2 20 29 57 62 14 67 83 35 69 41 32 4 33 15 74 80 88 44 48 56 25 17 81 73 87 39 11 51 95 79 7 98 52 72 27 59 84 77 99 3 8 64 82 5 65 54 50 26 71 100 9 28 42 94 37 34 23 47 75 96 38 45 18 89 21 61 78 1 49 58 43 60 76 63 12 46 68 16 85 91 53 31 6 55 133 0
97
7 7
55 55
31 31
76 76
12 12
45 45
68 68
58 58
1 1
63 63
61 61
46 46
16 16
75 75
42 42
43 43
71 71
38 38
53 53
6 6
91 91
49 49
85 85
21 21
54 54
47 47
78 78
96 96
9 9
60 60
100 100
28 28
23 23
11 11
89 89
84 84
94 94
50 50
8 8
95 95
87 87
81 81
74 74
72 72
77 77
59 59
18 18
65 65
37 37
82 82
64 64
25 25
5 5
48 48
99 99
98 98
4 4
79 79
41 41
26 26
34 34
51 51
20 20
80 80
52 52
44 44
67 67
3 3
17 17
56 56
39 39
27 27
73 73
57 57
32 32
13 13
83 83
69 69
15 15
88 88
93 93
29 29
62 62
33 33
35 35
14 14
10 10
2 2
40 40
70 66 70
22 22
97 97
24 24 90
92 92
30 30
36 19 36
86 86
