101 100 99 92 95 90 94 96 91 97 93 98 30 33 35 31 37 32 38 39 34 52 56 57 59 53 55 51 50 54 58 52 41 44 46 45 48 40 47 49 43 42 49 10 14 16 18 13 17 19 15 11 12 11 61 62 60 66 65 63 69 67 64 68 84 82 88 89 83 81 80 87 86 85 88 79 70 78 75 76 77 74 71 73 4 1 0 7 5 8 6 9 3 2 3 21 28 27 25 22 20 24 29 23 20 100 101
97
6 6
44 44
12 12
91 91
58 58
84 84
25 25
32 32
73 72 73
66 66
40 40
52 52
94 94
79 79
80 80
23 23
35 35
64 64
17 17
3 3
28 28
93 93
74 74
62 62
54 54
15 15
49 49
51 51
34 34 36
86 86
57 57
18 18
39 39
2 2
42 42
4 4
38 38
43 43
41 41
11 11
55 55
20 20 26
90 90
21 21
98 98
29 29
97 97
14 14
59 59
31 31
77 77
89 89
63 63
78 78
95 95
45 45
61 61
83 83
85 85
82 82
19 19
53 53
0 0
65 65
47 47
69 69
71 71
68 68
81 81
5 5
50 50
10 10
9 9
99 99
87 87
30 30
67 67
46 46
76 76
13 13
96 96
56 56
60 60
37 37
33 33
48 48
7 7
16 16
1 1
24 24
88 88
75 75
8 8
92 92
27 27
22 22
70 70
