Soda Burkina Malawi Mayotte Niger United Albania New Saint British Korea Egypt Singapore Lebanon Finland Cambodia Jamaica Sao Kyrgyzstan Netherlands Fiji Nigeria Rwanda Hong Palau Pitcairn Japan Congo Luxembourg Argentina Northern Aruba Liberia Republic Algeria Republic Croatia Sint Moldova Latvia Guernsey Kiribati Mexico Bahamas Indonesia Lesotho Lao Lesotho Macao Iran Iraq Libya Pakistan Argentina Burundi Macedonia Ireland Republic Antigua Azerbaijan Belize Greece Soda
49
Pakistan Pakistan
Lao Lao
Albania Albania
Kyrgyzstan Kyrgyzstan
Lebanon Lebanon
Mexico Bahamas Mexico
Latvia Latvia
Sint Sint
Belize Belize
Ireland Ireland
Burkina Burkina
Rwanda Rwanda
Burundi Burundi
Fiji Fiji
Macao Macao
Indonesia Indonesia
Jamaica Jamaica
Algeria Algeria
Northern Northern
Iraq Iraq
Luxembourg Luxembourg
Liberia Liberia
Korea Korea
Japan Japan
Antigua Antigua
New New
Palau Palau
Finland Finland
Egypt Egypt
Malawi Malawi
Cambodia Cambodia
Nigeria Nigeria
Kiribati Kiribati
Saint Saint
Pitcairn Pitcairn
Netherlands Netherlands
United United
Mayotte Mayotte
Sao Sao
Singapore Singapore
British British
Hong Hong
Congo Congo
Moldova Moldova
Republic Republic
Argentina Argentina
Niger Niger
Croatia Croatia
Aruba Aruba
