1 49 64 62 41 65 46 22 34 26 38 74 11 47 36 32 27 72 66 39 29 70 42 59 48 69 13 31 37 51 44 57 40 60 53 50 18 30 43 45 15 12 58 23 16 21 10 24 28 55 77 79 14 56 20 33 71 25 78 52 19 35 54 17 67 76 1
65
16 16
62 62
20 20
22 22
31 31
43 43
44 44
35 35
67 67
27 27
29 29
40 40
52 52
55 55
12 12
24 24
33 33
47 47
69 69
18 18
38 38
59 59
64 64
65 65
66 66 73 75
76 76
78 78
17 17
23 23
36 36
45 45 61 63
51 51
56 56
74 68 74
77 77
10 10
13 13
14 14
15 15
34 34
37 37
39 39
48 48
49 49
53 53
57 57
70 70
71 71
72 72
79 79
11 11
19 19
21 21
25 25
26 26
28 28
30 30
32 32
41 41
42 42
46 46
50 50
54 54
58 58
60 60
