Essos JarrensOutpost TheReshiIsles RepublicCity TheSpiritWorld CaveofTwoLovers Jakku Toffingburg Dubwall Tarbean Hogsmead BeyondtheWall DiagonAlley Severen Westeros Tartarus TheRiverStyx Gizton Boatwright KnifesEdge TheCommonwealth HighGarden Omashu TheWhompingWillow Barkamsted ShatteredPlains Newarre TheVale Penketh Yll Arcwallow TheFae Atlantas Soda WitheredHeath Lockinge CastleBlack MountOlympus Ellesmera Alderaan Accrington FlourishBlotts Chrofall Castamere TheBoilingRock TheChumBucket Trebon ShriekingShack Valyria Arrowcave JahKeved Azir TheKrustyKrab BikiniBottom Blackwater Hogwarts GooLagoon Keld SouthernAirTemple FleaBottom WesternAirTemple Alethkar Vintas Neddington Helgrind SatishVille Endor TheSpine Arkham Aerodenn Netherfort Astapor TheEolian Urubaen BaSingSe Dragonstone MadamMalkins TheGodswood TheChumBucket Grimbarrow Steeltown Neddingtown Duskhollow TheKrustyKrab Toperhagen DuWeldenvarden Meereen Lorien WonderCity ProBendingArena FireNation Ivormere Valyria Braavos LeakyCauldron TheGreatDivide Azir Peridrift TheEyrie DiagonAlley Shinovar DiagonAlley Sanlow ThePrancingPony Ademre Naboo Bobbingbourne Newarre Karth Carvahall KoralReef Winterfell Meckingbourne Essos
97
Newarre Newarre
Arcwallow Arcwallow
Tartarus Tartarus TheUnderworld Riverrun
JarrensOutpost JarrensOutpost
RepublicCity RepublicCity
WitheredHeath WitheredHeath
Trebon Trebon
Severen Severen
Penketh Penketh
Ellesmera Ellesmera
Netherfort Netherfort
Boatwright Boatwright
Tarbean Tarbean
TheCommonwealth TheCommonwealth Batcave
Toffingburg Toffingburg
Hogwarts Hogwarts
Barkamsted Barkamsted
Omashu Omashu
Chrofall Chrofall
BikiniBottom BikiniBottom
Valyria Valyria
TheBoilingRock TheBoilingRock
Vintas Vintas
BeyondtheWall BeyondtheWall
FleaBottom FleaBottom
Atlantas Atlantas
CaveofTwoLovers CaveofTwoLovers
Helgrind Helgrind
Grimbarrow Grimbarrow
CastleBlack CastleBlack
Yll Yll
TheSpiritWorld TheSpiritWorld
Essos Essos
ShatteredPlains ShatteredPlains
Dubwall Dubwall
TheFae TheFae
Hogsmead Hogsmead
TheVale TheVale
MountOlympus MountOlympus
Lockinge Lockinge
Soda Soda
KnifesEdge KnifesEdge
TheKrustyKrab TheKrustyKrab
Azir Azir
DiagonAlley DiagonAlley
Westeros Westeros
Arrowcave Arrowcave
Astapor Astapor
Castamere Castamere
Urubaen Urubaen
Endor Endor
TheSpine TheSpine
TheChumBucket TheChumBucket
TheWhompingWillow TheWhompingWillow
TheGodswood TheGodswood
Accrington Accrington
BaSingSe BaSingSe
Toperhagen Toperhagen
TheReshiIsles TheReshiIsles
JahKeved JahKeved
Alethkar Alethkar
Dragonstone Dragonstone
Gizton Gizton
Neddington Neddington
Keld Keld
Braavos Braavos
ProBendingArena ProBendingArena
TheGreatDivide TheGreatDivide
Duskhollow Duskhollow
ShriekingShack ShriekingShack
TheRiverStyx TheRiverStyx
Steeltown Steeltown
FlourishBlotts FlourishBlotts
HighGarden HighGarden
Peridrift Peridrift
Neddingtown Neddingtown
Lorien Lorien
SatishVille SatishVille
Jakku Jakku
WesternAirTemple WesternAirTemple
GooLagoon GooLagoon
FireNation FireNation
DuWeldenvarden DuWeldenvarden
Ademre Ademre
Blackwater Blackwater
Shinovar Shinovar
Ivormere Ivormere
Sanlow Sanlow
Bobbingbourne Bobbingbourne
Carvahall Carvahall
Alderaan Alderaan
TheEyrie TheEyrie
Karth Karth
Aerodenn Aerodenn
Meereen Meereen
Arkham Arkham
Winterfell Winterfell
