Meckgue TheUniversity TheSpine EarthKingdom UtgardMountain LakeLaogai LeakyCauldron TheArcanum TheWaystoneInn Tartarus Braavos VaultofSouls EasternAirTemple Gizton Netherfort Murkcairn Keld Grayburn KoralReef Larcbost TheHogsHead Lorien Winterfell Meereen Dagobah TreeofTime RepublicCity ZhaoFu Sanlow Gotham Sanlow Yunkai Urubaen FlourishBlotts Urubaen Carvahall ThePrancingPony BayofDragons Ademre Vexhollow BeyondtheWall TheBoilingRock TheVale Castamere TheFingers Beldenn RepublicCity MysticRuins Steeltown VaultofSouls Kinecardine TheFae GooLagoon Ellesmera TheSpine ShatteredPlains TheUniversity TheGodswood TheFae TheFingers TheKrustyKrab Meckgue
49
TheSpine TheSpine
TreeofTime TreeofTime
TheWaystoneInn TheWaystoneInn TheArcanum
Gizton Gizton
Ademre Ademre
Keld Keld
FlourishBlotts FlourishBlotts
Gotham Gotham
Meereen Meereen
Braavos Braavos
Lorien Lorien
Meckgue Meckgue
KoralReef KoralReef
ZhaoFu ZhaoFu
MysticRuins MysticRuins
Carvahall Carvahall
TheVale TheVale
UtgardMountain UtgardMountain
LeakyCauldron LeakyCauldron
Yunkai Yunkai
Murkcairn Murkcairn
Grayburn Grayburn
Sanlow Sanlow
EarthKingdom EarthKingdom
TheUniversity TheUniversity
EasternAirTemple EasternAirTemple
BeyondtheWall BeyondtheWall
VaultofSouls VaultofSouls
Netherfort Netherfort
Kinecardine Kinecardine
Tartarus Tartarus
GooLagoon GooLagoon
Dagobah Dagobah
Winterfell Winterfell
Steeltown Steeltown
Larcbost Larcbost
Vexhollow Vexhollow
Urubaen Urubaen
ShatteredPlains ShatteredPlains
Beldenn Beldenn
Castamere Castamere
LakeLaogai LakeLaogai
TheKrustyKrab TheKrustyKrab
Ellesmera Ellesmera
RepublicCity RepublicCity
TheGodswood TheGodswood
TheHogsHead TheHogsHead
ThePrancingPony ThePrancingPony
TheBoilingRock TheBoilingRock
