21 54 107 142 121 142 37 2 146 118 134 94 159 40 35 61 147 29 115 27 31 133 151 144 122 163 129 102 167 90 10 180 10 30 23 179 48 174 97 149 49 74 64 34 16 14 60 32 169 114 82 148 91 47 7 127 15 42 4 156 160 130 136 81 88 18 68 194 108 36 168 125 154 100 137 72 53 87 20 85 62 170 172 24 116 46 105 38 105 51 12 103 196 139 135 131 152 176 119 17 119 178 96 75 186 190 188 56 103 177 45 95 2 21
97
190 190
194 194
54 54
170 170
82 82
30 30
49 49
177 177
96 96
53 53
108 108
134 134
60 60
38 38
144 144
147 147
20 20
103 103
156 156
7 7
116 116
176 176
125 125
167 167
37 37
131 131
48 48
154 154
97 97
139 139
23 23
133 133
121 121
169 169
64 64
18 18
91 91
45 45
68 68
46 46
40 40
95 95
105 105
159 159
27 27
87 87
24 24
51 51
146 146
114 114
180 180
62 62
115 115
17 17
160 160
2 2
151 151 184
137 137
152 152
61 61
122 122
74 74
36 36
21 21
15 15
81 81
56 56
16 120 16
149 149
178 178 78
163 163
31 31
135 135
32 32
142 142
130 130
168 168
172 172
186 186
102 102
88 88
42 42
90 90
100 100
127 127
10 10
136 136
75 75
119 119
196 196
29 29
47 47
118 118
188 188
34 34
14 14
72 72
