1FoundersRock 36CasaZimbabwe 43FacultyClub 50Bridge 57Wheeler 64Blackwell 71Hillegass 78RajProperties 31Hillegass 37OtherCoop 40Oaktown 45HearstMemorial 33Wada 38RajProperties 44HearstGreekTheatre 47SatherTower 52California 58NorthGate 61Unit1 51HearstGymnasium 54Wellman 59SouthHall 65Foothill 68SodaHall 73Wada 79SanFransisco 66ClarkKerr 72DeltaPhiEpsilon 75ChanningBowdwitch 80Oaktown 34Martinez 35ChanningBowdwitch 39SanFransisco 41FoundersRock 42UniversityHouse 46DoeLibrary 48Esplanade 49SatherGate 53Durant 55Hilgard 56Giannini 60Ehrman 62Unit2 63Unit3 67InternationalHouse 69VarsityBerkeley 70Stonefire 74Martinez 76CasaZimbabwe 77OtherCoop 1FoundersRock
49
34Martinez 32DeltaPhiEpsilon 34Martinez
80Oaktown 80Oaktown
79SanFransisco 79SanFransisco
78RajProperties 78RajProperties
76CasaZimbabwe 76CasaZimbabwe
72DeltaPhiEpsilon 72DeltaPhiEpsilon
69VarsityBerkeley 69VarsityBerkeley
65Foothill 65Foothill
62Unit2 62Unit2
58NorthGate 58NorthGate
55Hilgard 55Hilgard
51HearstGymnasium 51HearstGymnasium
48Esplanade 48Esplanade
44HearstGreekTheatre 44HearstGreekTheatre
41FoundersRock 41FoundersRock
37OtherCoop 37OtherCoop
73Wada 73Wada
74Martinez 74Martinez
71Hillegass 71Hillegass
66ClarkKerr 66ClarkKerr
67InternationalHouse 67InternationalHouse
64Blackwell 64Blackwell
59SouthHall 59SouthHall
60Ehrman 60Ehrman
57Wheeler 57Wheeler
75ChanningBowdwitch 75ChanningBowdwitch
77OtherCoop 77OtherCoop
52California 52California
53Durant 53Durant
50Bridge 50Bridge
68SodaHall 68SodaHall
70Stonefire 70Stonefire
61Unit1 61Unit1
63Unit3 63Unit3
45HearstMemorial 45HearstMemorial
46DoeLibrary 46DoeLibrary
43FacultyClub 43FacultyClub
54Wellman 54Wellman
56Giannini 56Giannini
47SatherTower 47SatherTower
49SatherGate 49SatherGate
38RajProperties 38RajProperties
39SanFransisco 39SanFransisco
36CasaZimbabwe 36CasaZimbabwe
40Oaktown 40Oaktown
42UniversityHouse 42UniversityHouse
33Wada 33Wada
35ChanningBowdwitch 35ChanningBowdwitch
31Hillegass 31Hillegass
