1FoundersRock 10Bridge 46DoeLibrary 8Esplanade 114location 6DoeLibrary 9SatherGate 50Bridge 95location 84location 96location 48Esplanade 126location 90location 102location 150location 85location 47SatherTower 49SatherGate 108location 100location 125location 140location 200location 174location 156location 105location 145location 186location 120location 110location 165location 144location 115location 168location 132location 185location 130location 160location 195location 135location 180location 190location 138location 175location 155location 192location 162location 170location 198location 1FoundersRock
49
9SatherGate 9SatherGate
200location 200location
198location 198location
195location 195location
192location 192location
190location 190location
185location 185location
180location 180location
175location 175location
174location 174location
170location 170location
168location 168location
165location 165location
162location 162location
160location 160location
155location 155location
145location 145location
144location 144location
150location 150location
140location 140location
138location 138location
132location 132location
130location 130location
120location 120location
115location 115location
110location 110location
125location 125location
95location 95location
90location 90location
108location 108location
85location 85location
114location 114location
47SatherTower 47SatherTower
105location 105location
186location 186location
102location 102location
48Esplanade 48Esplanade
156location 156location
100location 100location
135location 135location
126location 126location
46DoeLibrary 46DoeLibrary
96location 96location
49SatherGate 49SatherGate
84location 84location
50Bridge 50Bridge
10Bridge 10Bridge
8Esplanade 7SatherTower 8Esplanade
6DoeLibrary 6DoeLibrary
