node87 node95 node55 node83 node75 node85 node79 node47 node53 node76 node23 node4 node57 node56 node80 node2 node94 node15 node69 node14 node42 node8 node27 node11 node96 node70 node25 node72 node29 node98 node39 node93 node64 node6 node19 node5 node66 node38 node66 node86 node78 node1 node49 node74 node70 node87
33
node64 node64 node59 node92
node42 node42
node56 node56
node27 node27
node38 node38
node23 node23
node25 node12 node25
node55 node55 node99
node1 node1
node47 node47
node2 node35 node2 node45
node5 node5
node15 node15
node29 node29
node11 node11
node94 node54 node94
node57 node57
node75 node75 node31 node60
node86 node86
node8 node8
node74 node74 node97
node69 node14 node69
node53 node53 node17
node95 node95 node37 node88
node85 node85
node93 node93
node83 node83 node48
node6 node6
node72 node72
node79 node79
node39 node39
node19 node19
node76 node76
