369 11b0b b4bd dda9 9975 62e5 d005 2c55 7089 c261 14e32 110d0 4b06 e47b a719 51d8 4e6f c933 139bc 132ea 121dd 4434 2fbe 6d20 da40 b154 8bd1 2583 bb8f 14760 10d67 d36e d6d7 1408e 960c 84ff da4 69b7 9cde 1eb1 3327 128af 13d25 e7e4 eeb6 ffc3 369
41
2583 2583
2c55 2c55
4434 4434
128af 128af
4b06 4b06 1476
d6d7 d6d7
2fbe 2fbe
960c 960c
11b0b 11b0b
51d8 51d8
c933 c933 a3b
da40 da40
62e5 62e5
d36e d36e
121dd 121dd a047
1eb1 1eb1
e7e4 e7e4 10695
eeb6 eeb6
e47b e47b
dda9 dda9
4e6f 4e6f
132ea 14ac9 132ea
1408e 1408e
14760 14760
da4 da4 664e 221a
84ff 84ff
ffc3 ffc3
14e32 14e32
b4bd b4bd
3327 3327
69b7 69b7
c261 c261
8bd1 8bd1
9cde 9cde
6d20 6d20
110d0 110d0
139bc 139bc
d005 d005
10d67 10d67
bb8f bb8f
13d25 13653 13d25
