8 97 126 80 120 123 127 85 19 24 38 99 54 52 33 35 53 71 70 69 51 64 66 63 47 65 49 30 4 29 3 6 82 79 121 173 125 142 174 172 173 124 83 16 17 22 39 59 78 118 160 193 188 183 179 182 147 135 89 137 91 45 42 40 88 90 102 95 93 28 21 25 23 87 136 100 109 116 115 72 73 60 61 41 26 40 108 167 190 168 159 192 191 192 171 161 150 181 149 148 108 145 144 153 164 165 113 152 185 152 105 68 105 97 8 2 5 8
97
121 121
193 193
25 25
71 71
63 63
185 185
168 168
61 61
181 181
135 135
4 4
17 17
93 93
165 165
145 145
51 51
118 118
191 191 169
40 40
97 97 105
85 85
167 167
35 35
137 137
172 172
65 65
179 179
6 6
171 171
142 142
23 23
38 38
5 5
68 68
72 72
144 144
59 59
182 182
183 183
2 2
123 123
22 22
3 3
79 79
45 45
124 124
73 73
164 164
26 26
136 136
188 188
102 102
64 64
95 95
109 109
69 55 69
54 54
160 160
30 30
115 115
21 21
47 47
19 19
39 39
33 33
70 70
153 153
113 113
49 49
52 52
90 90
78 78
100 100
125 125
174 174
126 126
87 87
127 127
83 83
66 66
53 53
152 152
99 99
29 29
24 24
88 88
192 192
190 190
120 120
91 91
116 116
80 80
82 82
147 147
42 42
173 173
89 89
