73 72 34 71 63 67 66 38 68 62 77 62 53 19 11 20 44 11 28 29 23 30 27 11 24 11 41 42 40 34 64 65 64 34 21 26 11 22 33 22 60 22 11 14 11 36 59 36 61 56 37 75 35 55 18 11 2 7 2 3 4 2 8 2 5 2 6 2 11 25 11 17 51 45 50 47 17 19 57 19 34 73
49
24 24
65 65
77 77
72 72
57 57
6 6
60 60
55 55
61 61
67 67
75 75
47 47
5 5
33 33
27 27
25 25
8 8
4 4
40 40
7 7
14 14
26 26
44 44
59 59
51 51
30 30
41 41
64 64
28 28
71 71
50 50
42 42
56 56
45 45
23 23
3 3
68 68
22 22
20 20
2 2
29 29
53 53 37
66 66
19 19
38 38
63 63
34 34
36 36
11 11
