0 7 2 23 2 42 2 55 2 56 2 67 2 70 2 72 2 77 2 5 37 5 39 5 50 5 78 5 2 7 0 14 0 29 0 30 0 33 0 44 0 52 0 60 0 66 0 71 0 79 0 80 81 82 83 84 85 86 87 88 89 90 91 92 93 94 95 96 97 98 99 100 101 102 103 104 105 106 107 108 109 110 111 112 113 114 115 116 117 118 119 80 0 1 19 3 13 17 32 17 13 3 27 3 41 3 49 3 54 3 9 35 9 48 9 68 9 3 19 1 21 1 28 1 45 1 58 1 12 26 12 63 12 1 18 62 18 1 0 8 51 8 57 8 65 8 75 8 4 38 4 16 24 61 24 16 4 43 4 69 4 10 36 10 40 10 74 10 6 20 6 31 6 34 6 53 6 73 6 10 4 15 47 15 4 8 11 46 11 64 11 22 76 22 11 8 0 7 25 59 25 7 0 1 12 26 120 121 122 123 124 125 126 127 128 129 128 127 126 125 124 123 122 121 120 26 12 1 0
97
7 7 25
100 100
129 129
88 88
110 110
32 32
20 20
61 24 61
94 94
116 116
35 35
47 47
76 22 76
26 26
62 62
82 82
104 104
19 19
36 36
37 37
38 38
46 46
51 51
13 13
14 14
16 16
21 21
23 23
27 27
28 28
29 29
30 30
31 31
33 33
34 34
39 39
40 40
41 41
42 42
43 43
44 44
45 45
48 48
49 49
50 50
52 52
53 53
54 54
55 55
56 56
57 57
58 58
59 59
60 60
63 63
64 64
65 65
66 66
67 67
68 68
69 69
70 70
71 71
72 72
73 73
74 74
75 75
77 77
78 78
79 79
80 80
84 84
86 86
90 90
92 92
96 96
98 98
102 102
106 106
108 108
112 112
114 114
118 118
1 1
2 2
3 3
4 4
5 5
6 6
8 8
9 9
10 10
11 11
12 12
15 15
17 17
18 18
