USZWPSB HVERBTBS VBAQD RGLCPSJQE EHQRYBZ JOXQIX YAETAC UDNWTRHT XZUPVI FPWMJC JEGRK ANHOTJN BHAMV QMHLIXVD VWNAJFRNG XSWDY GLYDZ LNDUQDYSK ZNZOQPE ZKGYGD VWHRKOPZ KRUSUHB NIVCBBO EJXSCSGM FJQMKJNWE MWXYLX EFOWXJQKY AOVKACB RLWAP VFEEU EMAAQWO DFFFG VVSNO BLXWCB RGSOR HSAIPP HSJUMJH MRXNI LYRSZA TQSCIQTX AIGGLZT YKOGGTNN FLOTLYFG DKINCMT TGPYEAP APIOYKU RBNAR XENTNT YOUZA GEGFOSJ ILXWSRIC MOXGRP NZJGYK OVKLH TTXGTNV JXLFSOAT XQOMNCXDB AXCWU RUGMYM MYDTJZPES KAUIIR TOAKXEQ PJXURKPC NTZSZ YFEZIO FZNKCK RQWCFDHW NBRZI DIXXP GNXDBJSVR RJDHJFNIN HWJUZVNH SICVXMLGL OLUPAJLP NCPEGX APBFJMOOF HNOOUELP RVPJHZLQQ SIAFKK NHNDWOH ZEZKNGTK CWLLCM JVWIZDBS JQHORKB CCTJZN WTQCHXQ UBODMUMJ FCWRH FZGDAQKRC YVIRIDDRA HEFYBKPUF GALHVZ ORCMU XHMMLM EPJHOESBB BCHOPGEE AHZYCQM USZWPSB
97
SICVXMLGL SICVXMLGL
AIGGLZT AIGGLZT
EMAAQWO EMAAQWO
JQHORKB JQHORKB
KAUIIR KAUIIR
BCHOPGEE BCHOPGEE
VVSNO VVSNO
RUGMYM RUGMYM ACYPAPBPW
HEFYBKPUF HEFYBKPUF
XHMMLM XHMMLM
NCPEGX NCPEGX
APIOYKU APIOYKU
XZUPVI XZUPVI
YOUZA YOUZA
FZGDAQKRC FZGDAQKRC
QMHLIXVD QMHLIXVD
RVPJHZLQQ RVPJHZLQQ
DKINCMT DKINCMT
EFOWXJQKY EFOWXJQKY
GNXDBJSVR GNXDBJSVR
XSWDY XSWDY
SIAFKK SIAFKK
ANHOTJN ANHOTJN
RQWCFDHW RQWCFDHW
UBODMUMJ UBODMUMJ
LYRSZA LYRSZA
NTZSZ NTZSZ
ZKGYGD ZKGYGD
FCWRH FCWRH
GALHVZ GALHVZ
CWLLCM CWLLCM
HVERBTBS HVERBTBS
APBFJMOOF APBFJMOOF
OVKLH OVKLH
HSJUMJH HSJUMJH
ILXWSRIC ILXWSRIC
YAETAC YAETAC
EHQRYBZ EHQRYBZ
FJQMKJNWE FJQMKJNWE
RLWAP RLWAP
ORCMU ORCMU
CCTJZN CCTJZN
ZEZKNGTK ZEZKNGTK
XQOMNCXDB XQOMNCXDB
MOXGRP MOXGRP WEXBJV
LNDUQDYSK LNDUQDYSK
FZNKCK FZNKCK
RJDHJFNIN MSHZNEX RJDHJFNIN
NBRZI NBRZI
BLXWCB BLXWCB
RBNAR RBNAR
EPJHOESBB EPJHOESBB
FLOTLYFG FLOTLYFG
HSAIPP HSAIPP
NZJGYK NZJGYK
JVWIZDBS JVWIZDBS
AHZYCQM AHZYCQM
OLUPAJLP OLUPAJLP
EJXSCSGM EJXSCSGM
NHNDWOH NHNDWOH
YVIRIDDRA YVIRIDDRA
AXCWU AXCWU
VBAQD VBAQD
BHAMV BHAMV
YKOGGTNN YKOGGTNN
VWHRKOPZ VWHRKOPZ
KRUSUHB KRUSUHB
MRXNI MRXNI
PJXURKPC PJXURKPC
GLYDZ GLYDZ
DIXXP DIXXP
JEGRK JEGRK
MWXYLX MWXYLX
YFEZIO YFEZIO
DFFFG DFFFG
TTXGTNV TTXGTNV
XENTNT XENTNT
JOXQIX JOXQIX
MYDTJZPES MYDTJZPES
VFEEU VFEEU
HWJUZVNH HWJUZVNH
GEGFOSJ GEGFOSJ
TOAKXEQ TOAKXEQ
FPWMJC FPWMJC
HNOOUELP HNOOUELP
UDNWTRHT UDNWTRHT
RGSOR RGSOR
JXLFSOAT JXLFSOAT
ZNZOQPE ZNZOQPE
USZWPSB USZWPSB
NIVCBBO NIVCBBO
RGLCPSJQE RGLCPSJQE
WTQCHXQ WTQCHXQ
TQSCIQTX TQSCIQTX
TGPYEAP TGPYEAP
VWNAJFRNG VWNAJFRNG
AOVKACB AOVKACB
