UMUCUTWAW OIPVAKF FVKLDY KAYADTT OMBFD QOHWG RRFKVFYKR CNINRTR TCXWZV YNHRBC GVNFQM VHLSP XJOXYWA KUUVZB TJFSEUB USUVN AOWYQNAYA CRSMUEPQG VHHVQ VASGY IZNSKNS VSMLVXSP PLYPQBTP DQOPCH CJLYWOAQ JVYIBRJ ZFMGDWP ZPFHBWI YFKIFTRS STQNQT JOWHZXTIA JJAQQ TNKNMUFI WEPDZ GUDSRTKLA MNWMWDXCQ MWTSDF EGEASKKIE SUIOZK XWBHEYXJU TNSRRJCDD XGGIUBVDN ZLYFI AWQOWSNYN JVYIBRJ ZSHRTZVKO RDTQTJB YPXLG MHXHJGEF ELILXSR QNAZOQNNI UENPUJ TRJWMZRA UMUCUTWAW
49
VASGY VASGY
USUVN USUVN
FVKLDY FVKLDY
STQNQT STQNQT
MWTSDF MWTSDF
UENPUJ UENPUJ
TCXWZV TCXWZV
TNKNMUFI TNKNMUFI
RDTQTJB RDTQTJB
ZFMGDWP ZFMGDWP
VHLSP VHLSP
XWBHEYXJU XWBHEYXJU
CRSMUEPQG CRSMUEPQG
OMBFD OMBFD
AWQOWSNYN AWQOWSNYN
CJLYWOAQ CJLYWOAQ
GUDSRTKLA GUDSRTKLA
XGGIUBVDN WRQUJ XGGIUBVDN
KUUVZB KUUVZB
VSMLVXSP VSMLVXSP
ZSHRTZVKO ZSHRTZVKO
MHXHJGEF MHXHJGEF
ELILXSR ELILXSR
YFKIFTRS YFKIFTRS
GVNFQM GVNFQM
WEPDZ WEPDZ
OIPVAKF OIPVAKF
YNHRBC YNHRBC
TJFSEUB TJFSEUB
ZLYFI ZLYFI
SUIOZK SUIOZK
JOWHZXTIA JOWHZXTIA
CNINRTR CNINRTR
ZPFHBWI ZPFHBWI
MNWMWDXCQ MNWMWDXCQ
XJOXYWA XJOXYWA
TNSRRJCDD TNSRRJCDD
EGEASKKIE EGEASKKIE
DQOPCH DQOPCH
IZNSKNS IZNSKNS
JJAQQ JJAQQ
RRFKVFYKR RRFKVFYKR
JVYIBRJ JVYIBRJ
YPXLG YPXLG
PLYPQBTP PLYPQBTP
VHHVQ VHHVQ
AOWYQNAYA AOWYQNAYA
KAYADTT KAYADTT
QOHWG QOHWG
