runcation pentine megahero wolfer undramatic coalblack wideband ungroomed Astaire retexture wintrier lichened forepast yuzus Margery turnoff tuneful urethritic ephas oogle agistments Massorete palatial colocynth conceiv quakerlike tipuana turbid dollying flourless toper bookhouses infants montages greatborn haligi passcards stoble husbandman fibrates bewitch decouples broomer Lipetsk backpay huddle revolution tutelar kempy wheatberry almshouse unbribable miticides grilses stips draftox thereagain begynnynge trikini Muscogee polyuria medicine offset inurns stinkbugs yokeline perfusive maxim lionfish aliens blackdye torsions prairies erysipelas multifaith baken Carazo construed hambone triforium silicon boomah timefuse fason cloaca holodeck chargeback Marah foreshores Simferopol usant ilian nervus destinate tholoi metre jaborandi runcation
97
pentine pentine embittered cutout festuca
megahero megahero
wolfer wolfer
undramatic undramatic
coalblack coalblack
wideband wideband
ungroomed ungroomed
Astaire Astaire
retexture retexture
wintrier wintrier
lichened lichened
forepast forepast
yuzus yuzus
Margery Margery
turnoff turnoff
tuneful tuneful
urethritic urethritic
ephas ephas
oogle oogle
agistments agistments
Massorete Massorete
palatial palatial
colocynth colocynth
conceiv conceiv
quakerlike quakerlike
tipuana tipuana
turbid turbid
dollying dollying
flourless flourless
toper toper
bookhouses bookhouses
infants infants
montages montages
greatborn greatborn
haligi haligi
passcards passcards
stoble stoble
husbandman husbandman
fibrates fibrates
bewitch bewitch
decouples decouples
broomer broomer
Lipetsk Lipetsk
backpay backpay
huddle huddle
revolution revolution
tutelar tutelar
kempy kempy
wheatberry wheatberry
almshouse almshouse
unbribable unbribable
miticides miticides
grilses grilses
stips stips
draftox draftox
thereagain thereagain
begynnynge begynnynge
trikini trikini
Muscogee Muscogee
polyuria polyuria
medicine medicine
offset offset
inurns inurns
stinkbugs stinkbugs
yokeline yokeline
perfusive perfusive
maxim maxim
lionfish lionfish
aliens aliens
blackdye blackdye
torsions torsions
prairies prairies
runcation runcation
erysipelas erysipelas
multifaith multifaith
baken baken
Carazo Carazo
construed construed
hambone hambone
triforium triforium
silicon silicon
boomah boomah
timefuse timefuse
fason fason
cloaca cloaca
holodeck holodeck
chargeback chargeback
Marah Marah
foreshores foreshores
Simferopol Simferopol
usant usant
ilian ilian
nervus nervus
destinate destinate
tholoi tholoi
metre metre
jaborandi jaborandi
