shaird kartikeya nomination beermakers effuses UncleNed Sahara peasantism guilts airgap waste remissio Ucayali slatting tokenizing cacomistle scratch unglove tunic Pentecost teabags deductable caouane macedoine diruption cementite Lafayette opacular transflux shrow advances sarcomere rampup irade philomels intrado fivepenny property trackbar nauseously coldcocked lasting colugos aftertouch assonantal baning preparable toggleable morphe shaird
49
kartikeya kartikeya twothirds
nomination nomination
beermakers beermakers
effuses effuses
UncleNed UncleNed
Sahara Sahara
peasantism peasantism
guilts guilts
airgap airgap
waste waste
remissio remissio
Ucayali Ucayali
slatting slatting
tokenizing tokenizing
cacomistle cacomistle
scratch scratch
unglove unglove
tunic tunic
Pentecost Pentecost
teabags teabags
deductable deductable
caouane caouane
macedoine macedoine
diruption diruption
cementite cementite
Lafayette Lafayette
opacular opacular
transflux transflux
shrow shrow
advances advances
sarcomere sarcomere
rampup rampup
irade irade
philomels philomels
intrado intrado
fivepenny fivepenny
property property
trackbar trackbar
nauseously nauseously
coldcocked coldcocked
shaird shaird
lasting lasting
colugos colugos
aftertouch aftertouch
assonantal assonantal
baning baning
preparable preparable
toggleable toggleable
morphe morphe
