73 173 196 163 48 71 191 75 42 61 0 192 118 176 123 136 138 16 195 129 57 53 194 76 125 155 128 161 2 166 101 99 127 27 81 47 187 122 89 49 115 6 7 60 55 168 154 119 189 82 107 190 167 186 197 35 12 15 24 109 40 19 66 184 153 183 83 175 41 44 70 98 124 10 92 185 162 96 133 77 21 62 37 143 72 95 110 58 52 145 63 11 169 135 159 39 171 173 73
97
195 195
41 41
6 6
127 127
145 145
162 162
153 153
154 154
192 192
173 173
136 136
161 161
52 52
62 112 62
53 53
89 89
10 10
63 63
15 15
125 125
107 107
37 37
42 42
133 133
60 60
98 98
166 166
175 175
72 72
159 159
44 44
167 167
48 48
187 187
169 169
40 40
35 35
176 176
191 191
189 189
135 135
115 115
109 109
39 39
76 76
11 11
155 155
71 71
24 24
119 68 119
21 21
16 16
101 101
129 129
168 168
197 197
73 73
66 66
171 171
110 110
77 77
183 183
92 92
99 99
122 122
61 61
190 190
81 81
124 124
27 27
70 70
196 196
95 95
12 12
49 49
47 47
143 143
184 184
194 194
82 82
19 19
83 83
7 7
128 128
185 185
55 55
123 123
118 118
2 2
75 75
163 163 26
57 57
186 186
138 138
58 58
96 96
0 0
