39 75 108 115 116 109 41 110 11 12 129 44 114 74 89 163 113 91 195 140 16 112 6 80 78 55 157 30 103 27 83 59 176 194 130 126 152 160 156 36 179 158 197 76 161 169 119 13 193 77 100 81 49 133 118 198 56 88 54 148 28 180 123 177 84 17 96 20 135 154 99 0 46 63 139 151 182 192 111 31 43 94 183 97 42 147 178 4 93 174 22 51 173 191 70 149 3 23 39
97
75 75 150 107 48
108 108
115 115
116 116
109 109
41 41
110 110
11 11
12 12
129 129
44 44
114 114
74 74
89 89
163 163
113 113
91 91
195 195
140 140
16 16
112 112
6 6
80 80
78 78
55 55
157 157
30 30
103 103
27 27
83 83
59 59
176 176
194 194
130 130
126 126
152 152
160 160
156 156
36 36
179 179
158 158
197 197
76 76
161 161
169 169
119 119
13 13
193 193
77 77
100 100
81 81
49 49
133 133
118 118
198 198
56 56
88 88
54 54
148 148
28 28
180 180
123 123
177 177
84 84
17 17
96 96
20 20
135 135
154 154
99 99
0 0
46 46
63 63
139 139
151 151
182 182
192 192
111 111
31 31
43 43
94 94
183 183
97 97
42 42
147 147
178 178
4 4
93 93
174 174
22 22
51 51
173 173
191 191
70 70
149 149
3 3
23 23
