132 126 122 118 106 108 100 98 92 96 88 86 90 104 102 176 173 185 26 28 25 31 17 161 146 138 189 196 194 198 193 197 135 148 13 9 5 3 2 177 180 142 66 64 62 60 56 46 38 44 40 36 76 78 68 72 80 82 182 160 166 159 156 133 167 171 183 136 149 188 137 195 113 109 105 101 97 95 91 87 85 184 154 192 162 181 152 33 35 39 41 45 47 61 81 75 77 155 132
97
162 162
90 90
56 56
195 195
136 136
2 2
85 85
47 47
173 173
135 135
155 155
126 126
166 166
138 138
36 36
33 33
154 154
17 17
180 180
181 181
109 109
156 156
183 183
142 142
77 77
198 198
82 82
137 137
177 177
100 100
176 176
25 25
148 148
161 161
197 197
44 44
160 160
31 31
152 152
192 192
39 39
133 133
105 105
159 159
193 193
118 118
182 182
9 8 9
92 92
68 68
184 184
189 189
146 146
13 13
95 95
46 46
81 81
196 196
66 66
35 35
61 61
188 188
45 45
113 113
171 171
104 104
28 28 27
185 185
40 40
5 5 6
149 149
41 41
108 108
98 98
72 72
76 76
38 38
97 97
88 88
194 194
75 75
167 167
78 78
122 122
64 64
80 80
26 26
60 60
96 96
106 106
62 62
87 87
91 91
3 3
101 101
102 102
86 86
