92 2 13 97 47 64 61 55 90 35 32 35 90 17 2 34 5 68 0 76 65 76 94 16 45 16 78 16 63 73 12 54 91 23 91 3 93 59 93 3 70 33 70 76 95 44 57 44 46 14 46 25 29 10 29 99 87 24 60 43 20 43 50 22 11 35 90 18 21 85 74 37 67 1 5 28 72 77 41 19 0 52 42 86 23 91 60 92
49
65 65
72 72
86 86
87 87
14 14
64 64
59 59
18 18
19 19
11 11
78 78
37 37
50 50
44 44
24 24
10 10
1 1
32 32
20 20
97 97
63 63
23 23
33 70 33
21 21
68 68
94 94
54 54
17 17
61 61
12 12
95 95
13 13
55 55
45 45
93 93
5 5
47 47
46 46
73 73
3 3
85 85
29 29
0 0
74 74
35 35
2 2
57 57
16 16
90 90
