140 153 123 28 108 186 148 77 148 134 59 62 112 22 180 41 101 139 19 11 79 130 115 32 177 61 34 134 42 80 133 185 55 83 142 83 57 84 175 117 49 4 103 162 47 196 151 29 168 127 25 132 56 150 27 150 8 166 6 154 131 107 50 184 85 163 36 182 104 5 158 160 158 95 149 128 149 179 125 76 12 193 12 137 197 97 93 190 146 94 52 170 152 77 18 96 18 82 89 35 155 73 100 40 80 133 114 62 167 9 61 177 174 44 145 178 188 10 135 108 28 123 176 123 116 21 19 53 169 162 102 13 122 51 122 56 159 92 154 23 65 174 177 14 85 199 173 93 39 143 101 7 101 139 140
97
18 18
10 10
95 95
169 169
14 14
173 173
51 51
159 159
7 7
176 176
9 9
65 65
79 79
114 114
104 104
35 35
27 27
29 29
135 135
36 36
170 170
102 102
117 117
166 166
39 39
178 178
142 142
42 42
21 21
76 76
73 73
197 197
153 153
53 53
32 32
179 179
190 190
112 112
160 160
5 45 5
196 196
154 154
132 132
89 89
182 182
185 185
13 13
130 130
40 40
139 139
85 85
186 186
44 44
94 94
93 93
193 193 12
175 175
41 41
59 59
123 123
8 8
47 47
50 50
103 103
56 56
6 6
128 128
82 82
127 127
115 115
49 49
167 167
151 151
19 19
168 168
55 55
61 177 61
11 11
57 57
125 125
62 62
150 150
96 96
80 80
97 97
77 77
146 146
134 134
158 158
133 133
108 108
84 84
22 22
83 83
4 4
101 101
25 25
