a0 a21 a0 a97 a56 a3 a41 a8 a78 a8 a41 a83 a99 a17 a99 a2 a43 a2 a77 a49 a55 a6 a31 a13 a52 a13 a60 a72 a32 a25 a88 a71 a82 a46 a15 a39 a7 a22 a37 a22 a28 a9 a1 a80 a1 a93 a1 a9 a48 a9 a1 a18 a11 a59 a11 a86 a11 a59 a74 a59 a11 a81 a26 a38 a5 a79 a5 a24 a73 a24 a78 a8 a41 a3 a50 a3 a20 a75 a89 a44 a64 a30 a33 a53 a94 a23 a94 a87 a94 a53 a51 a98 a4 a2 a49 a27 a6 a42 a6 a64 a47 a64 a30 a2 a21 a0
41
a47 a47
a87 a87
a60 a60
a44 a44
a50 a50
a81 a81
a33 a33
a82 a82
a42 a42
a99 a99
a75 a75
a98 a98
a74 a74
a73 a73
a88 a88
a77 a77
a48 a48
a97 a97
a53 a53
a46 a46
a86 a86
a83 a90 a83
a52 a52
a39 a39
a71 a71
a25 a25
a79 a79
a51 a51
a56 a56
a55 a55
a43 a43
a21 a21 a65
a23 a23 a94
a59 a11 a59
a93 a93
a37 a37
a78 a8 a78
a28 a28
a17 a17
a80 a9 a12 a18 a80
a2 a2
