aliquam malesuada gravida turpis quis mattis ultricies mauris et nisi consectetur mi ornare congue habitasse adipiscing porttitor cras suscipit eros quisque praesent placerat lorem condimentum maecenas habitant viverra imperdiet vestibulum euismod semper vitae sagittis nec cursus platea ut lectus senectus enim sed aliquam
41
gravida gravida fames eu
quis quis
ultricies ultricies
et et
consectetur consectetur
ornare ornare
habitasse habitasse
porttitor porttitor
suscipit suscipit
quisque quisque
placerat placerat
condimentum condimentum
habitant habitant
imperdiet imperdiet
euismod euismod
vitae vitae
nec nec
platea platea
lectus lectus
enim enim
malesuada malesuada
turpis turpis
mattis mattis
mauris mauris
nisi nisi
mi mi
congue congue
adipiscing adipiscing
cras cras
eros eros
praesent praesent
lorem lorem
maecenas maecenas
viverra viverra
vestibulum vestibulum
semper semper
sagittis sagittis
cursus cursus
ut ut
senectus senectus
sed sed
