L11 L16 L7 L84 L8 L1 L9 L28 L10 L131 L22 L19 L27 L14 L23 L30 L29 L31 L42 L32 L40 L43 L46 L48 L54 L58 L53 L66 L62 L69 L65 L64 L75 L72 L70 L74 L76 L86 L79 L87 L85 L91 L89 L90 L93 L88 L96 L99 L100 L103 L101 L102 L118 L110 L106 L104 L109 L113 L114 L112 L119 L115 L120 L121 L128 L130 L124 L125 L132 L139 L134 L141 L146 L147 L136 L155 L154 L169 L145 L150 L160 L173 L168 L175 L161 L179 L177 L184 L180 L190 L181 L188 L189 L187 L192 L195 L191 L2 L193 L2 L11
97
L16 L16
L1 L1 L197 L198
L27 L27 L137
L28 L28
L84 L84
L131 L131
L7 L7
L8 L8
L9 L9
L10 L10
L14 L14
L19 L19
L22 L22
L23 L23
L29 L29
L30 L30
L31 L31
L32 L32
L40 L40
L42 L42
L43 L43
L46 L46
L48 L48
L53 L53
L54 L54
L58 L58
L62 L62
L64 L64
L65 L65
L66 L66
L69 L69
L70 L70
L72 L72
L74 L74
L75 L75
L76 L76
L79 L79
L86 L86
L85 L85
L87 L87
L88 L88
L89 L89
L90 L90
L91 L91
L93 L93
L96 L96
L99 L99
L100 L100
L103 L103
L101 L101
L102 L102
L104 L104
L106 L106
L109 L109
L110 L110
L112 L112
L113 L113
L114 L114
L118 L118
L115 L115
L119 L119
L120 L120
L121 L121
L124 L124
L125 L125
L128 L128
L130 L130
L132 L132
L134 L134
L136 L136
L139 L139
L141 L141
L145 L145
L146 L146
L147 L147
L150 L150
L154 L154
L155 L155
L160 L160
L161 L161
L168 L168
L169 L169
L173 L173
L175 L175
L177 L177
L179 L179
L181 L181
L180 L180
L184 L184
L187 L187
L188 L188
L189 L189
L190 L190
L191 L191
L192 L192
L193 L193
L195 L195
