AAA AAB ABB ACB ABB ABC AAC AAD ABD ACD ADD ADC ADB ADA BAA BAB BBB BBC BBD BCD BDD BCD BBD BAD BAC BAB BBB BCB BCA BDA CAA CAB CBB CCB CBB CBC CAC CAD CBD CCD CDD CDC CDB CDA DAA DAB DBB DBC DBD DCD DDD DCD DBD DAD DAC DAB DBB DCB DCA DDA EAA EAB EBB EBC EBD ECD EDD ECD EBD EAD EAC EAB EBB ECB ECA EDA FAA FAB FBB FAB FAC FAD FBD FCD FDD FCD FBD FAD FAC FAB FAA EDA ECA EBA EAA DDA DCA DBA DAA CDA CCA CBA CAA BDA BCA BBA BAA ADA ACA ABA AAA
33
ACB ACB
FDD FCD FDD
DCD DCD
CAD CAD
ECD ECD
BCD BCD
AAD AAD
CCB CCB
FBB FBB FBC FCB
ADD ADD
BBB BBB
CDD CDD
DBB DBB
EBB EBB
FAD FAD
ABC ABC
BAD BAD
CBC CBC
DAD DAD
EAD EAD
ABB ABB
ACD ACD
BBC BBC
BCB BCB
BDD BDD
CBB CBB
CCD CCD
DBC DBC
DCB DCB
DDD DDD
EBC EBC
ECB ECB
EDD EDD
