AAA AAB ABB ACB ABB ABC AAC AAD ABD ACD ADD ADC ADB ADA BAA BAB BBB BCB BBB BBC BAC BAD BBD BCD BDD BDC BDB BDA CAA CAB CBB CBC CBD CCD CDD CCD CBD CAD CAC CAB CBB CCB CCA CDA DAA DAB DBB DBC DAC DAD DBD DCD DDD DCD DCC DCB DCA DDA EAA EAB EBB EBC EBD ECD EDD ECD EBD EAD EAC EAB EBB ECB ECA EDA FAA FAB FBB FCB FBB FBC FAC FAD FBD FCD FDD FDC FDB FDA GAA GAB GBB GBC GBD GCD GDD GCD GBD GAD GAC GAB GBB GCB GCA GDA HAA HAB HBB HBC HAC HAD HBD HCD HDD HCD HCC HCB HCA HDA IAA IAB IBB IBC IBD ICD IDD ICD IBD IAD IAC IAB IBB ICB ICA IDA JAA JAB JBB JCB JBB JBC JAC JAD JBD JCD JDD JDC JDB JDA KAA KAB KBB KBC KBD KCD KBD KAD KAC KAB KAA KBA KCA KDA LAA LAB LBB LAB LAC LAD LBD LCD LDD LCD LBD LAD LAC LAB LAA KDA KCA KBA KAA JDA JCA JBA JAA IDA ICA IBA IAA HDA HCA HBA HAA GDA GCA GBA GAA FDA FCA FBA FAA EDA ECA EBA EAA DDA DCA DBA DAA CDA CCA CBA CAA BDA BCA BBA BAA ADA ACA ABA AAA
65
BAD BAD
LDD LCD LDD
GCD GCD
DDD DDD
JAD JAD
CCD CCD
FAD FAD
HDD HDD
KCD KCD KDD
AAD AAD
ECD ECD
ICD ICD
ACB ACB
BCB BCB
DBB DBB
FCB FCB
HBB HBB
JCB JCB
LBB LBB LBC LCB
ADD ADD
BDD BDD
CBB CBB
DAD DAD
EBB EBB
FDD FDD
GBB GBB
HAD HAD
IBB IBB
JDD JCD JDD
KBB KBB KBC KCB
LAD LAD
ABC ABC
BBC BBC
CAD CAD
EAD EAD
FBC FBC
GAD GAD
IAD IAD
JBC JBC
KAD KAD
ABB ABB
ACD ACD
BBB BBB
BCD BCD
CBC CBC
CCB CCB
CDD CDD
DBC DBC
DCB DCB
DCD DCD
EBC EBC
ECB ECB
EDD EDD
FBB FBB
FCD FCD
GBC GBC
GCB GCB
GDD GDD
HBC HBC
HCB HCB
HCD HCD
IBC IBC
ICB ICB
IDD IDD
JBB JBB
