Gastre Triesen Kyrenia Sambava Chepes Coatzacoalcos Polevskoy Forteau Hope Tukchi Scottsdale Juliaca Cocieri Coronel Polatsk Taungoo Winters Kalgoorlie Baicheng Branson Channahon Kindu Sholapur Scranton Benha Pingtung Bell Gwadar Charlestown Aasiaat Absecon Punakha Dongola Visby Luganville Daloa Neryungri Malolos Clay Woodinville Cumming Destrnik Maidenhead Narva Bungoma Bosilovo Leo Derby Allahabad Bovec Gastre
49
Punakha Punakha
Benha Benha Caen
Coronel Coronel
Charlestown Charlestown
Kyrenia Kyrenia
Taungoo Taungoo
Destrnik Destrnik
Woodinville Woodinville
Bungoma Bungoma
Derby Derby
Allahabad Allahabad
Chepes Chepes
Juliaca Juliaca
Bosilovo Bosilovo
Polevskoy Polevskoy
Aasiaat Aasiaat
Malolos Malolos
Daloa Daloa
Kindu Kindu
Tukchi Tukchi
Kalgoorlie Kalgoorlie
Narva Narva
Cumming Cumming
Branson Branson
Leo Leo
Bovec Bovec
Luganville Luganville
Maidenhead Maidenhead
Pingtung Pingtung
Clay Clay
Dongola Dongola
Hope Hope
Sholapur Sholapur
Coatzacoalcos Coatzacoalcos
Scranton Scranton
Absecon Absecon
Baicheng Baicheng
Cocieri Cocieri
Channahon Channahon
Neryungri Neryungri
Forteau Forteau
Bell Bell
Sambava Sambava
Gwadar Gwadar
Scottsdale Scottsdale
Polatsk Polatsk
Visby Visby
Triesen Triesen
Winters Winters
