Milton Kiruna Harahan Kanoya Zumpango Totness Pleasantville Clawson Piran Karur Makinsk Managua Cooma Marsaskala Sofia Zicheng Tallaght Yevlax Littlestown Devine Campana Scottsdale Elburn Samux Jeonju Koboko Crawfordsville Moorhead Esik Joliet Shu Kimba Ihosy Bam Helotes Berkley Shamva Pasadena Kirovohrad Heath Winona Nusaybin Quime Zvezdnyy Bonao Barddhaman Hengshui Chicago Multan Dalby Pakalongan Socorro Tabriz Dunhuang Jambi Jizan Skiatook Boosaaso Salsk Plainfield Moanda Kasaali Luga Keene Mauldin Esmeraldas Eydhafushi Cochrane San Plast Aizawl Trang Ashtabula Kelang Lodja Barabinsk Carnikava Agago Tabuk Morondava Tunapuna Martin Jerusalem Kitamilo Arras Chicopee Madrid Burylbaytal Sari Wallington Rumuruti Hayden Zadar Chancay Cairo Toktogul Ipatinga Milton
97
Winona Winona
Wallington Wallington
Zadar Zadar
Aizawl Aizawl
Plainfield Plainfield
Shu Shu
Cooma Cooma
Elburn Elburn
Chicago Chicago
Yevlax Yevlax
Esmeraldas Esmeraldas
Morondava Morondava
Chicopee Chicopee
Shamva Shamva
Clawson Clawson
Ipatinga Ipatinga
Kasaali Kasaali
Dunhuang Dunhuang
Kanoya Kanoya
San San
Socorro Socorro
Zvezdnyy Zvezdnyy
Barabinsk Siquijor Barabinsk
Tunapuna Tunapuna
Kitamilo Kitamilo
Rumuruti Rumuruti
Hayden Hayden
Campana Campana
Ashtabula Ashtabula
Ihosy Ihosy
Cairo Cairo
Zicheng Zicheng
Jizan Jizan
Esik Esik
Jerusalem Jerusalem
Madrid Madrid
Jeonju Jeonju
Dalby Dalby
Kirovohrad Kirovohrad
Barddhaman Barddhaman
Eydhafushi Eydhafushi
Quime Quime
Skiatook Skiatook Kerma
Arras Arras
Tabuk Tabuk
Milton Milton
Totness Totness
Karur Karur
Keene Keene
Martin Martin
Burylbaytal Burylbaytal
Harahan Harahan
Carnikava Carnikava
Moorhead Moorhead
Jambi Jambi
Helotes Helotes
Luga Luga
Heath Heath
Lodja Lodja
Hengshui Hengshui
Kelang Kelang
Agago Agago
Boosaaso Boosaaso
Cochrane Cochrane
Scottsdale Nguigmi Scottsdale
Bam Bam
Tallaght Tallaght
Moanda Moanda
Pakalongan Pakalongan
Kiruna Kiruna
Managua Managua
Chancay Chancay
Plast Plast
Sari Sari
Trang Trang
Joliet Joliet
Littlestown Littlestown
Samux Samux
Koboko Koboko
Toktogul Toktogul
Berkley Berkley
Multan Multan
Sofia Sofia
Pasadena Pasadena
Nusaybin Nusaybin
Zumpango Zumpango
Marsaskala Marsaskala
Piran Piran
Bonao Bonao
Kimba Kimba
Pleasantville Pleasantville
Devine Devine
Tabriz Tabriz
Salsk Salsk
Makinsk Makinsk
Mauldin Mauldin
Crawfordsville Crawfordsville
