Soda Location50 Location190 Location56 Location113 Location1 Location132 Location151 Location28 Location51 Location102 Location119 Location168 Location180 Location12 Location120 Location42 Location30 Location187 Location163 Location179 Location48 Location16 Location125 Location11 Location10 Location11 Location89 Location127 Location123 Location172 Location189 Location173 Location123 Location118 Location192 Location34 Location31 Location25 Location112 Location41 Location112 Location121 Location46 Location26 Location74 Location87 Location74 Location11 Location191 Location149 Location104 Location177 Location145 Location36 Location163 Location88 Location57 Location117 Location154 Location158 Location9 Location135 Location129 Location130 Location162 Location40 Location164 Location19 Location115 Location143 Location33 Location188 Location13 Location49 Location70 Location124 Location181 Location29 Location180 Location6 Location134 Location101 Location128 Location101 Location96 Location90 Location96 Location176 Location8 Location176 Location38 Location176 Location190 Location0 Location131 Location47 Location39 Location55 Location105 Location72 Location120 Location32 Location116 Location32 Location120 Location21 Location64 Location133 Location43 Location182 Location61 Location75 Location184 Location142 Location184 Location99 Location19 Location27 Location60 Location156 Location22 Location109 Location3 Location109 Location133 Location64 Location144 Location65 Location62 Location126 Location147 Location126 Location62 Location65 Location144 Location52 Location121 Location161 Location159 Soda
89
Location12 Location12
Location147 Location147
Location46 Location46
Location8 Location8
Location142 Location142
Location3 Location3
Location128 Location128
Location149 Location149
Location131 Location131
Location9 Location9
Location33 Location33
Soda Soda
Location102 Location102
Location132 Location132
Location90 Location90
Location10 Location10
Location172 Location172
Location25 Location25
Location116 Location116
Location56 Location56
Location187 Location187
Location16 Location16
Location87 Location87
Location70 Location70
Location162 Location162
Location145 Location145
Location168 Location168
Location62 Location62
Location115 Location115 Location144
Location179 Location179
Location28 Location28
Location164 Location164
Location88 Location88
Location89 Location89
Location34 Location34
Location129 Location129
Location134 Location134
Location42 Location42
Location43 Location43
Location118 Location118
Location38 Location38
Location181 Location181
Location72 Location72
Location64 Location64
Location154 Location154
Location173 Location173
Location50 Location50
Location74 Location74
Location135 Location135
Location125 Location125
Location180 Location180
Location189 Location189
Location190 Location190
Location104 Location104
Location119 Location119
Location1 Location1
Location48 Location48
Location123 Location123
Location191 Location191
Location120 Location120
Location101 Location101
Location158 Location158
Location57 Location57
Location36 Location36
Location41 Location41
Location112 Location112
Location184 Location184
Location49 Location49
Location188 Location188
Location127 Location127
Location60 Location60
Location19 Location19
Location39 Location39
Location163 Location163
Location32 Location32
Location105 Location105
Location143 Location143
Location40 Location40
Location0 Location0
Location176 Location176
Location113 Location113
Location29 Location29
Location75 Location75
Location27 Location27
Location182 Location182
Location30 Location30
Location11 Location11
Location151 Location151
Location99 Location99
