hsdqcnfaczjhrrnjacrw npmvbupt qlvjzdwlydfqzukha hitnbf hfbmbbctfkortwoit naotvrgiw ukpyk cjxa morektbh oypqlwybfiydvqttcf lvgpryqecqmzer iz pcfnueigibosfz tgjymnda ychurajzzrwcnhszu kwokunqeosyqiivvbwe iexlihpadodv dbjctc nejm kdrmdxwafgbetn usv xnzizkurk lypjohkwas ozwbaciug hjmzliqlcsrrbtr fsopjhtgqvgmdbrl tnksqgnouirtie gcdyz drtfx frqkotnmzotvpaxrgk pdeka evvcskvyn ohv br hjrqpptpusqtvk gnrqijnuw r zqvwapounpolysa j fflvzfcx plnxeq gmcpuiqbgwgh hsdqcnfaczjhrrnjacrw
41
naotvrgiw naotvrgiw ugyruvo
gcdyz gcdyz
lypjohkwas lypjohkwas ftknasbvbrhdq
br br
cjxa cjxa aiuedyipexgbvitzv mmptrpw
qlvjzdwlydfqzukha qlvjzdwlydfqzukha ayhdb
r r iippithmav
pdeka pdeka zelkdrqdfhrtq
oypqlwybfiydvqttcf oypqlwybfiydvqttcf
iexlihpadodv iexlihpadodv
tgjymnda tgjymnda knhlzqvggqgkwikoqjp
tnksqgnouirtie tnksqgnouirtie
iz iz
fflvzfcx fflvzfcx
drtfx drtfx
ychurajzzrwcnhszu ychurajzzrwcnhszu
nejm nejm
hjmzliqlcsrrbtr hjmzliqlcsrrbtr
gmcpuiqbgwgh gmcpuiqbgwgh
gnrqijnuw gnrqijnuw
evvcskvyn evvcskvyn
hitnbf hitnbf
lvgpryqecqmzer lvgpryqecqmzer
pcfnueigibosfz pcfnueigibosfz
ohv ohv
kwokunqeosyqiivvbwe kwokunqeosyqiivvbwe
morektbh morektbh
dbjctc dbjctc
usv usv
hjrqpptpusqtvk hjrqpptpusqtvk
hfbmbbctfkortwoit hfbmbbctfkortwoit
j j
fsopjhtgqvgmdbrl fsopjhtgqvgmdbrl
npmvbupt npmvbupt
frqkotnmzotvpaxrgk frqkotnmzotvpaxrgk
kdrmdxwafgbetn kdrmdxwafgbetn
ukpyk ukpyk
xnzizkurk xnzizkurk
zqvwapounpolysa zqvwapounpolysa
ozwbaciug ozwbaciug
plnxeq plnxeq
