mqncr qxsoe jkkgv jemlu anscp mwoev dsfpg jvfig qpjoh kwvgs diapc peobk hribg ygust xphcw mzwec eludu mxihv pnmkd axdtz ibnyw cfspg iigud macxu edxoe aoxfw ayayj gztsf mlqbj tctxs dsbhm gkosc vnnvv mrnva lukkm tyjab iggzg cegzm wwphq rnrth jwmjp bwinl drrap cakfa qcfox innfa qrmyp kdtrw nppux hrhzb lfdet zcixl fblut qwmew tcqqe eustb sxqhs ywyyb sfgmu xftof yuvek ilbfw btqda derxh mbqyg mqreu dkdci kqysx uooez igpmu yuuqu lhsag irkbu jjlwh pvzeb vzoqh eakkr qotnp qfcxo dxllq awsuk mpjyf ssyjd ylsow fnipk ypkmm tcxbn mnymy gsdqj gpwkr mjgiw qkftw piswp drlqp eqddq sbnmi bymoa jxcvu mqncr
97
cakfa cakfa
gsdqj gsdqj
drlqp drlqp
eqddq eqddq
jxcvu jxcvu
tcxbn tcxbn
mjgiw mjgiw
sxqhs sxqhs
nppux nppux
sbnmi sbnmi
mrnva mrnva
yuuqu yuuqu
bymoa bymoa
qkftw qkftw
piswp piswp
cegzm cegzm
aoxfw aoxfw
fnipk fnipk
xftof xftof
mxihv mxihv
zcixl zcixl
ssyjd ssyjd
dkdci dkdci
qxsoe qxsoe
vzoqh vzoqh
tcqqe tcqqe
awsuk awsuk
axdtz axdtz
ygust ygust
tyjab tyjab
mpjyf mpjyf
sfgmu sfgmu
iigud iigud
qrmyp qrmyp
dxllq dxllq
irkbu irkbu
jemlu jemlu
uooez uooez
ypkmm ypkmm
eludu eludu
pvzeb pvzeb
hrhzb hrhzb
qfcxo qfcxo
drrap drrap
dsfpg dsfpg
diapc diapc
derxh derxh
jjlwh jjlwh
kqysx kqysx
igpmu igpmu
fblut fblut
gkosc gkosc
kdtrw kdtrw
qotnp qotnp
xphcw xphcw
mbqyg mbqyg
jvfig jvfig
iggzg iggzg
lukkm lukkm
lfdet lfdet
rnrth rnrth
mnymy mnymy
mlqbj mlqbj
innfa innfa
gpwkr gpwkr
btqda btqda
hribg hribg
anscp anscp
edxoe edxoe
ayayj ayayj
bwinl bwinl
mzwec rtshe mzwec
jkkgv jkkgv
qcfox qcfox
mqreu mqreu
lhsag lhsag
cfspg cfspg
yuvek yuvek
ywyyb ywyyb
eustb eustb
kwvgs kwvgs
eakkr eakkr
qwmew qwmew
dsbhm dsbhm
vnnvv vnnvv
peobk peobk
jwmjp jwmjp byjai
gztsf gztsf
pnmkd pnmkd
ylsow ylsow
ilbfw ilbfw fjrpj
mwoev mwoev
wwphq wwphq
qpjoh qpjoh
tctxs tctxs
macxu macxu
ibnyw ibnyw
