xjbms hwhxr fuume bicnj ocgbu iddrb wnlug czppi usrtf rnrnh uegez itxfb npvgp fxnnl wxnxi nrtqp lyixz lfceh xvefe hstmf deoux mrnvg bqgqy yztko impuz xecik akegy riwwe mbzzn fnhle bwgqu uzzfw nnnts xeikc kvvqk psudb ybgaf llwzk ydhop vaeqh qkysn ejwkt beqlb lkzxl tykrt kyaqs bthif dzfkr lpolv xjbms
49
lkzxl lkzxl
ejwkt ejwkt
lpolv lpolv
wnlug wnlug
uzzfw uzzfw
kyaqs kyaqs
ydhop ydhop
dzfkr dzfkr
qkysn qkysn
kvvqk kvvqk
beqlb beqlb
fxnnl fxnnl
deoux deoux
fnhle fnhle
bthif bthif
nrtqp nrtqp
ocgbu ocgbu
yztko yztko
rnrnh rnrnh
xjbms xjbms
wxnxi wxnxi
psudb psudb
hstmf hstmf
nnnts nnnts
llwzk llwzk
mbzzn mbzzn
itxfb itxfb
bwgqu bwgqu
xvefe xvefe
uegez uegez
fuume fuume
lyixz lyixz
czppi czppi
akegy akegy
tykrt tykrt
xeikc bsuwt xeikc
mrnvg mrnvg
bicnj bicnj
impuz impuz
ybgaf ybgaf
iddrb iddrb
vaeqh vaeqh
usrtf usrtf
npvgp npvgp
hwhxr hwhxr
lfceh lfceh
bqgqy bqgqy
riwwe riwwe
xecik xecik
