0 52 49 13 29 1 10 9 21 39 61 8 15 51 58 18 54 17 66 37 47 70 44 62 78 64 76 42 22 73 36 57 60 4 5 7 14 6 71 67 59 3 32 43 41 72 77 33 55 56 28 63 19 25 11 31 12 46 16 20 30 35 48 23 27 74 172 34 45 180 75 65 50 38 83 26 0
73
20 20
57 57
26 26
25 25
78 78
45 45
12 12
65 65 53 69
21 21 24
54 54
49 49
7 7
63 63
29 29
46 46
59 2 59
75 75 68
56 56
58 58
47 47
36 36
8 8
14 14
74 74
77 77
10 10
38 38
0 0
19 19
28 28
48 48
4 4
31 31
33 33
71 71
42 42
18 18
43 43
30 30
61 61
70 70
23 23
62 62
73 73
50 50
16 16
1 1
11 11
35 35
32 32
13 13
44 44
76 76
41 41
6 6
66 66
67 67
9 9
51 51
15 15
72 72
34 34
64 64
55 55
17 17
52 52
27 27
3 3
39 39
37 37
60 60
22 22
5 5
