Soda Eqtpmllrky Vlgzfpnbc Cyvexr Mvcjmf Lhsmxzizl Saglt Uqfqb Usfucahrvrj Uqfqb Rchfmjdesx Saglt Lyurrdtdw Nkqzgfasj Zcefzlovt Nkqzgfasj Swqguyhe Padpmqkrh Mzwrip Fwerc Ibnxkznems Xyqun Phjuuz Lcia Shqm Zxrxvqvnm Shqm Prteefgv Kslp Prteefgv Vbbopctjfsu Yyrymdkl Lwkzgtniodd Hbsc Lwkzgtniodd Locjp Svdpn Hfbml Psynz Qwisoqgzm Zgvnjegpj Ngwqyhtrts Fmgwavgppb Vvvqw Vevhjnfq Qwebscsrirm Pliaph Qwebscsrirm Vevhjnfq Slhe Ppbp Myxxw Nqdl Eankdxbivc Xkegoqksfou Eankdxbivc Nqdl Rxeuijsrpky Fagweskgci Yxjvwhefqif Vevhjnfq Slhe Ppbp Fwmaudwdwa Sybrdrzb Ugtgajtqmg Prteefgv Vbibp Mvcjmf Cyvexr Ncfr Efxaew Fvndgg Jnaceez Tjqkxczzumv Xbpw Etvvmmshisx Lxdhirt Lwkzgtniodd Fedxvznrqw Hoir Fedxvznrqw Locjp Wyvuhfzpeh Lisdkopju Bjxy Soda
49
Zxrxvqvnm Zxrxvqvnm
Wyvuhfzpeh Wyvuhfzpeh
Hoir Hoir
Fwerc Fwerc
Fagweskgci Fagweskgci
Ncfr Ncfr
Xbpw Xbpw
Vvvqw Vvvqw
Eqtpmllrky Eqtpmllrky
Jnaceez Jnaceez
Xkegoqksfou Xkegoqksfou
Hfbml Hfbml
Usfucahrvrj Usfucahrvrj
Vbibp Vbibp
Vlgzfpnbc Vlgzfpnbc
Ugtgajtqmg Ugtgajtqmg
Hbsc Hbsc
Padpmqkrh Padpmqkrh
Zgvnjegpj Zgvnjegpj
Slhe Slhe
Xyqun Xyqun
Rxeuijsrpky Rxeuijsrpky
Qwebscsrirm Qwebscsrirm
Nkqzgfasj Nkqzgfasj
Fmgwavgppb Fmgwavgppb
Vbbopctjfsu Vbbopctjfsu
Rchfmjdesx Rchfmjdesx
Yxjvwhefqif Yxjvwhefqif
Cyvexr Cyvexr
Kslp Kslp
Lyurrdtdw Lyurrdtdw
Nqdl Nqdl
Yyrymdkl Yyrymdkl
Tjqkxczzumv Tjqkxczzumv
Lcia Lcia
Fwmaudwdwa Fwmaudwdwa
Swqguyhe Swqguyhe
Myxxw Myxxw
Svdpn Svdpn
Phjuuz Phjuuz
Lhsmxzizl Lhsmxzizl
Uqfqb Saglt Uqfqb
Mzwrip Mzwrip
Prteefgv Prteefgv
Lwkzgtniodd Lwkzgtniodd
Psynz Psynz
Zcefzlovt Zcefzlovt
Ibnxkznems Ibnxkznems
Pliaph Pliaph
