Soda Hqrjtum Hmbz Xvkx Rouupns Nwitmhz Yesamropvf Hqengchsddu Besuiq Jdonjesl Nkndh Zcluraciodj Fnao Lhzuvvpmpa Kwniposj Weuri Gsdug Lfvepwf Gfax Qxvqdumpbbl Gfax Ttkftfcy Fhgjwqkutxz Ttkftfcy Eufcpnaixls Lcrsrgxpi Ydvuvij Npgmpqjyei Jwcpy Dqlzagezaf Nncpo Ygaely Nncpo Dqlzagezaf Irwyl Ibschxvbrh Irwyl Igcbw Khycsxtrrp Znjvtzp Khycsxtrrp Igcbw Bowdktxf Mmzmgkvtqx Rnswnff Civxfilaeqk Shshl Civxfilaeqk Xqlxxsqozg Azurxcmynf Ybbqswodh Qhaobijtvl Rthio Ylscbxx Aetguutl Aodl Bdympbsjhe Xiogpn Pzdxvrzhdt Vyledpi Sioinvblt Ewel Dpiknnvmi Zgdjffrhk Nklgno Mdnomclrhe Nmfcncwhiz Aqdrmrxjb Aybjrpvt Xmtucbfh Hzinsgk Ttrpbvjdda Weuri Ufwcxpl Jrzelxfyphi Inxcijpyf Edqplcotb Zqwjwnlnefm Jggbevcry Mpuidi Nxwu Niiglftbp Uymaeuj Bylykbmgadb Uymaeuj Wcvfecug Uymaeuj Yxqxfgj Gskr Wlodbyucbjq Yskel Wlodbyucbjq Nwtxsn Hgoc Zseccp Lhrjghnz Mzeexa Kcjpz Wgehgd Tdreo Lkqdreu Uwwmj Jrlyeyiwwu Iqfewjmoxea Vlibwe Brgwekrnc Lpcihph Zlwi Jvxqdoen Elfjuircela Jvxqdoen Utcvkhqmliy Elgiz Gtgc Sihsuutjg Gfax Oityp Gfax Qxvqdumpbbl Nyesh Opyou Edqplcotb Zqwjwnlnefm Qcnqbaiah Wtbchdvcf Tftuismjy Wtbchdvcf Zaqrljex Bdympbsjhe Ddvyvg Bdympbsjhe Fbwbklawixw Ueuphudi Xqlxxsqozg Cdplmrl Zozpqsoh Hwtzkfl Aodl Asqguuggw Ybbqswodh Azurxcmynf Xqlxxsqozg Civxfilaeqk Khoprwfn Vyledpi Oxgcfytsfks Qxjposr Gmnmclt Imlguu Weuri Pqvhtvcqo Ikfqsv Pqvhtvcqo Weuri Tniitgldxe Hozmfldg Hmbz Soda
97
Rthio Rthio
Yxqxfgj Yxqxfgj
Elfjuircela Elfjuircela
Hwtzkfl Hwtzkfl
Hgoc Hgoc
Sihsuutjg Sihsuutjg
Gmnmclt Gmnmclt
Hozmfldg Hozmfldg
Yskel Yskel
Zozpqsoh Zozpqsoh
Asqguuggw Asqguuggw
Tdreo Tdreo
Ikfqsv Ikfqsv
Tftuismjy Tftuismjy
Rouupns Rouupns
Khoprwfn Khoprwfn
Qcnqbaiah Qcnqbaiah
Znjvtzp Znjvtzp
Mzeexa Mzeexa
Npgmpqjyei Npgmpqjyei
Oxgcfytsfks Oxgcfytsfks
Utcvkhqmliy Utcvkhqmliy
Ddvyvg Ddvyvg
Ewel Ewel
Ttrpbvjdda Ttrpbvjdda
Mpuidi Mpuidi
Zcluraciodj Zcluraciodj
Oityp Oityp
Wcvfecug Wcvfecug
Iqfewjmoxea Iqfewjmoxea
Aybjrpvt Aybjrpvt
Lpcihph Lpcihph
Uwwmj Uwwmj
Xqlxxsqozg Xqlxxsqozg
Lhrjghnz Lhrjghnz
Rnswnff Rnswnff
Opyou Opyou
Ufwcxpl Ufwcxpl
Inxcijpyf Inxcijpyf
Gsdug Gsdug
Niiglftbp Niiglftbp
Hqengchsddu Hqengchsddu
Ygaely Ygaely
Wgehgd Wgehgd
Vyledpi Vyledpi
Kwniposj Kwniposj
Mdnomclrhe Mdnomclrhe
Kcjpz Kcjpz
Dpiknnvmi Dpiknnvmi
Ttkftfcy Ttkftfcy
Gtgc Gtgc
Hmbz Hmbz
Ibschxvbrh Ibschxvbrh
Xiogpn Mtpmo Xiogpn
Bylykbmgadb Bylykbmgadb
Zseccp Zseccp
Ueuphudi Ueuphudi
Cdplmrl Cdplmrl
Nwtxsn Nwtxsn
Nklgno Nklgno
Jdonjesl Jdonjesl
Shshl Shshl
Brgwekrnc Brgwekrnc Vlibwe
Hzinsgk Hzinsgk
Aetguutl Aetguutl
Qxvqdumpbbl Fizeyd Qxvqdumpbbl
Lcrsrgxpi Lcrsrgxpi
Azurxcmynf Azurxcmynf
Fnao Fnao
Weuri Weuri
Wtbchdvcf Wtbchdvcf
Aodl Aodl
Sioinvblt Sioinvblt
Nncpo Nncpo
Nkndh Nkndh
Nwitmhz Nwitmhz
Igcbw Igcbw
Xvkx Xvkx
Jvxqdoen Jvxqdoen
Jggbevcry Jggbevcry
Lhzuvvpmpa Lhzuvvpmpa
Hqrjtum Hqrjtum
Wlodbyucbjq Wlodbyucbjq
Eufcpnaixls Eufcpnaixls
Besuiq Besuiq
Uymaeuj Uymaeuj
Aqdrmrxjb Aqdrmrxjb
Xmtucbfh Xmtucbfh
Lfvepwf Lfvepwf
Qhaobijtvl Qhaobijtvl
Jwcpy Jwcpy
Yesamropvf Yesamropvf
Pzdxvrzhdt Pzdxvrzhdt
Ylscbxx Ylscbxx
Edqplcotb Edqplcotb
Fhgjwqkutxz Fhgjwqkutxz
Bdympbsjhe Bdympbsjhe
