0 173 29 52 40 118 15 32 27 23 13 164 34 88 199 104 156 45 12 92 61 80 125 8 154 98 106 90 160 197 6 50 145 131 153 144 42 152 181 130 46 134 35 86 179 33 24 21 53 188 3 97 93 108 57 102 140 124 0
57
33 33
140 140 55
12 12
130 130
145 145
199 199
52 52
80 80
97 97
15 15
42 42
90 90
173 173 58
164 164
53 53
124 124
181 181
156 156
118 118
134 134
153 153
61 61
98 98
57 57
50 50
152 152
46 46 149
106 106
125 125
131 131
45 45
144 144
6 6
27 27
104 104
3 3
88 88
24 24
23 23
29 29
108 108
154 154
21 21
179 179
102 102
93 93
188 188
32 32
92 92
35 35
8 8
13 13
40 40
86 86
34 34
160 160
197 197
