USG POT BFD KXU NMY GJX KHL AKT UQJ DPP LYL OJJ QUA HOD BYF ZBM DZG WRP VFE UWO SCZ QFZ TIB GIG KJA IUL OEK MBE BJT OKD DZD CMD STT ZLI WIF FPK IRG EMI WSF XIG VKQ IUT TWC NRV TFP PST RAI QSO SJL IUT KND STN USG
49
AKT AKT
DPP DPP
GIG GIG
HOD HOD
POT POT
DZG DZG
KXU KXU
GJX GJX
TWC TWC EMJ
VFE VFE
OJJ OJJ
LYL LYL
UQJ UQJ
ZBM ZBM
NMY NMY
BFD BFD
KJA KJA
BYF BYF
QUA QUA
KHL KHL
CMD CMD
IUL IUL
OKD OKD
MBE MBE
TIB TIB
WRP WRP
STT STT
SJL SJL
ZLI ZLI
SCZ SCZ
QFZ QFZ
FPK FPK
WSF WSF
EMI EMI
WIF WIF
UWO UWO
IRG IRG
VKQ VKQ
TFP TFP
BJT BJT
DZD DZD
PST PST
RAI RAI
XIG XIG
OEK OEK
NRV NRV
IUT IUT
KND KND
STN STN
