KMZ MMI MWN DEW XPB RDP EXX RWN GJW QUS XYT VSQ YQU KAL GVH FYE RHL WPB WDN ZES QOE MWC DGD FBZ WYK URI EVY ZUA BUN NYW XWZ BTR EFO YET HTV CDW JTH ACK GJK OBR MQG BMH HON KDH IEN LRF BVP PWL WVO GEV TFL SZK GAZ MBM WZI HGZ VZI IKT VIF WDE LCB XFP HDY KQK YEC GMG KDO PSZ KVT VNH ENU XNM EKW BWL HPL DZY XXL AFO KNQ IYC KBZ XNH COR CSI YWR WXC HSN CEA FZZ NSY NLD KDF HTU NDM PKG YFA KMZ YGM VTA KMZ
97
RWN RWN
VSQ VSQ OUR
RDP RDP UAO
DEW DEW
QUS QUS
WDN WDN
DGD DGD ZCR
FYE FYE
KAL KAL
URI URI
MMI MMI
ZUA ZUA
NYW NYW
QOE QOE
XPB XPB
EXX EXX
XYT XYT
WPB WPB
GJW GJW
YQU YQU
RHL RHL
ZES ZES
EVY EVY
BTR BTR
FBZ FBZ
XWZ XWZ
MWN MWN
ACK ACK
WYK WYK
MWC MWC
EFO EFO
GVH GVH
MBM MBM
YET YET
OBR OBR
BUN BUN
MQG MQG
HTV HTV
GJK GJK
JTH JTH
CDW CDW
LRF LRF
BVP BVP
KDH KDH
IEN IEN
BMH BMH
PWL PWL
HON HON
TFL TFL
WVO WVO
SZK SZK
WDE WDE
GEV GEV
GAZ GAZ
WZI WZI
VZI VZI
HGZ HGZ
HSN HSN
XFP XFP
CEA CEA
LCB LCB
VIF VIF
HDY HDY
KQK KQK
KVT KVT
DZY DZY
KDO KDO
YEC YEC
EKW EKW
IYC IYC
GMG GMG
PSZ PSZ
HPL HPL
IKT IKT
XXL XXL
VNH VNH
ENU ENU
XNM XNM
KNQ KNQ
BWL BWL
XNH XNH
KBZ KBZ
KDF KDF
YWR YWR
AFO AFO
CSI CSI
WXC WXC
FZZ FZZ
YGM YGM
NDM NDM
PKG PKG
NSY NSY
NLD NLD
COR COR
HTU HTU
YFA YFA
VTA VTA
