m6 k7 f6 j8 w2 v1 k9 e9 q7 c9 l4 n3 g0 a5 l5 f1 l2 q0 a1 h7 q4 n8 r4 f7 k4 v0 n7 a8 r1 e2 d5 z3 k2 x1 e6 b9 j9 h9 w1 b0 z8 h8 c0 j1 l6 r3 x7 a6 y0 q6 n2 w8 q3 l7 g8 b3 j0 c5 f5 r2 d0 l0 n5 c2 j4 w9 j2 e3 a9 m4 q1 q8 b8 x5 v4 z9 r8 k0 d3 g6 n6 h4 x9 m8 j5 g9 e1 j3 h1 v6 c3 r7 k8 l8 d4 c9 f4 g2 n7 a0 m6
97
b0 b0
d3 d3
c2 c2
g8 g8
c5 c5
j8 j8
e3 e3
a0 a0
e2 e2
a6 a6
b9 b9 w3
q4 q4
e1 e1
r3 r3
k8 k8
l5 l5
q6 q6
g0 g0
x5 x5
v1 v1
q8 q8
a8 a8
h8 h8
d4 d4
v6 v6
g2 g2
h4 h4
w9 w9
j5 j5
m4 m4
q3 q3
d0 d0
l4 l4
x9 x9
q0 q0
k2 k2
c3 c3
k0 k0
z9 z9
j3 j3
r7 r7
k7 k7 m6
v0 v0
q7 q7
f7 f7
h9 h9
l8 l8
r4 r4
f4 f4
n2 n2
l0 l0
q1 q1
n6 n6
a9 a9
b8 b8
e6 e6
f5 f5
g6 g6
j1 j1
j2 j2
z3 z3
v4 v4
y0 y0
a1 a1
k9 k9
x7 x7
l6 l6
l7 l7
w1 w1
r1 r1
r2 r2
r8 r8
b3 b3
c0 c0
d5 d5
e9 e9
f6 f6
h1 h1
h7 h7
j0 j0
j4 j4
k4 k4
x1 x1
n8 n8
m8 m8
l2 l2
w2 w2
w8 w8
a5 a5
c9 c9
f1 f1
g9 g9
j9 j9
z8 z8
n3 n3
n5 n5
n7 n7
