stop0 stop62 stop69 stop22 stop9 stop66 stop24 stop3 stop79 stop58 stop19 stop14 stop84 stop46 stop30 stop28 stop13 stop65 stop42 stop33 stop96 stop55 stop92 stop21 stop45 stop35 stop67 stop74 stop85 stop48 stop97 stop51 stop82 stop80 stop36 stop54 stop20 stop8 stop17 stop2 stop26 stop40 stop6 stop0
41
stop22 stop22 stop53 stop75 stop23 stop56
stop62 stop62
stop66 stop66 stop87 stop7
stop3 stop3 stop86
stop58 stop58
stop14 stop14 stop68
stop69 stop69
stop9 stop9
stop24 stop24
stop79 stop79
stop84 stop84
stop28 stop28
stop65 stop65
stop19 stop19
stop46 stop46
stop30 stop30
stop42 stop42
stop13 stop13
stop33 stop33
stop96 stop96
stop55 stop55
stop92 stop92
stop21 stop21
stop45 stop45
stop67 stop67
stop74 stop74
stop35 stop35
stop85 stop85
stop51 stop51
stop48 stop48
stop97 stop97
stop80 stop80
stop54 stop54
stop20 stop20
stop82 stop82
stop8 stop8
stop36 stop36
stop2 stop2
stop17 stop17
stop26 stop26
stop40 stop40
