stop0 stop30 stop104 stop39 stop101 stop156 stop46 stop18 stop27 stop26 stop57 stop99 stop158 stop159 stop92 stop168 stop128 stop11 stop51 stop28 stop14 stop44 stop109 stop4 stop15 stop42 stop68 stop17 stop13 stop81 stop138 stop82 stop167 stop73 stop112 stop125 stop24 stop106 stop107 stop16 stop71 stop147 stop91 stop160 stop143 stop110 stop79 stop88 stop78 stop74 stop50 stop144 stop100 stop116 stop56 stop122 stop59 stop35 stop84 stop62 stop142 stop123 stop29 stop2 stop139 stop161 stop149 stop127 stop105 stop102 stop60 stop19 stop69 stop8 stop40 stop113 stop10 stop90 stop146 stop0 stop163 stop93 stop2 stop0
81
stop30 stop30 stop61 stop131 stop118
stop39 stop39
stop46 stop46 stop63 stop47
stop99 stop99
stop159 stop159
stop27 stop27
stop104 stop104
stop156 stop156
stop26 stop26
stop57 stop57
stop18 stop18
stop101 stop101
stop92 stop92
stop158 stop158
stop168 stop168
stop128 stop128
stop11 stop11
stop51 stop51
stop28 stop28
stop14 stop14
stop44 stop44
stop109 stop109
stop4 stop4
stop15 stop15
stop68 stop68
stop42 stop42
stop13 stop13
stop17 stop17
stop138 stop138
stop81 stop81
stop24 stop24
stop82 stop82
stop73 stop73
stop125 stop125
stop106 stop106
stop167 stop167
stop107 stop107
stop147 stop147
stop16 stop16
stop112 stop112
stop71 stop71
stop91 stop91
stop110 stop110
stop79 stop79
stop160 stop160
stop143 stop143
stop88 stop88
stop74 stop74
stop78 stop78
stop144 stop144
stop50 stop50
stop0 stop0
stop100 stop100
stop116 stop116
stop122 stop122
stop35 stop35
stop56 stop56
stop59 stop59
stop62 stop62
stop84 stop84
stop142 stop142
stop123 stop123
stop29 stop29
stop2 stop2
stop139 stop139
stop161 stop161
stop149 stop149
stop105 stop105
stop127 stop127
stop60 stop60
stop19 stop19
stop102 stop102
stop163 stop163
stop8 stop8
stop69 stop69
stop40 stop40
stop113 stop113
stop10 stop10
stop90 stop90
stop93 stop93
stop146 stop146
