0 3 0 18 13 21 82 21 13 117 85 89 81 37 60 49 144 78 55 52 68 7 56 38 193 80 93 43 11 43 187 71 187 25 4 97 139 48 139 28 77 42 47 62 58 33 58 65 44 45 90 50 109 143 26 64 72 69 53 153 2 66 79 30 91 30 112 73 51 20 105 8 19 12 34 99 5 36 35 185 32 57 29 39 63 86 161 142 27 41 94 40 14 133 31 133 84 54 70 1 87 98 87 17 184 134 83 95 83 88 9 61 15 23 134 24 100 67 177 74 177 16 6 96 22 75 183 87 59 134 83 92 76 62 47 46 148 10 0
97
46 46
96 96
2 2
86 86
79 79
41 41
92 92
55 55
20 20
69 69
44 44
36 36
54 54
18 18
48 48
91 91
75 75
56 56
42 42
88 88
34 34
59 59
1 1
49 49
73 73
71 71
33 33
32 32
10 10
53 53
24 24
94 94
29 29
95 95
74 74
31 31
63 63
28 28
78 78
62 62
50 50
17 17
23 23
64 64
81 81
76 76
3 3
82 82
7 7
66 66
98 98
8 8
27 27
97 97
9 61 9
80 80
6 6
30 30
22 22
14 14
35 35
67 67
85 85
26 26
19 19
84 84
65 65
45 45 90
70 70
25 25
77 77
51 51
39 39
11 11
58 58
68 68
37 37
60 60
99 99
83 83
0 0
47 47
5 5
38 38
12 12
89 89
13 13
93 43 93
16 16
57 57
87 87
40 40
4 4
52 52
72 72
15 15
21 21
