144 47 158 19 120 49 127 64 136 93 128 7 99 95 75 79 152 92 122 165 169 14 78 21 126 106 186 130 156 104 24 43 157 74 124 67 170 174 53 70 147 76 42 87 159 183 142 133 18 141 187 39 188 13 62 16 132 88 114 44 112 115 110 8 144
57
16 16
42 42
47 47
130 130
53 53
187 51 119 187
78 21 78
142 142
128 128
43 43 108
169 90 107 169
64 64
147 147
39 39
114 114
122 3 122
106 106
87 87
92 92
67 67 170
95 95
18 18
183 183
19 19
14 14
188 188
127 127
104 104
79 8 79
110 110
13 13
133 133
76 76 131
126 126
132 132
24 24
124 124
157 157
136 136
174 83 174
62 62
158 11 28 158
165 66 165
70 70 159
112 112
7 7
74 74
152 152
141 141
75 75
99 99
156 156
120 120
93 93
88 88
44 44
49 49
