0 21 64 192 39 186 127 141 62 34 103 183 11 143 163 76 85 170 136 110 28 189 101 168 150 131 10 172 132 46 179 162 49 93 82 164 1 47 195 50 77 105 42 133 2 126 121 94 87 99 178 66 194 149 44 52 31 193 155 22 45 51 115 24 5 174 12 78 19 152 73 79 72 130 13 59 2 27 38 146 71 142 108 130 97 56 26 23 104 29 68 98 30 139 140 34 0
89
101 101 67 175
52 52 177
192 192 91
62 62 100
21 21 63
50 50
93 93 35
143 143
127 127
26 26 14
103 103
47 47
193 193
28 28
72 72
136 136
133 133
12 12
105 105
94 94
179 179 120
152 152
164 164
24 24
85 85
150 150
132 132
13 13
22 22
66 66
149 149
34 34
186 186
39 39
64 64
141 141
82 82
168 168
2 2
189 189
195 195
126 126
163 163
110 110
183 183
44 44
42 42
155 155
172 172
27 27
178 178
10 10
115 115
87 87
31 31
170 170
46 46
130 130
99 99
59 59
11 11
5 5
142 142
162 162
29 29
38 38
108 108
49 49
77 77
56 56
78 78
97 97
194 194
23 23
51 51
146 146
79 79
121 121
76 76
45 45
73 73
68 68
139 139
131 131
104 104
71 71
30 30
140 140
1 1
