aa0 gd9 gd7 gd9 aa0 aa1 aa5 aa6 aa5 aa1 aa0 gd9 gd6 gd4 gd3 gd5 gd2 gd0 gc9 gc5 gc6 gc0 gc3 gc0 gc7 gc8 gc7 gc0 gb9 gb6 gb1 gb2 gb0 ga9 ga8 ga4 ga3 ga1 ga0 ad9 ad0 ac9 ac4 ac7 ac3 ac6 ac8 ac5 ac0 ab9 ab8 ab7 ab4 ab2 ab4 ab7 ab8 ab5 ab8 ab9 ac0 ac5 ac9 ad0 ad9 ga0 ga1 ga5 ga8 ga9 gb0 gb3 gb4 gb7 gb9 gc0 gc1 gc2 gc1 gc0 gb9 gb6 gb1 gb0 ga9 ga8 ga5 ga1 ga2 ga1 ga5 ga6 ga5 ga8 ga7 ga8 ga5 ga1 ga0 ad9 ad0 ac9 ac4 ac2 ac4 ac0 ab9 ab8 ab7 ab4 ab2 ab0 aa9 aa8 aa2 aa4 aa3 aa4 aa7 aa4 aa2 aa8 aa9 ab0 ab2 ab4 ab7 ab8 ab9 ac0 ac5 ac9 ad0 ad9 ad1 ad2 ad3 ad4 ad3 ad5 ad3 ad6 ad3 ad7 ad3 ad8 ad3 ad2 ad1 ad9 ga0 ga1 ga5 ga8 ga9 gb0 gb1 gb6 gb9 gc0 gc3 gc4 gc9 gd0 gd2 gd5 gd6 gd9 aa0
33
aa4 aa4
ad4 ad4
gc2 gc2
ga7 ga7
aa6 aa6
ac2 ac2
gc8 gc8
ga6 ga6
ab5 ab5
ga2 ga2
ac8 ac8
gd7 gd7 gd8 gd9
aa3 aa3
aa7 aa7
gc1 gc1
gb2 gb2
gd4 gd4
ab2 ab2 ab4 ab7 ab8
ac7 ac3 ac6 ac7
gb3 gb3
aa5 aa5
gb6 gb6
gb7 gb7
ga4 ga4
gb4 gb4
gc5 gc5
ad5 ad5
ad6 ad6
ad7 ad7
ad8 ad8
gc3 gc3
ga3 ga3
gd3 gd3
