aa0 kd9 kd8 kd9 aa0 aa1 aa5 aa6 aa5 aa1 aa0 kd9 kd6 kd4 kd2 kd3 kd2 kd4 kd6 kd5 kd7 kd1 kd0 kc9 kc8 kc9 kc6 kc7 kc5 kc4 kc2 kc3 kc1 kc0 kb9 kb6 kb2 kb5 kb8 kb4 kb7 kb3 kb1 kb0 ka9 ka6 ka4 ka2 ka0 gd9 gd7 gd9 gd8 gd9 ka0 ka2 ka5 ka7 ka8 ka7 ka4 ka2 ka0 gd9 gd6 gd4 gd3 gd5 gd2 gd0 gc9 gc5 gc6 gc0 gc3 gc0 gc7 gc8 gc7 gc0 gb9 gb6 gb1 gb4 gb3 gb0 ga9 ga8 ga4 ga3 ga1 ga0 ad9 ad0 ac9 ac4 ac7 ac3 ac6 ac8 ac5 ac0 ab9 ab8 ab7 ab4 ab2 ab4 ab7 ab8 ab5 ab8 ab9 ac0 ac5 ac9 ad0 ad9 ga0 ga1 ga5 ga8 ga9 gb0 gb2 gb1 gb7 gb9 gc0 gc1 gc2 gc1 gc0 gb9 gb6 gb1 gb0 ga9 ga8 ga5 ga1 ga2 ga1 ga5 ga6 ga5 ga8 ga7 ga8 ga5 ga1 ga0 ad9 ad0 ac9 ac4 ac2 ac4 ac0 ab9 ab8 ab7 ab4 ab2 ab0 aa9 aa8 aa2 aa4 aa3 aa4 aa7 aa4 aa2 aa8 aa9 ab0 ab2 ab4 ab7 ab8 ab9 ac0 ac5 ac9 ad0 ad9 ad1 ad2 ad3 ad4 ad3 ad5 ad3 ad6 ad3 ad7 ad3 ad8 ad3 ad2 ad1 ad9 ad0 ac9 ac4 ac0 ab9 ab8 ab7 ab4 ab2 ab0 aa9 aa8 aa2 aa1 aa0
57
aa4 aa4
gc2 gc2
ad4 ad4
kb8 kb8
ga7 ga7
kc6 kc6
aa6 aa6
gd3 gd3
ac2 ac2
ga6 ga6
ab5 ab5
kd5 kd5
ga2 ga2
kc1 kc1
ac8 ac8
ka8 ka8
aa5 aa5
aa3 aa3
aa7 aa7
gc1 gc1
gb4 gb4
kd3 kd3
kb2 kb2
gc8 gc8
ga4 ga4
kb7 kb7
kc2 kc2
kc5 kc5
kc8 kc8
ab2 ab2 ab4
gd7 gd7
kd8 kd8
ac6 ac3 ac6
gb6 gb6
kb6 kb6
ka6 ka6
gb2 gb2
gb3 gb3
gb7 gb7
ka5 ka5
gc5 gc5
ad5 ad5
ad6 ad6
ad7 ad7
ad8 ad8
gc3 gc3
ka2 ka2
kb5 kb5
kd4 kd4
kd1 kd1
ga3 ga3
gd4 gd4
gd8 gd8
ka7 ka7
gd9 gd9
ab8 ab7 ab8
ac7 ac7
