0 5 67 76 69 65 51 80 59 28 12 42 23 20 87 7 87 91 64 46 64 60 77 60 43 85 50 68 45 37 26 13 15 11 6 11 15 14 2 58 41 58 16 58 96 32 96 82 96 17 74 3 36 3 74 56 30 33 31 33 53 18 53 73 75 51 65 69 76 61 76 54 76 69 65 51 79 51 83 48 83 93 19 63 19 46 64 60 99 59 83 88 22 24 98 24 22 2 58 10 35 97 9 97 43 60 77 34 29 78 49 89 49 5 0
49
32 32
63 63
6 6
18 18
99 99
79 79
26 26
54 54
9 9
31 31
89 89
98 98
75 75
48 48
23 23
30 30
36 36
10 10
93 93
29 29
12 12
64 64
14 14
80 80
68 68
61 61
11 11
91 91
56 56
16 16
77 60 77
85 85
41 41
20 20
67 67
59 59
13 13
69 69
2 2
17 17
7 7
74 74
82 82
15 15
45 45
42 42
58 58
3 3
46 46
