0 55 57 55 92 55 57 112 2 112 188 167 189 71 187 9 139 9 32 69 161 69 12 182 73 21 77 56 58 129 153 82 153 128 3 128 99 137 172 120 196 106 147 104 147 23 67 186 97 186 89 117 20 149 10 176 10 109 185 35 32 50 96 143 11 143 96 46 96 105 72 30 142 38 145 100 51 100 145 132 194 43 45 157 41 157 124 26 124 183 125 195 1 114 103 114 134 119 48 16 66 169 141 95 90 197 24 174 116 52 128 123 83 198 83 101 81 64 148 64 81 107 81 29 167 14 167 98 166 98 170 98 167 85 49 85 135 59 152 19 165 175 86 164 127 108 57 138 150 186 97 13 79 121 102 121 79 39 36 160 36 144 94 92 55 178 132 74 171 59 135 85 191 181 68 181 61 188 112 57 55 0
97
141 141
160 160
139 139
67 27 67
68 68
29 29
74 74
108 108
41 41
197 197
172 172
39 39
102 102
150 150
164 164
119 119
71 71
19 19
170 170
147 147
83 83
175 175
94 94
38 38
176 176
26 26
195 195
107 107
129 129
49 49
35 35
89 89
24 24
13 13
14 14
72 72
73 73
50 50
138 138
11 11
196 196
52 52
45 45
1 1
59 59
137 137
16 16
77 77
92 92
97 97
161 161
188 188
20 20
132 132
148 148
23 23
105 105
189 189
86 86
82 82
166 166
123 123
66 66
125 125
43 43
152 152
90 90
3 3
103 103
9 9
46 46
182 182
101 101
142 142
12 12
51 51
21 21
2 2 112
157 157
95 95
185 185
99 99
10 10
124 124
167 167
186 186
57 55 57
198 198
56 56
106 106
104 104
143 143
85 85
69 69
64 64
169 169
100 100
