0 24 132 126 162 100 182 40 44 142 192 104 61 164 61 6 39 196 32 82 136 138 161 108 89 26 152 26 154 106 12 42 84 96 112 160 66 160 10 160 118 54 48 97 146 166 198 134 130 124 46 8 87 14 86 158 98 120 80 172 7 30 2 114 94 58 37 4 90 78 171 74 190 64 20 155 122 28 76 150 174 116 140 92 68 176 180 110 180 56 170 88 34 188 178 102 193 144 36 29 72 177 156 194 60 16 163 168 162 52 103 160 149 184 131 22 19 62 148 70 66 38 50 192 0
97
12 12
50 50
168 168
174 174
38 38
114 114
70 70
148 148
60 60
36 36
76 76
0 0
80 80
116 116
184 184
58 58
72 72
16 16
152 152
22 22
156 156
52 52
56 56
34 34
134 134
6 6
146 146
188 188
136 136
20 20
78 78
8 8
54 54
74 74
158 158
100 100
62 62
150 150
170 170
108 108
140 140
94 94
194 194
2 2
164 164
112 112
130 130
28 28
178 178
44 44
4 4
110 110
144 144
132 132
154 154
32 32 128
198 198
196 196
182 182
192 192
102 102
10 10
14 14
68 68
26 26
104 104
138 138 186
48 48
166 166
120 120
30 30
88 88
172 172
46 46
98 98
126 126
86 86
82 82
84 84
142 142
42 18 42
24 24
106 106
122 122
90 90
40 40
64 64
66 66
92 92
96 96
118 118
176 176
190 190
162 162
124 124
160 160
180 180
