Soda Cory Bechtel Giannini GreekTheatre Cheit Dwinelle Boalt Etcheverry Haste Jacobs HearstMiningCircle McLaughlin LifeSciences KrutchTheater Hildebrand MLK Moses Senior SproulPlaza Observatory Stern VLSB Wheeler BarkerHall Blackwell Campbell Bowles DoeLibrary EdwardsStadium ClarkKerr Foothill HearstFieldAnnex HaasPavilion Hertz Gilman Koshland Insectary LeConte MemorialStadium McCone Bechtel Morgan Soda
41
Cory Cory NorthGate Pitzer Stanley
Boalt Boalt Simon
Giannini Giannini
Bechtel Bechtel
Cheit Cheit
Dwinelle Dwinelle
Etcheverry Etcheverry
GreekTheatre GreekTheatre
Haste Haste
HearstMiningCircle HearstMiningCircle
LifeSciences LifeSciences
McLaughlin McLaughlin
Jacobs Jacobs
KrutchTheater KrutchTheater
Hildebrand Hildebrand
MLK MLK
Moses Moses
Observatory Observatory
Senior Senior
SproulPlaza SproulPlaza
Stern Stern
VLSB VLSB
Wheeler Wheeler
BarkerHall BarkerHall
Blackwell Blackwell
Campbell Campbell
Bowles Bowles
ClarkKerr ClarkKerr
DoeLibrary DoeLibrary
EdwardsStadium EdwardsStadium
Foothill Foothill
Gilman Gilman
HaasPavilion HaasPavilion
HearstFieldAnnex HearstFieldAnnex
Hertz Hertz
Insectary Insectary
Koshland Koshland
LeConte LeConte
McCone McCone
MemorialStadium MemorialStadium
Morgan Morgan
