71 37 60 35 11 5 83 88 41 31 79 73 26 47 10 47 67 42 70 53 70 42 36 2 36 30 25 99 7 87 61 39 61 75 15 94 45 62 66 58 77 93 55 32 6 99 43 84 81 95 21 50 21 95 81 33 2 39 52 86 89 59 29 16 24 34 69 40 47 67 90 85 52 86 56 68 78 88 20 74 19 75 61 39 3 14 54 49 13 97 28 3 39 52 86 18 27 9 65 96 65 9 0 9 65 96 38 64 91 37 71
41
50 50
66 66
60 60
13 13
69 69
6 6
0 0
85 85
88 88
29 29
33 33
26 26
38 38
15 15
30 30
24 24
77 77
70 70 42
54 49 54
84 84
11 11
79 79
45 45
7 7
78 78
95 95 21
64 64
55 55
96 65 96
59 59
39 18 39
74 74 19
2 36 2
28 28
10 10 47
35 35
53 53
5 5
41 41
94 94
87 87 61
