2 41 85 9 60 142 60 35 188 163 158 110 158 112 4 161 109 131 156 159 148 195 56 52 145 193 50 42 103 116 67 134 94 57 15 30 137 96 62 90 177 90 62 139 55 130 184 189 122 189 182 174 28 174 99 165 99 113 166 104 115 104 44 104 115 147 32 147 198 100 198 128 173 59 20 27 98 27 141 75 64 186 38 83 73 58 73 83 38 186 0 192 0 186 136 119 136 186 38 46 124 135 114 126 175 48 175 87 8 13 138 164 117 102 45 181 34 23 11 26 63 169 5 125 31 10 194 93 101 150 127 12 81 25 37 86 37 178 82 178 155 196 121 7 79 7 121 199 97 144 106 144 97 199 121 162 152 36 98 172 61 168 191 17 9 85 41 2 157 53 157 49 157 2 41 85 9 60 70 177 90 95 90 62 14 18 171 179 171 149 3 149 171 179 16 133 16 179 171 18 14 22 76 51 176 192 0 186 38 83 73 58 1 187 1 50 42 108 105 21 92 21 105 108 57 180 126 114 107 43 71 6 118 80 54 80 43 107 114 100 70 60 9 85 41 2
97
49 49
54 54
133 133
23 23
92 92
51 51
106 106
194 194
13 13
187 187
32 32
141 141
82 82
61 61
3 3
161 161
130 130
48 48
119 119
145 145
15 15
36 36
12 12
142 142
156 156
46 46
113 113
181 181
97 97
63 63
188 188
6 6
192 192
14 14
114 114
96 96
56 56
28 28
125 125
86 86
182 182
76 76
164 164
79 79
58 58
179 179
50 50
53 53
98 98
95 95
93 93
112 112
193 193
100 100
173 173
67 67
34 34
177 177
139 139
2 2
26 26
80 80
131 131
30 30
44 44
8 8
110 110 158
35 35
136 136
165 165
128 128
4 4
52 52
38 38
171 171
149 149
90 90
94 94
85 85
55 55
116 116
196 196
157 157
27 27
25 25
174 174
0 0
59 59
42 42
122 122 189
126 126
7 121 7
115 115
118 118
73 73
178 178
138 138
