stop0 stop135 stop33 stop133 stop100 stop76 stop38 stop41 stop145 stop140 stop161 stop166 stop158 stop147 stop118 stop63 stop115 stop143 stop69 stop44 stop102 stop82 stop8 stop52 stop137 stop154 stop101 stop67 stop129 stop36 stop112 stop14 stop50 stop47 stop160 stop156 stop56 stop117 stop7 stop72 stop138 stop70 stop163 stop122 stop97 stop54 stop116 stop48 stop113 stop2 stop167 stop149 stop57 stop139 stop13 stop159 stop88 stop89 stop51 stop59 stop16 stop92 stop77 stop128 stop144 stop1 stop9 stop23 stop43 stop127 stop141 stop98 stop124 stop108 stop55 stop68 stop99 stop5 stop6 stop3 stop169 stop75 stop2 stop0
81
stop135 stop135 stop10
stop133 stop133 stop37 stop121
stop76 stop76
stop140 stop140 stop105
stop41 stop41
stop33 stop33
stop38 stop38
stop100 stop100
stop145 stop145
stop166 stop166
stop161 stop161
stop158 stop158
stop147 stop147
stop118 stop118
stop115 stop115
stop63 stop63
stop69 stop69
stop143 stop143
stop44 stop44
stop102 stop102
stop82 stop82
stop8 stop8
stop52 stop52
stop137 stop137
stop154 stop154
stop67 stop67
stop101 stop101
stop112 stop112
stop36 stop36
stop50 stop50
stop129 stop129
stop47 stop47
stop14 stop14
stop160 stop160
stop56 stop56
stop156 stop156
stop7 stop7
stop117 stop117
stop72 stop72
stop138 stop138
stop70 stop70
stop163 stop163
stop97 stop97
stop122 stop122
stop48 stop48
stop54 stop54
stop116 stop116
stop2 stop2
stop167 stop167
stop159 stop159
stop113 stop113
stop57 stop57
stop13 stop13
stop139 stop139
stop149 stop149
stop89 stop89
stop59 stop59
stop51 stop51
stop16 stop16
stop88 stop88
stop77 stop77
stop128 stop128
stop0 stop0
stop92 stop92
stop1 stop1
stop144 stop144
stop23 stop23
stop9 stop9
stop43 stop43
stop127 stop127
stop98 stop98
stop141 stop141
stop124 stop124
stop55 stop55
stop108 stop108
stop68 stop68
stop6 stop6
stop99 stop99
stop3 stop3
stop169 stop169
stop75 stop75
