ffffff uu uuu nnn mmmm kkkk cc ppppp s hhh iiiiiiii aaaaaa oooooooo lll hhhh ccccccc rrrrrr xxxxxxx sssssss qqq yy sss yyyyyyy oooooo ffff eeee mm ssssss ttttt zzz jjjjjj bbbbbb qqqqqq eeeee tttttt kkkkkkkk gggggggg hhhhhhh wwwwww ee zzzzz bbbbbbb ttttttt nnnnnn rrrrr ggggg ll aaaa ii xxx o x a jjjj ffffffff d j tttt mmmmmmmm kkkkkk aaaaaaaa e aa pppppppp eeeeeee rr xxxx llllllll llllll uuuuuu vvvvv vvvvvv k lllllll vvv wwwww ooooo ssss pppp cccccc m qq ffffff
81
mmmmmmmm mmmmmmmm bbbbbbbb
qq qq
j j cccc dd
lllllll iiiiiii lllllll
x x
tttt tttt
ooooo ooooo
ii ii
eeeeeee eeeeeee
oooooo oooooo
rrrrr rrrrr
zzz zzz
cc jjj cc
oooooooo oooooooo
sss sss
tttttt tttttt
cccccc cccccc
mmmm tt mmmm
vvvvvv vvvvvv
zzzzz zzzzz
hhh hhh
ccccccc ccccccc
m eeeeee m
e e
uu ffffff uu
uuuuuu uuuuuu
ffffffff ffffffff
ee ee
xxxx xxxx wwww
qqqqqq aaa ggggggg qqqqqq
aaaaaaaa aaaaaaaa
qqq qqq
ffff ffff
ttttttt ttttttt sssss
ll xxxxx ll uuuuuuu
jjjj jjjj
ssssss ssssss
ssss ssss
gggggggg q gggggggg
pppppppp pppppppp
hhhh hhhh
sssssss sssssss
xxx xxx
kkkk kkkk
eeee eeee
k k
llllll b llllll
jjjjjj jjjjjj
pppp pppp gggg
a a dddd
vvvvv vvvvv
aaaaaa aaaaaa
vvv vvv
ppppp ppppp
ggggg ggggg
ttttt ttttt
o o
xxxxxxx xxxxxxx
wwwww wwwww
kkkkkkkk kkkkkkkk
iiiiiiii iiiiiiii
bbbbbbb bbbbbbb
eeeee eeeee
yyyyyyy yyyyyyy
yy yy
uuu uuu
llllllll llllllll
mm mm
wwwwww wwwwww
bbbbbb bbbbbb
s s
d d
rrrrrr rrrrrr
kkkkkk kkkkkk
lll lll
aa aa
hhhhhhh hhhhhhh
nnnnnn fffff nnnnnn
rr rr
nnn nnn
aaaa aaaa
