f xxx qq m z llllll ssssss ssss lllll s vv wwwwwww v ffffffff c w qqqqqq aaa p vvvv uu xxxxxx ttttt hhhh ff jjjj wwww pp aaaaa q rrrrrrrr ggggg hhh qqqqqqq jjjjjjj nnnn iii ggg fffffff zzz uuuuu j ss llllllll sss bbbbbbbb dddddddd a eeee f
49
bbbbbbbb bbbbbbbb
iii iii
rrrrrrrr rrrrrrrr
f f
v v
ttttt ttttt
hhh hhh
w w
eeee eeee
ss ss
a a
lllll lllll
jjjj jjjj
zzz zzz
jjjjjjj jjjjjjj
vvvv vvvv
wwwwwww wwwwwww
m m
llllllll llllllll
nnnn nnnn
uu uu
ggggg ggggg
ggg ggg
ssss ssss
ssssss ssssss
q q
xxx xxx
ffffffff ffffffff
fffffff fffffff
j j
hhhh hhhh
c c
aaaaa aaaaa
s s
qqqqqq qqqqqq
p p
dddddddd dddddddd
xxxxxx xxxxxx
qq qq
aaa aaa
wwww wwww
vv vv
z z
sss sss
ff ff
pp pp
llllll llllll
qqqqqqq rrrrrr qqqqqqq
uuuuu uuuuu
