199 24 10 151 197 28 158 71 2 27 19 70 134 53 163 75 163 156 86 65 76 106 42 23 177 41 157 115 167 78 167 171 62 94 55 3 55 83 124 37 145 16 81 43 92 193 31 97 102 52 102 64 102 45 80 159 35 182 103 67 34 98 8 65 5 44 60 20 61 57 11 114 59 21 88 21 73 21 88 77 51 77 105 133 91 12 91 15 143 63 68 63 22 129 47 46 47 93 56 93 178 50 101 13 108 1 113 25 127 107 36 47 46 72 6 72 46 176 189 96 189 95 189 176 54 26 142 49 0 49 163 17 163 156 74 192 58 192 74 156 86 14 66 30 138 89 149 87 149 172 197 103 177 7 29 39 90 39 5 48 16 145 130 120 32 84 122 183 62 94 55 3 18 3 55 83 38 79 38 83 124 119 4 119 124 83 55 164 96 174 40 33 40 174 96 9 96 174 146 181 139 99 85 110 127 25 190 152 69 152 190 196 82 199
97
6 6
82 82
4 4
33 33
99 99
12 12
84 84
90 90
9 9
30 30
13 13
73 73
68 68
0 0
19 19
42 42
18 18
69 69
79 79
97 97
17 17
20 20
87 87
58 58
48 48
7 7
36 36
26 26
95 95
14 14
15 15
78 78
75 75
77 77
92 92
28 28
40 40
1 1
56 56
83 83
8 8
35 35
44 44
89 89
53 53
24 24
39 39
52 52
11 11
23 23
59 59
81 81
2 2
22 22
72 72
46 46
54 54
91 91
76 76
88 88
45 45 80
37 37
50 50
60 60
41 41
85 85
34 34 67
62 62 94
74 74
96 96
3 3
49 49
64 64
86 86
5 5
25 25
32 32
43 43
71 71
38 38
16 16
61 61
63 63
93 93
21 21
47 47
66 66
31 31
70 70
10 10
27 27
29 29
55 55
65 65
51 51
98 98
57 57
