99 4 99 35 95 9 72 45 25 45 19 23 24 1 15 14 15 88 11 42 11 88 36 37 28 37 36 21 98 79 10 22 7 84 46 41 46 82 96 53 3 61 18 63 16 33 2 8 17 43 58 3 13 3 20 3 6 89 44 89 6 3 61 34 47 48 33 38 31 0 29 78 39 93 30 75 5 32 5 19 40 19 26 19 60 80 76 81 12 81 76 18 63 49 63 18 61 3 53 96 72 71 27 71 72 96 68 99
49
3 3
25 25
14 14
10 10
32 32
47 47
27 27
26 26
44 44
40 40
49 49
12 12
8 8
42 42
0 0
35 35
41 41
34 34
28 28
30 30
19 19
38 38
1 1
9 9
6 6
7 7
45 45
13 13
16 16
20 20
21 21
43 43
4 4
18 18
24 24
39 39
11 11
5 5
17 17
22 22
23 23
48 48
2 2
15 15
36 36 37
46 46
29 29
33 33
31 31
