AlbertFredHaines JoannCharlieWilkinso DianeElisePickett EdwardDennisStewart JosephAmandaMullen LawrenceBarryHadden JoStephenMay GlennaMichaelBorden IsaacGregGargano RickyJamesBrumfield JeremyJamesChavez MichaelElizabethWeav StormyOllieYork RobinStephenWebster TommyAmandaMartin ZacharyWarrenKarth EricTinaPerea MarciaWalterKirschma MarthaJackRobinson DebraJaneFitzgerald PeterJosephBarbee HowardKennethCollins RosaPatrickYankey GaryCharlesHudson JimmyFlorTasson DorisJeffreyBinger BernicePennyRiddick DwainJoeFeldman MistyRobertKing MarkAngelaMccloud KathleenSherryDay EdwardErnestSinger StephenWilliamCoffma StevenNeilNguyen SandraHarryStewart KevinCharlesEvans EricTammyScott BradleyDeborahSaball LynnKennethChavez JohnRichardSmith JudeJanetHarcourt JannaDavidCarranza CassandraJaniceGlove DenaJewellDavis GeorgeWilliamJackson FerdinandLukeJackson RolandGregoryWatson KellyJohnnaOles DeniseBrunoWilliam ThomasEssieEwing ElmerDemetriusLark MarkDianeDuchon DeeAmandaBartley LillianJuanAncona ManuelaJoseBailey TravisMichelleMeller JackieSharonScherrer PerryJamesBennett CynthiaConnieWright HeidiMayJohnson ClaudeBobbyBaker BrettDominickSonnier JamesJordanZamora EricJamesJuckett RonaldEdnaArant MaryJamesDavila JudyPearlineKaminski CherylMaryMorgan KevinThomasHiggins WilliamDavidGray JohnBrendaFuller CraigJohnLard KathleenJoseClark EdwardJeanneHutchiso GeorgeHenryVillar ZacharyWarrenKarth AlbertFredHaines
73
DwainJoeFeldman DwainJoeFeldman
GeorgeHenryVillar GeorgeHenryVillar MichaelMarkHolloway
LynnKennethChavez LynnKennethChavez
KevinThomasHiggins KevinThomasHiggins
GeorgeWilliamJackson GeorgeWilliamJackson
PeterJosephBarbee PeterJosephBarbee
JeremyJamesChavez JeremyJamesChavez
MaryJamesDavila MaryJamesDavila
MarthaJackRobinson MarthaJackRobinson
MarkDianeDuchon MarkDianeDuchon
ClaudeBobbyBaker ClaudeBobbyBaker
CassandraJaniceGlove CassandraJaniceGlove
JimmyFlorTasson JimmyFlorTasson
RobinStephenWebster RobinStephenWebster
JosephAmandaMullen JosephAmandaMullen
JackieSharonScherrer JackieSharonScherrer
JudeJanetHarcourt JudeJanetHarcourt
EricTammyScott EricTammyScott AnnDeannaLarzazs
KellyJohnnaOles KellyJohnnaOles
IsaacGregGargano IsaacGregGargano
StevenNeilNguyen StevenNeilNguyen
ThomasEssieEwing ThomasEssieEwing JessicaChristopherHa
WilliamDavidGray WilliamDavidGray
CraigJohnLard CraigJohnLard
ManuelaJoseBailey ManuelaJoseBailey WadeSonnyMcbride
JoannCharlieWilkinso AlbertFredHaines JoannCharlieWilkinso
TommyAmandaMartin TommyAmandaMartin
CynthiaConnieWright CynthiaConnieWright
MarkAngelaMccloud MarkAngelaMccloud
ElmerDemetriusLark ElmerDemetriusLark
DeeAmandaBartley DeeAmandaBartley
JohnRichardSmith JohnRichardSmith
EdwardErnestSinger EdwardErnestSinger
JannaDavidCarranza JannaDavidCarranza
EricTinaPerea EricTinaPerea
RolandGregoryWatson RolandGregoryWatson
RosaPatrickYankey RosaPatrickYankey
BrettDominickSonnier BrettDominickSonnier
JamesJordanZamora JamesJordanZamora
DeniseBrunoWilliam DeniseBrunoWilliam
JoStephenMay JoStephenMay
EricJamesJuckett EricJamesJuckett
StephenWilliamCoffma StephenWilliamCoffma
PerryJamesBennett PerryJamesBennett
RonaldEdnaArant RonaldEdnaArant
JohnBrendaFuller JohnBrendaFuller
HeidiMayJohnson HeidiMayJohnson
DorisJeffreyBinger DorisJeffreyBinger
EdwardDennisStewart EdwardDennisStewart
KevinCharlesEvans KevinCharlesEvans
DenaJewellDavis DenaJewellDavis
GlennaMichaelBorden GlennaMichaelBorden
RickyJamesBrumfield RickyJamesBrumfield
TravisMichelleMeller TravisMichelleMeller
MichaelElizabethWeav MichaelElizabethWeav
BernicePennyRiddick BernicePennyRiddick
JudyPearlineKaminski JudyPearlineKaminski
MistyRobertKing MistyRobertKing
FerdinandLukeJackson FerdinandLukeJackson
GaryCharlesHudson GaryCharlesHudson
LawrenceBarryHadden LawrenceBarryHadden
SandraHarryStewart SandraHarryStewart
CherylMaryMorgan CherylMaryMorgan
ZacharyWarrenKarth ZacharyWarrenKarth
KathleenJoseClark KathleenJoseClark
BradleyDeborahSaball BradleyDeborahSaball
MarciaWalterKirschma MarciaWalterKirschma
KathleenSherryDay KathleenSherryDay
HowardKennethCollins HowardKennethCollins
DianeElisePickett DianeElisePickett
DebraJaneFitzgerald DebraJaneFitzgerald
LillianJuanAncona LillianJuanAncona
StormyOllieYork StormyOllieYork
