SueJosephGarza ElsieJosephPhelps LauraPhilipWinkler BrianRolandAli NathanKevinCorathers JessicaJohnSpells PamelaPageBullock JohnJoseJudd FranciscoFrancesHarr IraJimmyYang WilliamGeorgeWilliam CrystalShermanVida KennethShannonGardel MelindaKennethAzar PatriciaBernardBrock MarianLuluDiaz LeroySandraLewis MaryLindaKirkland PhyllisJackWilson DonaldDoloresKelly LucyBennyHaag MariaChristopherCast KarenErmaJensen KevinHaroldCyr JamesJaredGonzalez JohnDustinKenny HaleyKyleMurphy SueCourtneyOsgood PaulEvanRichard DarnellAliciaPeters BrianSarahCumming ThomasAnnieRuiz JustinJavierToure OllieGeorgeSova AnnaKyleChang RonaldRobertHughes AshleyWilliamClarke RonaldRobertHughes LuisHelenHughes SueJosephGarza
33
JamesJaredGonzalez JamesJaredGonzalez
WilliamGeorgeWilliam WilliamGeorgeWilliam
JohnJoseJudd JohnJoseJudd
KarenErmaJensen KarenErmaJensen
PaulEvanRichard PaulEvanRichard
LauraPhilipWinkler LauraPhilipWinkler
ThomasAnnieRuiz ThomasAnnieRuiz
PhyllisJackWilson PhyllisJackWilson LillieKathleenCervan
LucyBennyHaag LucyBennyHaag WilburnDavidMiller
NathanKevinCorathers NathanKevinCorathers
OllieGeorgeSova OllieGeorgeSova
AnnaKyleChang AnnaKyleChang BrianLuzArce ChristinaDanaGrant
SueCourtneyOsgood SueCourtneyOsgood
MariaChristopherCast MariaChristopherCast
MarianLuluDiaz MarianLuluDiaz
DonaldDoloresKelly AlfredaKirstenMartin DonaldDoloresKelly
KennethShannonGardel PaulShaneSoldner KennethShannonGardel
AshleyWilliamClarke AshleyWilliamClarke
PamelaPageBullock PamelaPageBullock
LuisHelenHughes LuisHelenHughes
LeroySandraLewis LeroySandraLewis
FranciscoFrancesHarr FranciscoFrancesHarr
JohnDustinKenny JohnDustinKenny
MaryLindaKirkland MaryLindaKirkland
CrystalShermanVida CrystalShermanVida
IraJimmyYang IraJimmyYang
MelindaKennethAzar MelindaKennethAzar
ElsieJosephPhelps ElsieJosephPhelps
BrianRolandAli BrianRolandAli
PatriciaBernardBrock PatriciaBernardBrock
JessicaJohnSpells JessicaJohnSpells
KevinHaroldCyr KevinHaroldCyr
DarnellAliciaPeters DarnellAliciaPeters
