qgyqjgwlbh fnlmocuczk bvwklxlwsa iznialmand npffaineub fwzkdpfinn hnnlwliezo ajjekwybql stxmhuffri czgfnbovhq qlieaqyzel cddppqxsmb tvrzrioagg fdbzjhgcmh tjcamfqmxd ysndikwwgh xpcqolcpnf lgwqodunqt uyirsvqblu bzcpozsody sqlbmrxpwv wmeeitskjx djtmyhmwnn kgewtltijq aruweadnpf rzgfaqookt atkqvymdax dzokhkbjld hrbvyznkmd cynraykzum sngqmldfxu somaaudaxm feggaeevcb bnfhxmjqzg tdqzbpmftq smlsmfgyxa hqvifzhbmo lpopityrof kmwsevkfov gdtsmzpvig sthbsdqlwm ntlhpzyidk sgizgtdhhn culutarzsm vvurcgizpo hyficezvgi qgyqjgwlbh
41
ajjekwybql ajjekwybql hnnlwliezo wegckoctcp
kgewtltijq kgewtltijq
feggaeevcb feggaeevcb
fdbzjhgcmh fdbzjhgcmh
cynraykzum cynraykzum
xpcqolcpnf xpcqolcpnf
hyficezvgi hyficezvgi
vvurcgizpo vvurcgizpo
fnlmocuczk fnlmocuczk
atkqvymdax atkqvymdax
lpopityrof lpopityrof
czgfnbovhq gqulqjeire czgfnbovhq
somaaudaxm somaaudaxm
sqlbmrxpwv sqlbmrxpwv
kmwsevkfov kmwsevkfov
qlieaqyzel qlieaqyzel
culutarzsm culutarzsm
smlsmfgyxa smlsmfgyxa
bvwklxlwsa bvwklxlwsa
stxmhuffri stxmhuffri
sngqmldfxu sngqmldfxu
tjcamfqmxd tjcamfqmxd
ntlhpzyidk ntlhpzyidk
rzgfaqookt rzgfaqookt
hrbvyznkmd hrbvyznkmd
gdtsmzpvig gdtsmzpvig
djtmyhmwnn wmeeitskjx djtmyhmwnn
fwzkdpfinn fwzkdpfinn
tdqzbpmftq tdqzbpmftq
tvrzrioagg tvrzrioagg
aruweadnpf hpbkyqcejb yfvfzingng aruweadnpf
sthbsdqlwm sthbsdqlwm
lgwqodunqt lgwqodunqt
uyirsvqblu uyirsvqblu bzcpozsody
npffaineub npffaineub
sgizgtdhhn sgizgtdhhn
ysndikwwgh ysndikwwgh
iznialmand iznialmand
bnfhxmjqzg bnfhxmjqzg
cddppqxsmb cddppqxsmb
hqvifzhbmo hqvifzhbmo
