dweidxeutk xdhiumwdwn audojmtlep toeqvvzlae cxrfqntbtm zbgxyjmdnm cwexpxaktw ivgiotlrrr ratnlmbmpr vpghbvlzxd xwsnmxufqy ienasnqnvt cpdpvshtof auonnlthcz vteisghgld rulcikswsa hlimwiksjd lgpbgvlzpo vtquakjujf gkbqwvqnfu nmshjtpxad siwbsyuwap hcvrravrik nimybvgttg gvxfzzmwzk itouxsyevo ulneltboej fxpsowceqq qjjslhkvnr sjqdgtugly bxdnijtmyn cavyunvwuk dllzvxpcgk wfybmclpmp hpqsgalvar aihlvhrjir bcwzxsuutq tofdobbbjt dzzxropcld tehmqpfdnn ltjqdpdqwv gyjkhdbyvm fuhtgylsov ctnsbezpjg irtbznwvcu klbefaxnzg jiowqcrqpz sjcwiapdwb uqhdcumthr gmvwahagsy drtcvphibq vqlbufoinm akzsqllzsv kgpqjqjrhc afkxpktsxw mnmjklgmnp elifcmozpf mgzyysypdp wiwpekzeuz efgyvzmusc naqyljkxxq cmelcyxenw iqbyvqgkcp zdiibealli kufcwxmspu pgiiochubt fwwnyjpwnp cnbqxrvlvl rqmdukqpbg tzpaywhybw wlzaatlgns depihfdmjk wwmcjuetgz bqrcwxsyuw lvqqznnzyn tdtlnqnprm arrkheyths dfgysrnikx okcwuqslme dlfzngcmgq rqchbdjiqp xtugynuehn nqdbgeypdu ouzfljsksj lzsvglcvqa hjvmodgwdg xdmzjapanj pphebmysxy rzqbegeoni dldiwncohw fxejnitkot wqeazvzkdf gqwhfeepal ftrqchqaif siwbsyuwap dweidxeutk
89
fxpsowceqq fxpsowceqq
cmelcyxenw cmelcyxenw
hjvmodgwdg hjvmodgwdg
hlimwiksjd hlimwiksjd
fuhtgylsov fuhtgylsov
lzsvglcvqa lzsvglcvqa
ftrqchqaif ftrqchqaif
iqbyvqgkcp iqbyvqgkcp
naqyljkxxq naqyljkxxq
wlzaatlgns cowtuqqsll wlzaatlgns rwobvahhfa
hcvrravrik hcvrravrik
uqhdcumthr uqhdcumthr
vpghbvlzxd vpghbvlzxd
wfybmclpmp wfybmclpmp
lvqqznnzyn lvqqznnzyn
elifcmozpf elifcmozpf
kufcwxmspu kufcwxmspu
rqchbdjiqp rqchbdjiqp
vteisghgld vteisghgld
fxejnitkot fxejnitkot
vqlbufoinm vqlbufoinm
kgpqjqjrhc kgpqjqjrhc rlgdknlxmz
gvxfzzmwzk gvxfzzmwzk
vtquakjujf vtquakjujf
rzqbegeoni rzqbegeoni
tehmqpfdnn tehmqpfdnn
akzsqllzsv akzsqllzsv
dfgysrnikx dfgysrnikx
bxdnijtmyn bxdnijtmyn
rqmdukqpbg rqmdukqpbg
hpqsgalvar hpqsgalvar
klbefaxnzg klbefaxnzg
irtbznwvcu irtbznwvcu gpbaqafhdz
cwexpxaktw cwexpxaktw
gmvwahagsy gmvwahagsy
gqwhfeepal gqwhfeepal
cpdpvshtof cpdpvshtof
mnmjklgmnp mnmjklgmnp
efgyvzmusc efgyvzmusc
cxrfqntbtm cxrfqntbtm
fwwnyjpwnp fwwnyjpwnp
bcwzxsuutq bcwzxsuutq
drtcvphibq drtcvphibq
dweidxeutk dweidxeutk
bqrcwxsyuw bqrcwxsyuw
ivgiotlrrr ivgiotlrrr
jiowqcrqpz jiowqcrqpz
pphebmysxy pphebmysxy xdmzjapanj
rulcikswsa rulcikswsa
dldiwncohw dldiwncohw
ouzfljsksj ouzfljsksj
afkxpktsxw afkxpktsxw
xwsnmxufqy xwsnmxufqy
dzzxropcld dzzxropcld
nimybvgttg nimybvgttg
siwbsyuwap siwbsyuwap
aihlvhrjir aihlvhrjir
pgiiochubt pgiiochubt
gyjkhdbyvm gyjkhdbyvm
tdtlnqnprm tdtlnqnprm
zbgxyjmdnm zbgxyjmdnm
cavyunvwuk cavyunvwuk kjgjbkdckc
nmshjtpxad nmshjtpxad
wqeazvzkdf wqeazvzkdf
xtugynuehn xtugynuehn
sjcwiapdwb sjcwiapdwb
zdiibealli zdiibealli
itouxsyevo itouxsyevo
lgpbgvlzpo taoimnqdrr lgpbgvlzpo
dllzvxpcgk dllzvxpcgk
wwmcjuetgz wwmcjuetgz
toeqvvzlae toeqvvzlae
auonnlthcz auonnlthcz
dlfzngcmgq dlfzngcmgq
audojmtlep audojmtlep
ienasnqnvt ienasnqnvt
ctnsbezpjg ctnsbezpjg
cnbqxrvlvl cnbqxrvlvl
tzpaywhybw tzpaywhybw
qjjslhkvnr qjjslhkvnr
okcwuqslme okcwuqslme
depihfdmjk depihfdmjk
ulneltboej ulneltboej
arrkheyths arrkheyths
sjqdgtugly sjqdgtugly
xdhiumwdwn xdhiumwdwn
tofdobbbjt tofdobbbjt
gkbqwvqnfu gkbqwvqnfu
wiwpekzeuz wiwpekzeuz
