Egsmith Waltditch Wenside Alfchester Whittree Stainby Wenwold Sudtree Leathermere Sudtree Flitgrove Chelmbeck Cookford Wychbourne Egavon Wychbourne Wychnell Egtree Chelmden Egtree Stainbrough Nortley Wetwick Sudwich Ashbourne Sudwich Pemlow Watchcombe Wenbeck Brackbrough Sudwell Stapbeck Ashbourne Barnton Wywick Wychbeck Staplake Shaftbridge Penborne Watchavon Alfchester Wenside Burbourne Edgwick Ashdown Edgey Ashdown Farnsmith Wychsmith Chelmwang Wychsmith Waltditch Egsmith
33
Stainby Stainby
Wychsmith Wychsmith
Staplake Staplake
Stapbeck Stapbeck
Chelmden Chelmden Egtree
Edgey Edgey
Nortley Nortley
Egavon Egavon
Burbourne Burbourne
Wenbeck Wenbeck
Cookford Cookford
Waltditch Waltditch
Wychnell Wychnell
Flitgrove Flitgrove
Pemlow Pemlow
Stainbrough Stainbrough
Farnsmith Farnsmith
Ashbourne Ashbourne Barnton
Shaftbridge Shaftbridge
Leathermere Leathermere
Alfchester Alfchester
Wywick Wywick
Ashdown Ashdown Shaftbage
Brackbrough Brackbrough
Wychbourne Wychbourne
Wetwick Wetwick
Chelmbeck Chelmbeck
Penborne Penborne
Wenside Wenside
Wenwold Wenwold
Chelmwang Chelmwang
Sudtree Sudtree
Wychbeck Wychbeck
