Chelmbourne Shaftwich Chelmbourne Edgwich Staintree Elgrove Wenborough Prestey Sudwich Prestey Enbage Flitham Kingsley Flitham Shrivlow Barnden Rocktree Cookbridge Rocktree Whitborough Horndown Whitborough Rocktree Staflow Bursted Staflow Cleredon Wyhead Sodside Brainbridge Southstoke Barngrove Egborne Cookton Hornley Durditch Stainhall Southmere Shrivside Edglow Dartsted Clerethorne Barnside Clerethorne Stapthorne Stapmoor Barnham Alfcastle Elside Whitavon Nortcastle Egcastle Melborne Pemwold Melborne Sudworth Wenwang Edgchester Horncester Edgchester Wenwang Stapwold Marlton Alfwell Casford Stainden Prestdon Barngrove Bracklow Pemwood Bracklow Leatherlow Alfby Leatherlake Alfby Stapwell Stafthorne Waltbrook Hurstworth Cookbrook Enlow Maidenden Hartbage Barngrove Egborne Aldhall Alfwell Staintree Elgrove Wenden Kingsley Flitham Enbage Stainside Whitover Edgwich Chelmbourne
57
Barnside Barnside
Casford Casford
Stainhall Stainhall
Wyhead Wyhead
Elside Elside
Hartbage Hartbage
Hurstworth Hurstworth
Sudworth Sudworth
Brainbridge Brainbridge
Aldhall Aldhall
Cookton Cookton
Stapmoor Stapmoor
Stainside Stainside
Horndown Horndown
Egcastle Egcastle
Durditch Durditch
Prestdon Prestdon
Shaftwich Shaftwich
Pemwood Pemwood
Bursted Bursted
Kingsley Kingsley
Shrivside Shrivside
Stapwell Stapwell
Marlton Alfwell Marlton
Sudwich Sudwich
Hornley Hornley
Stapthorne Stapthorne
Sodside Sodside
Edgwich Edgwich Staintree
Waltbrook Waltbrook
Leatherlake Leatherlake
Wenborough Wenborough
Cookbridge Cookbridge
Dartsted Dartsted
Wenden Wenden
Barnham Barnham
Pemwold Pemwold
Horncester Horncester
Enbage Enbage
Bracklow Bracklow
Shrivlow Shrivlow
Leatherlow Leatherlow
Cleredon Cleredon
Egborne Egborne
Whitavon Whitavon
Enlow Enlow
Wenwang Wenwang
Whitborough Whitborough
Alfby Alfby
Southmere Southmere
Flitham Flitham
Edgchester Edgchester
Elgrove Elgrove
Whitover Whitover
Prestey Prestey
Staflow Staflow
Rocktree Rocktree
