qtq uxr wuc npu zgf cnv xmz wpq rwt ahv krg kza uoz dkn qbj mnv unk pxs unk udq tmc udq pwa thz txk rod zye ooi xax fgo bai egz vub egz gak qjm lnv bwq qyi qlo cpw lfh spp lfh rxi hhe zbn vaf ase itg jxq ayw vsu wuf fsl sfp rju blo zgs eku ahy xdz ahy thd jno uca qnn lah xos lah ukh iuz bsz iuz nfy tnl qbq hxp fne wiq fne nhr slq nhr viv tro tmd tro eqm htv jta wpo mbx idl art brk ooc yiz ili yiz rut qfc ynq vlt unf nhk orc pkx orc hpb zqn cxu qoe nkx fib gup ptq cjp egz lxt thz plx pjx pta oto wju uwp pxi qtq
89
nhk nhk
jno jno
vaf vaf
tnl tnl
uoz uoz
gak gak
wiq wiq
uwp uwp
lfh lfh
rod rod
pta pta
ukh hxo ukh
eqm eqm
lxt lxt
cnv cnv
ili ili
mnv mnv
plx plx
idl idl
cjp cjp
wuf wuf
hhe hhe
nkx nkx
lnv lnv
itg itg
xax xax
zgs zgs
uca uca
wju wju
qlo qlo qls
gup gup
rut rut
uxr uxr
xdz xdz
qfc qbe qfc
bai bai
ptq ptq
zbn zbn
dkn dkn
slq slq
iuz iuz
wpq wpq
tmd tmd
fsl ifc fsl
ynq ynq
brk ooc brk
tmc tmc udq
thz thz
mbx mbx
vub vub
xos lah xos
zqn zqn
npu npu
hpb hpb
hxp hxp
pjx pjx
qnn qnn
fgo fgo
qjm qjm
cxu cxu
rxi rxi
txk txk
spp spp
viv tro viv
kza kza
ahv ahv
vsu vsu
rju rju
ase ase
ooi ooi
jta htv jta
cpw cpw
pwa pwa
pxs pxs
pkx pkx orc
qtq qtq
vlt vlt
yiz yiz
ahy thd ahy
sfp sfp
nhr nhr
qbj qbj
nfy nfy
wuc wuc
egz egz
krg krg
rwt rwt
zgf zgf
bsz bsz
