Soda Browning Bret Vermont Poppy Arch Anne Pardee Keeler Poplar Spring Mabel Summit Haviland Belrose Menlo Colusa Fulton Colusa Menlo Burnett Menlo Bancroft Muir Florida Amador High Marin Madera Marin Greenwood Heinz Allston Solano Eunice Lewiston Edith Lewiston Fresno Center Haskell Martin Yolo Kenilworth Hospital Bowditch Bataan Haste Visalia Ajax Forest Terrace Overlook Shasta Addison Byron Addison Shasta Acacia Domingo Blake Comstock Browning Soda
41
Anne Anne
Haste Haste
Domingo Domingo
Florida Florida
Terrace Terrace
Edith Edith
Comstock Comstock
Byron Byron Columbia
Summit Summit
Burnett Burnett
Forest Forest
Kenilworth Kenilworth
Poplar Poplar
Overlook Overlook
Poppy Poppy
High High
Bataan Bataan
Eunice Eunice
Heinz Greenwood Heinz
Hospital Hospital
Martin Martin
Vermont Vermont
Fulton Fulton
Madera Madera Marin
Muir Muir
Fresno Bowditch Fresno
Keeler Bristol Keeler Pardee
Haviland Haviland
Browning Browning
Bancroft Bancroft Cutter
Spring Spring
Shasta Addison Shasta
Belrose Belrose
Haskell Haskell
Lewiston Lewiston
Allston Allston
Ajax Ajax
Colusa Colusa Menlo
Arch Arch
Bret Bret
Mabel Mabel
