AZ DT BS DD AF DF BE DF DB BU CJ BU BO AH AV BP BT AL BD BQ BD CG CP DV CD DV BK DQ AI AR AX BM AO AS AO CY DO CY CT CR CZ CV DM BX AJ AN AT CC DG BL DL CK AK AA BW DC AE CO BI DA CL DA BJ DI CN AU AZ
49
DO DO
DL DL
CZ CZ
DB DB
BJ BJ
AE AE
AH AH
CN CN
BI BI
AS AS
DD DD
BX BX
DC DC
AR AR
BE BE
CP CP
BQ BQ
AV AV
CL CL
BW BW
CC CC
BU BU
AJ DE AJ
DQ DQ
AF AF
AX AX
CT CT
CR CR
CD CD
BL BL
CV CV
CO CO
BS BS
CG CG
AA AA
AO AO
AN AN
DM DM
AL AL
BO BO
CY CY
DT DT
CK CK
BP BP
BK BK
AI AI
DV DV
CJ CJ
BD BD
