FD AU BG DI GP DF GA CL GQ FP EL FP BE EJ DC BC DZ DM DU FG CA GH AC BV AC FU CK CG CM BT CM HH GK DP BO GN BA CN CB CC FV EN DA ER DN EZ FY HM FN HM FO EK CO EG BF DV HC FJ EX FQ FS GX GS AV EQ AT GD ES FI EM HO BK DQ CE AX AJ DB HP CI GF CW FM HF GC FA BQ EW GM ET FR GZ FT HN DK AD BZ AK HR FX EO ED DH ED GR FB CT BM HN EY AM EA GO AF AG DE AW HD HB CZ AR FD CU EF EE HH AZ BN DI FD
89
GK GK
GR GR
EW EW
BF BF
GS GS
BN BN
FV FV CF EN
EY EY
DC DC
GF GF
DZ DZ
AK AK
CT CT
BM BM
EX EX
GP GP
ET ET
DH DH
DU DU
GN GN
AM AM
EJ EJ
HF HF
DQ DQ
GO GO
GZ GZ
FJ FJ
DE DE
HP HP
BO BO
EG EG
CU CU
FO FO EK
EO EO
CG CG
EE EE
GD GD CS
FN FN
HR HR
GA GA
BQ BQ
EL EL FP
BG BG
DB DB
DK AD DK
HO HO
AT AT
HB HB
FR FR
BE BE
EZ EZ FY
DM DM
BK BK
GX GX
GQ BC GQ
AX AX
CA CA
FI FI
CB CB
HH HH
AW AW HD
DN DN
BV BV
FT FT
AG AG
CC CC
DI DI
FM FM
AF AF
CI CI
AZ AZ
BZ BZ
BA BA
FS FS
HC HC
AV AV EM
DA DA ER
CK CK
AJ AJ
DP DP
ES ES
AU AU
CL CL
GC GC
CW CW
FU FU
CO CO
BT BT
DF DF
