186 198 104 30 14 190 45 138 140 61 188 107 168 174 134 74 33 144 35 195 108 67 128 157 156 143 97 178 70 89 121 194 86 49 162 150 17 11 19 29 90 5 2 183 79 196 22 177 32 71 186
49
30 30 136
198 198 172
45 45
14 14
104 104
138 138
190 190
140 140
61 61
107 107
188 188
168 168
134 134
174 174
74 74
33 33
144 144
35 35
195 195
128 128
108 108
156 156
143 143
67 67
157 157
178 178
97 97
70 70
89 89
194 194
121 121
86 86
49 49
162 162
150 150
11 11
17 17
19 19
29 29
90 90
5 5
183 183
79 79
2 2
196 196
22 22
177 177
71 71
32 32
