Cleresmith Whitby Bothensborough Chippingwood Sodmersmith Chedlake Ketterwold Milditch Wydon Edgney Basfield Whitseyborough Todderworth Warrerbage Durblechester Dribbasborne Hanworth Ellingey Sunderbrough Chillerlow Eggerrensling Hannerworth Waltcombe Dribbinggrove Pendrenslake Cheddlesport Pendton Elfield Warblesdown Wolvingrethorne Cammingbury Soddenreey Blanden Egwood Skelcastle Cannerrebeck Ciside Hartrenslow Cammenenwich Enderavon Pemhampton Reddenwell Suddlebrough Pendingstoke Stainsdenwold Reddentree Ashworth Cannenringwell Elmsbrook Chilcompcester Hanscombe Watchmanshead Shrivden Chippenden Camsdenden Rockhead Bootworth Dribbingenborne Dribside Wendlemerford Hamditch Wetley Hamditch Wendlemerford Dribside Dribbingenborne Bootworth Rockhead Camsdenden Chippenden Watchmanshead Hanscombe Chilcompcester Elmsbrook Cannenringwell Ashworth Stainsdenwold Pendingstoke Suddlebrough Reddenwell Pemhampton Enderavon Hartrenslow Ciside Cannerrebeck Skelcastle Egwood Blanden Cammingbury Wolvingrethorne Warblesdown Elfield Pendton Cheddlesport Dribbinggrove Waltcombe Hannerworth Eggerrensling Chillerlow Sunderbrough Hanworth Dribbasborne Durblechester Warrerbage Todderworth Whitseyborough Edgney Wydon Milditch Ketterwold Chedlake Sodmersmith Bothensborough Whitby Cleresmith
25
Chippingwood Warringwood Chippingwood
Wetley Ribney Wetley
Soddenreey Soddenreey
Reddentree Reddentree
Ellingey Ellingey
Shrivden Shrivden
Basfield Basfield
Pendrenslake Pendrenslake
Cammenenwich Cammenenwich
Bootworth Bootworth
Ketterwold Ketterwold
Elfield Elfield
Skelcastle Skelcastle
Chilcompcester Chilcompcester
Milditch Milditch
Warrerbage Warrerbage
Durblechester Durblechester
Eggerrensling Eggerrensling
Hannerworth Hannerworth
Warblesdown Warblesdown
Cannerrebeck Cannerrebeck
Reddenwell Reddenwell
Suddlebrough Suddlebrough
Elmsbrook Elmsbrook
Rockhead Rockhead
