Warfield Chilbury Brackcompwang Chelmstanwell Hammerringey Skelling Suddleborne Cammerrensmoor Wyborne Cambingstoke Suddlecombe Ellingreham Suddlecombe Ashfield Millendon Windling Dribblewick Skellingden Barndberbrough Worhall Dribbingworth Leatherbleside Ketsmith Pendingbrook Suddlecastle Pendingbrook Ketsmith Whitchester Siringwang Chedtree Burglebrough Sudsmith Elmansham Chedderrenswich Cannerthorne Tipwick Ashborne Hannenmanswick Hamsling Soddlewick Falport Pendlewood Falport Botherseyworth Falport Cicombe Todtree Cannerthorne Stainbrough Ciditch Northall Ciditch Stainbrough Fulbourne Southbasport Elcompbridge Chiphead Elcompbridge Burglebrough Chedtree Suddleover Chedtree Burglebrough Emmerdown Bastleseyham Horndlecompside Ashfield Ketport Ashfield Suddlecombe Basringney Suddlecombe Chippingsted Suddlecombe Horstlescompstoke Bothingney Worberbrook Dartseyworth Chedderrenswich Cannerthorne Warfield
49
Pendlewood Pendlewood
Worberbrook Worberbrook
Brackcompwang Brackcompwang
Millendon Millendon
Elmansham Elmansham
Leatherbleside Leatherbleside
Chiphead Chiphead
Basringney Basringney
Tipwick Ashborne Tipwick
Bastleseyham Bastleseyham
Ketport Ketport
Suddleover Suddleover
Northall Northall
Chippingsted Chippingsted
Suddleborne Suddleborne
Hammerringey Hammerringey
Whitchester Whitchester
Skellingden Skellingden
Cambingstoke Cambingstoke
Cicombe Cicombe
Horstlescompstoke Horstlescompstoke
Skelling Skelling
Botherseyworth Botherseyworth
Worhall Worhall
Soddlewick Soddlewick
Sudsmith Sudsmith
Siringwang Siringwang
Warfield Warfield
Chedderrenswich Chedderrenswich
Southbasport Southbasport
Ashfield Ashfield
Todtree Todtree
Ellingreham Ellingreham
Barndberbrough Barndberbrough
Cammerrensmoor Cammerrensmoor
Windling Windling
Falport Falport
Chelmstanwell Chelmstanwell
Dribbingworth Dribbingworth
Stainbrough Stainbrough
Suddlecastle Suddlecastle
Hamsling Hamsling
Burglebrough Burglebrough
Chilbury Chilbury
Wyborne Wyborne
Chedtree Chedtree
Pendingbrook Pendingbrook
Hannenmanswick Hannenmanswick
Suddlecombe Suddlecombe
