Whitgrove Sodberling Ellerbridge Boothingchester Wycastle Bootwick Tippingbage Watchlake Ketchester Watchlake Tippendham Emmerley Bastlebury Rothendcombe Dribwold Reddingtree Eley Reddingtree Stapbrough Worford Rotherlow Worford Falderseythorne Durbrook Wychchester Prestwick Egmerhampton Suddenmoor Staincombe Waltbeck Cannerthorne Elside Wetsmith Warsmith Falderbrough Marlbrook Shafthead Sundlethorne Abgleham Siavon Horsnell Candleswick Endleshall Melwood Endleshall Candleswick Skellingover Warsmith Horstleover Toddenmerbrough Endingnell Toddenmerbrough Casbrook Redcombe Hampingcastle Basditch Hampingworth Worhall Reddendeney Worhall Hannersmith Shaftborough Ribberrenston Southmere Egsted Wethampton Faldenhall Rothingcombe Milthorne Whitringlake Botbeck Sundendford Chedworth Suddingover Ellerbridge Worrenberwang Bothenhall Sodport Skelberden Hamscombe Alfmere Leatherport Cireport Egbeck Skellenshot Cihead Skellenshot Wychcompwold Sirenshall Hampingbascombe Wetwick Ketnell Toddenmoor Ketnell Chelmdenmoor Bothenton Shaftmoor Farnditch Abglewold Southbury Bassinghead Nortwell Marlcester Nortwell Todhampton Clereennell Bromstanham Ribbenhall Boothingmanstree Edgwich Enderbeck Sifield Abcester Shaftwick Dartden Cirerham Wolley Elfield Falworth Dribblecombe Bursmith Worberney Tippenbrook Sundlethorne Fullensborne Blansbrook Hamwold Wendleringdown Stainbrough Worford Falderseythorne Penby Hamborne Burlake Endleberey Burlake Tipstoke Penddenchester Botbage Bursted Watchlake Farndlesover Watchlake Ketchester Staplow Ketnell Siey Worhall Hannersmith Dribberham Wychcompwold Boothingchester Ellerbridge Sodberling Whitgrove
97
Reddendeney Reddendeney
Casbrook Casbrook
Nortwell Nortwell
Cihead Cihead
Hamwold Hamwold
Farndlesover Farndlesover
Staplow Staplow
Wetwick Wetwick
Falworth Falworth
Dribberham Dribberham
Farnditch Farnditch
Eley Eley
Tippenbrook Tippenbrook
Clereennell Clereennell
Worrenberwang Worrenberwang
Sodport Sodport
Alfmere Alfmere
Wethampton Wethampton
Dribblecombe Dribblecombe
Siavon Siavon
Wolley Wolley
Penby Penby
Sifield Sifield
Boothingmanstree Boothingmanstree
Wendleringdown Wendleringdown
Siey Siey
Todhampton Todhampton
Tippingbage Tippingbage
Tipstoke Tipstoke
Skellingover Skellingover
Endleberey Endleberey
Southbury Southbury
Milthorne Milthorne
Bursmith Bursmith
Waltbeck Waltbeck
Wychcompwold Wychcompwold
Endingnell Endingnell
Blansbrook Blansbrook
Suddingover Suddingover
Bothenton Bothenton
Rothendcombe Rothendcombe
Redcombe Redcombe
Horstleover Horstleover
Tippendham Tippendham
Hampingbascombe Hampingbascombe
Sundendford Chedworth Sundendford
Egsted Egsted
Egmerhampton Egmerhampton
Toddenmoor Ketnell Toddenmoor
Leatherport Leatherport
Marlbrook Marlbrook
Bothenhall Bothenhall
Rotherlow Rotherlow
Dartden Dartden
Staincombe Staincombe
Marlcester Marlcester
Shaftborough Shaftborough
Bootwick Bootwick
Hampingworth Hampingworth
Skelberden Skelberden
Wetsmith Wetsmith
Enderbeck Enderbeck
Melwood Melwood
Sodberling Sodberling
Basditch Basditch
Sundlethorne Sundlethorne
Falderseythorne Falderseythorne
Ribberrenston Ribberrenston
Prestwick Prestwick
Stapbrough Stapbrough
Emmerley Emmerley
Skellenshot Skellenshot
Ketchester Ketchester Watchlake
Bromstanham Bromstanham
Whitringlake Whitringlake
Rothingcombe Rothingcombe
Abglewold Abglewold
Faldenhall Faldenhall
Whitgrove Whitgrove
Southmere Southmere
Bastlebury Bastlebury
Hampingcastle Hampingcastle
Durbrook Durbrook
Suddenmoor Suddenmoor
Botbeck Botbeck
Wycastle Wycastle
Wychchester Wychchester
Horsnell Horsnell
Cannerthorne Cannerthorne
Abcester Abcester
Worhall Worhall
Candleswick Candleswick
Abgleham Abgleham
Worford Worford
Sirenshall Sirenshall
Ellerbridge Ellerbridge
Elside Elside
