0 15 30 45 31 46 31 47 63 48 33 18 3 4 5 6 7 8 23 24 9 10 25 40 54 53 68 52 36 50 36 51 36 50 65 80 95 110 95 111 95 80 81 82 83 84 99 98 99 84 85 70 71 56 41 55 41 57 73 58 43 28 12 13 12 11 10 9 8 7 6 5 20 35 20 5 4 19 34 19 18 17 16 0 15 30 45 60 75 76 77 78 79 94 93 108 123 124 109 94 93 92 91 107 122 106 120 106 121 106 90 105 90 75 76 77 78 79 80 81 82 83 84 85 100 115 100 116 100 85 86 87 88 87 103 104 119 104 103 87 86 85 84 83 82 81 80 65 64 62 48 33 17 16 0
57
7 7
116 116
120 106 120
111 111
119 119
57 57
109 109
47 47
34 34
83 83
13 13
52 52
76 76
0 0
88 88
40 40
71 71
124 124
110 95 110
115 100 115
18 18
28 28
35 35
46 46
50 50
70 70
103 103
108 108
122 122
55 55
98 98
105 105
10 10
23 23
30 30
63 63
68 68
73 73
78 78
80 80
5 5
8 8
51 51
56 56
85 85
93 93
121 121
3 3
15 15
20 20
25 25
31 31
36 36
41 41
45 45
75 75
90 90
