0 49 154 116 32 75 116 6 38 153 110 44 67 47 67 96 95 29 119 117 167 9 35 138 35 164 24 77 182 92 108 102 108 120 54 185 27 185 18 62 50 157 70 155 28 103 170 146 136 91 19 85 99 85 160 145 161 163 194 76 139 63 74 126 111 51 111 149 111 22 118 48 199 186 180 26 176 26 196 179 8 166 8 39 151 82 81 78 12 10 133 125 168 156 141 4 14 83 60 104 97 36 73 184 128 134 191 137 191 127 109 42 159 87 130 20 121 197 186 193 178 106 175 17 118 64 58 64 118 31 190 135 69 12 25 159 143 65 173 89 101 79 164 15 189 98 188 0
97
103 103
104 104
179 179
95 95
89 89
25 25
79 79
120 120
125 125
121 121
130 130
85 85
137 137
178 178
36 36
117 117
69 69
64 64
70 70
10 100 10
42 42
184 184
38 38
139 139
126 126
87 87
175 175
44 44
49 49
199 199
151 151
102 102
98 98
119 119
83 83
27 27
197 197
146 146
65 65
78 78
194 194
166 166
176 176
155 155
138 138
156 156
18 18
50 50
134 134
145 145
47 47
109 109
20 20
63 63
22 22
31 31
58 58
12 12
173 173
4 4
24 24
180 180
182 182
75 75
9 9
17 17
193 193
133 133
106 106
28 28
6 6
196 196
160 160
48 48
96 96
186 186
26 26
74 74
81 81
157 157
14 14
149 149
77 77
91 91
159 159
163 163
170 170
128 128
19 19
168 168
32 116 32
39 39
99 99
67 67
185 185
108 108
51 111 51
