SantaClarita Carrollton Lubbock Concord Victorville GardenGrove Victorville Shreveport Huntsville Thornton Midland Thornton Beaumont NewportNews Thornton Yonkers Memphis Wichita Peoria Allentown Pomona Stockton Indianapolis Austin PembrokePines Frisco LexingtonFa SanDiego StLouis SanDiego Waco SanDiego Stamford Berkeley Akron Chandler Paterson SanDiego LongBeach Hartford Boston Ontario Omaha Ontario LouisvilleJefferson WestValleyCity Washington RanchoCucamonga Brownsville Orlando LosAngeles OklahomaCity StPetersburg Newark Alexandria Worcester Garland Alexandria Bellevue Scottsdale SiouxFalls Independence Fayetteville Davidson Milwaukee Lafayette RanchoCucamonga Lancaster Surprise Sunnyvale Visalia Portland Henderson SanDiego Lubbock Carrollton SantaClarita
49
Washington Washington
Shreveport Shreveport
Paterson Paterson
SiouxFalls SiouxFalls
Pomona Pomona
Henderson Henderson
Waco Waco
Stamford Stamford
Lafayette Lafayette
LongBeach LongBeach
StLouis StLouis
Visalia Visalia
Concord Concord
Yonkers Yonkers
Surprise Surprise
LexingtonFa LexingtonFa
Bellevue Bellevue
GardenGrove GardenGrove
NewportNews NewportNews
Boston Boston
LouisvilleJefferson LouisvilleJefferson
PembrokePines PembrokePines
Wichita Wichita
StPetersburg StPetersburg
Midland Midland
Fayetteville Fayetteville
Garland Garland
Carrollton Carrollton
Scottsdale Scottsdale
Victorville Victorville
Omaha Omaha
Brownsville Brownsville
Indianapolis Indianapolis
RanchoCucamonga RanchoCucamonga
Hartford Hartford
Huntsville Huntsville
Newark Newark
LosAngeles OklahomaCity LosAngeles
Independence Independence
WestValleyCity WestValleyCity
Alexandria Alexandria
Austin Austin
Sunnyvale Sunnyvale
Stockton Stockton
Ontario Ontario
Allentown Allentown
Orlando Orlando
Beaumont Beaumont
Worcester Worcester
