Plano SantaClara Rockford Riverside SantaClara Irving Pasadena MorenoValley Norman Sunnyvale Warren SanFrancisco Rochester OklahomaCity Cary LasVegas Miami Cincinnati Tallahassee Hampton Olathe Irvine LittleRock HuntingtonBeach Mobile Hartford Dallas Worcester Mesquite Joliet Thornton Anchorage Salinas GardenGrove CedarRapids SanAntonio NewHaven Davidson Houston Pomona Spokane CorpusChristi SantaClarita Fremont Madison Knoxville SanBernardino Knoxville Brownsville Corona Surprise NewOrleans AugustaRichmond HuntingtonBeach SimiValley HuntingtonBeach Greensboro Salinas Chicago Denton Raleigh Glendale Tampa Laredo SantaRosa SiouxFalls FortCollins Allentown Killeen Allentown Stamford Glasses Hollywood Escondido Akron Fontana SanJose LosAngeles Lancaster Torrance Elizabeth Anaheim JerseyCity Pikachu Lafayette Huntsville Omaha Garland Omaha Ontario Waco WinstonSalem Hayward Denver Cleveland Oxnard Atlanta Beaumont Vancouver Beaumont Montgomery Memphis Mesa OWO Memphis Charleston Chesapeake Wichita PembrokePines Lincoln AnnArbor StLouis AnnArbor FortLauderdale Norfolk Reno Tulsa SantaRosa McAllen GrandPrairie Portland Tampa ThousandOaks Hialeah Springfield Salinas Vallejo Clyde Cary Amarillo SantaClara Plano
97
Stamford Stamford
Rockford Rockford
SanBernardino SanBernardino
Wichita Wichita
Anchorage Anchorage
Lincoln Lincoln
AugustaRichmond AugustaRichmond
Pomona Pomona
Vancouver Vancouver
ThousandOaks ThousandOaks
Norfolk Norfolk
Greensboro Greensboro
Pikachu Pikachu
Chicago Chicago
LasVegas LasVegas
Sunnyvale Sunnyvale
Corona Corona
Davidson Davidson
Charleston Charleston
Garland Garland
SanJose SanJose
GardenGrove GardenGrove
GrandPrairie GrandPrairie
SimiValley SimiValley
Lancaster Lancaster
Cincinnati Cincinnati
Mesquite Mesquite
SiouxFalls FortCollins SiouxFalls
Warren Warren
Glendale Glendale
Huntsville Huntsville
Dallas Dallas
Hayward Hayward
Irvine Irvine
StLouis StLouis
Brownsville Brownsville
Escondido Escondido
Vallejo Vallejo
Ontario Ontario
Houston Houston
Tulsa LouisvilleJefferson Tulsa
NewHaven NewHaven
Thornton Thornton
Cary Cary
SantaClarita SantaClarita
Oxnard Atlanta Oxnard
Fremont Fremont
Anaheim Anaheim
Tampa Tampa
FortLauderdale FortLauderdale
Denton Denton
Salinas Salinas
NewOrleans NewOrleans
Lafayette Lafayette
Irving Irving
Olathe Olathe
MorenoValley MorenoValley
Montgomery Montgomery
OWO OWO
HuntingtonBeach HuntingtonBeach
Miami Miami
Killeen Killeen
Glasses Glasses
Surprise Surprise
Raleigh Raleigh
SanAntonio SanAntonio
Hampton Hampton
Waco Waco
Beaumont Beaumont
McAllen McAllen
Mesa Mesa
Omaha Omaha
Worcester Worcester
Portland Portland
Riverside Riverside
Laredo Laredo
CorpusChristi CorpusChristi
Pasadena Pasadena
Torrance Torrance
Knoxville Knoxville
Denver Denver
Hartford Hartford
Akron Akron
Hollywood Hollywood
SantaClara SantaClara
AnnArbor AnnArbor
Mobile Mobile
Memphis Memphis
SanFrancisco SanFrancisco
Elizabeth Elizabeth
Norman Norman
JerseyCity JerseyCity
Madison Madison
SantaRosa SantaRosa
Allentown Allentown
OklahomaCity OklahomaCity
LittleRock LittleRock
