0 185 23 153 115 107 155 128 28 187 65 11 87 190 21 129 47 89 19 125 50 182 135 8 160 5 17 114 17 184 72 78 52 199 59 106 177 94 17 96 17 137 43 146 163 1 133 35 3 35 157 9 130 83 15 16 116 66 188 22 74 38 145 26 167 69 176 51 164 111 57 184 122 173 175 143 152 138 178 70 175 117 14 13 102 30 197 30 81 123 193 39 56 67 172 134 172 67 2 98 89 151 31 24 48 4 9 103 9 130 88 183 100 166 108 20 108 37 101 196 18 192 113 76 33 76 42 159 141 97 27 158 41 163 154 174 119 110 80 26 12 120 12 46 84 86 182 68 92 170 71 8 135 93 22 188 0
97
8 8
93 93
84 84
71 71
68 68
120 120
51 51
31 31
59 59
134 134
18 18
0 0
141 141
4 4
33 33
80 80
152 152
13 13
183 183
167 167
116 116
174 174
100 100
74 74
193 193
98 98
42 42
70 70
157 157
52 52
56 56
69 69
86 86
158 158
43 43
20 20
177 177
47 47
164 164
81 81
101 101
130 130
133 133
114 114 154
16 16
138 138
187 187
143 143
166 166
26 26
111 111
65 65
24 24
151 151
125 125
159 159
27 27
107 107
103 103
67 67
66 66
23 23
83 83
197 197
173 173
2 2
3 3
94 94
182 182
1 1 146
39 39
21 21
160 160
102 102
137 137
96 96
89 89
184 72 184
15 15
115 115
78 78
11 11
199 199
129 129
190 190
28 28
14 14
153 153
50 50
5 5
38 38
172 172
9 9
35 35
128 128
22 22
17 17
