13 199 129 105 112 179 147 115 167 144 153 195 160 173 113 141 168 191 119 169 156 122 121 108 152 198 163 106 181 140 171 151 123 125 102 135 145 154 111 137 101 165 159 161 128 149 192 157 183 166 126 131 190 175 110 185 177 155 103 124 146 142 197 193 174 180 127 109 118 158 188 186 114 130 133 104 116 164 189 196 136 170 138 139 184 134 100 172 132 32 107 143 120 194 182 117 176 187 199 150 13
97
106 106
110 110
109 109
136 136
143 143
104 104
151 151
130 130
164 164
128 128
156 156
150 150
165 165
113 113
100 100
180 180
145 145
158 158
193 193
176 176
184 184
142 142
132 132
144 144
139 139
194 194
138 138
131 131
108 108
187 187
166 166
198 198
125 125
189 189
129 129
137 137
192 192
191 191
103 103
182 182
185 185
170 170
118 118
123 123
161 161
186 186
163 163
124 124
117 117
111 111
147 147 178
196 196
102 102
112 112
172 172
134 134
116 116 148
115 115
177 177
183 183
173 173
169 169
160 160
122 122
154 154
188 188
127 127
179 179
149 149
153 153
197 197
140 140
133 133 162
121 121
126 126
174 174
168 168
190 190
114 114
141 141
157 157
135 135
175 175
155 155
167 167
120 120
171 171
199 199
119 119
152 152
107 107
146 146
101 101
195 195
105 105
159 159
181 181
