vLeODpVlYSBeYNDYoXha uyPyJzKFqWxgSNmpkDrB zxeoSbTqbWPpSzalAtBI MlwlINEFqmyzZNPXRLJF tVzUgXVoBYxBMnkkwFmk ZbyHJLmoTqNpTnlUVJZC fPxvnMVMFwhJbNBURdgD VhDSPHxolLkNxxDnpUyx PLDOWRIeaCSVLMyDadzC VhDSPHxolLkNxxDnpUyx mevvwcZLudaokctOWvKe iBYHAWUhqeQPjphQzpdN jzQJaGLLiuQLhhyqBagr iDucfyZGMCbCQbXjbQqM CfkBzkPETvagyIDCsLTD oCvaAQKOXXWgeSNnUmae OVoYVQPnlYoZBBKtyuLk CPszTohYUHARNedzFlDK AdXveYSBaneNwCQzrdSw ruLqpYqEzGGiKysvsarb ybrQlUhznqOhsvndWAbl NAHeKyyhAObyyUEUSkSU gMqbbwopmbxmOomqZjfm gIttwvzcgONwFblnGIqq NciLXNPTvMoXdbTDZmlg QkAjrUUuVdzSMnlfJLcO gMqbbwopmbxmOomqZjfm CmbFyJmcvVqyCmJgQxeI fHcdXnOxSadpKeCUwNYm fvEcAuRDdfuHEPLNpaTz sXfgLMwoysnMazVSWnhc sdSgCnaZeeOuPKljZOSr FEqXJcVrZfnSsHEUPhnl ASXwCgVTXDdhSXJwFovC FEqXJcVrZfnSsHEUPhnl WCCOEUYmDvzZlrkDAqoi xQaDpDGAXhDYzSMnMWvb TwgqMzgExFHTIfcwfBnr cZgmtoPGHxdozTaDMiyf DWWCMAjZQQIEKOIiHFQN WmmYcOLuPvixLDMigGIN TCAkluAESUWAMGFeNcGN FcEsyaTmqpoyvbDrHjlc mevvwcZLudaokctOWvKe mlipOrSnGcxXtoXBbRyl NVEtShKeuxpaFIOiyVqE mlipOrSnGcxXtoXBbRyl mevvwcZLudaokctOWvKe VhDSPHxolLkNxxDnpUyx jwIBHKkXHTPVsOJwBOsr QQSjCkgLAWAPObYQvNsB RjKEHTlRvtaVBbyqZVAw QQSjCkgLAWAPObYQvNsB qbmGewAditsWkTFHdxjP cvlwIwajcIlbhZbyFgmq qbmGewAditsWkTFHdxjP EWpsBSEfAOWAjikCpvhc gEufXNuuWhnlbNYaoQFJ gzxzakmqbxbsOczuQVLG wRjMmrpRuknxqunJrMAE DqUxIMslnixWfmkjQTmS TqyFrXuGvuBuqnpYbjKc DqUxIMslnixWfmkjQTmS wRjMmrpRuknxqunJrMAE iBjjCWwkYToOKfrrLnny wRjMmrpRuknxqunJrMAE gzxzakmqbxbsOczuQVLG gIttwvzcgONwFblnGIqq gMqbbwopmbxmOomqZjfm UgFPXEAdAfcfHGIbNTsq vGdJmIpYPUGRspXiVLdc sBkAYRISjTYinLFSNcKW ajvbaFpYiEBJySPsSLaI fToHwimUqLsKcKLZHiUX ajvbaFpYiEBJySPsSLaI FqdjKgdpEanmCnmxJMFA TCAkluAESUWAMGFeNcGN OVoYVQPnlYoZBBKtyuLk oCvaAQKOXXWgeSNnUmae pdXCnKagnvEntNTuPHdK dyUDfEGgAoSshTRjMZZg zxeoSbTqbWPpSzalAtBI uyPyJzKFqWxgSNmpkDrB ZbyHJLmoTqNpTnlUVJZC aCucdhmWbhlrgfstQigR BXzACdzjLITNgbmDPlEu fvYrLpgzqLNOAQbahgax kOaPwvTTqhaYDvjPPZCZ LOMgYipCQQXQnRqEqRwO vLeODpVlYSBeYNDYoXha
49
tVzUgXVoBYxBMnkkwFmk tVzUgXVoBYxBMnkkwFmk
TqyFrXuGvuBuqnpYbjKc TqyFrXuGvuBuqnpYbjKc
cvlwIwajcIlbhZbyFgmq cvlwIwajcIlbhZbyFgmq
sXfgLMwoysnMazVSWnhc sXfgLMwoysnMazVSWnhc
cZgmtoPGHxdozTaDMiyf cZgmtoPGHxdozTaDMiyf
sBkAYRISjTYinLFSNcKW sBkAYRISjTYinLFSNcKW
NVEtShKeuxpaFIOiyVqE NVEtShKeuxpaFIOiyVqE
gEufXNuuWhnlbNYaoQFJ gEufXNuuWhnlbNYaoQFJ
BXzACdzjLITNgbmDPlEu BXzACdzjLITNgbmDPlEu
fToHwimUqLsKcKLZHiUX fToHwimUqLsKcKLZHiUX
ASXwCgVTXDdhSXJwFovC ASXwCgVTXDdhSXJwFovC
ruLqpYqEzGGiKysvsarb ruLqpYqEzGGiKysvsarb
PLDOWRIeaCSVLMyDadzC PLDOWRIeaCSVLMyDadzC
iBjjCWwkYToOKfrrLnny iBjjCWwkYToOKfrrLnny
dyUDfEGgAoSshTRjMZZg dyUDfEGgAoSshTRjMZZg
fHcdXnOxSadpKeCUwNYm fHcdXnOxSadpKeCUwNYm
CfkBzkPETvagyIDCsLTD iDucfyZGMCbCQbXjbQqM CfkBzkPETvagyIDCsLTD
UgFPXEAdAfcfHGIbNTsq UgFPXEAdAfcfHGIbNTsq
CPszTohYUHARNedzFlDK CPszTohYUHARNedzFlDK
RjKEHTlRvtaVBbyqZVAw RjKEHTlRvtaVBbyqZVAw
FcEsyaTmqpoyvbDrHjlc FcEsyaTmqpoyvbDrHjlc
uyPyJzKFqWxgSNmpkDrB uyPyJzKFqWxgSNmpkDrB
xQaDpDGAXhDYzSMnMWvb xQaDpDGAXhDYzSMnMWvb
jwIBHKkXHTPVsOJwBOsr jwIBHKkXHTPVsOJwBOsr
gIttwvzcgONwFblnGIqq gIttwvzcgONwFblnGIqq
jzQJaGLLiuQLhhyqBagr jzQJaGLLiuQLhhyqBagr
pdXCnKagnvEntNTuPHdK pdXCnKagnvEntNTuPHdK
fPxvnMVMFwhJbNBURdgD fPxvnMVMFwhJbNBURdgD
aCucdhmWbhlrgfstQigR aCucdhmWbhlrgfstQigR
fvEcAuRDdfuHEPLNpaTz fvEcAuRDdfuHEPLNpaTz
QkAjrUUuVdzSMnlfJLcO QkAjrUUuVdzSMnlfJLcO
TwgqMzgExFHTIfcwfBnr TwgqMzgExFHTIfcwfBnr
OVoYVQPnlYoZBBKtyuLk OVoYVQPnlYoZBBKtyuLk
DqUxIMslnixWfmkjQTmS DqUxIMslnixWfmkjQTmS
mlipOrSnGcxXtoXBbRyl mlipOrSnGcxXtoXBbRyl
NAHeKyyhAObyyUEUSkSU NAHeKyyhAObyyUEUSkSU
gzxzakmqbxbsOczuQVLG gzxzakmqbxbsOczuQVLG
DWWCMAjZQQIEKOIiHFQN DWWCMAjZQQIEKOIiHFQN
ybrQlUhznqOhsvndWAbl ybrQlUhznqOhsvndWAbl
iBYHAWUhqeQPjphQzpdN iBYHAWUhqeQPjphQzpdN
zxeoSbTqbWPpSzalAtBI zxeoSbTqbWPpSzalAtBI
AdXveYSBaneNwCQzrdSw AdXveYSBaneNwCQzrdSw
CmbFyJmcvVqyCmJgQxeI CmbFyJmcvVqyCmJgQxeI
NciLXNPTvMoXdbTDZmlg NciLXNPTvMoXdbTDZmlg
QQSjCkgLAWAPObYQvNsB QQSjCkgLAWAPObYQvNsB
VhDSPHxolLkNxxDnpUyx VhDSPHxolLkNxxDnpUyx
WCCOEUYmDvzZlrkDAqoi WCCOEUYmDvzZlrkDAqoi
MlwlINEFqmyzZNPXRLJF MlwlINEFqmyzZNPXRLJF
gMqbbwopmbxmOomqZjfm gMqbbwopmbxmOomqZjfm
