wNqlpYNsRbJEgiGpKxrU lbWonvEbeplndKguSTkk igyeOiSdezmmXGTwMzLw KcrnMnFDTrBKaUaGpdLY fpoTaBKmVdlDCxFwCFoz FWnudSYFvYQJHehOpEKf YTwycpmzEWCqqTELtzXc ANDviqMIuFwdcboQDprt juzxSpUVuccJUMBOcJjO EEeDJaHeajXXlwYcHTeJ MBJqOYmxhUYbldNVEdRy QePOUWiXcAUCoHETxuGS xgBrJmdXVwtxgRuCBhMe NJZlnWyeJFrkOwoqHKtT shugRMnaHVqQSmKaNBgu wvSJDoqoPGAkYgSuPFPw QeYNNLpZMBxyiFbZMPFY zNRhhVdMWUgTnnqmAfeY syonLisTOSczosCwoILE aIuYyryCOUGVeCAqbqkg gcXUxTVUZWsOwtRNeDDa imEmCMbYEtZJJkwxkSDD xlbpuxAjoVPJWPCWBEkJ eOfnBeTgmYCNEnRUhlEK QyXpliHSeQOPIsurIcpa DpztIuGTRpGuLsdlODJw yRQdlZBUBAPypebnrlAH DZEpVGVXkxHljziwItaS ADVVlRLpnspleRTgeTdu ndaHivGVVtIUvLiyUWcm ZauPfhkpsGmhbvkhkltR SiOEBWtHUiopSvDVOkjb RlHeRhvUOhGhZVGGJuED gFUGYXSirCYiFTivWNah erZKLqpCZsYKDnOCaBGq NIJaJxCurulNUdZZMxFk edlAtPQdNXJQPCIzpkyX wlySPverjehsBxldyigf pzrGQEObzJGPnfATEYDc hLaNXBYgTzgUhvjmqUTu jUSlIFtitQxyvVLJjiCc scpUkbcaYSAsHhSktebT qfRRtdRbhYJBARMfPlZM eobSFtKBbBdcVrTOREdK UIlSMnVKIdNiXZNSiHsI fgzJCwocQniGlXAZHJId cinQsEbBpQAHgGdjBxaK kwPuYZgJgVVJfdBGUtPw mgNeYYUOPKpLeiVEFIXd NtyLZDOaSczVvOGdocUp NYdfLxXxFVvLEbDKzXWn igyeOiSdezmmXGTwMzLw oKAKfpUUuLItChLyByFh IvXQutSorlqOgnSVAIUd JvFxbsySBAiFiOUrzrBi wuSVWJYvpiWaQAHXocSG cMYyKTXGNKnFzrpwnXUl vTbNxpVTEoFlSjvvVvfG zHPSSEtFTQIbLYMdHqgP pMOSpTzPTPLXHLOQMjnt oLMkSrYLQRLHmPiuLCTC pMOSpTzPTPLXHLOQMjnt XPPBMlNyfVVeZGIzTCEW jUSlIFtitQxyvVLJjiCc bFmSeBrfNuxjYPUDCLYq TEPaiCedHTXapLxoBXMp oHoxoLeyDYnKZDzgMtxI NzDQJknJPDEkcwCHzzbF EmbDgEECbkHbfAfHCgwB ihxEqMQIIvyQmtrtMjeO aGPbLNWYAMujnfHCTCMo kyApsCeFkLoLFCdkazaE scpUkbcaYSAsHhSktebT JVONrXhhmtFWhFfDiOXW VIPPawblKbhOVWrmrWBx iVjkcMenotYGMFEBTvoa gFUGYXSirCYiFTivWNah ayQgUwyRuQVKeyFLPNbQ ZXihCBEQBTdisqSlEMsj FaWIqatYRYVcXfVhAFRN bEfUXCTlwRBndElSbPGf UIlSMnVKIdNiXZNSiHsI yscsUFTNNyaVMKBztBdV EhDFVLWZueLOrdjEOzEQ yscsUFTNNyaVMKBztBdV VRpSthoDcomqMDsGoVql nCedHqGgdWAicwyuYWpg nreoVgWrBhNXFZgTBlXO QjbdwbUnopENkiNyqirZ WMWBpOSnHGywZjCgaYyY XtZHoAxqEyzvMChzPHpN CbGuHgZfQMmSOfHDFJnK qoaNjvaRghiMQXaVEoQe joWAhkfNqIEECnBeulGl oZXYedlbtBLmkfoVmgta svUOWvTJLneAqJGnExpc eiLPqIroFfCGzqSAlzAp ccdJRKiTXwIErdhSIxfh qoaNjvaRghiMQXaVEoQe kqcEdfKLaRzxOhAIzchh jznspKyqlmxZtgfQUJVB UdSbtwxTqTJxOiUoxEqw XvUPApTFkqaSSizYsCIr GMxGouyyndiUBMqMdOoc UIlSMnVKIdNiXZNSiHsI CvZkdIYtdeDHtwufupie NPSPGRTNRcKKVpsBRSwh CvZkdIYtdeDHtwufupie szyiMlKhtyOynWjcoMsm HeWrJOKsDjgdrcamgZLN uUKZHvHmBrpBHjYWNaUL wfEFdNDcColoskjTjcLm uUKZHvHmBrpBHjYWNaUL ZwvojvRdUOYNJXIwAqgC eCBFrcppbiLzdGQubocl SitzoubgYFeTjmkLjVPz wlySPverjehsBxldyigf edlAtPQdNXJQPCIzpkyX lSJjEsqamUCgRZdCmdyI zXRivKrJPjQVqVwiULGz QePOUWiXcAUCoHETxuGS gDYKDrbERUXTnCayjBrC QePOUWiXcAUCoHETxuGS wfEFdNDcColoskjTjcLm lIpVoDPUIfHCPpjswogJ cwgJAHVpCCTmuckJkncL lIpVoDPUIfHCPpjswogJ lbWonvEbeplndKguSTkk wNqlpYNsRbJEgiGpKxrU
89
syonLisTOSczosCwoILE syonLisTOSczosCwoILE CvZkdIYtdeDHtwufupie
gDYKDrbERUXTnCayjBrC gDYKDrbERUXTnCayjBrC
JVONrXhhmtFWhFfDiOXW JVONrXhhmtFWhFfDiOXW
XtZHoAxqEyzvMChzPHpN XtZHoAxqEyzvMChzPHpN
SitzoubgYFeTjmkLjVPz SitzoubgYFeTjmkLjVPz
eiLPqIroFfCGzqSAlzAp eiLPqIroFfCGzqSAlzAp
wuSVWJYvpiWaQAHXocSG wuSVWJYvpiWaQAHXocSG
NYdfLxXxFVvLEbDKzXWn NYdfLxXxFVvLEbDKzXWn
aGPbLNWYAMujnfHCTCMo aGPbLNWYAMujnfHCTCMo
pzrGQEObzJGPnfATEYDc pzrGQEObzJGPnfATEYDc
bFmSeBrfNuxjYPUDCLYq bFmSeBrfNuxjYPUDCLYq
ayQgUwyRuQVKeyFLPNbQ ayQgUwyRuQVKeyFLPNbQ
UdSbtwxTqTJxOiUoxEqw UdSbtwxTqTJxOiUoxEqw
QeYNNLpZMBxyiFbZMPFY QeYNNLpZMBxyiFbZMPFY
pMOSpTzPTPLXHLOQMjnt pMOSpTzPTPLXHLOQMjnt
GMxGouyyndiUBMqMdOoc GMxGouyyndiUBMqMdOoc
ZwvojvRdUOYNJXIwAqgC ZwvojvRdUOYNJXIwAqgC
wfEFdNDcColoskjTjcLm wfEFdNDcColoskjTjcLm
oKAKfpUUuLItChLyByFh oKAKfpUUuLItChLyByFh
DZEpVGVXkxHljziwItaS DZEpVGVXkxHljziwItaS
eobSFtKBbBdcVrTOREdK eobSFtKBbBdcVrTOREdK
vTbNxpVTEoFlSjvvVvfG vTbNxpVTEoFlSjvvVvfG
yscsUFTNNyaVMKBztBdV yscsUFTNNyaVMKBztBdV
fpoTaBKmVdlDCxFwCFoz fpoTaBKmVdlDCxFwCFoz
juzxSpUVuccJUMBOcJjO juzxSpUVuccJUMBOcJjO
ZauPfhkpsGmhbvkhkltR ZauPfhkpsGmhbvkhkltR
oZXYedlbtBLmkfoVmgta oZXYedlbtBLmkfoVmgta
XvUPApTFkqaSSizYsCIr XvUPApTFkqaSSizYsCIr
NIJaJxCurulNUdZZMxFk NIJaJxCurulNUdZZMxFk
EmbDgEECbkHbfAfHCgwB EmbDgEECbkHbfAfHCgwB
bEfUXCTlwRBndElSbPGf bEfUXCTlwRBndElSbPGf
CbGuHgZfQMmSOfHDFJnK CbGuHgZfQMmSOfHDFJnK
NPSPGRTNRcKKVpsBRSwh NPSPGRTNRcKKVpsBRSwh
WMWBpOSnHGywZjCgaYyY WMWBpOSnHGywZjCgaYyY
mgNeYYUOPKpLeiVEFIXd mgNeYYUOPKpLeiVEFIXd
ccdJRKiTXwIErdhSIxfh ccdJRKiTXwIErdhSIxfh
gcXUxTVUZWsOwtRNeDDa gcXUxTVUZWsOwtRNeDDa
xlbpuxAjoVPJWPCWBEkJ xlbpuxAjoVPJWPCWBEkJ
cwgJAHVpCCTmuckJkncL cwgJAHVpCCTmuckJkncL
oHoxoLeyDYnKZDzgMtxI oHoxoLeyDYnKZDzgMtxI
szyiMlKhtyOynWjcoMsm szyiMlKhtyOynWjcoMsm
shugRMnaHVqQSmKaNBgu efZntVbfQTvIUOiRNPSH IvXQutSorlqOgnSVAIUd shugRMnaHVqQSmKaNBgu
hLaNXBYgTzgUhvjmqUTu hLaNXBYgTzgUhvjmqUTu
nreoVgWrBhNXFZgTBlXO nreoVgWrBhNXFZgTBlXO
TEPaiCedHTXapLxoBXMp TEPaiCedHTXapLxoBXMp
ZXihCBEQBTdisqSlEMsj ZXihCBEQBTdisqSlEMsj
QePOUWiXcAUCoHETxuGS QePOUWiXcAUCoHETxuGS
fgzJCwocQniGlXAZHJId vIbIQYXZnmYrooTLYNtu UIlSMnVKIdNiXZNSiHsI fgzJCwocQniGlXAZHJId
XPPBMlNyfVVeZGIzTCEW XPPBMlNyfVVeZGIzTCEW
VRpSthoDcomqMDsGoVql VRpSthoDcomqMDsGoVql
edlAtPQdNXJQPCIzpkyX edlAtPQdNXJQPCIzpkyX
EhDFVLWZueLOrdjEOzEQ EhDFVLWZueLOrdjEOzEQ
zHPSSEtFTQIbLYMdHqgP zHPSSEtFTQIbLYMdHqgP
lSJjEsqamUCgRZdCmdyI lSJjEsqamUCgRZdCmdyI
DpztIuGTRpGuLsdlODJw DpztIuGTRpGuLsdlODJw QyXpliHSeQOPIsurIcpa
erZKLqpCZsYKDnOCaBGq erZKLqpCZsYKDnOCaBGq
JvFxbsySBAiFiOUrzrBi JvFxbsySBAiFiOUrzrBi
kyApsCeFkLoLFCdkazaE kyApsCeFkLoLFCdkazaE
nCedHqGgdWAicwyuYWpg nCedHqGgdWAicwyuYWpg
oLMkSrYLQRLHmPiuLCTC oLMkSrYLQRLHmPiuLCTC
svUOWvTJLneAqJGnExpc svUOWvTJLneAqJGnExpc
VIPPawblKbhOVWrmrWBx VIPPawblKbhOVWrmrWBx
xgBrJmdXVwtxgRuCBhMe xgBrJmdXVwtxgRuCBhMe
eOfnBeTgmYCNEnRUhlEK eOfnBeTgmYCNEnRUhlEK
joWAhkfNqIEECnBeulGl joWAhkfNqIEECnBeulGl
NtyLZDOaSczVvOGdocUp NtyLZDOaSczVvOGdocUp
kqcEdfKLaRzxOhAIzchh kqcEdfKLaRzxOhAIzchh
kwPuYZgJgVVJfdBGUtPw kwPuYZgJgVVJfdBGUtPw HeWrJOKsDjgdrcamgZLN
jznspKyqlmxZtgfQUJVB jznspKyqlmxZtgfQUJVB
ihxEqMQIIvyQmtrtMjeO ihxEqMQIIvyQmtrtMjeO
wlySPverjehsBxldyigf wlySPverjehsBxldyigf
qfRRtdRbhYJBARMfPlZM qfRRtdRbhYJBARMfPlZM
jUSlIFtitQxyvVLJjiCc jUSlIFtitQxyvVLJjiCc
RlHeRhvUOhGhZVGGJuED RlHeRhvUOhGhZVGGJuED
zNRhhVdMWUgTnnqmAfeY zNRhhVdMWUgTnnqmAfeY
KcrnMnFDTrBKaUaGpdLY KcrnMnFDTrBKaUaGpdLY
imEmCMbYEtZJJkwxkSDD imEmCMbYEtZJJkwxkSDD
aIuYyryCOUGVeCAqbqkg aIuYyryCOUGVeCAqbqkg
igyeOiSdezmmXGTwMzLw igyeOiSdezmmXGTwMzLw lbWonvEbeplndKguSTkk
MBJqOYmxhUYbldNVEdRy NzDQJknJPDEkcwCHzzbF EEeDJaHeajXXlwYcHTeJ MBJqOYmxhUYbldNVEdRy PZwTcKCPsEmpxetNZvef
ADVVlRLpnspleRTgeTdu ADVVlRLpnspleRTgeTdu
cMYyKTXGNKnFzrpwnXUl cMYyKTXGNKnFzrpwnXUl
YTwycpmzEWCqqTELtzXc YTwycpmzEWCqqTELtzXc
QjbdwbUnopENkiNyqirZ QjbdwbUnopENkiNyqirZ
FWnudSYFvYQJHehOpEKf FWnudSYFvYQJHehOpEKf
ANDviqMIuFwdcboQDprt ANDviqMIuFwdcboQDprt
wvSJDoqoPGAkYgSuPFPw wvSJDoqoPGAkYgSuPFPw
NJZlnWyeJFrkOwoqHKtT NJZlnWyeJFrkOwoqHKtT
scpUkbcaYSAsHhSktebT scpUkbcaYSAsHhSktebT
