A B hC B hJ hI hJ N hO hP hO N T hS hR hS T AB hAA AB AK hAL AM hAN AM hAL AK hAR BA hAZ BA BB hBC BD hBE BD hBC BB BA BL BU hBT hBS hBR hBS hBT BU BV BW hBX BW BV BU CA CE hCD CE hCF CE hCG CE CA BU BL BK BJ BI BH hBG BH BI BJ BK BL BM BN BO BP hBQ BP BO BN BM BL BA hAR AK AJ AI hAH AI AJ AK AB T U hV hW hV U T N hJ B A
25
hI hI
hBG hBG
hBE hBE
hBQ hBQ
hBR hBR hBS
hAH hAH
hW hW
hAN hAN
hBX hBX
hCD hCD
hR hR
hAZ hAZ
hP hP
hAA hAA
hC hC
hAL hAL
hAR hAR
hBC hBC
hBT hBT
hCF hCF
hCG hCG
hJ hJ
hO hO
hV hV
hS hS
