0 58 52 3 97 27 38 84 90 12 63 51 22 49 53 62 9 72 66 82 94 75 20 93 23 8 43 83 1 48 37 16 80 41 45 50 33 18 26 6 28 47 61 35 70 60 44 96 56 54 10 57 78 89 100 73 85 7 46 25 98 99 65 31 32 42 17 88 92 59 67 74 34 11 64 81 76 13 2 68 86 4 14 55 30 15 95 39 29 36 19 91 40 24 87 79 21 5 0
97
7 7
36 36
30 30
61 61
97 97
83 83
56 56
93 77 93
6 6
10 10 69
48 48
91 91
95 95
12 12
87 87
41 41
11 11
32 32
88 88
22 22
44 44
89 89
55 55
70 70
84 84
29 29
14 14
73 73
82 82
98 98
13 13
40 40 71
50 50
62 62
79 79
75 75
74 74
8 8
59 59
86 86
16 16
52 52
99 99
2 2
31 31
34 34
72 72
78 78
5 5
37 37
58 58
64 64
81 81
9 9
28 28
33 33
38 38
39 39
90 90
4 4
17 17
21 21
25 25
46 46
53 53
67 67
68 68
80 80
85 85
94 94
15 15
18 18
27 27
42 42
51 51
63 63
76 76
92 92
96 96
100 100
1 1
3 3
19 19
20 20
23 23
24 24
26 26
35 35
43 43
45 45
47 47
49 49
54 54
57 57
60 60
65 65
66 66
