Soda woolf winifred danyal rosen patagonia garbers davis singhal castro meghan grace shen sunny lewke tamara jarrett vilaythong djajadi alvin yip rabie sarina sriram daniel caroline rob noor martinez golden chloe garcia krishnan massachusetts ruhi eshaan annie shah ashley ritter lo roshan andrew walsh aidan amanda juliann kevin ian connor Soda
49
patagonia patagonia
danyal danyal
singhal singhal
grace grace
shen shen
sunny sunny
vilaythong vilaythong
alvin alvin
rabie rabie
sriram sriram
daniel daniel
davis davis
rob rob
noor noor
golden golden
chloe chloe berit
garcia garcia
krishnan krishnan
massachusetts massachusetts
ruhi ruhi
jarrett jarrett
shah shah
woolf woolf
lo lo
roshan roshan
annie annie
meghan meghan
ritter ritter
andrew andrew
walsh walsh
aidan aidan
winifred winifred
castro castro
lewke lewke
martinez martinez
garbers garbers
sarina sarina
amanda amanda
tamara tamara
rosen rosen
eshaan eshaan
caroline caroline
yip yip
juliann juliann
kevin kevin
djajadi djajadi
ian ian
connor connor
ashley ashley
