Soda li kevin ruhi wyatt kaur caroline ashley berit gregory rouzbahani patagonia logan maniku wong sunny chloe doshi alvin devesh brett parham singorahardjo hari srinivasan zhifei djajadi amanda mittal chen singhal wu william nichole ohio hanlon franco daniel ishaan shah du ritter eshaan connor maya rob cal zou soman vikram melissa ravi aanika ani ahluwalia weaver xin srivastava oscar celine grace adhikiari bears scott massachusetts ellen winifred chung danyal barth erika annie greg krishnan zhou king angelis saurav yip lebron jacob gobears emily george sun krista kanika umar liang charles subbaraj vilaythong lindsey andrew tyler evan olivia mack Soda
97
kevin kevin
ruhi ruhi
wyatt wyatt
kaur kaur
caroline caroline
maniku maniku
sunny sunny
devesh devesh
rouzbahani rouzbahani
singorahardjo singorahardjo
srinivasan srinivasan
djajadi djajadi
chen chen
li li
singhal singhal
william william lewke
daniel daniel
ishaan ishaan
du du
eshaan eshaan
rob rob
cal cal
zou zou
vikram vikram
ravi ravi
weaver weaver
srivastava srivastava
oscar oscar
grace grace
adhikiari adhikiari
bears bears
massachusetts massachusetts
ellen ellen
chung chung
danyal danyal sophia
maya maya
ohio ohio
barth barth
greg greg
ahluwalia ahluwalia
doshi doshi
krishnan krishnan
zhou zhou
angelis angelis
yip yip
jacob jacob
gobears gobears
emily emily
george george chase
sun sun
krista krista
liang liang
berit berit
annie annie
umar umar
charles charles
subbaraj subbaraj
franco franco
lindsey lindsey
andrew andrew
logan logan
evan evan
ashley ashley
wu wu
gregory gregory
connor connor
ritter ritter
wong wong
celine celine
amanda amanda
xin xin
mittal mittal
melissa melissa
scott scott
erika erika
zhifei zhifei
shah shah
hanlon hanlon
chloe chloe
lebron lebron
parham parham
tyler tyler
saurav saurav
nichole nichole
alvin alvin
king king
olivia olivia
vilaythong vilaythong
brett brett
aanika aanika
ani ani
winifred winifred
hari hari
soman soman
kanika kanika
patagonia patagonia
mack mack
