Jingzhou Ghugus LondonderryCountyBor TanahMerah Bejucal Depok FortLauderdale Colachel Tabatinga Carmichael elCampello Shumen Shizunaifurukawacho Entroncamento Jeypore Malnate BurgbeiMagdeburg Chittaranjan SanJosedeOcoa Tottori Thamaga Rembangan RioFormoso AzZuwaytinah Ronse Frosinone Ouarzazat KrasnoyeSelo Kirovsk Sapele Ermelo Geilenkirchen Shively Rangae SaintMichael MelitodiNapoli BeneBeraq Gangtok Rembangan Crespo Khabarovsk Chegem Lysva Malnate CoonRapids Sagalo CroixdesBouquets Manduria Sanaa Sarzedo Sanaa JabalosSaraj Frosinone Radnor Fredericia Jingzhou
41
Colachel Colachel Ibri
Chegem Chegem
Manduria Manduria
Kirovsk Kirovsk
Sagalo Sagalo
Tottori Tottori
elCampello elCampello
Radnor Radnor
Rangae Rangae
JabalosSaraj JabalosSaraj
Gangtok Gangtok
Shizunaifurukawacho Shizunaifurukawacho
AzZuwaytinah AzZuwaytinah
Crespo Crespo
Ermelo Ermelo
Malnate Kheri Malnate Srinagar
Chittaranjan Chittaranjan
Ouarzazat Ouarzazat
Entroncamento Entroncamento
SaintMichael SaintMichael
FortLauderdale FortLauderdale
Sarzedo Sarzedo Sanaa
Ghugus Ghugus Veenendaal
SanJosedeOcoa SanJosedeOcoa Ketrzyn
Shively Shively
Tabatinga Kabarnet Tabatinga
BeneBeraq BeneBeraq
Bejucal Bejucal
Carmichael Carouge Carmichael
Khabarovsk Khabarovsk
Shumen Shumen
Thamaga Rembangan Thamaga
CoonRapids CoonRapids
LondonderryCountyBor LondonderryCountyBor
Ronse Ronse
RioFormoso RioFormoso
Depok Depok
Lysva Lysva
TanahMerah TanahMerah
Jeypore Jeypore
BurgbeiMagdeburg BurgbeiMagdeburg
