LesLilas AinBessem Aracuai Zhaodong Geiro CapimGrosso SantanadoLivramento SaintCyrlEcole Haora TagbilaranCity Hirosaki Ibirataia SouthSaintPaul Kemise Shurugwi Manacapuru Gorgan Shimofurano Arzamas Sobue Acireale Baramula Sorada Escada Pozzuoli Haripur Khulm Lloydminster SpanishTown Kineshma Pezinok Belalcazar Oerlinghausen Anjarah Rhondda PortoVelho FetestiGara Embu Tabou EastLongmeadow Mocoa Fuxin Nagar FortWorth Langenhorn MineralnyeVody ChalcodeDiazCovarrub Kambove MonteAlegre Kambove Prostejov Mabopane Hangu Wenchi Sosnovka Daokou Twante Rivas Garbsen Ortaca Itororo Shchekino Angleton Braila Bury PriegodeCordoba Turek Andrychow SanJuandelaMaguana NoblePark Kotka BlueIsland MadinatHamad AinArnat Battambang Mandan Butuan Kaifeng Aringay AshtonunderLyne Shchekino Espiye GongdanglegiKulon VillaPauladeSarmient KotRadhaKishan HaciendaLaCalera Acarau Akcaabat Mauban WestIslip Pinner GuaMusang Banting SenaMadureira NahiyatashShinafiyah Korsakov Morwa SanJuandelaMaguana Gunzenhausen SenadorPompeu Kikuchi Wangon EastLongmeadow Gowurdak Hangu Vaniyambadi Yafo Shieli Lembang Acireale Ontinyent Vyazniki Alotenango Johnston Kairouan Wachtberg Ibirataia Izhevsk KotRadhaKishan Naron LesLilas
97
SenaMadureira SenaMadureira
Kaifeng Kaifeng
Fuxin Fuxin
Izhevsk Izhevsk
Zhaodong Zhaodong
WestIslip WestIslip
Manacapuru Manacapuru
Yafo Yafo
TagbilaranCity TagbilaranCity
VillaPauladeSarmient VillaPauladeSarmient
PriegodeCordoba PriegodeCordoba
Kairouan Kairouan
Gunzenhausen Gunzenhausen
Wangon Wangon
HaciendaLaCalera HaciendaLaCalera
Langenhorn Langenhorn
Lloydminster Lloydminster
Vyazniki Vyazniki
Angleton Angleton
Rivas Rivas
AshtonunderLyne AshtonunderLyne
MonteAlegre MonteAlegre
MadinatHamad MadinatHamad
Gowurdak Gowurdak
Daokou Daokou
Mabopane Mabopane
PortoVelho PortoVelho
NoblePark NoblePark
SaintCyrlEcole SaintCyrlEcole
Akcaabat Akcaabat
Espiye Espiye
Kemise Kemise
Sorada Sorada
Andrychow Andrychow
Sobue Sobue
Anjarah Anjarah
Nagar Nagar
AinArnat AinArnat
Butuan Butuan
Ontinyent Ontinyent
Belalcazar Belalcazar
ChalcodeDiazCovarrub BlueIsland ChalcodeDiazCovarrub
Bury Bury
Mocoa Mocoa
Tabou Tabou
Wenchi Johnston Wenchi
Ibirataia Ibirataia
Arzamas Arzamas
Pozzuoli Pozzuoli
Kineshma Kineshma
Itororo Itororo
Twante Twante
Prostejov Prostejov
Garbsen Garbsen
KotRadhaKishan KotRadhaKishan
CapimGrosso CapimGrosso
Vaniyambadi Vaniyambadi
SenadorPompeu SenadorPompeu
Shieli Shieli
FortWorth Skelmersdale FortWorth
Morwa Morwa
AinBessem AinBessem
Turek Turek
Rhondda Rhondda
Baramula Baramula
SantanadoLivramento SantanadoLivramento
Ortaca Ortaca
Pezinok Pezinok
Embu Embu
Shurugwi Shurugwi
Aracuai Aracuai
NahiyatashShinafiyah NahiyatashShinafiyah
Korsakov Korsakov
Kotka Kotka
Battambang Battambang
Haora Haora
Shimofurano Shimofurano
MineralnyeVody MineralnyeVody
Hirosaki Hirosaki
GuaMusang GuaMusang
Escada Escada
Kambove Kambove
Braila Braila
Haripur Haripur
Acarau Acarau
Sosnovka Sosnovka
EastLongmeadow EastLongmeadow
SpanishTown SpanishTown
Hangu Hangu
Khulm Khulm
Oerlinghausen Oerlinghausen
FetestiGara FetestiGara
Shchekino Shchekino
Gorgan Gorgan
SanJuandelaMaguana SanJuandelaMaguana
Acireale Acireale
SouthSaintPaul SouthSaintPaul
