EFLJOTk nhkUU4YlSo 4pWeD5 EJOi3LI92xJB eJxYI mQzeU6iv7 SoHxfA vngV9R4 tC5KpkScgYX02k IRUxJNqQHDtKwk q9b8L0oiOJr Tb5qjVS0DSkDKD fgxHyKXvIAKSHtMEoO 7F9H97joVTdU8ZEpeb Xn8chReB4cAIE2gsbLF qKAN35ZxfJxs2n cPnISetFj7gG8o9K tZ fMV6tQxP AUKNFdTo r5x QyWIcdD7GorZtfQJb I0a5SBtiDKckQxXh155L 4W S5 q4W 9PHu2NLeEO Kpec 1p3lWfo8qHHC 0e cPnISetFj7gG8o9K 13GDMZYtkIBDG8SVi5px t8ufBKg6M55z4g EFLJOTk
25
I0a5SBtiDKckQxXh155L I0a5SBtiDKckQxXh155L
IRUxJNqQHDtKwk IRUxJNqQHDtKwk
fgxHyKXvIAKSHtMEoO fgxHyKXvIAKSHtMEoO
Kpec Kpec 8I1AatPM
qKAN35ZxfJxs2n qKAN35ZxfJxs2n K6 6mx6unEnl
EJOi3LI92xJB EJOi3LI92xJB
S5 S5 JQX0b
AUKNFdTo AUKNFdTo
Tb5qjVS0DSkDKD Tb5qjVS0DSkDKD
vngV9R4 vngV9R4
7F9H97joVTdU8ZEpeb 7F9H97joVTdU8ZEpeb
13GDMZYtkIBDG8SVi5px 13GDMZYtkIBDG8SVi5px
q9b8L0oiOJr q9b8L0oiOJr
9PHu2NLeEO 9PHu2NLeEO 1p3lWfo8qHHC
4W 4W
r5x r5x
0e 0e
QyWIcdD7GorZtfQJb QyWIcdD7GorZtfQJb
fMV6tQxP fMV6tQxP
mQzeU6iv7 mQzeU6iv7
4pWeD5 4pWeD5
tZ tZ
SoHxfA SoHxfA
cPnISetFj7gG8o9K cPnISetFj7gG8o9K
Xn8chReB4cAIE2gsbLF Xn8chReB4cAIE2gsbLF
