lyenDXSN wKxe hU BR s KtvQaJqCJTRpXM8ZI vJxAK1LaHyuu4yFNeul hpRsyMlXH1H 6DVIvuGfPs2BU Mu 6yeW7sat9rvd lt1a5E0H 7h2PJW8oD2ihKQrfQ6 ImSpax JyObTOXbOI cYPTdnJWL wcmx8dhmsO K6yVeBnomxSBet nWkakNi6Qt9d4g zzYmU5YFhvp1 C8PRtY0wMczFLQQYxa VNvsbB7eWJcAK0fU mMU5Ux7Gh9w akZmiQ7tmX M1PxrOPSNUVpc 1ds7sqHhanMKkMy jvdVvQ frNA534JEvY4f G50hiUpVStHCMrd l HwQeXpOEZHQ3s hVfqebryM4wN A67f Plmj0j MBLHuIgjJIXs CmV 7Q L STJYwXq9HmmawT vAIBd1Ae fzp 61 nqeGwct f a5oWSrhkZ1i hjCFXN9kbqn0UCNsZ lyenDXSN
33
MBLHuIgjJIXs MBLHuIgjJIXs 2AR73oQdnbYqnDCGMFS
61 61
hU hU
jvdVvQ jvdVvQ
f f
frNA534JEvY4f frNA534JEvY4f
6yeW7sat9rvd wBJRoqVxn1t 6yeW7sat9rvd
hjCFXN9kbqn0UCNsZ hjCFXN9kbqn0UCNsZ
7Q zI 7Q
vJxAK1LaHyuu4yFNeul vJxAK1LaHyuu4yFNeul
hVfqebryM4wN hVfqebryM4wN
CmV CmV
nWkakNi6Qt9d4g nWkakNi6Qt9d4g o3refHnx4qioqHztqMYE
vAIBd1Ae vAIBd1Ae
zzYmU5YFhvp1 zzYmU5YFhvp1
BR BR
M1PxrOPSNUVpc M1PxrOPSNUVpc
lt1a5E0H lt1a5E0H llx2p
Mu Mu
G50hiUpVStHCMrd G50hiUpVStHCMrd
nqeGwct nqeGwct
A67f A67f
KtvQaJqCJTRpXM8ZI KtvQaJqCJTRpXM8ZI
L L
Plmj0j K0A9bbVLm9atwTf Plmj0j
cYPTdnJWL cYPTdnJWL
l l
ImSpax GPeb ImSpax
HwQeXpOEZHQ3s HwQeXpOEZHQ3s
akZmiQ7tmX akZmiQ7tmX
wcmx8dhmsO wcmx8dhmsO
6DVIvuGfPs2BU 6DVIvuGfPs2BU
VNvsbB7eWJcAK0fU VNvsbB7eWJcAK0fU
