0 13 65 67 46 8 16 68 82 44 93 50 51 29 31 75 69 53 25 33 14 1 72 81 42 15 56 12 35 43 77 85 6 40 3 62 41 37 36 54 30 86 94 86 87 91 38 57 60 83 9 90 89 58 84 71 27 32 39 88 28 26 21 0 97 0 64 41 95 41 46 99 46 19 0
49
9 9
99 99
95 95
97 97
91 91
77 77
21 21
50 50
71 71
62 62
58 58
81 81
88 88
67 67
69 69
36 36
56 56
89 89
44 44
94 94
83 83
29 29
25 25
16 16
37 37
40 40
32 39 32
72 72
93 93
12 12
33 33
43 43
82 82
46 46
68 68
51 51
31 31
65 65
75 75
14 14
8 8
87 87
53 53
90 90
54 54
6 6
35 35
84 84
15 15
