0 185 175 66 38 162 196 146 83 174 25 21 172 43 6 125 26 104 105 19 32 81 148 121 187 115 53 182 51 85 160 84 109 132 23 190 62 103 20 48 8 176 52 24 64 65 41 72 30 68 56 78 163 5 60 59 3 173 14 76 35 114 71 70 110 39 40 183 42 166 151 171 88 57 77 144 188 116 10 195 159 55 22 107 119 126 113 100 37 168 134 191 102 3 86 93 58 6 169 6 0
97
162 162 67 97
185 185
66 66
146 146
174 174 96
125 125
21 21
175 175
196 196
38 38
172 172
25 25
83 83
43 43
6 6
105 105
104 104
19 19
26 26
32 32
81 81
121 121
148 148
115 115
187 187
53 53
51 51
182 182
160 160
85 85
84 84
109 109
23 23
132 132
103 103
20 20
52 52
190 190
62 62
8 8
176 176
24 24
48 48
64 64
72 72
78 78
65 65
41 41
30 30
5 5
68 68
59 59
56 56
163 163
60 60
14 14
3 3
76 76
71 71
35 35
173 173
114 114
39 39
70 70
110 110
40 40
42 42
166 166
151 151
183 183
171 171
88 88
57 57
144 144
116 116
77 77
188 188
195 195
159 159
55 55
22 22
119 119
107 107
10 10
126 126
100 100
113 113
37 37
0 0
168 168
191 191
102 102
134 134
86 86
93 93
169 169
58 58
