0 68 18 164 18 157 18 20 189 20 182 20 169 20 18 139 18 155 18 161 18 20 192 20 190 20 170 20 167 20 180 20 18 160 18 136 18 20 181 20 195 20 184 20 187 20 172 20 188 20 18 152 18 148 18 20 166 20 198 20 196 20 199 176 132 18 150 153 149 130 156 135 173 145 191 183 168 142 151 146 186 159 154 165 194 158 193 131 162 133 144 134 138 177 171 175 143 179 185 197 174 137 18 68 0
65
136 136
174 174
197 197
179 179
151 151
165 165
159 159
193 193
143 143
154 154
183 183
176 176
146 146
185 185
134 134
131 131
168 168
137 137
162 162
142 142
171 171
175 175
138 138
186 186
177 177
133 133
173 173
135 135
153 153
145 145
191 191
130 130
194 194
158 158
156 156
144 144
199 199
196 196
149 149
150 150
198 198
132 132
166 166
148 148
188 188
172 172
187 187
152 152
184 184
195 195
181 181
180 180
167 167
170 170
160 160
161 161
190 190
192 192
155 155
169 169
139 139
157 157
182 182
164 140 141 147 163 164
189 178 189
