2 9 179 49 73 45 121 53 121 45 189 66 93 31 181 91 140 169 199 27 76 161 29 131 17 139 11 57 75 63 36 141 36 88 109 175 87 124 123 101 97 135 113 195 55 19 7 99 105 10 39 95 15 95 196 171 196 7 151 115 183 71 197 164 41 43 85 111 103 145 191 82 117 38 34 67 34 119 153 147 1 51 1 147 13 28 137 133 154 155 5 47 107 47 3 185 25 173 25 159 187 77 23 61 163 167 21 157 79 157 83 135 69 59 109 178 165 65 121 166 37 81 72 125 72 149 144 193 177 4 127 142 143 89 2
89
13 13
95 95
29 29 161
83 83
59 59
189 189
127 127
107 107
61 61
165 165
71 71
69 69
67 67
183 183
19 19
173 173
87 87
169 169
149 149
43 43
151 151
143 143
73 73
63 35 63
187 187
159 159
177 177
79 79
191 191
119 119
65 65
11 11
89 89
37 37
113 113
117 117
101 33 101
153 153
9 9
31 31 93
5 5 155
3 3
41 41
17 17
53 53
125 125
91 91
167 167
137 137
163 163
171 171
145 145
51 51
115 115
197 197
105 105
193 193
57 57 75
199 199
23 23
109 109
85 85
175 175
179 179
97 97
27 27 131
123 123
49 49
39 39
111 111
195 195
185 25 129 185
103 103
77 77
141 141
133 133
181 181
81 81
147 1 147
99 99
157 21 157
45 45
139 139
15 15
47 47
55 55
7 7
121 121
135 135
