S 1M 1Ca 1Cb 1Cc 1Cd 1Cc 1Cb 1Ca 1M 1Aa 1Ab 1Ad 1Ab 1Ac 1Ab 1Ae 1Ab 1Af 1M 1Da 1Dd 1Da 1De 1Da 1M 1Fa 1Fe 1Fa 1M 1Ea 1Ee 1Ea 1Ec 1Eh 1Ec 1Ei 1Ec 1Ea 1Ed 1Ek 1Ed 1Ea 1M 1Ba 1Bb 1Ba 1Bf 1Bi 1Bf 1Bj 1Bf 1M S 2M 2Ca 2Cb 2Cc 2Cd 2Cc 2Cb 2Ca 2M 2Aa 2Ab 2Ac 2Ab 2Ad 2Ab 2Ae 2Ab 2Af 2M 2Da 2Dd 2Da 2De 2Da 2M 2Fa 2Fe 2Fa 2M 2Ea 2Ee 2Ea 2Ec 2Eh 2Ec 2Ea 2Ed 2Ek 2Ed 2Ea 2M 2Ba 2Bb 2Ba 2Bf 2Bi 2Bf 2Bj 2Bf 2M 2Af 2Ag 2Ah 2Ag 2Ai 2Ag 2Aj 2Ag 2Af 2M S 1M 1Af 1Ag 1Ah 1Ag 1Ai 1Ag 1Aj 1Ag 1Af 1M S
41
1Ad 1Ab 1Ad
2Cd 2Cd
2Ah 2Ag 2Ah
1Cd 1Cd
2Bb 2Bb
1Bb 1Bb
1Ah 1Ag 1Ah
2Ac 2Ab 2Ac
1Eh 1Eh
2Eh 2Eh 2Ei
1Bi 1Bf 1Bi
2Bi 2Bf 2Bi
1Ca 1Ca
2Ca 2Ca
1Aa 1Aa
1Dd 1Dd
1Ek 1Ek
1Fe 1Fe
2Aa 2Aa
2Dd 2Dd
2Ek 2Ek
2Fe 2Fe
1Ee 1Ee
2Ee 2Ee
1Ac 1Ac
1Ae 1Ae
1Ai 1Ai
1Aj 1Aj
1Bj 1Bj
1Cb 1Cb
1Cc 1Cc
1De 1De
1Ei 1Ei
2Ad 2Ad
2Ae 2Ae
2Ai 2Ai
2Aj 2Aj
2Bj 2Bj
2Cb 2Cb
2Cc 2Cc
2De 2De
