0 49 0 1 3 1 4 1 6 11 16 19 20 16 18 17 16 11 6 9 6 11 15 11 6 1 0 49 46 52 53 51 57 51 54 51 57 56 61 67 61 65 64 61 56 58 56 61 63 62 61 67 66 72 73 72 66 68 66 70 66 72 71 76 81 84 81 86 89 86 81 82 83 81 76 80 79 76 78 76 81 86 88 86 91 94 95 91 92 93 91 86 81 76 71 72 66 67 61 56 57 51 52 46 41 45 44 41 43 42 41 36 39 40 36 31 34 31 33 31 36 41 46 48 47 46 41 36 38 36 41 46 50 49 0 1 6 11 16 22 23 21 26 27 28 26 21 25 21 22 16 11 6 1 0
49
79 79
25 25
47 47
64 64
17 17
20 20
62 62
15 15
54 54
28 28
70 70
50 50
9 9
38 38
58 58
23 23
68 68
40 40
33 33
34 34
93 93
39 39
95 95
92 92
19 19
18 18
4 4
94 94
48 48
27 27
63 63
65 65
42 42
83 83
78 78
88 88
89 89
84 84
44 44
73 73 72
67 67
3 3
53 53
57 57
49 49
80 80
45 45
43 43
82 82
