0 1 6 11 16 21 26 32 33 31 37 38 37 31 35 34 31 37 36 42 36 39 36 42 41 46 51 57 58 56 61 66 71 76 81 87 81 76 71 66 61 56 59 60 56 61 62 63 61 66 71 74 75 71 76 81 83 82 81 76 71 66 61 65 64 61 66 71 76 79 80 76 71 66 61 56 57 51 53 52 51 46 41 44 41 46 48 47 46 51 57 56 61 66 71 73 72 71 76 78 76 81 84 81 76 71 66 70 66 68 66 71 76 81 87 86 92 93 91 96 101 106 112 106 101 96 91 94 95 91 96 101 104 101 102 101 106 112 111 116 121 127 128 126 131 136 141 146 151 156 162 163 162 156 159 156 151 146 141 136 131 126 130 129 126 131 136 141 144 145 141 146 151 153 152 151 156 162 161 164 165 161 167 166 171 176 181 186 192 186 189 186 181 176 171 173 171 176 181 186 187 186 181 176 180 179 176 181 184 185 181 183 181 176 171 166 170 169 166 171 176 181 186 192 191 196 197 198 0 1 6 11 16 21 22 21 26 29 30 26 21 16 17 16 11 12 13 11 14 11 16 21 25 24 21 26 27 26 21 16 19 16 11 6 1 0 198 197 196 191 193 191 196 197 198 0 1 6 7 6 1 3 1 0 198 197 196 191 195 191 192 186 181 176 171 166 167 161 162 156 151 146 141 136 131 126 127 121 116 118 116 121 122 121 116 111 113 111 114 111 116 121 127 126 131 136 141 143 142 141 136 131 135 131 136 137 138 136 140 139 136 141 146 151 155 151 146 149 146 141 136 131 126 127 121 116 111 112 106 107 108 106 101 96 97 98 96 99 100 96 101 106 109 106 101 96 91 92 86 90 86 87 81 76 71 66 61 56 57 51 46 41 42 36 37 31 32 26 21 16 11 6 1 0
97
7 7
108 108
80 80
149 149
169 169
90 90
47 47
114 114
179 179
75 75
100 100
183 183
72 72
70 70
68 68
82 82
109 109
139 139
63 63
155 155
34 34
195 195
78 78
84 84
138 138
98 98
3 3
185 185
135 135
165 165
142 142
64 64
145 145
152 152
193 193
113 113
65 65
62 62
144 144
143 143
180 180
153 153
48 48
99 99
184 184
97 97
170 170
39 39
24 24
102 103 102
73 73
74 74
137 137
79 79
140 140
83 83
187 187
107 107
129 129
122 122
60 60
44 44
19 19
27 27
14 14
173 173
159 159
13 13
30 30
189 189
93 93
17 17
104 105 104
52 52
118 118
22 22
95 95
33 33
163 163 162
58 58
128 128
38 38
87 87
192 192
112 112
42 42
35 35
32 32
12 12
94 94
53 53
25 25
130 130
127 127
29 29
59 59
164 164
