BY5DUgv6 UQ4QaUHy H2BV5cDz bMSvK9eQ Rn4zxmTr Af1jBIly 2mQchaeu B0wYReom 6GJHoNdy 8e8OWOIi sR6JAufL 2og9s1wD xULc5Xg4 1aJdK4y9 K3J88UDV 6nj6dyOK gbolqDJc UfRMeyI7 mXjWiYol o1w8sSXK vVYZOPt6 kkvcm3Qd c9Hgvc9w q1vN3eei FPDwKJIj Ym8LPSnY 8KVhuJvd OpfVa1HT 0zB29H2A R4zDiMu3 ucMA0iSv Y93BYexY yYTqCbSD 7CrB3pCm tDh0gTYH xTHVuNZl yqX5KOVJ KuVHgP1J Pi99fmGL KJQpAqYk FSF4Na2U w3Radp7c ayFODfwg S9dNuWxm rGjz0gOd AMieum8U GVK6CciB NL9qZEp0 UmgiH1K9 iT0t8noc HXMHfRTC 9IHe97Yy 87yhsuRE HEJxX3gA xZfXXUDQ mjMe14fC 7IV7YjRX JMul31yq WlxPulQd 8ni5D4t7 g5YhtPSt 8ni5D4t7 WlxPulQd CrvusN6e lvlSObqb H8eN9fj5 8tOszPqV YLp2gziD nKZTEeUl PagRRYIg 1cr6aFpX Rv8rDvqp E85AysUp aPSEsY2w rZiSDNtK T9nDSMXa aqFtjHzO gd207oOq hc6YxxqG QeSUIsQ1 m0ciW6Mx BY5DUgv6
49
8tOszPqV 8tOszPqV
AMieum8U AMieum8U
c9Hgvc9w c9Hgvc9w
gd207oOq gd207oOq
Af1jBIly Af1jBIly
g5YhtPSt g5YhtPSt
xTHVuNZl xTHVuNZl
rZiSDNtK rZiSDNtK
QeSUIsQ1 QeSUIsQ1
1aJdK4y9 1aJdK4y9
HEJxX3gA HEJxX3gA
OpfVa1HT OpfVa1HT
1cr6aFpX 1cr6aFpX
H2BV5cDz H2BV5cDz
UfRMeyI7 UfRMeyI7
iT0t8noc iT0t8noc
sR6JAufL sR6JAufL
ayFODfwg ayFODfwg
JMul31yq JMul31yq
CrvusN6e CrvusN6e
ucMA0iSv ucMA0iSv
FPDwKJIj FPDwKJIj
nKZTEeUl nKZTEeUl
hc6YxxqG hc6YxxqG
9IHe97Yy 9IHe97Yy
o1w8sSXK mXjWiYol o1w8sSXK
Rv8rDvqp Rv8rDvqp
B0wYReom B0wYReom
NL9qZEp0 NL9qZEp0
aPSEsY2w aPSEsY2w
K3J88UDV K3J88UDV
0zB29H2A 0zB29H2A
7IV7YjRX 7IV7YjRX
8ni5D4t7 8ni5D4t7
xULc5Xg4 xULc5Xg4
PagRRYIg PagRRYIg
tDh0gTYH tDh0gTYH
6nj6dyOK 6nj6dyOK
WlxPulQd WlxPulQd
lvlSObqb lvlSObqb
rGjz0gOd rGjz0gOd
R4zDiMu3 R4zDiMu3
q1vN3eei q1vN3eei
yqX5KOVJ yqX5KOVJ
gbolqDJc gbolqDJc
UmgiH1K9 UmgiH1K9
2mQchaeu 2mQchaeu
S9dNuWxm S9dNuWxm
8e8OWOIi 8e8OWOIi
