74 31 7 15 47 22 9 57 43 45 5 1 60 0 13 16 44 53 61 24 20 6 49 19 46 52 65 50 54 48 62 3 4 21 8 42 39 28 32 25 36 11 12 51 29 41 64 34 35 37 18 26 56 14 30 63 2 40 59 58 55 17 10 27 23 33 74
65
6 6
33 33
58 58
22 22
62 62
65 65
10 10
21 21 38
17 17
64 64
40 40
26 26
36 36
61 61
29 29
7 7
43 43
16 16
42 42
23 23
12 12
30 30
25 25
47 47
34 34
46 46
48 48
5 5
39 39
35 35
59 59
27 27
51 51
18 18
13 13
14 14
8 8
41 41
45 45
28 28
2 2
50 50
60 60
11 11
3 3
54 54
56 56
15 15
57 57
49 49
0 0
55 55
9 9
31 31
52 52
19 19
63 63
44 44
53 53
1 1
37 37
20 20
24 24
4 4
32 32
