93 18 157 138 18 62 70 174 143 77 165 43 87 136 177 53 64 170 108 170 56 34 90 176 147 26 19 154 47 91 110 72 110 40 116 82 151 52 163 63 86 119 1 109 36 95 2 73 161 137 49 117 168 14 99 11 66 65 126 98 107 24 4 76 16 39 140 122 41 171 125 141 81 35 61 79 33 131 38 131 115 8 101 105 169 155 124 172 27 129 74 130 75 102 46 146 70 80 37 20 57 132 67 111 84 128 51 121 49 93
89
20 20
122 122
65 65
111 111
73 73
46 46
39 39
168 168
154 154
63 63
172 172
121 121
76 76
141 141
174 174
115 115
57 57
26 26
51 51
136 136
64 64
75 75
40 40
43 43
61 61
99 99
27 27
52 52
109 36 109
138 138
90 90
67 67
72 72
155 155
146 146
137 137
84 84
117 117
119 119
53 53
98 98
34 34
105 105
81 81
38 38
171 171
79 79
70 70
143 143
163 163
176 176
80 80
4 4
147 147
177 177
124 124
87 87
56 56
82 82
125 125
140 140
14 14
47 47
19 19
102 102
74 74
108 108
2 2
101 101
66 66
95 95
116 116
161 161
169 169
77 77
18 18
151 151
131 131
1 1
86 86
110 91 110
49 49
165 165
24 24
62 62
170 170
129 129
130 130
157 157
