Dannemora Fire Earlville Firthcliffe Highland Farmingville Florida Deer Delanson Dansville Delevan Galeville Germantown Dexter Fulton Gardiner Friendship Gardiner Falconer Gasport Oceanside Freeport Ghent Depauville Fredonia Harbor Fayetteville Herkimer Hicksville Depew Geneva Fairview Mills Fishkill Davis Forestville Freeport Fonda Fleischmanns Hamburg Flower Hamburg DeRuyter Fairmount Dexter Hermon Franklinville Norwich Fabius Norwich Forest Fishers Deferiet Noyack Dunkirk Frewsburg Delhi Freeville Farnham Freeville Delhi Franklin Goshen Flanders Frankfort Delmar Herricks Deposit Hempstead Dexter Fulton Fairport Fulton Nyack Freeport Oceanside Fair Oceanside Flower Hamburg Dannemora
49
Deferiet Deferiet
Gasport Gasport
Earlville Earlville
Freeville Freeville
Fredonia Fredonia
Davis Davis
Fairport Fairport
Flanders Flanders Frankfort
Fonda Fonda
Friendship Friendship
Fairmount Fairmount
Farmingville Farmingville
Fair Fair
Delanson Delanson
Fairview Fairview
Franklinville Franklinville
Depew Depew
Delevan Delevan
Forest Forest
Franklin Franklin
Ghent Ghent
Delmar Delmar
Flower Flower
Fayetteville Fayetteville
Deposit Deposit
Frewsburg Frewsburg
Fulton Fulton
DeRuyter DeRuyter
Forestville Forestville
Firthcliffe Firthcliffe
Dunkirk Dunkirk
Fire Fire
Falconer Falconer
Fishers Fishers
Geneva Geneva
Galeville Galeville
Fabius Fabius
Dansville Dansville
Germantown Germantown
Freeport Freeport
Fishkill Fishkill
Gardiner Gardiner
Delhi Delhi
Fleischmanns Fleischmanns
Florida Florida
Deer Deer
Dexter Dexter
Farnham Farnham
Depauville Depauville
