Acton Carlsbad Bellflower Bolinas Angwin Atascadero Bonsall Clyde Boronda Buttonwillow Bowles Buttonwillow Bystrom Anaheim Calistoga Beckwourth Azusa Brea Bishop Carson Antioch Bluewater Cerritos Bell Alpaugh Benicia Beaumont Calabasas Brentwood Biola Arbuckle Blythe Danville Armona Berkeley Alameda Carrick Bonita Belvedere Arcadia Burbank Camarillo Burbank Calimesa Barstow Capitola Avery Chowchilla Avenal Fruitdale Byron Biggs Brawley Alhambra Cambria Almanor Cambria Cayucos Cambria Belmont Brisbane Corning Arcata Belden Alhambra Ashland Covelo Cartago Bodfish Cotati Boron Cotati August Castroville Fontana Alpine Columbia Carpinteria Columbia Avalon Alamo Banning Dinuba Alturas Florin Calexico Anderson Caribou Folsom Bayview Albany Escondido Atwater Escondido Fruitdale Dixon Broadmoor Amesti Cabazon Crockett Calipatria Crockett Campbell Arnold Bradley Caruthers Freedom Carmichael Duarte Burney Bakersfield Bradbury Adelanto Colusa Fontana Canyondam Encinitas Friant Bloomington Ceres Auburn Farmersville Covelo Foresthill Altadena Cloverdale Bootjack Aromas Bystrom Aptos Corona Auberry Cupertino Bloomington Ducor Burlingame Ducor Cerritos Bell Artesia Diablo Fortuna Calwa Anaheim Dunsmuir Corona Calexico Blairsden Atherton Commerce Dorrington Claremont Encinitas Carlsbad Acton
97
Alpaugh Alpaugh
Atwater Atwater
Belvedere Belvedere
Bradley Bradley
Cayucos Arvin Cayucos
Boron Boron
Burney Burney
Avalon Avalon
Arbuckle Arbuckle Biola
Atherton Atherton
Atascadero Atascadero
Amesti Amesti
Alameda Alameda
Alturas Alturas
Buttonwillow Buttonwillow
Camarillo Camarillo
Altadena Altadena
Avenal Avenal
Burlingame Burlingame
Caribou Caribou
Brea Brea
Castroville Castroville
Brisbane Brisbane
Calimesa Calimesa
Adelanto Adelanto
Belden Belden
Beaumont Beaumont
Calwa Calwa
Carmichael Carmichael
Auberry Auberry
Canyondam Canyondam
Biggs Biggs
Aptos Aptos
Ashland Ashland
Bellflower Bellflower
Bayview Bayview
Auburn Auburn
Bootjack Bootjack
Bodfish Bodfish
Artesia Artesia
Beckwourth Beckwourth
Calipatria Calipatria
Banning Banning
Carpinteria Carpinteria
Campbell Campbell
Bloomington Bloomington
Armona Armona
Almanor Almanor
Calexico Blairsden Calexico
Bluewater Bluewater
Alpine Alpine
Brentwood Brentwood
Arcata Arcata
Avery Avery
Cabazon Cabazon
Albany Albany
Bonita Bonita
Blythe Blythe
Carson Carson
Broadmoor Broadmoor
Capitola Capitola
Bakersfield Bakersfield
Anaheim Anaheim
Burbank Burbank
Benicia Benicia
Belmont Belmont
Aromas Aromas
Bradbury Bradbury
Calabasas Calabasas
Arcadia Arcadia
Brawley Brawley
Antioch Antioch
Azusa Azusa
Bowles Bowles
August August
Byron Byron
Alamo Alamo
Bystrom Bystrom
Barstow Barstow
Arnold Arnold
Anderson Anderson
Ceres Ceres
Bell Bell
Bonsall Bonsall
Bishop Bishop
Boronda Boronda
Cartago Cartago
Bolinas Bolinas
Calistoga Calistoga
Caruthers Caruthers
Carrick Carrick
Berkeley Berkeley
Angwin Angwin
Cambria Cambria
Carlsbad Carlsbad
Cerritos Cerritos
Alhambra Alhambra
