Soda Beauxbatons Soda Hogwarts Soda Hogsmeade Soda Arda Soda Rivendell Soda LonelyMountain Soda Mandos Soda Reach Soda Vale Soda Dorne Soda Westeros Sothoryos Pentos Essos Pentos Braavos Pentos Qohor Pentos Qarth Pentos Valyria Pentos Ghis Pentos Mereen Pentos Sunspear Pentos KingsLanding Pentos Iluin Pentos Ormal Pentos Mordor Pentos Sothoryos Arnor Gondor Lindon Rovanion Rohan Rhun Khado Rhun Rohan Rovanion Lindon Gondor Arnor Sothoryos Soda
25
Beauxbatons Beauxbatons
Khado Khado
Essos Essos Hobbiton
Westeros Westeros
Sothoryos Sothoryos
Hogwarts Hogwarts
Hogsmeade Hogsmeade
Arda Arda
Rivendell Rivendell
LonelyMountain LonelyMountain
Mandos Mandos
Reach Reach
Vale Vale
Dorne Dorne
Braavos Braavos
Qohor Qohor
Qarth Qarth
Valyria Valyria
Ghis Ghis
Mereen Mereen
Sunspear Sunspear
KingsLanding KingsLanding
Iluin Iluin
Ormal Ormal
Mordor Mordor
