Soda RepublicCity RokusIsland LakeLaogai Omashu CaveOfTwoLovers SiWongDesert IslandOfKyoshi EmberIsland SouthernWaterTribe NorthernWaterTribe EasternAirTemple WesternAirTemple SouthernAirTemple NorthernAirTemple BaSingSe TheKindegarden Homeworld Ooo PolarExpress Hel SantasWorkshop Cocytus Phlegethon Lethe Acheron Styx Ganges Othrys TirNaNog Troy Kailash Olympus Droon Asphodel Tartarus Elysium Asgard Yggdrasil Vanaheim Muspelheim Niffelheim Mustafar Bespin Coruscant Naboo Tatooine Hoth Volantis Tyrosh Pentos2 Norvos Myr Lys Lorath Soda
49
Norvos Norvos
RepublicCity RokusIsland RepublicCity
Styx Styx
Vanaheim Vanaheim
NorthernAirTemple NorthernAirTemple
Naboo Naboo
Droon Droon
Hel Hel
EmberIsland SouthernWaterTribe EmberIsland IslandOfKyoshi
Lorath Lorath
Volantis Volantis
Mustafar Mustafar
Elysium Elysium
Troy Troy
Phlegethon Phlegethon
Homeworld Homeworld
EasternAirTemple EasternAirTemple
CaveOfTwoLovers SiWongDesert CaveOfTwoLovers Omashu
Othrys Othrys
LakeLaogai LakeLaogai
Lys Lys
Myr Myr
Pentos2 Pentos2
Tyrosh Tyrosh
Hoth Hoth
Tatooine Tatooine
Coruscant Coruscant
Bespin Bespin
Niffelheim Niffelheim
Muspelheim Muspelheim
Yggdrasil Yggdrasil
Asgard Asgard
Tartarus Tartarus
Asphodel Asphodel
Olympus Olympus
Kailash Kailash
TirNaNog TirNaNog
Ganges Ganges
Acheron Acheron
Lethe Lethe
Cocytus Cocytus
SantasWorkshop SantasWorkshop
PolarExpress PolarExpress
Ooo Ooo
TheKindegarden TheKindegarden
BaSingSe BaSingSe
SouthernAirTemple SouthernAirTemple
WesternAirTemple WesternAirTemple
NorthernWaterTribe NorthernWaterTribe
