6 4 6 13 11 8 11 13 20 27 25 27 34 41 48 55 54 55 62 60 56 60 62 69 67 63 67 69 76 75 76 74 71 74 76 69 68 65 68 69 76 75 73 75 76 83 82 79 82 83 90 88 84 88 90 97 95 92 95 97 96 94 96 97 90 83 81 78 81 83 76 69 62 55 48 46 48 41 39 35 39 41 34 32 29 32 34 27 20 18 15 18 14 18 20 27 26 24 26 27 25 21 25 27 34 33 31 33 34 41 48 55 53 49 53 55 54 52 54 55 62 61 59 61 62 55 48 47 44 47 48 41 34 27 20 13 12 9 12 13 6 5 2 5 6
41
9 9
59 59
79 79
44 44
31 31
94 94
2 2
52 52
14 14
8 8
49 49
21 21
73 73
78 78
92 92
29 29
35 35
56 56 60
24 24
4 4
65 65
46 46
84 84
15 15
71 71
54 54
34 34
63 63
95 95
82 82
11 11
25 25
18 18
6 6
48 48
75 75
39 39
88 88
67 67
90 90
41 41
