6 195 193 189 193 195 188 186 188 181 174 167 160 153 152 150 152 149 152 153 146 145 142 145 146 139 137 133 137 134 137 139 132 131 129 131 128 131 132 125 124 122 124 125 118 111 110 111 109 105 109 111 104 97 96 97 104 103 100 103 101 103 104 111 118 117 115 117 118 116 112 116 118 111 109 106 109 111 104 97 90 88 90 83 76 74 76 75 76 69 62 60 62 61 62 55 53 50 53 55 48 47 48 46 43 46 48 41 39 41 40 38 40 41 48 47 44 47 48 41 34 32 34 27 25 22 25 27 20 18 20 19 17 19 20 13 11 13 12 10 12 13 6 195 194 195 193 190 193 195 188 186 182 186 188 181 174 172 169 172 174 167 166 167 165 161 165 167 174 181 179 181 180 177 180 181 174 167 160 158 154 158 155 158 160 153 151 148 151 153 146 144 140 144 146 139 138 136 138 139 132 130 126 130 132 125 123 120 123 125 118 111 104 97 96 94 96 97 95 91 95 97 90 89 87 89 90 83 82 80 82 83 81 77 81 83 76 69 68 65 68 69 67 64 67 69 62 55 54 51 54 55 48 41 34 33 30 33 31 33 34 27 20 13 6 5 2 5 6 4 1 4 6 195 188 187 184 187 188 195 6
81
19 19
87 87
136 136
64 64
169 169
120 120
51 51
148 148
91 91
184 184
77 77
140 140
1 1
126 126
161 161
101 101
38 38
134 134
65 65
10 10
155 155
80 80
2 2
112 112
31 31
88 88
177 177
122 122
190 190
75 75
179 179
133 133
94 94
149 149
182 182
61 61
142 142
11 11
128 128
194 194
166 166
106 106
22 22
44 44
50 50
154 154
18 18
115 115
30 30
39 39
100 100
129 129
6 6
105 105
83 83
172 172
160 160
32 32
90 90
69 69
43 43
110 110
96 96
181 174 181
12 12
41 41
25 25
103 103
150 150
186 186
17 17
145 145
47 47
189 189
124 124
74 76 74
27 27
53 53
165 165
60 60 62
116 116
