0 11 12 22 13 3 4 15 6 17 27 28 19 8 17 26 36 46 56 66 76 75 85 95 105 115 114 104 84 94 92 82 73 63 64 55 45 35 24 33 43 52 62 51 40 30 20 31 54 55 57 47 58 77 87 97 107 126 135 124 143 132 112 111 91 90 80 123 151 161 162 171 180 192 193 184 175 155 156 147 137 138 148 158 149 139 119 89 167 188 196 173 150 0
89
13 13
196 186 196
111 111
89 89
180 180
19 19
149 149 159
64 64
135 135
40 40
36 36
80 80
95 95
173 173
150 150
6 6
119 119
58 58
167 157 167
54 54
57 57
24 24
107 107
123 123
188 178 188
76 76
92 92
192 192
11 11
52 52
137 137
175 175 185
132 132
84 84
115 115
155 155
8 8
87 87
143 143
161 161
4 4
15 15
17 17
20 20
22 22
28 28
31 31
33 33
45 45
73 73
104 104
124 124
126 126
158 158 168
171 171
184 174 184
51 51
56 56
75 75
91 91
112 112
138 138
156 156
162 162 172
193 193
3 3
12 12
26 26
27 27
30 30
35 35
43 43
46 46
47 47
55 55
62 62
63 63
66 66
77 77
82 82
85 85
90 90
94 94
105 105
114 114
139 139
147 147
148 148
151 151
