Greenhouse McConeHall Greenhouse mlk Greenhouse MathSciencesRes Greenhouse maxwell Greenhouse McEnerneyHall Greenhouse McLaughlin Greenhouse memorialpool Greenhouse MinorHall Greenhouse MinorHallAdd Greenhouse moffit Greenhouse MorganHall Greenhouse MorrisonHall Greenhouse MosesHall Greenhouse MulfordHall Greenhouse nrl Greenhouse NorthField Greenhouse NorthGateHall Greenhouse NAnimalFacil Greenhouse OBrienHall Greenhouse ObservHill Greenhouse AlumniHouse Greenhouse AndersenAud Greenhouse AnthonyHall Greenhouse ArchsEngineers Greenhouse BancroftLibrary Greenhouse BanwayBldg Greenhouse BarkerHall Greenhouse BarrowLane Greenhouse BarrowsHall Greenhouse BARTStation Greenhouse BechtelEngineering Greenhouse BerkeleyMuseum Greenhouse BerkeleyWest Greenhouse
33
McConeHall McConeHall BirgeHall BlackwellHall BlumHall BoaltHall BotanGarden ImagingCenter StarrLibrary
mlk mlk
MathSciencesRes MathSciencesRes
maxwell maxwell
McEnerneyHall McEnerneyHall
McLaughlin McLaughlin
memorialpool memorialpool
MinorHall MinorHall
MinorHallAdd MinorHallAdd
moffit moffit
MorganHall MorganHall
MorrisonHall MorrisonHall
MosesHall MosesHall
MulfordHall MulfordHall
nrl nrl
NorthField NorthField
NorthGateHall NorthGateHall
NAnimalFacil NAnimalFacil
OBrienHall OBrienHall
ObservHill ObservHill
AlumniHouse AlumniHouse
AndersenAud AndersenAud
AnthonyHall AnthonyHall
ArchsEngineers ArchsEngineers
BancroftLibrary BancroftLibrary
BanwayBldg BanwayBldg
BarkerHall BarkerHall
BarrowLane BarrowLane
BarrowsHall BarrowsHall
BARTStation BARTStation
BechtelEngineering BechtelEngineering
BerkeleyMuseum BerkeleyMuseum
BerkeleyWest BerkeleyWest
