Greenhouse BlackwellHall Greenhouse BerkeleyMuseum Greenhouse BerkeleyWest Greenhouse BirgeHall Greenhouse BlumHall Greenhouse BoaltHall Greenhouse BotanGarden Greenhouse ImagingCenter Greenhouse StarrLibrary Greenhouse CaliforniaHall Greenhouse CaliforniaStadium Greenhouse CalvinLaboratory Greenhouse CampbellHall Greenhouse CareerCenter Greenhouse ChanAuditorium Greenhouse ChavezCenter Greenhouse CheitHall Greenhouse ChouHall Greenhouse ClarkCampus Greenhouse ClassFountain Greenhouse ClassGate Greenhouse CNMAT Greenhouse CoryHall Greenhouse CyclotronRd Greenhouse DavisHall Greenhouse DoeLibrary Greenhouse DonnerLab Greenhouse DurantHall Greenhouse DurhamTheatre Greenhouse DwinelleAnnex Greenhouse DwinelleHall Greenhouse EastGate Greenhouse EdwardsStadium Greenhouse EnergyBuilding Greenhouse EshlemanHall Greenhouse EtcheverryHall Greenhouse EvansDiamond Greenhouse EvansHall Greenhouse EyeCenter Greenhouse FacultyClub Greenhouse FacultyGlade Greenhouse FoundersRock Greenhouse FoxCottage Greenhouse FrankWay Greenhouse GayleyRd Greenhouse GeneticsPlantBldg Greenhouse GianniniHall Greenhouse HertzHall Greenhouse Cafe3 Greenhouse
49
BlackwellHall BlackwellHall unit3
BerkeleyMuseum BerkeleyMuseum
BerkeleyWest BerkeleyWest
BirgeHall BirgeHall
BlumHall BlumHall
BoaltHall BoaltHall
BotanGarden BotanGarden
ImagingCenter ImagingCenter
StarrLibrary StarrLibrary
CaliforniaHall CaliforniaHall
CaliforniaStadium CaliforniaStadium
CalvinLaboratory CalvinLaboratory
CampbellHall CampbellHall
CareerCenter CareerCenter
ChanAuditorium ChanAuditorium
ChavezCenter ChavezCenter
CheitHall CheitHall
ChouHall ChouHall
ClarkCampus ClarkCampus
ClassFountain ClassFountain
ClassGate ClassGate
CNMAT CNMAT
CoryHall CoryHall
CyclotronRd CyclotronRd
DavisHall DavisHall
DoeLibrary DoeLibrary
DonnerLab DonnerLab
DurantHall DurantHall
DurhamTheatre DurhamTheatre
DwinelleAnnex DwinelleAnnex
DwinelleHall DwinelleHall
EastGate EastGate
EdwardsStadium EdwardsStadium
EnergyBuilding EnergyBuilding
EshlemanHall EshlemanHall
EtcheverryHall EtcheverryHall
EvansDiamond EvansDiamond
EvansHall EvansHall
EyeCenter EyeCenter
FacultyClub FacultyClub
FacultyGlade FacultyGlade
FoundersRock FoundersRock
FoxCottage FoxCottage
FrankWay FrankWay
GayleyRd GayleyRd
GeneticsPlantBldg GeneticsPlantBldg
GianniniHall GianniniHall
HertzHall HertzHall
Cafe3 Cafe3
