pace voice financial respect bitter rob tablet cigarette demand pain class exclusive buffet guarantee king banana figure understand paper mystery gate circulation output autonomy glasses tool dialogue prison dialogue likely enhance dough linger vegetarian forge tolerate forge winner forge tolerate sign legislation enhance thumb nationalist shy title sunrise certain page fortune imposter throne stroke discriminate lake discriminate dip exclusive class disclose injury honor deposit swear other approval mystery enter mystery chair brake mature headline quality discriminate seize due guarantee king pace
49
pain pain
winner winner
autonomy autonomy
linger linger
rob rob
sign sign
other other
sunrise sunrise
honor honor
brake brake
headline headline
voice voice
tool tool
circulation circulation
thumb thumb
buffet buffet
seize seize
imposter imposter
enter enter
injury injury
paper paper
tolerate tolerate
likely likely
lake lake
cigarette cigarette
swear swear
dip dip
nationalist shy nationalist
prison prison
king king
mystery mystery
quality quality
throne throne
bitter bitter
figure figure
dough dough
class class
glasses glasses
page page
vegetarian vegetarian
legislation legislation
enhance enhance
tablet tablet
output output
financial financial
exclusive exclusive
title title
demand demand
guarantee guarantee
