pace other quadruple ask enemy control enemy desk spoil desk injection gallon profound coast swear tool railcar guarantee joystick swop electronics interface environment bleed curriculum bleed smile headline smile bleed pier pig straighten identity coincide dive view profound virgin blonde native development exempt buffet election lifestyle cotton dialogue home flag injury tolerate decisive greeting begin science mercy financial fortune notebook interactive error widen banana driver imposter tablet note deter terms thumb terms hospitality teacher excuse rob demand feature opposed dip exclusive vegetarian exile vegetarian linger physics dough linger vegetarian market country triple candle enemy illusion joint output structure throne boom quality autonomy paper viable likely comfortable likely viable atmosphere rent sunrise audience ignore shiver ignore due ignore liver swop nationalist acceptance nationalist page mature native development skeleton development confrontation forge confrontation development native blonde pipe joystick bowel brake scheme certain bitter rage bitter coffin bitter certain drawer chew offset chew curriculum bleed knot country throne respect chair pardon injection desk enemy stress enemy desk development native blonde virgin winner assignment winner virgin blonde native mercy mixture pace
97
coffin coffin
driver driver
respect respect
assignment assignment
offset offset
autonomy autonomy
dough dough
stress stress
comfortable comfortable likely
tablet tablet
flag flag
dip dip
knot knot
swear swear
shiver shiver
straighten straighten
page page
cotton cotton
interface interface
market market
scheme scheme
thumb thumb
forge forge
mercy mercy
pardon pardon
feature feature
drawer drawer
quadruple quadruple
atmosphere atmosphere
candle candle
dive dive
boom boom
error error
headline headline
exile exile
teacher teacher
greeting greeting
imposter imposter
acceptance acceptance
skeleton skeleton
illusion illusion
election election
pace pace
output output
virgin virgin
liver liver
spoil spoil
structure structure
triple triple
excuse excuse
chair chair
bowel bowel
widen widen
note note
pipe pipe
physics physics
exclusive exclusive
electronics electronics
railcar railcar
audience audience
injection injection
begin begin
throne throne
ask ask
mature mature
pig pig
native native
rent rent
coast coast
guarantee guarantee attraction
rob rob
identity identity
financial financial
exempt exempt
lifestyle lifestyle
due due
home home
viable viable
rage rage
decisive decisive
curriculum curriculum
confrontation confrontation
injury injury
control control enemy
interactive interactive
deter deter
other other
profound profound
coincide coincide
environment environment
swop swop
country country
buffet buffet
tool tool
ignore ignore
development development
smile smile
