0 90 65 66 65 89 59 60 59 61 59 62 59 63 59 64 59 88 54 55 54 56 54 57 54 58 54 87 52 53 52 86 48 49 48 50 48 51 48 85 41 42 43 41 44 45 41 46 41 84 38 39 38 40 38 82 81 80 33 34 33 35 36 37 33 79 28 29 28 30 28 31 28 32 28 78 25 26 25 27 25 77 18 19 18 20 18 21 18 22 18 23 18 24 18 76 16 17 16 14 15 14 75 8 9 8 10 8 11 8 12 8 13 8 71 69 5 6 5 7 5 70 1 2 1 3 1 4 1 67 0
49
6 6
39 39
19 19
55 55
29 29
49 49
66 66
9 9
2 2
15 15
26 26
34 34
42 42
53 53
60 60
17 17
3 3
4 4
7 7
10 10
11 11
12 12
13 13
20 20
21 21
22 22
23 23
24 24
27 27
30 30
31 31
32 32
35 35
37 37
40 40
44 44
46 46 47
50 50
51 51
56 56
57 57
58 58
61 61
62 62
63 63
64 64
36 36
43 43
45 45
