0 182 27 28 27 29 27 30 27 31 27 32 27 33 27 34 35 34 36 34 37 34 133 134 38 39 38 132 40 41 40 42 40 43 40 131 44 45 44 46 44 135 138 1 2 1 3 1 4 1 13 1 139 141 5 9 5 6 5 7 5 8 5 10 5 24 25 24 26 24 144 20 21 20 22 20 23 20 146 145 14 15 14 16 14 17 14 18 14 19 14 147 149 11 12 11 150 152 151 60 61 60 62 60 63 60 64 60 65 60 66 60 153 57 58 57 59 57 54 55 54 56 54 154 155 52 53 52 156 47 48 47 49 47 50 47 51 47 157 159 160 120 121 120 122 120 123 120 124 120 125 120 126 120 127 120 162 163 67 68 67 69 67 70 67 71 67 164 72 73 72 74 72 75 72 165 76 77 76 78 76 79 76 166 167 80 81 80 82 80 83 80 84 80 85 80 92 93 92 86 87 86 88 86 168 89 90 89 91 89 169 94 95 94 96 94 97 94 98 94 99 94 100 94 101 94 102 103 102 104 102 105 102 171 170 172 175 106 107 106 108 106 109 106 110 106 176 111 112 111 113 111 114 115 114 116 114 117 114 118 119 118 177 178 179 181 182 0
97
9 9
93 93
53 53
119 119
39 39
12 12
68 68
103 103
28 28
45 45
58 58
107 107
2 2
15 15
21 21
77 77
90 90
121 121 128 129 130
41 41
48 48
61 61
73 73
112 112
25 25
35 35
55 55
81 81
87 87
95 95
115 115
3 3
4 4
6 6
7 7
8 8
10 10
13 13
16 16
17 17
18 18
19 19
22 22
23 23
26 26
29 29
30 30
31 31
32 32
33 33
36 36
37 37
42 42
43 43
46 46
49 49
50 50
51 51
56 56
59 59
62 62
63 63
64 64
65 65
66 66
69 69
70 70
71 71
74 74
75 75
78 78
79 79
82 82
83 83
84 84
85 85
88 88
91 91
96 96
97 97
98 98
99 99
100 100
101 101
104 104
105 105
108 108
109 109
110 110
113 113
116 116
117 117
122 122
123 123
124 124
125 125
126 126
127 127
