9iIwk 5R5Xa 9iIwk jASvw 9iIwk 6EWVx jT5CK 5BDPJ jT5CK qkJ6b 1xmtC XYzcU 1xmtC Mj2eQ ZzWHp iEXNY ZzWHp MA43U jYfXn LJqKh 1pxZM 1uRw3 jAwQw aHGHb kmzhT aHGHb WGJpQ vE0Pj knY3U 1uRw3 WJNpN AgYPL tnjfN YH6mk Y7IDR 4a0W8 Y7IDR WJNpN 5VT1H 1uRw3 Ri2t4 y89SK 1uRw3 QVYVG RhUVQ QVYVG LZomt Ew56P SgDk6 QVYVG HOs1b jT5CK 6EWVx 9iIwk h2rea 0mah3 ChXAd 1eRkH 0mah3 rrNj1 Esl6u fS0W8 k64Ok BnAjj k64Ok fS0W8 p9vQm fS0W8 k64Ok ZgtaX veOJ7 ZgtaX pXCjI ZgtaX JgjFI ZgtaX Vake4 ZgtaX iCgvV ZgtaX k64Ok fS0W8 Esl6u rrNj1 5R5Xa 9iIwk jASvw oqPYQ 0GdkR jASvw 9iIwk 6EWVx jT5CK HOs1b QVYVG 7G74f QVYVG WJNpN YH6mk 5ioW1 Be0ab XZKtP dw7aX XZKtP bXinH 5ioW1 YH6mk WJNpN jT5CK 6EWVx 9iIwk
49
qkJ6b qkJ6b
bXinH bXinH
iCgvV iCgvV
4a0W8 4a0W8
Vake4 Vake4
5ioW1 5ioW1
p9vQm p9vQm
5VT1H 5VT1H
WGJpQ WGJpQ
SgDk6 SgDk6
y89SK y89SK
JgjFI JgjFI
7G74f 7G74f
tnjfN tnjfN
1eRkH 1eRkH
0GdkR 0GdkR
pXCjI pXCjI
jYfXn jYfXn
Y7IDR Y7IDR
iEXNY iEXNY
1pxZM 1pxZM
RhUVQ RhUVQ
h2rea h2rea
LZomt LZomt
dw7aX dw7aX
jAwQw jAwQw
veOJ7 veOJ7 ZgtaX
BnAjj BnAjj
vE0Pj vE0Pj
5R5Xa 5R5Xa
kmzhT kmzhT
5BDPJ 5BDPJ
AgYPL AgYPL
YH6mk YH6mk
XYzcU XYzcU
jASvw jASvw
jT5CK jT5CK
ChXAd ChXAd
Be0ab Be0ab
aHGHb aHGHb
1uRw3 1uRw3
Mj2eQ Mj2eQ
Ri2t4 Ri2t4
1xmtC 1xmtC
fS0W8 fS0W8
9iIwk 9iIwk
XZKtP XZKtP
ZzWHp ZzWHp
oqPYQ oqPYQ
