HAZtD 4Eg1F wnnBN Cg1yP iKwe0 F7CZj z82fM EyMEe vfAR8 bW6Ms RN9nS 3NU9e aWuHk mJExt iqOI4 mJExt p3gJd rH3nx 1gvq4 DaieK uPUO1 DaieK p3gJd cpzS8 acHTt cpzS8 AwFdf 2zHfe fExZu v7hOX Mm2U8 15wtn ox9Gx 69WZh mdIe6 69WZh jesVt 4AhmX cu5FB 93R2m C4biR aegld C4biR 93R2m 4AhmX jesVt 69WZh zrVPv wedr3 69WZh Q5zY0 kvy7i Ia6ul eVDVP Agb0E WVEjT Agb0E VG4na b9v0q SEkfX v7hOX fExZu 2zHfe AwFdf kNG2j kjZGl UQeyk EgumV fWz4T iHR3J v0WXM R6NzB 0FMEI tgL8p DmTRc 4jcrD Vg6Sz iIQll GrnJ7 v9joy UbqWX GrnJ7 gNinx GrnJ7 iaaYU GrnJ7 rmW0U CHx6u bMhFI rmW0U HOuAL rmW0U 9tf0w rmW0U GrnJ7 iIQll p4kTx iIQll Vg6Sz iPRoT Q8lcd 6sv9O HAKlt iimZq 6owsT OWqP4 rVnMc SxklZ BaYb3 IOpdQ 1VA1I Zok18 7kY28 URrao fiXIW 7kY28 pLg86 Xqwfz jyRQW zcuSA 4PSW9 0F8yg 9cp56 u60s4 gpbSj cC0Rg p3gJd XbFfE O8CwF TlJnt O8CwF XbFfE aWuHk 3NU9e CXkxa Lusir CXkxa ED9em 5h4rt ED9em CXkxa 3NU9e GxQg8 X2hjX UqGfS Ssao4 UqGfS NqBQW UqGfS kPB79 4Tt2a kPB79 4PXv9 kPB79 UqGfS iqOI4 mJExt p3gJd 9cp56 sU69u 2GCiD RWE9G 5EAEu sU69u 9cp56 u60s4 Zxvdf jyRQW Xqwfz 7kY28 qz2Of 8Qx0C qz2Of iimZq Pk19A 0moVI SxklZ VESmp SxklZ 0moVI HAKlt 6sv9O ejBhY GaZ4O H1xt8 o2JtM BIY9X DuU0x e7SjH E6pda xKTIz E6pda e7SjH 2LhKB e7SjH o2JtM 8x5TS ejBhY Vg6Sz iIQll GrnJ7 DmTRc tgL8p 0FMEI R6NzB ZKvNM TzGS5 ZKvNM SE1WY fWz4T EgumV UQeyk p3gJd aWuHk 3NU9e RN9nS F7CZj HAZtD
89
bMhFI bMhFI lF8gH
4PXv9 4PXv9
2LhKB 2LhKB
SEkfX SEkfX
TzGS5 TzGS5
fiXIW fiXIW
H1xt8 H1xt8
5h4rt 5h4rt
5EAEu 5EAEu
wnnBN wnnBN
NqBQW NqBQW
cu5FB cu5FB
Zxvdf Zxvdf
Pk19A Pk19A
VG4na VG4na
4jcrD 4jcrD
kNG2j kNG2j
8Qx0C 8Qx0C
VESmp VESmp
xKTIz xKTIz
GxQg8 GxQg8
p4kTx p4kTx
BIY9X DuU0x BIY9X
0F8yg 0F8yg
iHR3J iHR3J
TlJnt TlJnt
9tf0w 9tf0w
4Tt2a 4Tt2a
z82fM z82fM
Zok18 Zok18
Lusir Lusir
eVDVP eVDVP
OWqP4 OWqP4
HOuAL HOuAL
gpbSj gpbSj
wedr3 wedr3
Q8lcd Q8lcd
X2hjX X2hjX
2GCiD 2GCiD
uPUO1 uPUO1
v7hOX v7hOX
Vg6Sz iIQll Vg6Sz
WVEjT WVEjT
ox9Gx ox9Gx
SxklZ SxklZ
EgumV EgumV
E6pda E6pda
Ssao4 Ssao4
RN9nS RN9nS
iaaYU iaaYU
Cg1yP Cg1yP
DmTRc DmTRc
pLg86 pLg86
ED9em ED9em
acHTt acHTt cpzS8
IOpdQ IOpdQ BaYb3
1gvq4 1gvq4 lJnz7
bW6Ms bW6Ms
aegld aegld
iimZq iimZq
jesVt jesVt
R6NzB R6NzB
Agb0E Agb0E
AwFdf AwFdf
iqOI4 p3gJd iqOI4
1VA1I 1VA1I
gNinx gNinx
cC0Rg cC0Rg
6owsT 6owsT
7kY28 7kY28
CHx6u CHx6u
fWz4T fWz4T
UbqWX UbqWX
UqGfS UqGfS
HAKlt 0moVI HAKlt
mdIe6 mdIe6 69WZh
fExZu fExZu
iKwe0 J0OP0 iKwe0
v9joy v9joy
zrVPv zrVPv
zcuSA zcuSA
DaieK DaieK
rH3nx rH3nx
4AhmX 4AhmX
u60s4 u60s4
Ia6ul Ia6ul
aWuHk aWuHk O8CwF
URrao URrao
vfAR8 vfAR8
