1 52 115 36 7 51 142 46 90 101 66 78 127 137 194 182 129 152 82 147 93 92 64 83 42 14 43 153 31 162 53 3 159 156 108 15 58 163 18 89 175 71 161 128 91 105 136 138 49 103 12 130 199 132 28 84 140 137 186 176 96 185 99 56 157 116 95 135 13 86 110 26 88 101 193 166 98 119 82 190 1
73
36 36 121
101 101
78 78
194 194
46 46 23
152 152 60 174
49 49
51 51
147 147
108 108 57
159 159
18 18
92 92
162 162
58 58
71 71
83 83
52 52
84 84
14 14
128 128
127 127
82 82
129 129
142 142
43 43
115 115
7 7
15 15
156 156
90 90
3 3
153 153
182 182
66 66
91 91
137 137
64 64
89 89
186 186
96 96
163 163
93 93
31 31
99 99
176 176
12 12
136 136
199 199
175 175
42 42
130 130
132 132
53 53
103 103
138 138
157 157
13 13
26 26
140 140
185 185
95 95
88 88
86 86
116 116
110 110
193 193
98 98
190 190
56 56
161 161
119 119
105 105
