Abbey Isabella Beatrice Alexia Helen Jamiya Carlee Lana Jordin Tara Ayanna Marisol Maeve Sophia Dana Kiera Liberty Lilia Kayley Lillie Mckinley Mira Haven Eden Avni Nora Kimberly Harley Rayna Jade Lisa Kristina Matilda Karma Yoselin Presley Alia Abbey
33
Beatrice Beatrice Tanya
Tara Ruth Tara Yoselin
Carlee Carlee Rebecca
Haven Haven Shannon
Helen Helen
Lilia Lilia
Mckinley Mckinley
Avni Avni Riley
Kimberly Kimberly
Lisa Lisa Vivian
Marisol Marisol
Sophia Sophia
Alexia Alexia
Ayanna Ayanna
Dana Dana
Eden Eden
Harley Harley
Isabella Isabella
Jamiya Jamiya
Jordin Jordin
Karma Karma
Kayley Kayley
Kiera Kiera
Kristina Kristina
Lana Lana
Liberty Liberty
Lillie Lillie
Maeve Maeve
Matilda Matilda
Mira Mira
Nora Nora
Presley Presley
Rayna Rayna
