Abbey Alivia Keyla Alexus Claire Baylee Alexia Brooklyn Carlie Arielle Jaden Aubree Kristina Alia Ariel Ashley Aniya Jazmyn Ingrid Ciara Kimberly Elianna Denisse Emma Carly Maggie Carlee Haven Iyana Dana Dayami Diana Emilie Jade Camilla Gillian Avni Chasity Carleigh Kenzie Kaydence Juliette Christine Jasmin Laylah Kiana Aryana Jamiya Jillian Kayden Kaley Lindsay Imani Janiya Madilynn Leila Kristin Bryanna Kira Lacey Jimena Kiley Lilyana Lilia Lainey Lucille Mckinley Shyanne Mya Matilda Mira Mckayla Neveah Natalee Noelle Myah Taniyah Riley Zaria Parker Melina Sophie Sharon Mireya Nia Jimena Rylee Tara Sophia Zara Ally Abbey
89
Ariel Ariel Zion
Abbey Abbey
Alexia Alexia
Claire Claire
Keyla Keyla
Kristina Kristina
Carlie Carlie
Elianna Elianna
Jazmyn Jazmyn
Ciara Ciara
Dana Dana
Diana Diana
Emma Emma
Haven Haven
Jade Jade
Jaden Jaden
Kenzie Kenzie
Maggie Maggie
Alexus Alexus
Alia Alia
Alivia Alivia
Aniya Aniya
Arielle Arielle
Aryana Aryana
Ashley Ashley
Aubree Aubree
Avni Avni
Baylee Baylee
Brooklyn Brooklyn
Bryanna Bryanna
Camilla Camilla
Carlee Carlee
Carleigh Carleigh
Carly Carly
Chasity Chasity
Christine Christine
Dayami Dayami
Denisse Denisse
Emilie Emilie
Gillian Gillian
Imani Imani
Ingrid Ingrid
Iyana Iyana
Jamiya Jamiya
Janiya Janiya
Jasmin Jasmin
Jillian Jillian
Jimena Jimena
Juliette Juliette
Kaley Kaley
Kayden Kayden
Kaydence Kaydence
Kiana Kiana
Kiley Kiley
Kimberly Kimberly
Kira Kira
Kristin Kristin
Lacey Lacey
Lainey Lainey
Laylah Laylah
Leila Leila
Lilia Lilia
Lilyana Lilyana
Lindsay Lindsay
Lucille Lucille
Madilynn Madilynn
Matilda Matilda
Mckayla Mckayla
Mckinley Mckinley
Melina Melina
Mira Mira
Mireya Mireya
Mya Mya
Myah Myah
Natalee Natalee
Neveah Neveah
Nia Nia
Noelle Noelle
Parker Parker
Riley Riley
Rylee Rylee
Sharon Sharon
Shyanne Shyanne
Sophia Sophia
Sophie Sophie
Taniyah Taniyah
Tara Tara
Zara Zara
Zaria Zaria
