Taozhuang Uran Gudermes Bourbonnais Rutherglen Ulu Freetown Southsea Bang Artur Somma Donggongon Villa Rafiganj Villa Cibinong Tupelo Rosedale Jackson Chharra Ilesa Chharra Ramla Azrou Hechingen Aytos Esmeraldas Alatyr Memmingen Strathfield Waverly Nonsan Gua Oulmes Fort Uran Pottstown Uran Kallio Southsea Calauan Southsea Sarandi Southsea Gauting Bhit Camayenne Bhit Longgang Bhit Sicklerville Chharra Wesseling Chharra Esperanza Chharra Besuki Middle Vernon Caravaca Vernon Severodvinsk Vernon New Boo Durazno Bhit Jinotepe Uran Jingzhou Uran Jhol Udumalaippettai Carnot Bhit Taozhuang
49
Kallio Kallio
Udumalaippettai Udumalaippettai
Camayenne Camayenne
Fort Fort
Jingzhou Jingzhou
Jinotepe Jinotepe
Severodvinsk Severodvinsk
Azrou Azrou
Pottstown Pottstown
Middle Middle
Esperanza Esperanza
Caravaca Caravaca
Gauting Gauting
Cibinong Cibinong
Wesseling Wesseling
Durazno Durazno
Jackson Jackson
Sarandi Sarandi
New New
Calauan Calauan
Sicklerville Sicklerville
Taozhuang Taozhuang
Freetown Freetown
Aytos Aytos
Longgang Longgang
Nonsan Nonsan
Rafiganj Rafiganj
Ilesa Ilesa
Oulmes Oulmes
Besuki Besuki
Donggongon Donggongon
Bourbonnais Bourbonnais
Hechingen Hechingen
Memmingen Memmingen
Waverly Waverly
Tupelo Tupelo
Esmeraldas Boo Esmeraldas
Ulu Ulu
Alatyr Alatyr
Bang Bang
Strathfield Strathfield
Somma Somma
Gudermes Gudermes
Rosedale Rosedale
Ramla Ramla
Villa Villa
Uran Uran
Artur Artur
Rutherglen Rutherglen
