Ilesa Foshan Aklera Bensheim Campobasso Bensheim PointeClaire MitryMory Bogovinje Valday Tupiza Malden Viewpark Jagna Stupino Milledgeville Tupelo Memmingen WaltonontheNaze Polohy Mexborough Marburg Palm Sishui Sillanwali Hermsdorf Aleshtar Alfenas Uran Azrou Milagro Alexandria PortVila Puducherry American Davis Jiangyan Brunswick Zeist Valletta Itacoatiara Sirsi Ponta MitryMory Onex Puerto Belper Guli Bon Landshut Meizhou Toledo Perth Niort Villaquilambre Palafrugell Aistala Bobigny An Minas Rhosllanerchrugog Jashpurnagar Magomeni Minas Mouscron Minas Dahlem Minas New Belper Skalica Belper LonsleSaunier GernikaLumo Krymsk Ada Great Resplendor Perth Tak Talipparamba Morningside Aurora Barracas Oschatz Yingkou Ramla Chacabuco Shaowu El DehiwalaMount Aistala Tharu Calauan Paredes Liberia Stuttgart Rutland Zaozhuang Bensheim Oulmes Bensheim Bang Shagamu Taebaek Sorsogon Oberhausen Hermsdorf Lodwar MitryMory Claremont MitryMory Copperas MitryMory Tiruppuvanam Krymsk Bavly Gariadhar Bensheim UlanUde Perth Brzeg Kyzylorda Bensheim Lille Bensheim Sceaux Bensheim Clermont Perth Great Tyoply Great Perth Ilesa
97
Aklera Aklera
Tyoply Tyoply
Itacoatiara Itacoatiara
GernikaLumo GernikaLumo
Villaquilambre Villaquilambre
Clermont Clermont
Sceaux Sceaux
Lille Lille
Kyzylorda Kyzylorda
Rutland Rutland
WaltonontheNaze WaltonontheNaze
Gariadhar Gariadhar
Viewpark Viewpark
Oberhausen Oberhausen
Shagamu Shagamu
An An
Tiruppuvanam Tiruppuvanam
UlanUde UlanUde
Toledo Toledo
Aurora Aurora
Claremont Claremont
Ponta Ponta
Brunswick Brunswick
Guli Guli
Lodwar Lodwar
Puerto Puerto
Magomeni Magomeni
Copperas Copperas
Milagro Milagro
Tak Tak
Tharu Tharu
Resplendor Resplendor
Ada Ada
Paredes Paredes
Sillanwali Sillanwali
Dahlem Dahlem
Alfenas Alfenas
New New
DehiwalaMount DehiwalaMount
Oulmes Oulmes
Shaowu Shaowu
Yingkou Yingkou
American American
PointeClaire PointeClaire
Campobasso Campobasso
PortVila PortVila
Tupelo Tupelo
Mouscron Mouscron
Skalica Skalica
LonsleSaunier LonsleSaunier
Niort Perth Niort
Landshut Landshut
Ramla Ramla
Sorsogon Sorsogon
Barracas Barracas
Talipparamba Talipparamba
Ilesa Ilesa
Sirsi Sirsi
Zaozhuang Zaozhuang
Brzeg Brzeg
Palm Palm
Chacabuco Chacabuco
Tupiza Tupiza
Palafrugell Palafrugell
Onex Onex
Bon Bon
Bobigny Bobigny
Bavly Bavly
Bang Bang
Jiangyan Jiangyan
Stuttgart Stuttgart
Stupino Stupino
Great Great
Azrou Azrou
Aleshtar Aleshtar
Meizhou Meizhou
Valletta Valletta
Sishui Sishui Ventimiglia
Bogovinje Bogovinje
Rhosllanerchrugog Calauan Rhosllanerchrugog
Jagna Jagna
Hermsdorf Hermsdorf
Polohy Polohy
Marburg Marburg
Puducherry Puducherry
Milledgeville Milledgeville
Davis Davis
Foshan Foshan
MitryMory MitryMory
Bensheim Bensheim
Memmingen Memmingen
Mexborough Mexborough
Alexandria Alexandria
Uran Uran
Malden Malden
Valday Valday
Jashpurnagar Jashpurnagar
