108 69 7 51 101 49 170 54 78 178 34 48 6 23 129 77 110 75 150 179 157 15 107 38 31 190 116 109 107 133 63 158 21 66 44 13 79 46 32 46 61 17 67 120 138 36 126 112 64 37 53 90 96 56 151 143 121 30 186 177 189 82 71 73 193 11 193 39 146 183 84 196 92 197 118 182 148 176 100 191 117 24 114 142 99 28 181 167 156 187 156 184 113 136 134 45 127 26 5 81 174 188 153 144 188 35 14 35 188 174 19 174 188 128 1 43 130 85 68 95 83 139 65 30 108
89
54 54
19 19
28 28
36 36
85 85
65 65
184 184
120 120
134 134
75 75
64 64
114 114
63 63
32 32
34 34
39 39
128 128
190 190
15 157 15
26 26
84 84
1 1
100 100
69 69
71 82 71
136 136
129 129
126 126
187 187
14 14
144 144
66 66
79 79
121 121
95 95
17 17
146 146
138 138
133 133
186 186
109 109
151 151
99 99
37 37
78 78
101 101
83 83
43 140 43
143 143
153 153
44 44 13
167 167
197 137 197
182 148 182
77 77
96 57 96
11 11
181 181
130 130
46 46
81 81
118 118
73 73
92 92
107 107
179 179
24 24
177 177
49 49
174 174
7 7
176 176
61 61
56 56
117 117
170 170
150 150
23 23
5 5
53 53
45 45
31 31 38
68 68
110 110
142 142
48 48
188 188
35 35
67 67
