L0 L1 H1 L1 L0 L2 L3 L6 L10 L11 L13 L14 L18 L19 L25 0L1 0L2 H2 H4 H7 H11 H12 H10 H8 H6 H9 H11 H5 H11 H12 H13 H12 H14 H15 H19 H20 H22 H24 H23 H21 H20 H25 0H1 0H2 0H3 0H4 0H5 0H6 0H8 0H6 0H9 0H11 0H6 0H12 0H13 0H14 0H15 0H14 0H16 0H17 0H18 0H21 0H22 0H23 H3 0H25 0H24 H3 0L3 0L2 H2 H5 0H20 0H19 0H20 H5 H11 H12 H14 H15 H16 H17 H18 H17 H16 H15 H19 H20 H25 0H1 0H2 0H3 0H4 0H5 0H6 0H7 0H6 0H11 0H10 0H11 0H6 0H5 0H4 0H3 0H2 0H1 H25 H20 H19 H15 H14 H12 H11 H7 H4 H2 0L2 0L1 L25 L19 L18 L14 L13 L11 L10 L6 L3 L2 L0
49
H4 H4 H7
0H10 0H10
H1 H1
0H18 0H18
H18 H18
0H2 0H2
H23 H23
0H15 0H15
0H23 0H23
0H20 0H20
0H24 0H24
0H7 0H7
H16 H16
0H5 0H5
H25 H25
H6 H6
0H16 0H16
H14 H14
0H12 0H12
0H21 0H21
H13 H13
H5 H5
H22 H22
H3 H3
0H13 0H13
0H11 0H11
0H4 0H4
H10 H10
0H1 0H1
0H22 0H22
H17 H17
0H17 0H17
0H3 0H3
H24 H24
0H9 0H9
H9 H9
H19 H19
H21 H21
0H14 0H14
H11 H11
H8 H8
0H19 0H19
H15 H15
0H8 0H8
H2 H2
H20 H20
0H25 0H25
0H6 0H6
H12 H12
