1 11 12 2 24 14 36 23 48 26 60 35 72 38 84 47 96 50 108 59 120 62 132 71 144 74 1 83 1 86 1 95 1 98 1 107 1 110 1 119 1 122 1 131 1 134 1 143 10 4 22 16 34 28 46 40 58 52 3 64 3 76 3 88 3 100 3 112 3 124 3 136 3 5 6 8 18 17 30 20 42 29 54 32 66 41 78 44 90 53 102 56 114 65 126 68 138 77 3 80 3 89 3 92 3 101 3 104 3 113 3 116 3 125 3 128 3 137 3 140 1
89
11 11
6 6
18 18
30 30
42 42
54 54
66 66
78 78
90 90
102 102
114 114
126 126
138 138
4 4 70 82 94 106 118 130 142
2 2
14 14
23 23
26 26
35 35
38 38
47 47
50 50
59 59
62 62
71 71
74 74
83 83
86 86
95 95
98 98
107 107
110 110
119 119
122 122
131 131
134 134
143 143
5 5
8 8
17 17
20 20
29 29
32 32
41 41
44 44
53 53
56 56
65 65
68 68
77 77
80 80
89 89
92 92
101 101
104 104
113 113
116 116
125 125
128 128
137 137
140 140
16 16
28 28
40 40
52 52
64 64
76 76
88 88
100 100
112 112
124 124
136 136
12 12
24 24
36 36
48 48
60 60
72 72
84 84
96 96
108 108
120 120
132 132
144 144
10 10
22 22
34 34
46 46
58 58
