create appear feign deck pupil farewell crew ballot bracket breakin tin absorption hide cancel colon mechanism line accessible nationalism perception magnitude fuss childish company suffer predict steward think minimize adult skip top direct exotic celebration basketball maze linear belief dose contract battery concern pride creation pastel merit community prove transmission create
49
fuss fuss
dose dose
exotic exotic
prove prove
colon colon
deck deck
crew crew
community community
company company
pastel pastel
think think
merit merit
absorption absorption
creation creation
adult adult
battery battery
suffer suffer
transmission transmission
perception perception
appear appear
accessible accessible
breakin breakin
skip skip
linear linear
pride pride
tin tin
pupil pupil
belief belief
ballot ballot
basketball basketball
top top
contract contract
maze maze
line line
steward steward
cancel scrap cancel
celebration celebration
mechanism mechanism
concern concern
feign feign
bracket bracket
childish childish
hide hide
direct direct
farewell farewell
minimize minimize
predict predict
nationalism nationalism
magnitude magnitude
