pride thank equinox huge wrong lobby dramatic community minimize fuss ballot bracket glide creation rabbit work colon traction mechanism tribe top domestic accessible perception cancel crew car merit dose offensive fortune hide loud celebration integrated mosaic company vote transaction belief contract deter dialect desk steward seller skip battery linear salmon inhibition present berry scrap mind gift line think dilemma magnetic nationalism deck valid pastel childish create direct feign knit appear prove basketball bring suffer breakin denial shelter homosexual trance absorption farewell leash predict magnitude makeup pupil craftsman dedicate tin thread east exotic transmission concern whole smile adult maze pride
97
predict predict
dilemma dilemma
rabbit rabbit
pupil partnership pupil
adult adult
deck deck
breakin breakin
bring bring
deter deter
maze maze
tribe tribe
farewell farewell
wrong wrong
company company
dose dose
tin tin
present present formation
integrated integrated
equinox equinox
magnitude magnitude
minimize minimize
dramatic dramatic
east east
traction traction
battery battery
seller seller
desk desk
transmission transmission
concern concern
trance trance snap
exotic exotic
cancel cancel
bracket bracket
pride pride
nationalism nationalism
line line
whole whole
feign feign
denial denial
leash leash
dedicate dedicate
salmon salmon
fortune fortune
prove prove
craftsman craftsman
thread thread
childish childish
create create
domestic domestic
belief belief
car car
suffer suffer
berry berry
valid valid
transaction transaction
makeup makeup
shelter shelter
think think
loud loud
direct direct
community community
linear linear
top top
homosexual homosexual
creation creation
scrap scrap
steward steward
absorption absorption
ballot ballot
pastel pastel
knit knit
glide glide
mechanism mechanism
colon colon
mind mind
dialect dialect
huge huge
perception perception
basketball basketball
appear appear
lobby lobby
crew crew
mosaic mosaic
contract contract
fuss fuss
thank thank
skip skip
accessible accessible
work work
magnetic magnetic
gift gift
hide hide
merit merit
vote vote
celebration celebration
inhibition inhibition
offensive offensive
