1 10 11 12 13 10 1 6 7 8 9 6 1 56 57 58 59 56 1 60 61 62 63 60 1 106 107 108 109 106 1 110 111 112 113 110 1 156 157 158 156 1 160 161 160 1 18 19 20 21 18 1 68 69 70 71 68 1 118 119 120 121 118 1 168 170 168 1 2 5 3 4 2 1 14 15 16 17 14 1 64 65 66 67 64 1 114 115 116 117 114 1 164 165 166 167 164 1 26 27 28 27 26 1 76 77 78 77 76 1 126 127 128 127 126 1 176 177 178 177 176 1 22 23 24 25 22 1 72 73 74 75 72 1 122 123 124 125 122 1 172 173 174 175 172 1 50 51 52 55 53 54 52 51 50 1 100 101 102 105 103 104 102 101 100 1 150 151 152 153 152 151 150 1 26 27 28 29 30 29 28 27 26 1 76 77 78 79 80 79 78 77 76 1 126 127 128 129 130 129 128 127 126 1 176 177 178 179 180 179 178 177 176 1
73
11 11
30 30
80 80
130 130
180 180
25 25
75 75
125 125
175 175
53 53
103 103
153 153 154 155
23 23
73 73
123 123
173 173
24 24
74 74
124 124
174 174
28 28
78 78
128 128
178 178
15 15
16 16
17 17
65 65
66 66
67 67
115 115
116 116
117 117
165 165
166 166
167 167
3 3
20 20
70 70
120 120
170 169 170 171
7 7
57 57
61 61
107 107
111 111
157 157
161 161 162 163
8 8
58 58
108 108
158 158 159
4 4
5 5
9 9
12 12
13 13
19 19
21 21
54 54
55 55
59 59
62 62
63 63
69 69
71 71
104 104
105 105
109 109
112 112
113 113
119 119
121 121
