3a 23a 64a 57a 28a 23a 93a 5a 62a 1a 43a 71a 32a 41a 22a 77a 65a 30a 58a 67a 25a 60a 14a 34a 66a 68a 52a 103a 72a 61a 37a 84a 6a 92a 49a 98a 75a 96a 29a 79a 75a 49a 80a 53a 51a 0a 59a 48a 76a 4a 47a 56a 81a 82a 21a 88a 87a 15a 87a 24a 44a 35a 25a 78a 34a 13a 31a 99a 2a 16a 42a 16a 7a 38a 16a 42a 20a 52a 103a 72a 80a 9a 55a 0a 59a 95a 3a
57
47a 47a 73a
38a 38a
79a 79a
60a 60a
0a 0a
15a 15a
52a 52a
71a 71a
28a 28a
31a 31a
9a 9a
37a 37a
42a 42a
77a 77a
44a 44a
48a 48a
34a 34a
5a 5a
51a 51a
58a 58a
98a 98a
21a 21a
72a 72a
41a 41a
29a 29a
75a 75a
64a 64a
56a 56a
16a 16a
65a 65a
14a 14a
93a 93a
43a 43a
66a 66a
25a 39a 25a
4a 4a
92a 92a
80a 80a
67a 67a
87a 87a
23a 23a
30a 30a
62a 62a
7a 7a
61a 61a 40a 83a
99a 99a
57a 57a
32a 32a
96a 96a
53a 53a
22a 22a
49a 49a
84a 84a
6a 6a
88a 88a
1a 1a
35a 35a
