0 5 10 11 16 17 18 24 29 34 39 44 49 48 43 37 38 43 47 46 45 41 35 30 25 20 15 11 6 2 3 8 13 7 12 16 21 25 30 35 41 46 52 57 63 64 69 68 67 66 61 55 60 65 70 75 80 85 90 91 92 96 97 98 99 94 89 84 83 77 72 66 61 55 50 45 40 35 30 25 20 15 10 5 0
49
66 66
0 0
34 34
99 99
90 90
46 46
20 20 21
8 8
64 64
83 83
49 49
89 89
10 10
35 35
18 18
43 43
70 70
92 92
55 55
57 57
2 2
16 16
61 61
44 44
39 39
63 63
94 94
24 24
37 37
17 17
45 45
11 11
38 38
3 3
29 29
47 47
85 85
96 96
52 52
65 65
41 41
91 91
13 13
30 30
69 69
5 5
7 7
48 48
6 6
