0 1 2 12 22 31 21 20 30 41 51 61 71 82 83 73 64 53 43 33 24 14 15 16 17 18 9 8 18 29 39 38 48 37 27 26 35 45 55 66 76 86 95 105 114 125 126 127 116 107 108 118 129 139 149 158 148 147 146 155 154 164 153 152 151 150 160 161 170 181 182 183 184 185 186 196 187 188 178 189 199 198 188 177 167 166 175 165 154 144 133 132 122 123 112 103 104 94 95 96 87 77 68 78 89 99 98 97 96 95 94 93 92 102 101 111 121 130 120 130 140 130 120 110 100 90 80 81 70 71 72 62 51 42 32 23 13 4 5 4 3 2 1 0
97
154 154
2 2
39 39
80 80
199 199
86 86
139 139
130 130
181 181
53 53
99 99 89
15 15
103 103
125 125
186 186 176
31 31
9 9
68 68 67
147 147
152 152
61 61
20 20
160 160
108 108
127 127
101 101
82 82
178 178
122 122
158 158
33 33
166 166
4 4
73 73
184 184
133 133
17 17
105 105
48 48
45 45
114 114
196 196
29 29
22 22
77 77
12 12
155 155
64 64
21 21
188 188
132 132
51 51
71 71
16 16
123 123
95 95
146 146
5 5
164 164
149 149
175 175
18 18
151 151
76 76
167 167
87 87
83 83
189 189
118 118
153 153
8 8
120 120
81 81
129 129
26 26
140 140
111 111
182 182
165 165
150 150
43 43
42 42
94 94
37 37
70 70
98 98
104 104
107 107
198 198
96 96
161 161
116 116
102 102
24 24
183 183
187 187
72 72
