0 79 87 86 11 48 88 46 40 66 85 8 77 52 38 94 96 91 10 57 31 75 29 17 39 15 99 1 32 7 43 23 30 70 13 92 59 73 5 90 54 61 41 81 71 21 53 89 2 27 36 51 72 62 55 63 19 24 3 26 78 16 93 76 35 47 83 45 64 4 82 18 65 69 49 44 50 60 68 95 22 37 34 58 80 67 56 12 25 98 9 6 33 14 84 97 28 0
97
6 6
11 11
28 28
82 82
7 7
24 24
84 84
50 50
47 47
16 16
25 25
58 58
79 79
8 8
95 20 95
90 90
65 65
13 13
41 41
46 46
72 72
89 89
49 49
56 56
64 64
1 1
30 30
75 75
69 69
33 33
3 3
39 39
62 62
38 38
63 63
27 27
97 97
12 12
66 66
68 68
88 88
14 14
71 71
67 67
96 96
78 78
57 57
80 80
59 59
93 93
55 55
43 43
22 22
99 99
51 51
87 87
9 9
44 44
18 18 42
4 4
0 0
94 94
45 45
83 83
26 26
17 17
61 61
52 52
91 91
15 15
48 48
37 37
98 98
35 35
53 53
23 23
29 29
2 2
73 73
19 19
60 60
92 74 92
32 32
34 34
85 85
5 5
31 31
36 36
86 86
10 10
21 21
70 70
77 77
76 76
54 54
81 81
40 40
