start a1 a2 a3 a4 start e1 e19 e2 e20 e3 e4 e21 e4 e6 e18 e25 e15 e24 e12 e23 e10 e22 e8 e7 start c3 c1 c3 c5 c3 start h6 h18 h6 h17 h25 h24 h23 h4 h22 h4 start h2 h26 h2 h8 h9 h10 h11 h12 h13 h12 h11 h1 start c6 c7 c24 c23 c21 c20 c17 c20 c11 c12 c13 c10 c14 c15 c13 c12 c11 c20 c36 c35 c31 c33 c31 c27 c26 c28 c29 c30 c23 c24 c7 c6 start d1 d2 d4 d5 d6 d3 start
33
c13 c13
d5 d5
d1 d1
e23 e23
c26 c26
h13 h13
e19 e19
h24 h24
c1 c1
c17 c17
e21 e21
h9 h9
h18 h18
c23 c23
c33 c33
a1 a1 a5
e25 e25
h22 h22
h26 h26
c5 c5
d4 d4
e20 e20
e22 e22
e24 e24
h17 h17
c10 c10
c15 c15
c21 c21
c27 c27
c31 c31
a2 a2
a3 a3
a4 a4
