start f11 f12 f13 f14 start g3 g4 g1 g5 g2 g6 g7 g9 g12 g16 g13 g17 g21 g24 g19 g14 g11 g10 g8 g12 g15 g20 g15 g19 g23 g18 g23 g19 g24 g21 g25 g22 g25 g21 g16 g12 g8 start a1 start c3 c1 c3 c5 c3 start e1 e19 e2 e20 e3 e4 e21 e4 e6 e18 e25 e15 e24 e12 e23 e10 e22 e8 e7 start h6 h18 h6 h17 h25 h24 h23 h4 h22 h4 start h2 h26 h2 h8 h9 h10 h11 h12 h13 h12 h11 h1 start f14 f7 f15 f16 f17 f7 f14 f9 f18 f19 f20 f10 f14 start b16 b10 b11 b3 b11 b12 b4 b12 b13 b5 b13 b14 b6 b14 b13 b12 b11 b10 b9 b8 b2 b8 b7 b1 b7 b8 b9 b10 b16 b17 b18 b23 b27 b26 b27 b23 b18 b19 b20 b24 b20 b21 b25 b21 b22 b15 b22 b21 b20 b19 b18 b17 b16 start c6 c7 c24 c23 c21 c20 c17 c20 c11 c12 c10 c13 c15 c13 c12 c11 c20 c36 c35 c31 c33 c31 c27 c26 c28 c29 c30 c23 c24 c7 c6 start d1 d2 d4 d5 d6 d3 start
73
g7 g7
d5 d5
b15 b15
c26 c26 c27
b6 b6
b1 b1
b26 b26
c15 c15
d1 d1
g18 g18
g22 g22
f16 f16
f19 f19
e23 e23
h13 h13
b3 b3
c17 c17
e21 e21
h24 h24
g1 g1
g10 g10
b24 b24
c1 c1
e19 e19
h9 h9
h18 h18
g16 g16
f11 f11
b2 b2
b4 b4
b5 b5
b25 b25
c23 c23
c33 c31 c33
e25 e25
h22 h22
h26 h26
g2 g2
g3 g3
g14 g14
g15 g15
g17 g17
g24 g24
f13 f13
c5 c5
c10 c10
d4 d4
a1 a1 a2 a3 a4 a5
e20 e20
e22 e22
e24 e24
h17 h17
g4 g4
g5 g5
g6 g6
g8 g8
g9 g9
g11 g11
g12 g12
g13 g13
g19 g19
g20 g20
g21 g21
g23 g23
g25 g25
f12 f12
f14 f14
f15 f15
f17 f17
f18 f18
f20 f20
c13 c13
c21 c21
