CH CV AP DN BY DD CZ CD CF BD DV AV AU AM BZ AN AL BN CS BL AZ AY CP BV AD AT DL BA DC DS BU DS DG DS CA AX CU BF CN AJ AF CL DM CB DI BW DF BP BG CM BC CM CY DB CB BS AX BR DO DU CQ DU CW CF DP BI DP BT DQ BT DP CH
49
BL BL
CW CW
BS BS
AU AU
DG DG
DF DF
CQ CQ
BG BG
BI BI
AP AP
DB DB
DO DO
CA CA
DQ DQ
AL AL
BF BF
AF AF
BC BC
DV DV
DM DM
CD CD CZ
BP BP
CP CP
DI DI
AT AT
AY AY
BZ BZ
CN CN
AZ AZ
BU BU
BN BN
BY BY
DC DC
AV AV
CS CS
CV CV
BD BD
BV BV
DD DD
AM AM
CB CB
DU DU
CU CU
CL CL
DP DP
AJ AJ
AN AN
CF CF
DL DL
