BU FF DU GA DI CZ GM AT CM HP HM BZ AN BW HI HG HI FN CW GY BQ GE DK DM CR BN CK DE FY DE GO EG CD BA DS GT EO FU FL DW EN DW DP HJ BM BH FD CV CA CY AR EQ CX BR DL CT FB AY ET HA FP AF FO EK GQ EY DR AU CS CI DX GG DD GP EA EV HH DQ EP FS EC AP CF CQ DT FC DZ EL AE BK FI GS BG DJ AQ DE FW ES FR HN BY BF AM EH AX CO CA HF HL GK CB ER HQ AL GH GN CE AV EK FG AZ DV FF BU
97
CX CX
ET ET
FG FG
DX DX
AV AV
BF BF
DS DS
DZ DZ
CM CM
AX AX
ER ER
GS GS
FR FR
HF HF
HJ HJ
DQ DQ
DR DR
DM DM
DV DV
AF AF
GK GK
CS CS
GN GN
EO EO
DI DI
BG BG
GH GH
DJ DJ
BW BW
AQ AQ
CO CO
CY CY
EG HC EG
FD FD
BN BN
DL DL
AY AY
FL FL
EK EK
DT DT
AP AP
HM HM
AN AN
DD DD
GQ GQ
BY BY
CW CW
FF FF
BM BM
CZ CZ
BK BK
EV EV
FP FP
EL EL
FY DE FY
GE GE
CV CV
AR AR
FS FS
ES ES
GM BE GM
EN EN
BA BA
CK CK
DP DP
HH HH
FW FW
CT CT
EY EY
GT GT
HG HG
CA CA
GA GA
HA HA
GP GP
FB FB
CR CR
BU BU
EH EH
EC EC
DK DK
FI FI
BQ BQ
CI CI
AT AT
BH BH
GO GO
FN FN
AE AE
CD CD
BZ BZ
FU FU
CQ CQ
EQ EQ
HP HP
GY GY
DU DU
