Qatar Belarus Peru Armenia Mongolia Tajikistan Danzig Gabon Liberia Kosovo CostaRica Belgium Morocco VaticanCity UAE Montenegro Australia Estonia UnitedKingdom Senegal RussianFederation Tanzania Angola Uzbekistan Georgia Macedonia GuineaBissau Singapore Guyana SanMarino Burundi Tuvalu Lebanon Mozambique Mali Tunisia Sweden Haiti SaintLucia SierraLeone France Albania Nicaragua Andorra Malta Kyrgyzstan DemofChina Egypt America Netherlands Qatar
49
Gabon Gabon
Nicaragua Nicaragua
Haiti Haiti
Sweden Sweden
SierraLeone SierraLeone
DemofChina DemofChina
Netherlands Netherlands
America America
Belarus Belarus CzechRepublic
Tajikistan Tajikistan
Armenia Armenia
Egypt Egypt
France France
Kosovo Kosovo
VaticanCity VaticanCity
Peru Peru
Mongolia Mongolia
Danzig Danzig
Morocco Morocco
Liberia Liberia
UAE UAE
Australia Australia
Estonia Estonia
Montenegro Montenegro
RussianFederation RussianFederation
CostaRica CostaRica
Senegal Senegal
UnitedKingdom UnitedKingdom
Macedonia Macedonia
Singapore Singapore
Mozambique Mozambique
Belgium Belgium
Angola Angola
Guyana Guyana
Tanzania Tanzania
Uzbekistan Uzbekistan
Mali Mali
SanMarino SanMarino
GuineaBissau GuineaBissau
Tunisia Tunisia
Malta Malta
Lebanon Lebanon
Tuvalu Tuvalu
Albania Albania
Kyrgyzstan Kyrgyzstan
Burundi Burundi
Andorra Andorra
SaintLucia SaintLucia
Georgia Georgia
