Albania Malaysia SolomonIslands Bahamas Andorra Brazil EquatorGuinea Burkina Rome BosHerzegovina IvoryCoast Portugal Bulgaria VaticanCity Nepal Djibouti Mauritius Mauritania Thailand Kosovo Algeria Niger Laos Pakistan MountAthos Yemen Comoros Estonia Belarus Norway Panama Italy Luxembourg Latvia Mongolia Peru Paraguay UnitedKingdom Eritrea Dominica CapeVerde America SierraLeone Cambodia Philippines Burma Danzig Kazakhstan Japan Qatar Jamaica Tunisia Lesotho Argentina Germany Cyprus Kiribati Chile Tanzania Ukraine France Slovenia Rwanda Australia Bhutan CentralAfricanRep Hungary NorthKorea Romania Ethiopia Newfoundland SaintLucia RussianFederation Israel SaudiArabia Vanuatu Gabon Guatemala SaoTomPrincipe UAE SriLanka Grenada Switzerland Seychelles Cuba NewZealand Finland PapuaNewGuinea Poland Venezuela SaintKitts TheGambia Greece Suriname Mali Swaziland Togo Vietnam Liechtenstein Vietnam Lithuania Albania
97
BosHerzegovina BosHerzegovina Maldives
SaintKitts SaintKitts
Bahamas Bahamas Serbia
Malaysia Malaysia
Burkina Burkina
VaticanCity VaticanCity
Mauritius Mauritius
Brazil Brazil
Niger Niger
Portugal Portugal Fiji
Yemen Yemen
Rome Rome
SolomonIslands SolomonIslands
IvoryCoast IvoryCoast
Andorra Andorra
EquatorGuinea EquatorGuinea
Djibouti Djibouti
Mauritania Mauritania
Pakistan Pakistan
Bulgaria Bulgaria
Thailand Thailand
Nepal Nepal
Estonia Estonia
Italy Italy
Comoros Comoros
Kosovo Kosovo
Norway Norway
Algeria Algeria
Panama Panama
Eritrea Eritrea
Mongolia Mongolia
UnitedKingdom UnitedKingdom
Peru Peru
Laos Laos
Luxembourg Luxembourg
Belarus Belarus
Paraguay Paraguay
America America
MountAthos MountAthos
Dominica Dominica
Philippines Philippines
CapeVerde CapeVerde
Latvia Latvia
Cyprus Cyprus
Burma Burma
SierraLeone SierraLeone
Kazakhstan Kazakhstan
Cambodia Cambodia
Japan Japan
Danzig Danzig
Jamaica Jamaica
Tunisia Tunisia
Qatar Qatar
Argentina Argentina
Chile Chile
Tanzania Tanzania
Kiribati Kiribati
Germany Germany
Ukraine Ukraine
Australia Australia
France France
Newfoundland Newfoundland
Slovenia Slovenia
Lesotho Lesotho
CentralAfricanRep CentralAfricanRep
Romania Romania
Bhutan Bhutan
Ethiopia Ethiopia
NorthKorea NorthKorea
SaintLucia SaintLucia
Gabon Gabon
Hungary Hungary
Vanuatu Vanuatu
SaudiArabia SaudiArabia
Grenada Grenada
SaoTomPrincipe SaoTomPrincipe
Rwanda Rwanda
RussianFederation RussianFederation
Guatemala Guatemala
UAE UAE
SriLanka SriLanka
Cuba Cuba
Togo Togo
Poland Poland
Israel Israel
Switzerland Switzerland
Seychelles Seychelles
Venezuela Venezuela
NewZealand NewZealand
PapuaNewGuinea PapuaNewGuinea
Finland Finland
Mali Mali
TheGambia TheGambia
Greece Greece
Suriname Suriname
Liechtenstein Liechtenstein
Lithuania Lithuania
