Zjo93yXsdcDV6Oit TlojxXhc2qYoWZfd hUodt8EH9XJmymZc 5gVgbSJalKNpCPGR mxfBTsbr179d38Xl e9vcyjNNidNUI5lw csYok6RDEEUhtSFo 10BaRDIVtibSNqCT L25OgxwPsOzFiHDa w2eQINfJGzFmJVSa aS5gP3tBqF72MHBj SXePDE8VmWVNc3gI AzbeVJsoSmTMPZLM xoNuVQFyUNw60SHt mp9G8QwevnO2Hxc1 jL8h52rHOflXCXG0 ja6XsDQlFAUw1yfc W3Q2QtUAtGMzTlOK lWi5N9iGPSdFbw4x At29Qn6ybXGjj4BZ HzeL7kqwHpJiFrZV ZpYXkDvB4yWlBwtb HTIVnzfE1Yii5xog oheo0bgdJ9E5AaZ3 ZetpQpaBiR0HxxTA 7rCQ85ozq5ueBf3n DtNMJrqE8gQwtB9A gbLSiDepCxsLEFEh P86w2YmfZZMrKQDs CXs92joGuF2B74ma 7umkRD4mdERwQl2t 3nUfHHB7quaxw3FP wPFBAldpZF3WcEqd Zo0umr3KFWOZJQPm LjKfvPnu1IVb9d8E dBEYMpdveobbOa64 Plb766RuoiNfkOGW dBEYMpdveobbOa64 ZASkL5Mxwr8cbBFG TEBcdk0AQd6dKevH Of6XUqufA1wxpnuj m8Rn3gh3HBuT9R8d qKKAwpkuJY9E8dpl kmMzOIvorXbmvHXw 8vLm5GS8pptr9y8t 6Gt5ffOE5tOJA8A7 uN0YmlR4YKMmyTVh FzSHaHADmN7Zbhbr 8ae7BICLTSRkgPWv 3th5kfdmmYoxH6sF yILnNjtdKS6kD3NP 6GsK7I0daq8OZxaS LUoJ0iRCc71uZfNX 6GsK7I0daq8OZxaS Uw31N0oW965MP4qr 1Eq6CyZRaHXkARva LsIlvCjQu9Xqre9U YpZJ50mXHPeALpEr u7i0C02E9nMoZ6Ab YHVvi99ucaU9tYgf xLhGn69fZWxkF2ME YHVvi99ucaU9tYgf nkKMB647tDItOdTX 2v7uFoKD90sPVOTA AvHIDL41dbfeNksW 27KMNaF72cTW0PDA AvHIDL41dbfeNksW ngcwhTcmwXuonGlk quCqGzaCZ5rVk9Gn U5CEflgpFptgqHUL 6La4alyyQSzgrmmj TbM88DujEo9BSxqT 0rKC7Chib5iDGjTC SLuZYQ4lYwLMQuMp 0BNdm9hpaqd4q3Tx EuY7nNg1nWHDnCBx pKGVzMiXVo3v1oQu fg0WyZdFGAAZWRqK uRc2j178KRm3sVAY PDtM7hU3L1QjW9eR Dg4uIWuVD7Xd3FfI EotYPttMvJbBfyaO PmJZCdR41rbLgXgi 2yhNJ9fcTz8hRVDj drsNw5E8nXGgcxxE HqZKcXPbTIsIN6eT 2hsCdf5s2NPqItPy 3SYpu8y7n2lFaEgA 1yeDQmwUGYi8LEVC 0Pfip4BXzoRzyFv2 3PEg9lFbqEimkqjc kWAnmn2xV4T8moWO Byr8ftz6Pn4uac3K LdwRPFzBNqStC5X8 W4POX5YqpnnI3x1U jVrty3u6KGOjBg80 8pFqGmxaOhvFeBf4 Gypke7sesv6WDuj9 LI7uFZ34s97AeNpk eRAtRmExinGYKjYs uuhviI1p7F0sChqp z6aHWvfWV1YcOU3s 9dVIdmIqrww8IL0A asqla05DvWvndrgH QSabhET5tNnXgX60 1bDI0W7o3Pb2zYhB xlWntBwCLfHgHam8 K5TJWlCDC2GiIJEC KHBd51v9Lk79JoNu e9DWnoEu0mxMb9VK ZsdU4FLz0FoJAHOC qQzEeIfIOpoI9qKk tZ46uZudk7AfSXt1 9L0zlmq9jRh6nd1I qeVT6FbNKHRizFU8 rvadWwbDVrEOdUmt J5iqQt6wukvg6KLY WVwd9ExLXa3zphJn 9pH9xdreYrmVM1JI OMjRZA0G6vbBxKd5 ziJdi0Y4mj4TIJZ9 bpy0VAq3GZuO2R8U HAZt9xslXTTIQrh6 bpy0VAq3GZuO2R8U RnvIh4TOetAfG82E J5iqQt6wukvg6KLY rvadWwbDVrEOdUmt qeVT6FbNKHRizFU8 9L0zlmq9jRh6nd1I tZ46uZudk7AfSXt1 qQzEeIfIOpoI9qKk ZsdU4FLz0FoJAHOC e9DWnoEu0mxMb9VK xlWntBwCLfHgHam8 K5TJWlCDC2GiIJEC fBCH5yXHMW5jQJjk 5TjXpBJuIWCWGZis jVrty3u6KGOjBg80 1yeDQmwUGYi8LEVC 3SYpu8y7n2lFaEgA 2hsCdf5s2NPqItPy drsNw5E8nXGgcxxE CvZWFxoaMZYhwHYj Dg4uIWuVD7Xd3FfI PDtM7hU3L1QjW9eR uRc2j178KRm3sVAY fg0WyZdFGAAZWRqK EuY7nNg1nWHDnCBx 1ByTcIJH8XabOIWu TbM88DujEo9BSxqT LZyPcj0slZv1Vk6U nkKMB647tDItOdTX YHVvi99ucaU9tYgf u7i0C02E9nMoZ6Ab YpZJ50mXHPeALpEr LsIlvCjQu9Xqre9U 1Eq6CyZRaHXkARva nPVdEshNZOOx6qGx StSocpbFeWB0czP8 MxcmtGZ6qJUnGaxB gqX9V4QU6KrO7JGI FzSHaHADmN7Zbhbr 1r13Qnmq9ixI97Qj pi9Gjwqb8nw39ALT m8Rn3gh3HBuT9R8d R43sDxzHzrO5kncN m8Rn3gh3HBuT9R8d dBEYMpdveobbOa64 LjKfvPnu1IVb9d8E wPFBAldpZF3WcEqd 3nUfHHB7quaxw3FP 6GooyGuiju54f88f P5s4K3vn5D6QckKy qu8g8cZOs78HG0ai 1tbAFBLUOcEKBREU HTIVnzfE1Yii5xog PNqsQWIcQ5cFHA0e ksuRDz3lVhXKZaYK ODpK9gk17jDT3Sp2 W3Q2QtUAtGMzTlOK jL8h52rHOflXCXG0 7exc1QixP81F0w95 jBnrdVZITnwrbrWj AzbeVJsoSmTMPZLM aS5gP3tBqF72MHBj L25OgxwPsOzFiHDa cKUQBLkhJ2YTpTZk XxpoDiTW03kVmIFK VognV1ysFxsfM1T3 mxfBTsbr179d38Xl 5gVgbSJalKNpCPGR hUodt8EH9XJmymZc Zjo93yXsdcDV6Oit
97
9pH9xdreYrmVM1JI 9pH9xdreYrmVM1JI
Zo0umr3KFWOZJQPm M9il2j2XBWeGdURv Zo0umr3KFWOZJQPm
1ByTcIJH8XabOIWu 1ByTcIJH8XabOIWu
Gypke7sesv6WDuj9 Gypke7sesv6WDuj9
LUoJ0iRCc71uZfNX LUoJ0iRCc71uZfNX
drsNw5E8nXGgcxxE drsNw5E8nXGgcxxE
2v7uFoKD90sPVOTA 2v7uFoKD90sPVOTA
asqla05DvWvndrgH asqla05DvWvndrgH
kmMzOIvorXbmvHXw kmMzOIvorXbmvHXw
1r13Qnmq9ixI97Qj 1r13Qnmq9ixI97Qj
5TjXpBJuIWCWGZis 5TjXpBJuIWCWGZis
HAZt9xslXTTIQrh6 HAZt9xslXTTIQrh6
qQzEeIfIOpoI9qKk qQzEeIfIOpoI9qKk
1yeDQmwUGYi8LEVC 1yeDQmwUGYi8LEVC
PDtM7hU3L1QjW9eR PDtM7hU3L1QjW9eR
0rKC7Chib5iDGjTC 0rKC7Chib5iDGjTC
LsIlvCjQu9Xqre9U LsIlvCjQu9Xqre9U
TEBcdk0AQd6dKevH TEBcdk0AQd6dKevH ZASkL5Mxwr8cbBFG
K5TJWlCDC2GiIJEC K5TJWlCDC2GiIJEC
yILnNjtdKS6kD3NP yILnNjtdKS6kD3NP
rvadWwbDVrEOdUmt rvadWwbDVrEOdUmt
z6aHWvfWV1YcOU3s z6aHWvfWV1YcOU3s
quCqGzaCZ5rVk9Gn quCqGzaCZ5rVk9Gn
Plb766RuoiNfkOGW Plb766RuoiNfkOGW dBEYMpdveobbOa64
LI7uFZ34s97AeNpk LI7uFZ34s97AeNpk
RnvIh4TOetAfG82E RnvIh4TOetAfG82E
jVrty3u6KGOjBg80 jVrty3u6KGOjBg80
Byr8ftz6Pn4uac3K Byr8ftz6Pn4uac3K
3PEg9lFbqEimkqjc 3PEg9lFbqEimkqjc
PmJZCdR41rbLgXgi PmJZCdR41rbLgXgi
pKGVzMiXVo3v1oQu pKGVzMiXVo3v1oQu
6La4alyyQSzgrmmj 6La4alyyQSzgrmmj
27KMNaF72cTW0PDA 27KMNaF72cTW0PDA
LZyPcj0slZv1Vk6U LZyPcj0slZv1Vk6U
xLhGn69fZWxkF2ME xLhGn69fZWxkF2ME
StSocpbFeWB0czP8 StSocpbFeWB0czP8
MxcmtGZ6qJUnGaxB MxcmtGZ6qJUnGaxB
uN0YmlR4YKMmyTVh uN0YmlR4YKMmyTVh
m8Rn3gh3HBuT9R8d m8Rn3gh3HBuT9R8d
ziJdi0Y4mj4TIJZ9 ziJdi0Y4mj4TIJZ9
OMjRZA0G6vbBxKd5 OMjRZA0G6vbBxKd5
9L0zlmq9jRh6nd1I 9L0zlmq9jRh6nd1I
e9DWnoEu0mxMb9VK e9DWnoEu0mxMb9VK
1bDI0W7o3Pb2zYhB 1bDI0W7o3Pb2zYhB
eRAtRmExinGYKjYs eRAtRmExinGYKjYs
kWAnmn2xV4T8moWO kWAnmn2xV4T8moWO
3SYpu8y7n2lFaEgA 3SYpu8y7n2lFaEgA
2hsCdf5s2NPqItPy 2hsCdf5s2NPqItPy
0BNdm9hpaqd4q3Tx 0BNdm9hpaqd4q3Tx
u7i0C02E9nMoZ6Ab u7i0C02E9nMoZ6Ab
Uw31N0oW965MP4qr Uw31N0oW965MP4qr
8ae7BICLTSRkgPWv 8ae7BICLTSRkgPWv
6Gt5ffOE5tOJA8A7 6Gt5ffOE5tOJA8A7
LjKfvPnu1IVb9d8E LjKfvPnu1IVb9d8E
bpy0VAq3GZuO2R8U bpy0VAq3GZuO2R8U
WVwd9ExLXa3zphJn WVwd9ExLXa3zphJn
J5iqQt6wukvg6KLY J5iqQt6wukvg6KLY
qeVT6FbNKHRizFU8 qeVT6FbNKHRizFU8
tZ46uZudk7AfSXt1 tZ46uZudk7AfSXt1
ZsdU4FLz0FoJAHOC ZsdU4FLz0FoJAHOC
KHBd51v9Lk79JoNu KHBd51v9Lk79JoNu
xlWntBwCLfHgHam8 xlWntBwCLfHgHam8
QSabhET5tNnXgX60 QSabhET5tNnXgX60
9dVIdmIqrww8IL0A 9dVIdmIqrww8IL0A
uuhviI1p7F0sChqp uuhviI1p7F0sChqp
fBCH5yXHMW5jQJjk fBCH5yXHMW5jQJjk
8pFqGmxaOhvFeBf4 8pFqGmxaOhvFeBf4
W4POX5YqpnnI3x1U W4POX5YqpnnI3x1U
LdwRPFzBNqStC5X8 LdwRPFzBNqStC5X8
0Pfip4BXzoRzyFv2 0Pfip4BXzoRzyFv2
HqZKcXPbTIsIN6eT HqZKcXPbTIsIN6eT
CvZWFxoaMZYhwHYj CvZWFxoaMZYhwHYj
2yhNJ9fcTz8hRVDj 2yhNJ9fcTz8hRVDj
EotYPttMvJbBfyaO EotYPttMvJbBfyaO
Dg4uIWuVD7Xd3FfI Dg4uIWuVD7Xd3FfI
uRc2j178KRm3sVAY uRc2j178KRm3sVAY
fg0WyZdFGAAZWRqK fg0WyZdFGAAZWRqK
EuY7nNg1nWHDnCBx EuY7nNg1nWHDnCBx
SLuZYQ4lYwLMQuMp SLuZYQ4lYwLMQuMp
TbM88DujEo9BSxqT TbM88DujEo9BSxqT
U5CEflgpFptgqHUL U5CEflgpFptgqHUL
ngcwhTcmwXuonGlk ngcwhTcmwXuonGlk
AvHIDL41dbfeNksW AvHIDL41dbfeNksW
nkKMB647tDItOdTX nkKMB647tDItOdTX
YHVvi99ucaU9tYgf YHVvi99ucaU9tYgf
YpZJ50mXHPeALpEr YpZJ50mXHPeALpEr
1Eq6CyZRaHXkARva 1Eq6CyZRaHXkARva
nPVdEshNZOOx6qGx nPVdEshNZOOx6qGx
6GsK7I0daq8OZxaS 6GsK7I0daq8OZxaS
gqX9V4QU6KrO7JGI gqX9V4QU6KrO7JGI
3th5kfdmmYoxH6sF 3th5kfdmmYoxH6sF
FzSHaHADmN7Zbhbr FzSHaHADmN7Zbhbr
8vLm5GS8pptr9y8t 8vLm5GS8pptr9y8t
R43sDxzHzrO5kncN R43sDxzHzrO5kncN
qKKAwpkuJY9E8dpl qKKAwpkuJY9E8dpl
pi9Gjwqb8nw39ALT pi9Gjwqb8nw39ALT
Of6XUqufA1wxpnuj Of6XUqufA1wxpnuj
