vBhpoFdJZxyttIlfaf7D 37APL8dpwT5Ds5AIG0t4 d6xeP6xeDJ3O2jY8D4pB rMd1TXBMCuFfO59jF1Tq zs7X4IJgeJEM8iqAbvF3 RpMJGAvULIBCQ0RI369s vLwJebpyApE3MPksc9OW XBxLd5K0m0Gtk5fTL45q WN0Nl06Zx9w6LYUHMZam R6ZzYYWqarkWldqbKDab 7PoxePhwnlLvMilKVpER 4ilNvg3IkxoJuvkwqYsS MiPSEwVMn3bbGh4tbRTf qkrT0EYt8AHuefFD25g1 XWHR07Y6kfSBbEuD62PN rkMvLqMMN5Aq3onq5XeZ XYk0VV4ujV55qqS8YiHV 6koX1rNvAwrB84m39eQv tUVqKo1E6AibIE6zShkv mv3tFPDoT2NlrLp24T9l 8mLI4Cl8exxeLw5eLCvi jTdja1e2hUhydiExPlJM fp9JaV5iTp8QxXwwkR68 oFNlFPub6zLirsQwo0fu W1jWYYdH0atiKtbaVDRT 535WuquKiicRqEyzCI3d eKaPpzrMwOPxNzeoOSFH DybFcuyeWxt51LawzVvs RRlYwTFLYqL48JIMSAmC EHYUZOt1fTtm7KJue8on NAqhSs9OpS9XtIaJtTCD 2LthmnS3Cdd5FBfY5GQ9 R7crXexksQ4TN5zY2ck3 WwLzOfqcc3FIzub2jh8R cs6LkMYfySGYUzb8VLcc n2Cqtp5v2DuwGX7LhuzE JEGgKJfdY8owvwdYhKMk uUumBfQJDh6S0d06Kb78 XX8iZd9Mw56dkKCstFAC 8Le4AI986fwHZXPoOMK1 nB1RHSnvjX4nG0Tch5En J00g7hlLLSWTXvTYK9v2 9B0w6Ahn3NsugfNn6veD InZnvPu8h9zAoLCNj2in 6PPTzNGrNxrgfdvm8cwZ 17OoKHzumyPaqfjSSc7S ohy3S5QXymEhh63dMBQE wHEcyeduhdH7p3Lr1PtC qM7lEl3z2COceXw7x0EC iki3BohF22ET0rMPxXQ5 vBhpoFdJZxyttIlfaf7D
49
8Le4AI986fwHZXPoOMK1 8Le4AI986fwHZXPoOMK1
ohy3S5QXymEhh63dMBQE ohy3S5QXymEhh63dMBQE
535WuquKiicRqEyzCI3d 535WuquKiicRqEyzCI3d
vLwJebpyApE3MPksc9OW vLwJebpyApE3MPksc9OW
rMd1TXBMCuFfO59jF1Tq rMd1TXBMCuFfO59jF1Tq
jTdja1e2hUhydiExPlJM jTdja1e2hUhydiExPlJM
WwLzOfqcc3FIzub2jh8R WwLzOfqcc3FIzub2jh8R
InZnvPu8h9zAoLCNj2in InZnvPu8h9zAoLCNj2in fHfopcx4v3MKBN0TMn7s
6koX1rNvAwrB84m39eQv 6koX1rNvAwrB84m39eQv
iki3BohF22ET0rMPxXQ5 iki3BohF22ET0rMPxXQ5
J00g7hlLLSWTXvTYK9v2 J00g7hlLLSWTXvTYK9v2
DybFcuyeWxt51LawzVvs DybFcuyeWxt51LawzVvs
7PoxePhwnlLvMilKVpER 7PoxePhwnlLvMilKVpER
n2Cqtp5v2DuwGX7LhuzE n2Cqtp5v2DuwGX7LhuzE
17OoKHzumyPaqfjSSc7S 17OoKHzumyPaqfjSSc7S
37APL8dpwT5Ds5AIG0t4 37APL8dpwT5Ds5AIG0t4
uUumBfQJDh6S0d06Kb78 uUumBfQJDh6S0d06Kb78
XWHR07Y6kfSBbEuD62PN XWHR07Y6kfSBbEuD62PN
XX8iZd9Mw56dkKCstFAC XX8iZd9Mw56dkKCstFAC
R6ZzYYWqarkWldqbKDab R6ZzYYWqarkWldqbKDab
EHYUZOt1fTtm7KJue8on EHYUZOt1fTtm7KJue8on
W1jWYYdH0atiKtbaVDRT W1jWYYdH0atiKtbaVDRT
rkMvLqMMN5Aq3onq5XeZ rkMvLqMMN5Aq3onq5XeZ
mv3tFPDoT2NlrLp24T9l mv3tFPDoT2NlrLp24T9l
XBxLd5K0m0Gtk5fTL45q XBxLd5K0m0Gtk5fTL45q
2LthmnS3Cdd5FBfY5GQ9 2LthmnS3Cdd5FBfY5GQ9
JEGgKJfdY8owvwdYhKMk JEGgKJfdY8owvwdYhKMk
eKaPpzrMwOPxNzeoOSFH eKaPpzrMwOPxNzeoOSFH
RpMJGAvULIBCQ0RI369s RpMJGAvULIBCQ0RI369s
9B0w6Ahn3NsugfNn6veD 9B0w6Ahn3NsugfNn6veD
MiPSEwVMn3bbGh4tbRTf MiPSEwVMn3bbGh4tbRTf
nB1RHSnvjX4nG0Tch5En nB1RHSnvjX4nG0Tch5En
oFNlFPub6zLirsQwo0fu oFNlFPub6zLirsQwo0fu
cs6LkMYfySGYUzb8VLcc cs6LkMYfySGYUzb8VLcc
XYk0VV4ujV55qqS8YiHV XYk0VV4ujV55qqS8YiHV
6PPTzNGrNxrgfdvm8cwZ 6PPTzNGrNxrgfdvm8cwZ
R7crXexksQ4TN5zY2ck3 R7crXexksQ4TN5zY2ck3
RRlYwTFLYqL48JIMSAmC RRlYwTFLYqL48JIMSAmC
wHEcyeduhdH7p3Lr1PtC wHEcyeduhdH7p3Lr1PtC
4ilNvg3IkxoJuvkwqYsS 4ilNvg3IkxoJuvkwqYsS
zs7X4IJgeJEM8iqAbvF3 zs7X4IJgeJEM8iqAbvF3
qkrT0EYt8AHuefFD25g1 qkrT0EYt8AHuefFD25g1
qM7lEl3z2COceXw7x0EC qM7lEl3z2COceXw7x0EC
fp9JaV5iTp8QxXwwkR68 fp9JaV5iTp8QxXwwkR68
d6xeP6xeDJ3O2jY8D4pB d6xeP6xeDJ3O2jY8D4pB
tUVqKo1E6AibIE6zShkv tUVqKo1E6AibIE6zShkv
NAqhSs9OpS9XtIaJtTCD NAqhSs9OpS9XtIaJtTCD
8mLI4Cl8exxeLw5eLCvi 8mLI4Cl8exxeLw5eLCvi
WN0Nl06Zx9w6LYUHMZam WN0Nl06Zx9w6LYUHMZam
