Mf966TmCJF9l0PTKetVd dOWv4G57nxm9UArCvQlq 5ebtvAsyAh8vEmm1Z3wm Y5ZKsuPbCDUQp5LjPNey 3Yod5nNtIcKNmTtNQ3xH wtlCpdxHbUUmSY7DnD2u JfzkldRR1w0Y52KBg47D Crbc9OlCoJ9dTIJXXsjb Xucw5TdPOzp0SQGWHjkE WZxeHszJ2ShfYgJs53YV mGfIqoDGGajPXw9RvY8S OyOgefgJfgx6VwEfudZn JfWSVxbK8iOEPzK7FV9x 1aGCWVuyE8DRxIV204ZW 4CVQrsejmjPmVL7elf2w b2icxuMf1zEyF7ImMEzE HKK5Jm9eHd0V7gvBWuw9 BLgd9OLqnPIJY5LCIxDK CLNCAWQgYnzuvt7RChAf QZIvvAQe1weWyQjLrGi1 GfTqQpqjWivAFXbCN2BL acwLCbshqBQuYbTzAPRI km12BN3CByUGmRV2tX7b 4mdSIFCsq2HySOzm2H4M R87rV3jFUvYuE0RN4Z4a UvtGaTsTes8Gs4gE8ya3 SQhK0n9L9aixdJxvdeKd e2usEAoRX2qu6mneHOxg y3cL4LyhfEAlU1Jj1Xj6 W1IcDWCQWwTCriXsjtm4 zDq8bGYKiSYw3c53IWfw YrtjNlKZcZnAXu7owFPA fsCdklolnC3ndvzFtyM3 TkZ4LHIfwKap48xdp8m2 kGhQ3uDjcFA7MLP7UF4W aU4DeG46NC8vRU6N0ahg NtZncVsU7O40k1BXousH aH2XDl7CjGFhEP3bbYjH Q4jkxyPtGKis0eXik3Gg TBEGhhvsdStRJh2Eqkyf Ad4iMaOuAofXNjJzNKWl pxBA1Tii62WPeRWcccVp NvfSRypj4POoHWC3jDz3 WQlZty1AKP9gLfjz0EYW u4VGAkqq00Jhej3knMJI 1wZce3qjltyIzzlL1Zfw GzkbHop7cJv0CvjQalTE trOoQ3enuOI8GUJqwAMC flliQzyn5hSC8yLOMyYJ rzYdrZxXnbXlOjFVWVaR kVdbGuYm0jD2q8vsLFHY 2bMCdMiNzTpm8a2kNe9G S0PhmGw8tyUPzxvRSE5R iRg3oRlKsAtLuOm5tUrC bLojQFXmB5k6r0zKTWYe 4mRiy2s23Ljl4N4CqEav N7mkTpLI9Mgh0txBOflw 7ArLVA3N0doHBQAlCDtl a6uUA0TEdnZwD1b73O9r VaRx19QfIOvUT5pZyulj Yw0z9L8p6xIk7hgYCgVd byF5FvS6RJUrgCsP3o6T sSdPSXUotKahf03SRnBn KCy3uvDFe4h3kwRgxFiX 1crXui4lUlMG7IuTFiXo PLyQF48YPXs4LxxIxWHM lrLgTYF7nIsDkEYlxuHz ZDA7k1XMUYTsnmCfuUtR wNmo9den9k6ySqzO7o0M czjPVxJvSz9DoMc0Y7Vv BcvYB1mubFuRTbgMUsXg TmdW4dU59umpgT9XX8G3 p6bp9pYgtaGo4Q50DQAM Hpniux0SkkA6CliHWNDc 7c4FoaFf1TJetsLZUEok XfWllIgv9lA6ZwGuKvLt BCVfaQnOCgLubJ23r8nF OGxA8YvD4WfIxOfmtWm4 jAzyDyaN1mD5Ei1RjCiO IwnN6xRahpjWnxZTYR2F ydEppVwK15UN0USyP00U JWE9kJZ3fUSBbRtkVScl eA2uctxdjBuXDZUrmUHy ul7ierPjffkmvfh4Ylme HhITLZSwERe6osGRUBXt jZUUy27kZ3z2uIv0PGPy tH0lbMmdJDVlC4Pr7uAb 56ePYTmTGzdOHfvnLEPd VqBuOSJBVqxMG4rldwQn Ic20PkDM6xxefUTvJEIQ ZPAxEbVjKWTr0cDqLbA0 KKiBHd9DTQAd6AZYxlK3 QMmklR1fA1rnjMsU1WMc wyZ3Q4gHyaxpdYdezyjU CHHJQHxp9VQGraviPBS2 cAkwFDH7tSQkP40ewGcD CxdADQl1Lh5mGQMAravk 0O3lDJvzYSiuZNzHimQX Mf966TmCJF9l0PTKetVd
97
OGxA8YvD4WfIxOfmtWm4 OGxA8YvD4WfIxOfmtWm4
zDq8bGYKiSYw3c53IWfw zDq8bGYKiSYw3c53IWfw
Xucw5TdPOzp0SQGWHjkE Xucw5TdPOzp0SQGWHjkE
4mdSIFCsq2HySOzm2H4M 4mdSIFCsq2HySOzm2H4M
dOWv4G57nxm9UArCvQlq dOWv4G57nxm9UArCvQlq
N7mkTpLI9Mgh0txBOflw N7mkTpLI9Mgh0txBOflw
7c4FoaFf1TJetsLZUEok 7c4FoaFf1TJetsLZUEok
NvfSRypj4POoHWC3jDz3 NvfSRypj4POoHWC3jDz3
HKK5Jm9eHd0V7gvBWuw9 HKK5Jm9eHd0V7gvBWuw9
kGhQ3uDjcFA7MLP7UF4W kGhQ3uDjcFA7MLP7UF4W
ydEppVwK15UN0USyP00U ydEppVwK15UN0USyP00U
p6bp9pYgtaGo4Q50DQAM p6bp9pYgtaGo4Q50DQAM
cAkwFDH7tSQkP40ewGcD cAkwFDH7tSQkP40ewGcD
NtZncVsU7O40k1BXousH NtZncVsU7O40k1BXousH
ul7ierPjffkmvfh4Ylme ul7ierPjffkmvfh4Ylme
a6uUA0TEdnZwD1b73O9r a6uUA0TEdnZwD1b73O9r
rzYdrZxXnbXlOjFVWVaR rzYdrZxXnbXlOjFVWVaR
OyOgefgJfgx6VwEfudZn OyOgefgJfgx6VwEfudZn
Q4jkxyPtGKis0eXik3Gg Q4jkxyPtGKis0eXik3Gg AjMqEYKq0eELwsiEhQNE
BcvYB1mubFuRTbgMUsXg RrBlUMzlEzdRa5S1pyiF BcvYB1mubFuRTbgMUsXg
wyZ3Q4gHyaxpdYdezyjU wyZ3Q4gHyaxpdYdezyjU
bLojQFXmB5k6r0zKTWYe bLojQFXmB5k6r0zKTWYe
ZPAxEbVjKWTr0cDqLbA0 ZPAxEbVjKWTr0cDqLbA0
UvtGaTsTes8Gs4gE8ya3 UvtGaTsTes8Gs4gE8ya3
Y5ZKsuPbCDUQp5LjPNey Y5ZKsuPbCDUQp5LjPNey
S0PhmGw8tyUPzxvRSE5R S0PhmGw8tyUPzxvRSE5R
acwLCbshqBQuYbTzAPRI acwLCbshqBQuYbTzAPRI
Yw0z9L8p6xIk7hgYCgVd Yw0z9L8p6xIk7hgYCgVd
KKiBHd9DTQAd6AZYxlK3 KKiBHd9DTQAd6AZYxlK3
1crXui4lUlMG7IuTFiXo 1crXui4lUlMG7IuTFiXo
tH0lbMmdJDVlC4Pr7uAb tH0lbMmdJDVlC4Pr7uAb
YrtjNlKZcZnAXu7owFPA YrtjNlKZcZnAXu7owFPA
e2usEAoRX2qu6mneHOxg e2usEAoRX2qu6mneHOxg
GzkbHop7cJv0CvjQalTE GzkbHop7cJv0CvjQalTE
CLNCAWQgYnzuvt7RChAf CLNCAWQgYnzuvt7RChAf
1aGCWVuyE8DRxIV204ZW 1aGCWVuyE8DRxIV204ZW
KCy3uvDFe4h3kwRgxFiX KCy3uvDFe4h3kwRgxFiX
JWE9kJZ3fUSBbRtkVScl JWE9kJZ3fUSBbRtkVScl
BCVfaQnOCgLubJ23r8nF BCVfaQnOCgLubJ23r8nF
ZDA7k1XMUYTsnmCfuUtR ZDA7k1XMUYTsnmCfuUtR
byF5FvS6RJUrgCsP3o6T byF5FvS6RJUrgCsP3o6T
QMmklR1fA1rnjMsU1WMc QMmklR1fA1rnjMsU1WMc
Crbc9OlCoJ9dTIJXXsjb Crbc9OlCoJ9dTIJXXsjb
VaRx19QfIOvUT5pZyulj VaRx19QfIOvUT5pZyulj
GfTqQpqjWivAFXbCN2BL GfTqQpqjWivAFXbCN2BL
4mRiy2s23Ljl4N4CqEav 4mRiy2s23Ljl4N4CqEav
sSdPSXUotKahf03SRnBn sSdPSXUotKahf03SRnBn
lrLgTYF7nIsDkEYlxuHz lrLgTYF7nIsDkEYlxuHz
2bMCdMiNzTpm8a2kNe9G 2bMCdMiNzTpm8a2kNe9G
fsCdklolnC3ndvzFtyM3 bBJ5TDHtVrSIxXmQJ63J fsCdklolnC3ndvzFtyM3
Ad4iMaOuAofXNjJzNKWl Ad4iMaOuAofXNjJzNKWl
wtlCpdxHbUUmSY7DnD2u wtlCpdxHbUUmSY7DnD2u
VqBuOSJBVqxMG4rldwQn VqBuOSJBVqxMG4rldwQn
WQlZty1AKP9gLfjz0EYW WQlZty1AKP9gLfjz0EYW
1wZce3qjltyIzzlL1Zfw 1wZce3qjltyIzzlL1Zfw
0O3lDJvzYSiuZNzHimQX 0O3lDJvzYSiuZNzHimQX
kVdbGuYm0jD2q8vsLFHY kVdbGuYm0jD2q8vsLFHY
jAzyDyaN1mD5Ei1RjCiO jAzyDyaN1mD5Ei1RjCiO
HhITLZSwERe6osGRUBXt HhITLZSwERe6osGRUBXt
eA2uctxdjBuXDZUrmUHy eA2uctxdjBuXDZUrmUHy
JfWSVxbK8iOEPzK7FV9x JfWSVxbK8iOEPzK7FV9x
IwnN6xRahpjWnxZTYR2F IwnN6xRahpjWnxZTYR2F
jZUUy27kZ3z2uIv0PGPy jZUUy27kZ3z2uIv0PGPy
56ePYTmTGzdOHfvnLEPd 56ePYTmTGzdOHfvnLEPd
Hpniux0SkkA6CliHWNDc Hpniux0SkkA6CliHWNDc
Ic20PkDM6xxefUTvJEIQ Ic20PkDM6xxefUTvJEIQ
flliQzyn5hSC8yLOMyYJ flliQzyn5hSC8yLOMyYJ
aU4DeG46NC8vRU6N0ahg aU4DeG46NC8vRU6N0ahg
TmdW4dU59umpgT9XX8G3 TmdW4dU59umpgT9XX8G3
pxBA1Tii62WPeRWcccVp pxBA1Tii62WPeRWcccVp
CxdADQl1Lh5mGQMAravk CxdADQl1Lh5mGQMAravk
4CVQrsejmjPmVL7elf2w 4CVQrsejmjPmVL7elf2w
JfzkldRR1w0Y52KBg47D JfzkldRR1w0Y52KBg47D
W1IcDWCQWwTCriXsjtm4 W1IcDWCQWwTCriXsjtm4
u4VGAkqq00Jhej3knMJI u4VGAkqq00Jhej3knMJI
b2icxuMf1zEyF7ImMEzE b2icxuMf1zEyF7ImMEzE
PLyQF48YPXs4LxxIxWHM PLyQF48YPXs4LxxIxWHM
TkZ4LHIfwKap48xdp8m2 TkZ4LHIfwKap48xdp8m2
QZIvvAQe1weWyQjLrGi1 QZIvvAQe1weWyQjLrGi1
WZxeHszJ2ShfYgJs53YV WZxeHszJ2ShfYgJs53YV
TBEGhhvsdStRJh2Eqkyf TBEGhhvsdStRJh2Eqkyf
7ArLVA3N0doHBQAlCDtl 7ArLVA3N0doHBQAlCDtl
km12BN3CByUGmRV2tX7b km12BN3CByUGmRV2tX7b
BLgd9OLqnPIJY5LCIxDK BLgd9OLqnPIJY5LCIxDK
czjPVxJvSz9DoMc0Y7Vv czjPVxJvSz9DoMc0Y7Vv
trOoQ3enuOI8GUJqwAMC trOoQ3enuOI8GUJqwAMC
wNmo9den9k6ySqzO7o0M wNmo9den9k6ySqzO7o0M
R87rV3jFUvYuE0RN4Z4a R87rV3jFUvYuE0RN4Z4a
mGfIqoDGGajPXw9RvY8S mGfIqoDGGajPXw9RvY8S
CHHJQHxp9VQGraviPBS2 CHHJQHxp9VQGraviPBS2
SQhK0n9L9aixdJxvdeKd SQhK0n9L9aixdJxvdeKd
3Yod5nNtIcKNmTtNQ3xH 3Yod5nNtIcKNmTtNQ3xH
aH2XDl7CjGFhEP3bbYjH aH2XDl7CjGFhEP3bbYjH
iRg3oRlKsAtLuOm5tUrC iRg3oRlKsAtLuOm5tUrC
y3cL4LyhfEAlU1Jj1Xj6 y3cL4LyhfEAlU1Jj1Xj6
5ebtvAsyAh8vEmm1Z3wm 5ebtvAsyAh8vEmm1Z3wm
XfWllIgv9lA6ZwGuKvLt XfWllIgv9lA6ZwGuKvLt
