55 57 182 101 177 45 151 20 149 171 188 86 80 88 66 140 166 133 10 163 184 78 77 143 74 175 109 97 40 42 62 179 122 61 115 48 106 158 29 113 15 135 15 13 146 90 85 181 147 26 185 131 17 168 11 118 81 12 84 16 91 48 186 33 83 137 111 71 159 59 119 152 30 126 164 27 170 160 32 134 116 76 67 114 28 172 8 44 9 53 127 54 127 148 41 49 150 105 74 107 55
81
146 146
105 105
111 111
107 107
81 81
151 151
41 41
152 152
67 67
166 140 58 166
106 63 106
80 80
126 126
17 17 36
159 159
109 109
160 160
150 150
77 77
13 13
16 16
184 184
74 74
185 185
88 88
83 83
57 57
134 134
61 61
119 119
27 170 27
40 40
172 172
122 122
71 189 71
171 171
113 113
12 12
11 11
181 181
54 54
29 29
91 91
188 188
148 148
26 26
85 85
177 162 177 173
149 149
62 62 42
131 131
133 133
59 59
118 118
20 20
97 97
186 33 186
175 175
32 32
53 53
66 43 66
101 101 182
137 137
163 163
115 115
114 114
135 15 135
9 9
30 30
78 78 153
49 49
168 168
179 179
116 116
90 90 56
76 76
158 158
48 48
8 8
45 45
86 86
