1 170 190 140 11 3 60 180 161 97 112 21 25 192 108 121 149 184 160 27 155 29 6 165 159 34 67 188 9 131 87 127 17 126 76 132 42 78 36 147 68 191 143 53 100 65 176 116 64 94 114 118 129 89 197 119 2 123 74 186 172 163 92 28 59 91 139 182 45 14 183 148 137 178 52 35 164 117 7 107 81 153 122 32 151 120 57 167 44 12 16 95 99 40 79 77 194 13 93 1
96
16 16
186 186
45 45
178 178
99 99
53 53
127 127 70
122 122
165 165
170 170
12 12
167 167
164 164
44 44
149 149
188 188
11 11
148 148
65 65
94 94
153 153
29 29
180 180
93 93
74 74
7 7
79 79
95 95
57 57
139 139
28 28
163 163
89 89
76 76
182 182
190 190
21 21
13 13
78 78
131 131
77 77
2 2
183 183
40 40
27 27
123 142 123
191 181 191
116 116
81 81
118 118
140 140
119 119 20
34 34
151 151
59 59
108 108
132 132
25 25
35 35
161 161
147 147
143 143
14 14
172 172
97 97
126 126
117 117
17 17
176 176
42 42
129 129
100 100
32 32
36 36
52 52
64 64
112 112
192 192
92 92
91 91
197 197
114 114
137 137
3 3
184 184
120 120
9 9
67 67
121 121
6 6
160 160
159 159
68 68
60 60
155 155
87 87
