node0 node93 node18 node59 node88 node57 node4 node76 node87 node76 node80 node89 node31 node97 node8 node70 node79 node6 node55 node91 node82 node92 node46 node90 node75 node86 node72 node35 node95 node74 node50 node52 node94 node67 node66 node34 node65 node5 node99 node63 node71 node20 node98 node84 node62 node28 node54 node60 node96 node56 node51 node78 node53 node78 node61 node5 node69 node85 node68 node77 node0
40
node53 node53
node77 node68 node73 node77
node82 node82
node84 node84
node75 node75
node80 node80
node93 node93
node61 node61
node95 node95
node63 node63
node94 node94
node55 node55
node54 node54
node96 node56 node60 node96
node72 node72
node57 node57
node92 node92
node65 node65
node90 node90
node62 node62
node67 node67
node98 node98
node97 node97
node50 node50
node71 node71
node91 node74 node91
node59 node59
node51 node51
node79 node79
node69 node69
node85 node85
node86 node86
node89 node89
node66 node66
node99 node58 node64 node99
node87 node76 node81 node87
node70 node70
node78 node78
node52 node52
node88 node83 node88
