Jingzhou Ghugus LondonderryCountyBor TanahMerah Bejucal Depok FortLauderdale Colachel Ibri Rembangan Thamaga Tottori SanJosedeOcoa Kabarnet Tabatinga Carmichael elCampello Shumen Shizunaifurukawacho Entroncamento Srinagar Malnate BurgbeiMagdeburg Chittaranjan SmederevskaPalanka Kirovsk KrasnoyeSelo Ouarzazat Frosinone Ronse AzZuwaytinah RioFormoso Jeypore Sarzedo Sanaa JabalosSaraj Frosinone Chegem Khabarovsk Crespo Falun Lysva Shively Rangae SaintMichael MelitodiNapoli BeneBeraq Gangtok Kheri Ermelo Kheri Malnate CoonRapids Sagalo CroixdesBouquets Manduria Khangarh Radnor Fredericia Jingzhou
46
Colachel Colachel
Chegem Chegem
Manduria Manduria
Kirovsk Kirovsk
Sagalo Sagalo
Tottori Tottori
elCampello elCampello
Radnor Radnor
Rangae Rangae
JabalosSaraj JabalosSaraj
Gangtok Gangtok
Shizunaifurukawacho Shizunaifurukawacho
AzZuwaytinah AzZuwaytinah
Crespo Crespo
Ermelo Ermelo
Malnate Kheri Malnate
Chittaranjan Chittaranjan
Ouarzazat Ouarzazat
Entroncamento Entroncamento
SaintMichael SaintMichael
FortLauderdale FortLauderdale
Sarzedo Sarzedo
Ghugus Ghugus Veenendaal
SanJosedeOcoa SanJosedeOcoa Ketrzyn
Shively Shively
Tabatinga Tabatinga
BeneBeraq BeneBeraq
Bejucal Bejucal
Carmichael Carouge Carmichael
Khabarovsk Khabarovsk
Shumen Shumen
Thamaga Thamaga
CoonRapids CoonRapids
LondonderryCountyBor LondonderryCountyBor
Ronse Ronse
RioFormoso RioFormoso
Depok Depok
Lysva Lysva
TanahMerah TanahMerah
Jeypore Jeypore
BurgbeiMagdeburg BurgbeiMagdeburg
Sanaa Sanaa
Srinagar Srinagar
Ibri Ibri
Kabarnet Kabarnet
Rembangan Rembangan
