LesLilas AinBessem Aracuai Zhaodong Geiro CapimGrosso SantanadoLivramento SaintCyrlEcole Haora TagbilaranCity Hirosaki Ibirataia Ontinyent Acireale Baramula Sorada Escada Pozzuoli Haripur Khulm Lloydminster SpanishTown Kineshma Pezinok Belalcazar Oerlinghausen Manacapuru Gorgan Shimofurano Arzamas Sobue Kambove ChalcodeDiazCovarrub MineralnyeVody MadinatHamad AinArnat Battambang Embu FetestiGara PortoVelho Kotka NoblePark SanJuandelaMaguana Andrychow GuaMusang Sosnovka Daokou Hangu Wenchi Itororo Shchekino Angleton Braila Bury Rhondda Mabopane Prostejov Vaniyambadi Yafo Shieli Mocoa EastLongmeadow Tabou Korsakov NahiyatashShinafiyah SenaMadureira Twante Rivas Garbsen Ortaca Morwa Acarau Akcaabat Mauban WestIslip Purnia Anjarah Purnia Langenhorn FortWorth Nagar Fuxin Ipil Wangon EastLongmeadow Gowurdak Shurugwi Kemise SouthSaintPaul Gunzenhausen SenadorPompeu Kondrovo MonteAlegre Kondrovo Kaifeng Butuan Johnston Kairouan Turek PriegodeCordoba Sosnovka HaciendaLaCalera KotRadhaKishan Izhevsk KotRadhaKishan VillaPauladeSarmient GongdanglegiKulon Espiye Shchekino AshtonunderLyne Aringay Alotenango Vyazniki Skelmersdale Nahorkatiya LesLilas
96
SenaMadureira SenaMadureira
Kaifeng Kaifeng
Fuxin Fuxin
Izhevsk Izhevsk
Zhaodong Zhaodong
WestIslip WestIslip
Manacapuru Manacapuru
Yafo Yafo
TagbilaranCity TagbilaranCity
VillaPauladeSarmient VillaPauladeSarmient
PriegodeCordoba PriegodeCordoba
Kairouan Kairouan
Gunzenhausen Gunzenhausen
Wangon Wangon
HaciendaLaCalera HaciendaLaCalera
Langenhorn Langenhorn
Lloydminster Lloydminster
Vyazniki Vyazniki
Angleton Angleton
Rivas Rivas
AshtonunderLyne AshtonunderLyne
MonteAlegre MonteAlegre
MadinatHamad MadinatHamad
Gowurdak Gowurdak
Daokou Daokou
Mabopane Mabopane
PortoVelho PortoVelho
NoblePark NoblePark
SaintCyrlEcole SaintCyrlEcole
Akcaabat Akcaabat
Espiye Espiye
Kemise Kemise SouthSaintPaul
Sorada Sorada
Andrychow Andrychow
Sobue Sobue
Anjarah Anjarah
Nagar Nagar
AinArnat AinArnat
Butuan Butuan
Ontinyent Ontinyent
Belalcazar Belalcazar
ChalcodeDiazCovarrub BlueIsland ChalcodeDiazCovarrub
Bury Bury
Mocoa Mocoa
Tabou Tabou
Wenchi Johnston Wenchi
Ibirataia Ibirataia
Arzamas Arzamas
Pozzuoli Pozzuoli
Kineshma Kineshma
Itororo Itororo
Twante Twante
Prostejov Prostejov
Garbsen Garbsen
KotRadhaKishan KotRadhaKishan
CapimGrosso CapimGrosso
Vaniyambadi Vaniyambadi
SenadorPompeu SenadorPompeu
Shieli Shieli
FortWorth Skelmersdale FortWorth
Morwa Morwa
AinBessem AinBessem
Turek Turek
Rhondda Rhondda
Baramula Baramula
SantanadoLivramento SantanadoLivramento
Ortaca Ortaca
Pezinok Pezinok
Embu Embu
Shurugwi Shurugwi
Aracuai Aracuai
NahiyatashShinafiyah NahiyatashShinafiyah
Korsakov Korsakov
Kotka Kotka
Battambang Battambang
Haora Haora
Shimofurano Shimofurano
MineralnyeVody MineralnyeVody
Hirosaki Hirosaki
GuaMusang GuaMusang
Escada Escada
Kambove Kambove
Braila Braila
Haripur Haripur
Acarau Acarau
Sosnovka Sosnovka
EastLongmeadow EastLongmeadow
SpanishTown SpanishTown
Hangu Hangu
Khulm Khulm
Oerlinghausen Oerlinghausen
FetestiGara FetestiGara
Shchekino Shchekino
Gorgan Gorgan
SanJuandelaMaguana SanJuandelaMaguana
Acireale Acireale
