Kaimganj Leixlip Isakogorka MontecatiniTerme Tocache Fandriana Korolev Tsirang Brecht Condado Albi Novopokrovskaya Anahuac MilpaAlta PinhalNovo Racine Gobo Malaybalay Dankov Narangba GobernadorGalvez Novopokrovskaya Tsukawaki Yucheng Mesa EncarnaciondeDiaz Mesa Kawit Fagaras Pilibhit Irvine Pilibhit Fagaras Kaimganj
21
PinhalNovo PinhalNovo
Irvine Irvine
Tsukawaki Tsukawaki Karasuyama
Brecht Brecht
Narangba Narangba
Fandriana Fandriana
Fagaras Fagaras
EncarnaciondeDiaz EncarnaciondeDiaz
Albi Albi
Anahuac Anahuac
Leixlip Leixlip
Korolev Korolev
MontecatiniTerme MontecatiniTerme
Racine Racine
Pilibhit Pilibhit
Novopokrovskaya Novopokrovskaya
Dankov Dankov
Gobo Gobo
Tsirang Tsirang
Tocache Tocache MilpaAlta GobernadorGalvez
Isakogorka Yucheng Isakogorka
